17:22:25: Creation of this file
17:22:25: == Add date ==
17:22:25: Day:           10
17:22:25: Month:         9
17:22:25: Year:          2021
17:22:25: Date ID:       10
17:22:31: Webdriver ready
17:22:31: Task - Getting all card names from current expansion
17:22:32: URL change  ->  https://www.cardmarket.com/en/Magic/Products/Singles/Battlebond?site=1
17:22:32: Done - All card names from Battlebond saved

17:22:32:  == Skyshroud Claim ==    (1/264  0.38%)
17:22:37: URL change  ->  https://www.cardmarket.com/en/Magic/Products/Singles/Battlebond/Skyshroud-Claim
17:22:37:                 Expanding page...

17:22:40: == Add card stats ==
17:22:40: Card ID:       1
17:22:40: Price from:    0.15
17:22:40: 30-day avg:    0.73
17:22:40: 7-day avg:     0.78
17:22:40: 1-day avg:     0.74
17:22:40: Amount:        1063
17:22:40: Date ID:       10

17:22:40:  = Sellers = 
17:22:40: Task - Updating sellers
17:22:43: Seller added:  timtopher [5999]
17:22:43: Done - 1 new sellers saved  (out of: 154, total: 5999)

17:22:43:  = Offers = 
17:22:43: Task - Updating sale offers
17:22:47: Done - 176 sale offers saved  (before: 0, total: 960776)


17:22:47:  == Impulse ==    (2/264  0.76%)
