17:39:26: === Creation of this file ===
17:39:26: == Add date ==
17:39:26: Day: 			1
17:39:26: Month: 			9
17:39:26: Year: 			2021
17:39:26: Date ID: 			6
17:39:31: Webdriver ready
17:39:31: Database connection established

17:39:31: Task - Getting all card names from current expansion
17:39:33: URL change  ->  https://www.cardmarket.com/en/Magic/Products/Singles/Battlebond?site=1
17:39:33: Done - All card names from Battlebond saved

17:39:33:  == Skyshroud Claim == 	(1/264  0.38%)
17:39:33: URL change  ->  https://www.cardmarket.com/en/Magic/Products/Singles/Battlebond/Skyshroud-Claim
17:39:36:                 Expanding page...

17:39:39: Card ID:  1
17:39:39: == Add card stats ==
17:39:39: Card ID:            1
17:39:39: Price from:         0.15
17:39:39: 30-day avg:         0.69
17:39:39: 7-day avg:          0.75
17:39:39: 1-day avg:          0.91
17:39:39: Amount:             948
17:39:39: Date ID:            6

17:39:39:  = Sellers = 
17:39:39: Task - Updating sellers list
17:39:40: Done - 0 new sellers added  (out of: 181, total: 5785)

17:39:40:  = Offers = 
17:39:40: Task - Updating sale offers
17:39:45: Error tokenizing data. C error: Calling read(nbytes) on source failed. Try engine='python'.
17:39:45: Please check the correctness of data in sale_offer.csv!

