16:49:08: Date [28/06/2021 16:49] added: date_ID=15
16:49:08: Another run logged to this file16:49:08: Opening the webdriver
16:49:12: Webdriver ready
16:49:12: Database connection established
16:49:13: URL change  ->  https://www.cardmarket.com/en/Magic/Products/Singles/Battlebond?site=1
16:49:13: All card names already saved

16:49:13: Sleeping for 1.6094106777376342 seconds
16:49:15: URL change  ->  https://www.cardmarket.com/en/Magic/Products/Singles/Battlebond/Skyshroud-Claim
16:49:15: Accessing the card dataframe
16:49:15: Accessing the date dataframe
16:49:15: Card Skyshroud Claim saved recently (16:41)
16:49:15: Card Skyshroud Claim already in the file

16:49:15: Accessing the seller dataframe
16:49:15: Seller PartyNator already in the file

16:49:15: Accessing the seller dataframe
16:49:15: Seller CValle already in the file

16:49:15: Accessing the seller dataframe
16:49:15: Seller MarcoSanzin already in the file

16:49:15: Accessing the seller dataframe
16:49:15: Seller MagicBivio already in the file

16:49:15: Accessing the seller dataframe
16:49:15: Seller Tezzeret84 already in the file

16:49:15: Accessing the seller dataframe
16:49:15: Seller Lordburka already in the file

16:49:15: Accessing the seller dataframe
16:49:15: Seller Lanowar69 already in the file

16:49:15: Accessing the seller dataframe
16:49:15: Seller Topdeckskills already in the file

16:49:15: Accessing the seller dataframe
16:49:15: Seller magicpartcard already in the file

16:49:15: Accessing the seller dataframe
16:49:15: Seller stanislaf already in the file

16:49:15: Accessing the seller dataframe
16:49:15: Seller Thrymiir already in the file

16:49:15: Accessing the seller dataframe
16:49:15: Seller daidojilaurent already in the file

16:49:15: Accessing the seller dataframe
16:49:15: Seller sovmar already in the file

16:49:15: Accessing the seller dataframe
16:49:15: Seller Ceribe already in the file

16:49:15: Accessing the seller dataframe
16:49:15: Seller Felixuco already in the file

16:49:15: Accessing the seller dataframe
16:49:15: Seller Richaardi already in the file

16:49:15: Accessing the seller dataframe
16:49:15: Seller diddos already in the file

16:49:15: Accessing the seller dataframe
16:49:15: Seller dakkon87 already in the file

16:49:15: Accessing the seller dataframe
16:49:15: Seller Mirikov already in the file

16:49:15: Accessing the seller dataframe
16:49:15: Seller BrandyBrand already in the file

16:49:15: Accessing the seller dataframe
16:49:15: Seller CommanderStaples already in the file

16:49:15: Accessing the seller dataframe
16:49:15: Seller BechaMecha already in the file

16:49:15: Accessing the seller dataframe
16:49:15: Seller MadridMagic already in the file

16:49:15: Accessing the seller dataframe
16:49:15: Seller DombekTorun already in the file

16:49:15: Accessing the seller dataframe
16:49:15: Seller BaukeS already in the file

16:49:15: Accessing the seller dataframe
16:49:15: Seller plkfd already in the file

16:49:15: Accessing the seller dataframe
16:49:15: Seller quasimoto already in the file

16:49:15: Accessing the seller dataframe
16:49:15: Seller Zoocomics already in the file

16:49:15: Accessing the seller dataframe
16:49:15: Seller MTG-Prime already in the file

16:49:15: Accessing the seller dataframe
16:49:15: Seller FrankvdWaals already in the file

16:49:15: Accessing the seller dataframe
16:49:15: Seller GunCha already in the file

16:49:15: Accessing the seller dataframe
16:49:15: Seller OliverFarkash already in the file

16:49:15: Accessing the seller dataframe
16:49:15: Seller hobbitfred already in the file

16:49:15: Accessing the seller dataframe
16:49:15: Seller Tyron-Heartz already in the file

16:49:15: Accessing the seller dataframe
16:49:15: Seller cultus already in the file

16:49:15: Accessing the seller dataframe
16:49:15: Seller bendu71 already in the file

16:49:15: Accessing the seller dataframe
16:49:15: Seller Kungfupeet already in the file

16:49:15: Accessing the seller dataframe
16:49:15: Seller TheCoonRises already in the file

16:49:15: Accessing the seller dataframe
16:49:15: Seller kARNN already in the file

16:49:15: Accessing the seller dataframe
16:49:15: Seller RedDragonMagic already in the file

16:49:15: Accessing the seller dataframe
16:49:15: Seller fuxxi already in the file

16:49:15: Accessing the seller dataframe
16:49:15: Seller maglaf88 already in the file

16:49:15: Accessing the seller dataframe
16:49:15: Seller antonio-muenster already in the file

16:49:15: Accessing the seller dataframe
16:49:15: Seller Dinis already in the file

16:49:15: Accessing the seller dataframe
16:49:15: Seller Akroma44 already in the file

16:49:15: Accessing the seller dataframe
16:49:15: Seller 38Shizo already in the file

16:49:15: Accessing the seller dataframe
16:49:15: Seller Matze-KungFury already in the file

16:49:15: Accessing the seller dataframe
16:49:15: Seller pantufas already in the file

16:49:15: Accessing the seller dataframe
16:49:15: Seller Loui0 already in the file

16:49:15: Accessing the seller dataframe
16:49:15: Seller tennlos already in the file

16:49:15: Sleeping for 1.2915737921464512 seconds
16:49:17: URL change  ->  https://www.cardmarket.com/en/Magic/Products/Singles/Battlebond/Impulse
16:49:17: Accessing the card dataframe
16:49:17: Accessing the date dataframe
16:49:17: Card Impulse saved recently (16:41)
16:49:17: Card Impulse already in the file

16:49:17: Accessing the seller dataframe
16:49:17: Seller replicart71 already in the file

16:49:17: Accessing the seller dataframe
16:49:17: Seller WhiteFoxThree already in the file

16:49:17: Accessing the seller dataframe
16:49:17: Seller Jean-Claire already in the file

16:49:17: Accessing the seller dataframe
16:49:17: Seller Jean-Claire already in the file

16:49:17: Accessing the seller dataframe
16:49:17: Seller NuggetGaming already in the file

16:49:17: Accessing the seller dataframe
16:49:17: Seller ctouya already in the file

16:49:17: Accessing the seller dataframe
16:49:17: Seller Giftsungiven already in the file

16:49:17: Accessing the seller dataframe
16:49:17: Seller Emisary121 already in the file

16:49:17: Accessing the seller dataframe
16:49:17: Seller Espell already in the file

16:49:17: Accessing the seller dataframe
16:49:17: Seller ruben52 already in the file

16:49:17: Accessing the seller dataframe
16:49:17: Seller procards already in the file

16:49:17: Accessing the seller dataframe
16:49:17: Seller ludovic1968 already in the file

16:49:17: Accessing the seller dataframe
16:49:17: Seller valis already in the file

16:49:17: Accessing the seller dataframe
16:49:17: Seller antonio-muenster already in the file

16:49:17: Accessing the seller dataframe
16:49:17: Seller NoDrummer already in the file

16:49:17: Accessing the seller dataframe
16:49:17: Seller Styliann already in the file

16:49:17: Accessing the seller dataframe
16:49:17: Seller yannloison13 already in the file

16:49:17: Accessing the seller dataframe
16:49:17: Seller masistuta already in the file

16:49:17: Accessing the seller dataframe
16:49:17: Seller Trade-Secrets already in the file

16:49:17: Accessing the seller dataframe
16:49:17: Seller phagma already in the file

16:49:17: Accessing the seller dataframe
16:49:17: Seller Gautch already in the file

16:49:17: Accessing the seller dataframe
16:49:17: Seller txbcards already in the file

16:49:17: Accessing the seller dataframe
16:49:17: Seller Knightnight already in the file

16:49:17: Accessing the seller dataframe
16:49:17: Seller karasofr already in the file

16:49:17: Accessing the seller dataframe
16:49:17: Seller Pa-t-ch already in the file

16:49:17: Accessing the seller dataframe
16:49:17: Seller rogiol already in the file

16:49:17: Accessing the seller dataframe
16:49:17: Seller danieldisco already in the file

16:49:17: Accessing the seller dataframe
16:49:18: Seller Admiral-Haze already in the file

16:49:18: Accessing the seller dataframe
16:49:18: Seller aleeuwen1 already in the file

16:49:18: Accessing the seller dataframe
16:49:18: Seller Geek-Corner already in the file

16:49:18: Accessing the seller dataframe
16:49:18: Seller Stefouch already in the file

16:49:18: Accessing the seller dataframe
16:49:18: Seller MarcoSanzin already in the file

16:49:18: Accessing the seller dataframe
16:49:18: Seller PartyNator already in the file

16:49:18: Accessing the seller dataframe
16:49:18: Seller pisqnek already in the file

16:49:18: Accessing the seller dataframe
16:49:18: Seller Goodlookgamer already in the file

16:49:18: Accessing the seller dataframe
16:49:18: Seller TopdeckDK already in the file

16:49:18: Accessing the seller dataframe
16:49:18: Seller sedehiMTG already in the file

16:49:18: Accessing the seller dataframe
16:49:18: Seller Magiccardshop already in the file

16:49:18: Accessing the seller dataframe
16:49:18: Seller TCGWarehouse already in the file

16:49:18: Accessing the seller dataframe
16:49:18: Seller helpoemer already in the file

16:49:18: Accessing the seller dataframe
16:49:18: Seller Nerd-Shop already in the file

16:49:18: Accessing the seller dataframe
16:49:18: Seller Andycards already in the file

16:49:18: Accessing the seller dataframe
16:49:18: Sleeping for 2.5664739348021515 seconds
16:49:21: Accessing the seller dataframe
16:49:21: Seller added:	weißer-Lotus

16:49:21: Accessing the seller dataframe
16:49:21: Seller sanjic already in the file

16:49:21: Accessing the seller dataframe
16:49:21: Seller MagusDoVinhedo already in the file

16:49:21: Accessing the seller dataframe
16:49:21: Seller Wintereinbruch already in the file

16:49:21: Accessing the seller dataframe
16:49:21: Seller Kissmaiass already in the file

16:49:21: Accessing the seller dataframe
16:49:21: Seller thewirtschaftswunder already in the file

16:49:21: Accessing the seller dataframe
16:49:21: Seller BaukeS already in the file

16:49:21: Accessing the seller dataframe
16:49:21: Seller Blackbolt already in the file

16:49:21: Sleeping for 1.596798701564397 seconds
16:49:23: URL change  ->  https://www.cardmarket.com/en/Magic/Products/Singles/Battlebond/Zndrsplt-Eye-of-Wisdom
16:49:23: Accessing the card dataframe
16:49:23: Accessing the date dataframe
16:49:23: Card Zndrsplt, Eye of Wisdom saved recently (16:41)
16:49:23: Card Zndrsplt, Eye of Wisdom already in the file

16:49:23: Accessing the seller dataframe
16:49:23: Seller aleplm98 already in the file

16:49:23: Accessing the seller dataframe
16:49:23: Seller GoodPool already in the file

16:49:23: Accessing the seller dataframe
16:49:23: Seller Foransa already in the file

16:49:23: Accessing the seller dataframe
16:49:23: Seller PanBzoch already in the file

16:49:23: Accessing the seller dataframe
16:49:23: Seller Colabier already in the file

16:49:23: Accessing the seller dataframe
16:49:23: Seller moneymaker already in the file

16:49:23: Accessing the seller dataframe
16:49:23: Seller Noah471 already in the file

16:49:23: Accessing the seller dataframe
16:49:23: Seller Cohnjollins already in the file

16:49:23: Accessing the seller dataframe
16:49:23: Seller LeonPonce already in the file

16:49:23: Accessing the seller dataframe
16:49:23: Seller sytsnas already in the file

16:49:23: Accessing the seller dataframe
16:49:23: Seller noisia already in the file

16:49:23: Accessing the seller dataframe
16:49:23: Seller Greenskull already in the file

16:49:23: Accessing the seller dataframe
16:49:23: Seller Danedeluxe already in the file

16:49:23: Accessing the seller dataframe
16:49:23: Seller babylon already in the file

16:49:23: Accessing the seller dataframe
16:49:23: Seller McFreud already in the file

16:49:23: Accessing the seller dataframe
16:49:23: Seller muse99 already in the file

16:49:23: Accessing the seller dataframe
16:49:23: Seller Bellota95 already in the file

16:49:23: Accessing the seller dataframe
16:49:23: Seller BBG66 already in the file

16:49:23: Accessing the seller dataframe
16:49:23: Seller Marsupisalami already in the file

16:49:23: Accessing the seller dataframe
16:49:23: Seller Murasame already in the file

16:49:23: Accessing the seller dataframe
16:49:23: Seller stanislaf already in the file

16:49:23: Accessing the seller dataframe
16:49:23: Seller cardvictim already in the file

16:49:23: Accessing the seller dataframe
16:49:23: Seller atlas222 already in the file

16:49:23: Accessing the seller dataframe
16:49:23: Seller Torako already in the file

16:49:23: Accessing the seller dataframe
16:49:23: Seller MadridMagic already in the file

16:49:23: Accessing the seller dataframe
16:49:23: Seller cloudpostBA already in the file

16:49:23: Accessing the seller dataframe
16:49:23: Seller bouzekry already in the file

16:49:23: Accessing the seller dataframe
16:49:23: Seller Hgjlesv already in the file

16:49:23: Accessing the seller dataframe
16:49:23: Seller stahlkarnickel2 already in the file

16:49:23: Accessing the seller dataframe
16:49:23: Seller TimD already in the file

16:49:23: Accessing the seller dataframe
16:49:23: Seller PowerMagicstar already in the file

16:49:23: Accessing the seller dataframe
16:49:23: Seller CommanderStaples already in the file

16:49:23: Accessing the seller dataframe
16:49:23: Seller kartenschmiede already in the file

16:49:23: Accessing the seller dataframe
16:49:23: Seller theNecromancer already in the file

16:49:23: Accessing the seller dataframe
16:49:23: Sleeping for 3.541543727545503 seconds
16:49:28: Accessing the seller dataframe
16:49:28: Seller added:	mstokowski

16:49:28: Accessing the seller dataframe
16:49:28: Sleeping for 2.5294264876423993 seconds
16:49:31: Accessing the seller dataframe
16:49:31: Seller added:	huge4uk

16:49:31: Accessing the seller dataframe
16:49:31: Sleeping for 2.844708420028457 seconds
16:49:34: Accessing the seller dataframe
16:49:34: Seller added:	Sebas74

16:49:34: Accessing the seller dataframe
16:49:34: Sleeping for 2.9807242964550893 seconds
16:49:37: Accessing the seller dataframe
16:49:37: Seller added:	ManaRamp

16:49:37: Accessing the seller dataframe
16:49:37: Sleeping for 3.141890396705802 seconds
16:49:41: Accessing the seller dataframe
16:49:41: Seller added:	Piranha81

16:49:41: Accessing the seller dataframe
16:49:41: Sleeping for 2.5607240298754674 seconds
16:49:44: Accessing the seller dataframe
16:49:44: Seller added:	daltenda

16:49:44: Accessing the seller dataframe
16:49:44: Sleeping for 1.9554499109524879 seconds
16:49:47: Accessing the seller dataframe
16:49:47: Seller added:	AvalonBurgos

16:49:47: Accessing the seller dataframe
16:49:47: Seller Andycards already in the file

16:49:47: Accessing the seller dataframe
16:49:47: Sleeping for 1.8863474728289267 seconds
16:49:49: Accessing the seller dataframe
16:49:49: Seller added:	LuisLlana

16:49:49: Accessing the seller dataframe
16:49:49: Sleeping for 2.5066523671100565 seconds
16:49:52: Accessing the seller dataframe
16:49:52: Seller added:	SK4TE

16:49:52: Accessing the seller dataframe
16:49:52: Sleeping for 2.8827188483146253 seconds
16:49:56: Accessing the seller dataframe
16:49:56: Seller added:	olgamor

16:49:56: Accessing the seller dataframe
16:49:56: Sleeping for 2.6546827726066797 seconds
16:49:59: Accessing the seller dataframe
16:49:59: Seller added:	marCH1LLL

16:49:59: Accessing the seller dataframe
16:49:59: Sleeping for 1.9732100773919152 seconds
16:50:02: Accessing the seller dataframe
16:50:02: Seller added:	ni-ju66

16:50:02: Accessing the seller dataframe
16:50:02: Sleeping for 2.56980050880443 seconds
16:50:05: Accessing the seller dataframe
16:50:05: Seller added:	baleinedessables

16:50:05: Accessing the seller dataframe
16:50:05: Sleeping for 2.6219079046309495 seconds
16:50:08: Accessing the seller dataframe
16:50:08: Seller added:	rakerone

16:50:08: Accessing the seller dataframe
16:50:08: Sleeping for 2.8512751835014774 seconds
16:50:12: Accessing the seller dataframe
16:50:12: Seller added:	Jack-DM

16:50:12: Sleeping for 1.502091013284351 seconds
16:50:14: URL change  ->  https://www.cardmarket.com/en/Magic/Products/Singles/Battlebond/Chain-Lightning
16:50:14: Accessing the card dataframe
16:50:14: Accessing the date dataframe
16:50:14: Accessing the card dataframe
16:50:14: Card added: 	Chain Lightning

16:50:14: Accessing the seller dataframe
16:50:14: Sleeping for 2.196892001533319 seconds
16:50:17: Accessing the seller dataframe
16:50:17: Seller added:	Glimrir

16:50:17: Accessing the seller dataframe
16:50:17: Sleeping for 2.5026049139047437 seconds
16:50:20: Accessing the seller dataframe
16:50:20: Seller added:	ViperKinji

16:50:20: Accessing the seller dataframe
16:50:20: Sleeping for 3.584758276867233 seconds
16:50:24: Accessing the seller dataframe
16:50:24: Seller added:	octaton

16:50:24: Accessing the seller dataframe
16:50:24: Sleeping for 2.3760827248144394 seconds
16:50:27: Accessing the seller dataframe
16:50:27: Seller added:	TerraCross

16:50:27: Accessing the seller dataframe
16:50:27: Sleeping for 2.6484078911990006 seconds
16:50:30: Accessing the seller dataframe
16:50:30: Seller added:	Zigimun

16:50:30: Accessing the seller dataframe
16:50:30: Seller BBG66 already in the file

16:50:30: Accessing the seller dataframe
16:50:30: Sleeping for 2.4892909083338255 seconds
16:50:33: Accessing the seller dataframe
16:50:33: Seller added:	TheOneKiko1337

16:50:33: Accessing the seller dataframe
16:50:33: Sleeping for 2.5836680606912843 seconds
16:50:36: Accessing the seller dataframe
16:50:36: Seller added:	PotatoGuardian

16:50:36: Accessing the seller dataframe
16:50:36: Seller valis already in the file

16:50:36: Accessing the seller dataframe
16:50:36: Sleeping for 2.750742615436622 seconds
16:50:39: Accessing the seller dataframe
16:50:39: Seller added:	Dr4ken

16:50:39: Accessing the seller dataframe
16:50:39: Sleeping for 3.7627537634016197 seconds
16:50:44: Accessing the seller dataframe
16:50:44: Seller added:	Leidnix

16:50:44: Accessing the seller dataframe
16:50:44: Sleeping for 2.8669292987180435 seconds
16:50:47: Accessing the seller dataframe
16:50:47: Seller added:	Netz122

16:50:47: Accessing the seller dataframe
16:50:47: Seller WhiteFoxThree already in the file

16:50:47: Accessing the seller dataframe
16:50:47: Sleeping for 2.808139786577738 seconds
16:50:51: Accessing the seller dataframe
16:50:51: Seller added:	changar

16:50:51: Accessing the seller dataframe
16:50:51: Sleeping for 2.8576186564741435 seconds
16:50:54: Accessing the seller dataframe
16:50:54: Seller added:	NechljudoW

16:50:54: Accessing the seller dataframe
16:50:54: Sleeping for 1.7459363223059614 seconds
16:50:56: Accessing the seller dataframe
16:50:56: Seller added:	Phalnar

16:50:56: Accessing the seller dataframe
16:50:56: Sleeping for 2.506966962407023 seconds
16:50:59: Accessing the seller dataframe
16:50:59: Seller added:	Ginsch

16:50:59: Accessing the seller dataframe
16:50:59: Sleeping for 3.271191230884314 seconds
16:51:03: Accessing the seller dataframe
16:51:03: Seller added:	annor

16:51:03: Accessing the seller dataframe
16:51:03: Sleeping for 2.9064773511190682 seconds
16:51:06: Accessing the seller dataframe
16:51:06: Seller added:	Meister14

16:51:06: Accessing the seller dataframe
16:51:06: Sleeping for 2.5617944281515137 seconds
16:51:09: Accessing the seller dataframe
16:51:09: Seller added:	Pastorius84

16:51:09: Accessing the seller dataframe
16:51:09: Sleeping for 2.5804584101996224 seconds
16:51:12: Accessing the seller dataframe
16:51:12: Seller added:	Cardboard-Collector

16:51:12: Accessing the seller dataframe
16:51:12: Sleeping for 3.1662609072983776 seconds
16:51:16: Accessing the seller dataframe
16:51:16: Seller added:	coupdegrac3

16:51:16: Accessing the seller dataframe
16:51:16: Sleeping for 2.284471758399794 seconds
16:51:19: Accessing the seller dataframe
16:51:19: Seller added:	ryuxuyr

16:51:19: Accessing the seller dataframe
16:51:19: Sleeping for 2.7997137144798456 seconds
16:51:22: Accessing the seller dataframe
16:51:22: Seller added:	jeh11

16:51:22: Accessing the seller dataframe
16:51:22: Seller GunCha already in the file

16:51:22: Accessing the seller dataframe
16:51:22: Sleeping for 2.1432953897753753 seconds
16:51:25: Accessing the seller dataframe
16:51:25: Seller added:	MTGSander

16:51:25: Accessing the seller dataframe
16:51:25: Sleeping for 2.551429495445711 seconds
16:51:28: Accessing the seller dataframe
16:51:28: Seller added:	Xevkin

16:51:28: Accessing the seller dataframe
16:51:28: Sleeping for 2.4244008875644645 seconds
16:51:31: Accessing the seller dataframe
16:51:31: Seller added:	Sushi91

16:51:31: Accessing the seller dataframe
16:51:31: Sleeping for 2.306620263635431 seconds
16:51:34: Accessing the seller dataframe
16:51:34: Seller added:	Plysier

16:51:34: Accessing the seller dataframe
16:51:34: Sleeping for 2.8753249081699406 seconds
16:51:37: Accessing the seller dataframe
16:51:37: Seller added:	jmskns69

16:51:37: Accessing the seller dataframe
16:51:37: Sleeping for 2.9144453503853325 seconds
16:51:41: Accessing the seller dataframe
16:51:41: Seller added:	procrustean

16:51:41: Accessing the seller dataframe
16:51:41: Sleeping for 2.558854457534591 seconds
16:51:44: Accessing the seller dataframe
16:51:44: Seller added:	DiamondValley

16:51:44: Accessing the seller dataframe
16:51:44: Seller Ceribe already in the file

16:51:44: Accessing the seller dataframe
16:51:44: Sleeping for 1.9660148906102066 seconds
16:51:46: Accessing the seller dataframe
16:51:46: Seller added:	magicislove

16:51:46: Accessing the seller dataframe
16:51:46: Sleeping for 1.721178605082906 seconds
16:51:48: Accessing the seller dataframe
16:51:48: Seller added:	Operationlol

16:51:48: Accessing the seller dataframe
16:51:48: Sleeping for 1.6132771320252997 seconds
16:51:51: Accessing the seller dataframe
16:51:51: Seller added:	Piszczal

16:51:51: Accessing the seller dataframe
16:51:51: Sleeping for 1.8945396251033109 seconds
16:51:53: Accessing the seller dataframe
16:51:53: Seller added:	Almeida

16:51:53: Accessing the seller dataframe
16:51:53: Sleeping for 2.5710360622576243 seconds
16:51:56: Accessing the seller dataframe
16:51:56: Seller added:	sinac

16:51:56: Accessing the seller dataframe
16:51:56: Sleeping for 2.0984651154658125 seconds
16:51:59: Accessing the seller dataframe
16:51:59: Seller added:	Bennlipp

16:51:59: Accessing the seller dataframe
16:51:59: Sleeping for 2.4387103314128287 seconds
16:52:02: Accessing the seller dataframe
16:52:02: Seller added:	AcidQueen

16:52:02: Accessing the seller dataframe
16:52:02: Sleeping for 3.1310764440915206 seconds
16:52:05: Accessing the seller dataframe
16:52:05: Seller added:	Remin

16:52:05: Accessing the seller dataframe
16:52:05: Sleeping for 2.2306487582666055 seconds
16:52:08: Accessing the seller dataframe
16:52:08: Seller added:	Wimmeeus

16:52:08: Accessing the seller dataframe
16:52:08: Sleeping for 3.141192126699262 seconds
16:52:11: Accessing the seller dataframe
16:52:11: Seller added:	Orzi86

16:52:12: Accessing the seller dataframe
16:52:12: Sleeping for 2.388369071839305 seconds
16:52:14: Accessing the seller dataframe
16:52:14: Seller added:	moercel

16:52:14: Accessing the seller dataframe
16:52:14: Sleeping for 2.5477319460973566 seconds
16:52:17: Accessing the seller dataframe
16:52:17: Seller added:	Chrisaor

16:52:17: Accessing the seller dataframe
16:52:17: Sleeping for 1.7413529958467118 seconds
16:52:19: Accessing the seller dataframe
16:52:19: Seller added:	Luukiecard

16:52:19: Accessing the seller dataframe
16:52:19: Sleeping for 2.5509766503402322 seconds
16:52:23: Accessing the seller dataframe
16:52:23: Seller added:	SodGames

16:52:23: Accessing the seller dataframe
16:52:23: Sleeping for 2.494258347872734 seconds
16:52:26: Accessing the seller dataframe
16:52:26: Seller added:	rammstein-rules97

16:52:26: Accessing the seller dataframe
16:52:26: Sleeping for 2.383074267271497 seconds
16:52:29: Accessing the seller dataframe
16:52:29: Seller added:	ZackyVeah

16:52:29: Accessing the seller dataframe
16:52:29: Seller BrandyBrand already in the file

16:52:29: Sleeping for 1.14703786645478 seconds
16:52:30: URL change  ->  https://www.cardmarket.com/en/Magic/Products/Singles/Battlebond/Okaun-Eye-of-Chaos
16:52:30: Accessing the card dataframe
16:52:31: Accessing the date dataframe
16:52:31: Accessing the card dataframe
16:52:31: Card added: 	Okaun, Eye of Chaos

16:52:31: Accessing the seller dataframe
16:52:31: Seller aleplm98 already in the file

16:52:31: Accessing the seller dataframe
16:52:31: Sleeping for 2.3925441003781143 seconds
16:52:33: Accessing the seller dataframe
16:52:33: Seller added:	nikee40

16:52:33: Accessing the seller dataframe
16:52:33: Seller Greenskull already in the file

16:52:33: Accessing the seller dataframe
16:52:33: Sleeping for 2.3442827310162606 seconds
16:52:36: Accessing the seller dataframe
16:52:36: Seller added:	emanuelemarket

16:52:36: Accessing the seller dataframe
16:52:36: Sleeping for 2.6559286037071135 seconds
16:52:39: Accessing the seller dataframe
16:52:39: Seller added:	temur11

16:52:39: Accessing the seller dataframe
16:52:39: Seller MadridMagic already in the file

16:52:39: Accessing the seller dataframe
16:52:39: Seller Colabier already in the file

16:52:39: Accessing the seller dataframe
16:52:39: Sleeping for 1.307783489095288 seconds
16:52:41: Accessing the seller dataframe
16:52:41: Seller added:	daxterpac

16:52:41: Accessing the seller dataframe
16:52:41: Sleeping for 2.9131322737946763 seconds
16:52:45: Accessing the seller dataframe
16:52:45: Seller added:	Weini17

16:52:45: Accessing the seller dataframe
16:52:45: Sleeping for 2.5331571621234796 seconds
16:52:48: Accessing the seller dataframe
16:52:48: Seller added:	Lunashine

16:52:48: Accessing the seller dataframe
16:52:48: Sleeping for 2.7807151591582997 seconds
16:52:51: Accessing the seller dataframe
16:52:51: Seller added:	La-Tetedeslip

16:52:51: Accessing the seller dataframe
16:52:51: Seller helpoemer already in the file

16:52:51: Accessing the seller dataframe
16:52:51: Sleeping for 2.8570557023703063 seconds
16:52:54: Accessing the seller dataframe
16:52:54: Seller added:	kirchi

16:52:54: Accessing the seller dataframe
16:52:54: Sleeping for 2.4217383804769046 seconds
16:52:57: Accessing the seller dataframe
16:52:57: Seller added:	Michaberg

16:52:57: Accessing the seller dataframe
16:52:57: Sleeping for 2.6575990963225213 seconds
16:53:00: Accessing the seller dataframe
16:53:00: Seller added:	MagicMuc

16:53:00: Accessing the seller dataframe
16:53:00: Sleeping for 4.321508632409657 seconds
16:53:05: Accessing the seller dataframe
16:53:05: Seller added:	SnappyTiger

16:53:05: Accessing the seller dataframe
16:53:05: Sleeping for 1.824908839195827 seconds
16:53:08: Accessing the seller dataframe
16:53:08: Seller added:	Krozark

16:53:08: Accessing the seller dataframe
16:53:08: Seller BBG66 already in the file

16:53:08: Accessing the seller dataframe
16:53:08: Seller stanislaf already in the file

16:53:08: Accessing the seller dataframe
16:53:08: Sleeping for 3.318761397999068 seconds
16:53:11: Accessing the seller dataframe
16:53:11: Seller added:	RisingVoid

16:53:11: Accessing the seller dataframe
16:53:11: Sleeping for 2.537841254988426 seconds
16:53:14: Accessing the seller dataframe
16:53:14: Seller added:	Mathug

16:53:14: Accessing the seller dataframe
16:53:14: Seller cardvictim already in the file

16:53:14: Accessing the seller dataframe
16:53:14: Seller atlas222 already in the file

16:53:14: Accessing the seller dataframe
16:53:14: Seller GoodPool already in the file

16:53:14: Accessing the seller dataframe
16:53:14: Seller LuisLlana already in the file

16:53:14: Accessing the seller dataframe
16:53:14: Sleeping for 2.2060020482348204 seconds
16:53:17: Accessing the seller dataframe
16:53:17: Seller added:	InfiniteMagicCZ

16:53:17: Accessing the seller dataframe
16:53:17: Seller muse99 already in the file

16:53:17: Accessing the seller dataframe
16:53:17: Sleeping for 2.3889842948085316 seconds
16:53:20: Accessing the seller dataframe
16:53:20: Seller added:	Villy

16:53:20: Accessing the seller dataframe
16:53:20: Sleeping for 2.32972283564661 seconds
16:53:24: Accessing the seller dataframe
16:53:24: Seller added:	Rarehuntershop

16:53:24: Accessing the seller dataframe
16:53:24: Seller stahlkarnickel2 already in the file

16:53:24: Accessing the seller dataframe
16:53:24: Sleeping for 3.4476829080076983 seconds
16:53:28: Accessing the seller dataframe
16:53:28: Seller added:	tshwayn

16:53:28: Accessing the seller dataframe
16:53:28: Sleeping for 2.9627604145497783 seconds
16:53:31: Accessing the seller dataframe
16:53:31: Seller added:	sunshadow

16:53:31: Accessing the seller dataframe
16:53:31: Seller PowerMagicstar already in the file

16:53:31: Accessing the seller dataframe
16:53:31: Sleeping for 1.8604693818092892 seconds
16:53:34: Accessing the seller dataframe
16:53:34: Seller added:	Kartenguru

16:53:34: Accessing the seller dataframe
16:53:34: Sleeping for 2.477761367055985 seconds
16:53:37: Accessing the seller dataframe
16:53:37: Seller added:	MagicBarcelona

16:53:37: Accessing the seller dataframe
16:53:37: Sleeping for 2.2988008318847535 seconds
16:53:40: Accessing the seller dataframe
16:53:40: Seller added:	TEMPEST-STORE

16:53:40: Accessing the seller dataframe
16:53:40: Sleeping for 2.437333894353237 seconds
16:53:43: Accessing the seller dataframe
16:53:43: Seller added:	HouseOfCardsBE

16:53:43: Accessing the seller dataframe
16:53:43: Seller Andycards already in the file

16:53:43: Accessing the seller dataframe
16:53:43: Sleeping for 2.940861725285553 seconds
16:53:47: Accessing the seller dataframe
16:53:47: Seller added:	Izmaylov

16:53:47: Accessing the seller dataframe
16:53:47: Sleeping for 3.2663765791714443 seconds
16:53:50: Accessing the seller dataframe
16:53:50: Seller added:	Miki13112

16:53:51: Accessing the seller dataframe
16:53:51: Sleeping for 3.050741615777074 seconds
16:53:54: Accessing the seller dataframe
16:53:54: Seller added:	szernik

16:53:54: Accessing the seller dataframe
16:53:54: Seller Goodlookgamer already in the file

16:53:54: Accessing the seller dataframe
16:53:54: Sleeping for 2.5871033719233214 seconds
16:53:57: Accessing the seller dataframe
16:53:57: Seller added:	Bokkie-Brown

16:53:57: Accessing the seller dataframe
16:53:57: Sleeping for 2.3250774712680173 seconds
16:54:00: Accessing the seller dataframe
16:54:00: Seller added:	Blizardjack

16:54:00: Accessing the seller dataframe
16:54:00: Sleeping for 2.4638498684892385 seconds
16:54:03: Accessing the seller dataframe
16:54:03: Seller added:	ShopHunter

16:54:03: Accessing the seller dataframe
16:54:03: Sleeping for 2.942885848707812 seconds
16:54:06: Accessing the seller dataframe
16:54:06: Seller added:	zbysour

16:54:06: Accessing the seller dataframe
16:54:06: Sleeping for 3.1856252752774736 seconds
16:54:10: Accessing the seller dataframe
16:54:10: Seller added:	stardust76

16:54:10: Accessing the seller dataframe
16:54:10: Sleeping for 1.5788604173990768 seconds
16:54:12: Accessing the seller dataframe
16:54:12: Seller added:	mary

16:54:12: Accessing the seller dataframe
16:54:12: Sleeping for 4.25081542897833 seconds
16:54:17: Accessing the seller dataframe
16:54:17: Seller added:	dbs85670

16:54:17: Accessing the seller dataframe
16:54:17: Seller SK4TE already in the file

16:54:17: Sleeping for 1.5894503783297573 seconds
16:54:20: URL change  ->  https://www.cardmarket.com/en/Magic/Products/Singles/Battlebond/Spell-Snare
16:54:20: Accessing the card dataframe
16:54:20: Accessing the date dataframe
16:54:20: Accessing the card dataframe
16:54:20: Card added: 	Spell Snare

16:54:20: Accessing the seller dataframe
16:54:20: Sleeping for 3.0466424325595347 seconds
16:54:23: Accessing the seller dataframe
16:54:23: Seller added:	SamTradeOfficial

16:54:23: Accessing the seller dataframe
16:54:23: Sleeping for 2.8754029027902077 seconds
16:54:27: Accessing the seller dataframe
16:54:27: Seller added:	sjoerd972

16:54:27: Accessing the seller dataframe
16:54:27: Sleeping for 2.429616444717541 seconds
16:54:30: Accessing the seller dataframe
16:54:30: Seller added:	EternitiesCrafter

16:54:30: Accessing the seller dataframe
16:54:30: Sleeping for 2.852674759754312 seconds
16:54:33: Accessing the seller dataframe
16:54:33: Seller added:	MarmotteAilee

16:54:33: Accessing the seller dataframe
16:54:33: Sleeping for 2.5475530684624044 seconds
16:54:36: Accessing the seller dataframe
16:54:36: Seller added:	flo2000

16:54:36: Accessing the seller dataframe
16:54:36: Sleeping for 3.2913534821363943 seconds
16:54:40: Accessing the seller dataframe
16:54:40: Seller added:	Xobulo

16:54:40: Accessing the seller dataframe
16:54:40: Sleeping for 3.0120249944548623 seconds
16:54:43: Accessing the seller dataframe
16:54:43: Seller added:	GreenZebra

16:54:43: Accessing the seller dataframe
16:54:43: Sleeping for 2.639328522602203 seconds
16:54:47: Accessing the seller dataframe
16:54:47: Seller added:	JSminia

16:54:47: Accessing the seller dataframe
16:54:47: Sleeping for 1.7208952711185972 seconds
16:54:49: Accessing the seller dataframe
16:54:49: Seller added:	Orkboss

16:54:49: Accessing the seller dataframe
16:54:49: Sleeping for 2.606643071142226 seconds
16:54:52: Accessing the seller dataframe
16:54:52: Seller added:	ray17

16:54:52: Accessing the seller dataframe
16:54:52: Sleeping for 2.8728632686025626 seconds
16:54:55: Accessing the seller dataframe
16:54:55: Seller added:	Blipblep

16:54:55: Accessing the seller dataframe
16:54:55: Sleeping for 2.4201511970298153 seconds
16:54:58: Accessing the seller dataframe
16:54:58: Seller added:	LOLHasixD

16:54:58: Accessing the seller dataframe
16:54:58: Seller Colabier already in the file

16:54:58: Accessing the seller dataframe
16:54:58: Sleeping for 2.0775169083658245 seconds
16:55:01: Accessing the seller dataframe
16:55:01: Seller added:	ItsFranchetti

16:55:01: Accessing the seller dataframe
16:55:01: Sleeping for 2.081690340274627 seconds
16:55:04: Accessing the seller dataframe
16:55:04: Seller added:	danielito

16:55:04: Accessing the seller dataframe
16:55:04: Sleeping for 2.618778053617887 seconds
16:55:07: Accessing the seller dataframe
16:55:07: Seller added:	Kauppiasfoppa

16:55:07: Accessing the seller dataframe
16:55:07: Seller masistuta already in the file

16:55:07: Accessing the seller dataframe
16:55:07: Sleeping for 2.628480119818195 seconds
16:55:10: Accessing the seller dataframe
16:55:10: Seller added:	VarusEquin

16:55:10: Accessing the seller dataframe
16:55:10: Sleeping for 3.15881910702946 seconds
16:55:13: Accessing the seller dataframe
16:55:13: Seller added:	Kraias

16:55:13: Accessing the seller dataframe
16:55:13: Sleeping for 3.848045461802604 seconds
16:55:18: Accessing the seller dataframe
16:55:18: Seller added:	mtg-discounter24

16:55:18: Accessing the seller dataframe
16:55:18: Sleeping for 3.1037668877890496 seconds
16:55:22: Accessing the seller dataframe
16:55:22: Seller added:	remyleblanc

16:55:22: Accessing the seller dataframe
16:55:22: Sleeping for 2.46503323831943 seconds
16:55:25: Accessing the seller dataframe
16:55:25: Seller added:	Griselbrand3

16:55:25: Accessing the seller dataframe
16:55:25: Sleeping for 2.51190631390724 seconds
16:55:28: Accessing the seller dataframe
16:55:28: Seller added:	sjimmied

16:55:28: Accessing the seller dataframe
16:55:28: Sleeping for 2.245154022783897 seconds
16:55:30: Accessing the seller dataframe
16:55:30: Seller added:	KaffTCG

16:55:30: Accessing the seller dataframe
16:55:30: Sleeping for 2.5370562699584025 seconds
16:55:33: Accessing the seller dataframe
16:55:33: Seller added:	Navis

16:55:33: Accessing the seller dataframe
16:55:33: Sleeping for 2.5114985061026007 seconds
16:55:36: Accessing the seller dataframe
16:55:36: Seller added:	pg7224

16:55:36: Accessing the seller dataframe
16:55:36: Sleeping for 2.582246349839251 seconds
16:55:39: Accessing the seller dataframe
16:55:39: Seller added:	rambo-tomella

16:55:39: Accessing the seller dataframe
16:55:39: Sleeping for 2.5759058624150497 seconds
16:55:42: Accessing the seller dataframe
16:55:42: Seller added:	Papillon80

16:55:42: Accessing the seller dataframe
16:55:42: Sleeping for 2.714791720394659 seconds
16:55:45: Accessing the seller dataframe
16:55:45: Seller added:	Sinici1992

16:55:46: Accessing the seller dataframe
16:55:46: Sleeping for 2.317228493030372 seconds
16:55:48: Accessing the seller dataframe
16:55:48: Seller added:	WindyMiller

16:55:48: Accessing the seller dataframe
16:55:48: Sleeping for 2.273980333755278 seconds
16:55:51: Accessing the seller dataframe
16:55:51: Seller added:	OjamaGod

16:55:51: Accessing the seller dataframe
16:55:51: Sleeping for 2.853202339112388 seconds
16:55:54: Accessing the seller dataframe
16:55:54: Seller added:	Serial1981

16:55:54: Accessing the seller dataframe
16:55:54: Sleeping for 2.6232241955185325 seconds
16:55:58: Accessing the seller dataframe
16:55:58: Seller added:	cole04

16:55:58: Accessing the seller dataframe
16:55:58: Sleeping for 2.4886024452079254 seconds
16:56:00: Accessing the seller dataframe
16:56:00: Seller added:	hammen22

16:56:00: Accessing the seller dataframe
16:56:00: Seller noisia already in the file

16:56:00: Accessing the seller dataframe
16:56:00: Sleeping for 2.7373578480643554 seconds
16:56:04: Accessing the seller dataframe
16:56:04: Seller added:	DrTim0n

16:56:04: Accessing the seller dataframe
16:56:04: Seller Danedeluxe already in the file

16:56:04: Accessing the seller dataframe
16:56:04: Sleeping for 2.58808114387431 seconds
16:56:07: Accessing the seller dataframe
16:56:07: Seller added:	YoungRighty

16:56:07: Accessing the seller dataframe
16:56:07: Sleeping for 2.188445826821991 seconds
16:56:10: Accessing the seller dataframe
16:56:10: Seller added:	Kizuso

16:56:10: Accessing the seller dataframe
16:56:10: Sleeping for 2.5723064067612604 seconds
16:56:13: Accessing the seller dataframe
16:56:13: Seller added:	Trolloloman

16:56:13: Accessing the seller dataframe
16:56:13: Sleeping for 2.144717000395138 seconds
16:56:16: Accessing the seller dataframe
16:56:16: Seller added:	exodus360

16:56:16: Accessing the seller dataframe
16:56:16: Sleeping for 3.0062872543841963 seconds
16:56:19: Accessing the seller dataframe
16:56:19: Seller added:	PetalmaneBaku

16:56:19: Accessing the seller dataframe
16:56:19: Sleeping for 1.8540870308326776 seconds
16:56:22: Accessing the seller dataframe
16:56:22: Seller added:	neonamu

16:56:22: Accessing the seller dataframe
16:56:22: Sleeping for 2.730132897501189 seconds
16:56:25: Accessing the seller dataframe
16:56:25: Seller added:	TomFreud

16:56:25: Accessing the seller dataframe
16:56:25: Sleeping for 2.9146877406119573 seconds
16:56:29: Accessing the seller dataframe
16:56:29: Seller added:	SonJoku

16:56:29: Accessing the seller dataframe
16:56:29: Sleeping for 2.638663962281878 seconds
16:56:32: Accessing the seller dataframe
16:56:32: Seller added:	TheWolverine

16:56:32: Accessing the seller dataframe
16:56:32: Sleeping for 2.971627304672823 seconds
16:56:35: Accessing the seller dataframe
16:56:35: Seller added:	MartinHuber

16:56:35: Accessing the seller dataframe
16:56:35: Sleeping for 2.613871632354969 seconds
16:56:39: Accessing the seller dataframe
16:56:39: Seller added:	invokeprejudice

16:56:39: Accessing the seller dataframe
16:56:39: Sleeping for 2.1079806747953995 seconds
16:56:41: Accessing the seller dataframe
16:56:41: Seller added:	kikofarto3

16:56:41: Accessing the seller dataframe
16:56:41: Seller bendu71 already in the file

16:56:41: Sleeping for 1.6211843059145472 seconds
16:56:43: URL change  ->  https://www.cardmarket.com/en/Magic/Products/Singles/Battlebond/Fertile-Ground
16:56:44: Accessing the card dataframe
16:56:44: Accessing the date dataframe
16:56:44: Accessing the card dataframe
16:56:44: Card added: 	Fertile Ground

16:56:44: Accessing the seller dataframe
16:56:44: Sleeping for 2.417737256617557 seconds
16:56:47: Accessing the seller dataframe
16:56:47: Seller added:	AceMagicDealer

16:56:47: Accessing the seller dataframe
16:56:47: Sleeping for 2.649275849311737 seconds
16:56:51: Accessing the seller dataframe
16:56:51: Seller added:	Diogenes

16:56:51: Accessing the seller dataframe
16:56:51: Sleeping for 2.625200071413734 seconds
16:56:54: Accessing the seller dataframe
16:56:54: Seller added:	Nomar

16:56:54: Accessing the seller dataframe
16:56:54: Sleeping for 2.9414131164872703 seconds
16:56:57: Accessing the seller dataframe
16:56:57: Seller added:	patraspatras22

16:56:57: Accessing the seller dataframe
16:56:57: Seller La-Tetedeslip already in the file

16:56:57: Accessing the seller dataframe
16:56:57: Seller ruben52 already in the file

16:56:57: Accessing the seller dataframe
16:56:57: Seller ruben52 already in the file

16:56:57: Accessing the seller dataframe
16:56:57: Sleeping for 2.7459231590340827 seconds
16:57:01: Accessing the seller dataframe
16:57:01: Seller added:	termestino

16:57:01: Accessing the seller dataframe
16:57:01: Sleeping for 2.6421323951880766 seconds
16:57:04: Accessing the seller dataframe
16:57:04: Seller added:	scaveooz

16:57:04: Accessing the seller dataframe
16:57:04: Sleeping for 2.6235550200761484 seconds
16:57:07: Accessing the seller dataframe
16:57:07: Seller added:	CrazyComicsAndGames

16:57:07: Accessing the seller dataframe
16:57:07: Sleeping for 2.559088789322306 seconds
16:57:10: Accessing the seller dataframe
16:57:10: Seller added:	berjackie

16:57:10: Accessing the seller dataframe
16:57:10: Sleeping for 2.4733784373855903 seconds
16:57:13: Accessing the seller dataframe
