22:30:59: Date [28/06/2021 22:30] added: date_ID=26
22:30:59: Another run logged to this file
22:30:59: Opening the webdriver
22:31:03: Webdriver ready
22:31:03: Database connection established
22:31:04: URL change  ->  https://www.cardmarket.com/en/Magic/Products/Singles/Battlebond?site=1
22:31:04: All card names already saved
22:31:04: URL change  ->  https://www.cardmarket.com/en/Magic/Products/Singles/Battlebond?site=1
22:31:04: Sleeping for 1.5770577004899555 seconds
22:31:06: Sleeping for 0.10124604041779942 seconds
22:31:07: Extending the sellers view...
22:31:07: Sleeping for 0.7063703401507219 seconds
22:31:07: Extending the sellers view...
22:31:07: Sleeping for 0.6438317075166397 seconds
22:31:08: Extending the sellers view...
22:31:08: Sleeping for 0.677458021981001 seconds
22:31:09: Extending the sellers view...
22:31:09: Sleeping for 0.5535100514856524 seconds
22:31:10: [read card]
22:31:10: [read date]
22:31:10: [read card]
22:31:10: [write card]
22:31:10: Card added: 	Skyshroud Claim

22:31:10: [read seller]
22:31:10: Not saving: PartyNator (already saved)

22:31:10: [read seller]
22:31:10: Not saving: CValle (already saved)

22:31:10: [read seller]
22:31:10: Not saving: MarcoSanzin (already saved)

22:31:10: [read seller]
22:31:10: Not saving: MagicBivio (already saved)

22:31:10: [read seller]
22:31:10: Not saving: Tezzeret84 (already saved)

22:31:10: [read seller]
22:31:10: Not saving: Lordburka (already saved)

22:31:10: [read seller]
22:31:10: Not saving: Lanowar69 (already saved)

22:31:10: [read seller]
22:31:10: Not saving: Topdeckskills (already saved)

22:31:10: [read seller]
22:31:10: Not saving: magicpartcard (already saved)

22:31:10: [read seller]
22:31:10: Not saving: stanislaf (already saved)

22:31:10: [read seller]
22:31:10: Not saving: Thrymiir (already saved)

22:31:10: [read seller]
22:31:10: Not saving: daidojilaurent (already saved)

22:31:10: [read seller]
22:31:10: Not saving: sovmar (already saved)

22:31:10: [read seller]
22:31:10: Not saving: Ceribe (already saved)

22:31:10: [read seller]
22:31:10: Not saving: Felixuco (already saved)

22:31:10: [read seller]
22:31:10: Not saving: Richaardi (already saved)

22:31:10: [read seller]
22:31:10: Not saving: diddos (already saved)

22:31:10: [read seller]
22:31:10: Not saving: dakkon87 (already saved)

22:31:10: [read seller]
22:31:10: Not saving: Mirikov (already saved)

22:31:10: [read seller]
22:31:10: Not saving: BrandyBrand (already saved)

22:31:10: [read seller]
22:31:10: Not saving: CommanderStaples (already saved)

22:31:10: [read seller]
22:31:10: Not saving: BechaMecha (already saved)

22:31:10: [read seller]
22:31:10: Not saving: MadridMagic (already saved)

22:31:10: [read seller]
22:31:10: Not saving: DombekTorun (already saved)

22:31:10: [read seller]
22:31:10: Not saving: BaukeS (already saved)

22:31:10: [read seller]
22:31:10: Not saving: plkfd (already saved)

22:31:10: [read seller]
22:31:10: Not saving: quasimoto (already saved)

22:31:10: [read seller]
22:31:10: Not saving: Zoocomics (already saved)

22:31:10: [read seller]
22:31:10: Not saving: MTG-Prime (already saved)

22:31:10: [read seller]
22:31:10: Not saving: FrankvdWaals (already saved)

22:31:10: [read seller]
22:31:10: Not saving: GunCha (already saved)

22:31:10: [read seller]
22:31:10: Not saving: hobbitfred (already saved)

22:31:10: [read seller]
22:31:10: Not saving: Tyron-Heartz (already saved)

22:31:10: [read seller]
22:31:10: Not saving: cultus (already saved)

22:31:10: [read seller]
22:31:10: Not saving: bendu71 (already saved)

22:31:10: [read seller]
22:31:10: Not saving: Kungfupeet (already saved)

22:31:10: [read seller]
22:31:10: Not saving: TheCoonRises (already saved)

22:31:10: [read seller]
22:31:10: Not saving: kARNN (already saved)

22:31:10: [read seller]
22:31:10: Not saving: RedDragonMagic (already saved)

22:31:10: [read seller]
22:31:10: Not saving: fuxxi (already saved)

22:31:10: [read seller]
22:31:10: Not saving: maglaf88 (already saved)

22:31:10: [read seller]
22:31:10: Not saving: antonio-muenster (already saved)

22:31:10: [read seller]
22:31:10: Not saving: Dinis (already saved)

22:31:10: [read seller]
22:31:10: Not saving: Akroma44 (already saved)

22:31:10: [read seller]
22:31:10: Not saving: 38Shizo (already saved)

22:31:10: [read seller]
22:31:10: Not saving: Matze-KungFury (already saved)

22:31:10: [read seller]
22:31:10: Not saving: pantufas (already saved)

22:31:10: [read seller]
22:31:10: Not saving: Loui0 (already saved)

22:31:10: [read seller]
22:31:10: Not saving: tennlos (already saved)

22:31:10: [read seller]
22:31:10: Not saving: MagicNexus (already saved)

22:31:10: [read seller]
22:31:10: Not saving: SimonJack88 (already saved)

22:31:10: [read seller]
22:31:10: Not saving: JohnWizard (already saved)

22:31:10: [read seller]
22:31:10: Not saving: Rarehuntershop (already saved)

22:31:10: [read seller]
22:31:10: Not saving: CardStoreAlcamo (already saved)

22:31:10: [read seller]
22:31:10: Not saving: Brenag (already saved)

22:31:10: [read seller]
22:31:10: Not saving: Magicdealer-patte-de (already saved)

22:31:10: [read seller]
22:31:10: Not saving: Magicshop2000 (already saved)

22:31:10: [read seller]
22:31:10: Not saving: DiamondValley (already saved)

22:31:10: [read seller]
22:31:10: Not saving: maglaf88 (already saved)

22:31:10: [read seller]
22:31:10: Not saving: Kartenkoenig (already saved)

22:31:10: [read seller]
22:31:10: Not saving: Zaki23 (already saved)

22:31:10: [read seller]
22:31:10: Not saving: kfranklin12 (already saved)

22:31:10: [read seller]
22:31:10: Not saving: hespacc (already saved)

22:31:10: [read seller]
22:31:10: Not saving: Mirrankreuzritter (already saved)

22:31:10: [read seller]
22:31:10: Not saving: matiasgabarron (already saved)

22:31:10: [read seller]
22:31:10: Not saving: HiveGames (already saved)

22:31:10: [read seller]
22:31:10: Not saving: mtg-discounter24 (already saved)

22:31:10: [read seller]
22:31:10: Not saving: Athabasca (already saved)

22:31:10: [read seller]
22:31:10: Not saving: Twoshop (already saved)

22:31:10: [read seller]
22:31:10: Not saving: DHGames (already saved)

22:31:10: [read seller]
22:31:10: Not saving: ishotya (already saved)

22:31:10: [read seller]
22:31:10: Not saving: DagonX (already saved)

22:31:10: [read seller]
22:31:10: Not saving: landshome279 (already saved)

22:31:10: [read seller]
22:31:10: Not saving: satirobcn (already saved)

22:31:10: [read seller]
22:31:10: Not saving: Bigs77 (already saved)

22:31:10: [read seller]
22:31:10: Not saving: gambo (already saved)

22:31:10: [read seller]
22:31:10: Not saving: stamosm (already saved)

22:31:10: [read seller]
22:31:10: Not saving: Bruce7506 (already saved)

22:31:10: [read seller]
22:31:10: Not saving: rakerone (already saved)

22:31:10: [read seller]
22:31:10: Not saving: Mintcardgem (already saved)

22:31:10: [read seller]
22:31:10: Not saving: AdrianMC (already saved)

22:31:10: [read seller]
22:31:10: Not saving: Skiski (already saved)

22:31:10: [read seller]
22:31:10: Not saving: rockardist (already saved)

22:31:10: [read seller]
22:31:10: Not saving: DrDkt666 (already saved)

22:31:10: [read seller]
22:31:10: Not saving: Zoios (already saved)

22:31:10: [read seller]
22:31:10: Not saving: Kuduce (already saved)

22:31:10: [read seller]
22:31:10: Not saving: Mavado-Vemos (already saved)

22:31:10: [read seller]
22:31:10: Not saving: Colovia (already saved)

22:31:10: [read seller]
22:31:10: Not saving: K40crew (already saved)

22:31:10: [read seller]
22:31:10: Not saving: michaldurovic (already saved)

22:31:10: [read seller]
22:31:10: Not saving: Muttonium (already saved)

22:31:10: [read seller]
22:31:10: Not saving: Adway (already saved)

22:31:10: [read seller]
22:31:10: Not saving: Carioca9987 (already saved)

22:31:10: [read seller]
22:31:10: Not saving: maxsilver (already saved)

22:31:10: [read seller]
22:31:10: Not saving: pbjoker (already saved)

22:31:10: [read seller]
22:31:10: Not saving: pbjoker (already saved)

22:31:10: [read seller]
22:31:10: Not saving: Ghostlo (already saved)

22:31:10: [read seller]
22:31:10: Not saving: Magicshop2000 (already saved)

22:31:10: [read seller]
22:31:10: Not saving: CrazyComicsAndGames (already saved)

22:31:10: [read seller]
22:31:10: Not saving: Abdelbach (already saved)

22:31:10: [read seller]
22:31:10: Not saving: heckman (already saved)

22:31:10: [read seller]
22:31:10: Not saving: Zloch (already saved)

22:31:10: [read seller]
22:31:10: Not saving: Ceribe (already saved)

22:31:10: [read seller]
22:31:10: Not saving: deathhenker (already saved)

22:31:10: [read seller]
22:31:10: Not saving: OutpostBrussels (already saved)

22:31:10: [read seller]
22:31:10: Not saving: Zakk67 (already saved)

22:31:10: [read seller]
22:31:10: Not saving: zalakke (already saved)

22:31:10: [read seller]
22:31:10: Not saving: CardCastle (already saved)

22:31:10: [read seller]
22:31:10: Not saving: Admiral-Haze (already saved)

22:31:10: [read seller]
22:31:10: Not saving: Moltras (already saved)

22:31:10: [read seller]
22:31:10: Not saving: Moltras (already saved)

22:31:10: [read seller]
22:31:10: Not saving: masa (already saved)

22:31:10: [read seller]
22:31:10: Not saving: roughy (already saved)

22:31:10: [read seller]
22:31:10: Not saving: cornelius59 (already saved)

22:31:10: [read seller]
22:31:10: Not saving: Zoocomics (already saved)

22:31:10: [read seller]
22:31:10: Not saving: seagel (already saved)

22:31:10: [read seller]
22:31:10: Not saving: D-Insane (already saved)

22:31:10: [read seller]
22:31:10: Not saving: elliot1990pl (already saved)

22:31:10: [read seller]
22:31:10: Not saving: evertk (already saved)

22:31:10: [read seller]
22:31:10: Not saving: matic (already saved)

22:31:10: [read seller]
22:31:10: Not saving: dommedag (already saved)

22:31:10: [read seller]
22:31:10: Not saving: Quilombero (already saved)

22:31:10: [read seller]
22:31:10: Not saving: TizziTizzi (already saved)

22:31:10: [read seller]
22:31:10: Not saving: leonin (already saved)

22:31:10: [read seller]
22:31:10: Not saving: Lorena (already saved)

22:31:10: [read seller]
22:31:10: Not saving: JJ-Finkleton (already saved)

22:31:10: [read seller]
22:31:10: Not saving: Boromol (already saved)

22:31:10: [read seller]
22:31:10: Not saving: flosiii (already saved)

22:31:10: [read seller]
22:31:10: Not saving: jerome34 (already saved)

22:31:10: [read seller]
22:31:10: Not saving: punkboy48 (already saved)

22:31:10: [read seller]
22:31:10: Not saving: MagicTradeHouseNo1 (already saved)

22:31:10: [read seller]
22:31:10: Not saving: DavidxRodx (already saved)

22:31:10: [read seller]
22:31:10: Not saving: NicoDN (already saved)

22:31:10: [read seller]
22:31:10: Not saving: Strat066 (already saved)

22:31:10: [read seller]
22:31:10: Not saving: ClemFr (already saved)

22:31:10: [read seller]
22:31:10: Not saving: MaxiM87 (already saved)

22:31:10: [read seller]
22:31:10: Not saving: Sadquatch (already saved)

22:31:10: [read seller]
22:31:10: Not saving: Games-Island (already saved)

22:31:10: [read seller]
22:31:11: Not saving: Mazvigosl (already saved)

22:31:11: [read seller]
22:31:11: Not saving: DonMTG (already saved)

22:31:11: [read seller]
22:31:11: Not saving: MagicBarcelona (already saved)

22:31:11: [read seller]
22:31:11: Not saving: das-Marmak (already saved)

22:31:11: [read seller]
22:31:11: Not saving: Rusty2410 (already saved)

22:31:11: [read seller]
22:31:11: Not saving: tuvok85 (already saved)

22:31:11: [read seller]
22:31:11: Not saving: Jurgencreyf (already saved)

22:31:11: [read seller]
22:31:11: Not saving: LotusGarden (already saved)

22:31:11: [read seller]
22:31:11: Not saving: buchanin (already saved)

22:31:11: [read seller]
22:31:11: Not saving: gabrielooos93 (already saved)

22:31:11: [read seller]
22:31:11: Not saving: MishrasCardshop (already saved)

22:31:11: [read seller]
22:31:11: Not saving: MrclBok (already saved)

22:31:11: [read seller]
22:31:11: Not saving: JSRM88 (already saved)

22:31:11: [read seller]
22:31:11: Not saving: The-Inn-TCG (already saved)

22:31:11: [read seller]
22:31:11: Not saving: MagicEmporium (already saved)

22:31:11: [read seller]
22:31:11: Not saving: Harakesh (already saved)

22:31:11: [read seller]
22:31:11: Not saving: DrawstepGD (already saved)

22:31:11: [read seller]
22:31:11: Not saving: magictuga (already saved)

22:31:11: [read seller]
22:31:11: Not saving: Ghostlo (already saved)

22:31:11: [read seller]
22:31:11: Not saving: Ghostlo (already saved)

22:31:11: [read seller]
22:31:11: Not saving: Abdelbach (already saved)

22:31:11: [read seller]
22:31:11: Not saving: Igibert (already saved)

22:31:11: [read seller]
22:31:11: Not saving: MagicTradeHouseNo1 (already saved)

22:31:11: [read seller]
22:31:11: Not saving: pl0wbeast (already saved)

22:31:11: [read seller]
22:31:11: Not saving: Moria05 (already saved)

22:31:11: [read seller]
22:31:11: Not saving: DrawstepGD (already saved)

22:31:11: [read seller]
22:31:11: Not saving: Igibert (already saved)

22:31:11: [read seller]
22:31:11: Not saving: FKTRD (already saved)

22:31:11: [read seller]
22:31:11: Not saving: PlayTimeComo (already saved)

22:31:11: [read seller]
22:31:11: Not saving: Grecutus (already saved)

22:31:11: [read seller]
22:31:11: Not saving: kreaten (already saved)

22:31:11: [read seller]
22:31:11: Not saving: ZackyVeah (already saved)

22:31:11: [read seller]
22:31:11: Not saving: HeinerBremer (already saved)

22:31:11: [read seller]
22:31:11: Not saving: WizardshopCz (already saved)

22:31:11: [read seller]
22:31:11: Not saving: Wildfirestore (already saved)

22:31:11: [read seller]
22:31:11: Not saving: Zebratus (already saved)

22:31:11: [read seller]
22:31:11: Not saving: willybizarre (already saved)

22:31:11: [read seller]
22:31:11: Not saving: Outpostgamecenter (already saved)

22:31:11: [read seller]
22:31:11: Not saving: Galactus-Roma (already saved)

22:31:11: [read seller]
22:31:11: Not saving: CardsMania (already saved)

22:31:11: [read seller]
22:31:11: Not saving: CARAB (already saved)

22:31:11: [read seller]
22:31:11: Not saving: magiccorner (already saved)

22:31:11: [read seller]
22:31:11: Not saving: DRAGONCT (already saved)

22:31:11: [read seller]
22:31:11: Not saving: Metropolis-Center (already saved)

22:31:11: [read seller]
22:31:11: Not saving: NobleGarden (already saved)

22:31:11: [read seller]
22:31:11: Not saving: pl0wbeast (already saved)

22:31:11: [read seller]
22:31:11: Not saving: pl0wbeast (already saved)

22:31:11: [read seller]
22:31:11: Not saving: pl0wbeast (already saved)

22:31:11: [read seller]
22:31:11: Not saving: Skaldenmagie (already saved)

22:31:11: [read seller]
22:31:11: Not saving: Bjiarni (already saved)

22:31:11: [read seller]
22:31:11: Not saving: Goshar (already saved)

22:31:11: [read seller]
22:31:11: Not saving: das-Marmak (already saved)

22:31:11: [read seller]
22:31:11: Not saving: Kuldotha-Bazaar (already saved)

22:31:11: [read seller]
22:31:11: Not saving: Nightshade-Shop (already saved)

22:31:11: [read seller]
22:31:11: Not saving: PlaceOfGeek (already saved)

22:31:11: [read seller]
22:31:11: Not saving: LotusVale-Bochum (already saved)

22:31:11: [read seller]
22:31:11: Not saving: Deprolloneon (already saved)

22:31:11: [read seller]
22:31:11: Not saving: zarcenas (already saved)

22:31:11: [read seller]
22:31:11: Not saving: DoozEscape (already saved)

22:31:11: [read seller]
22:31:11: Not saving: Baldur82 (already saved)

22:31:11: [read seller]
22:31:11: Not saving: Baldur82 (already saved)

22:31:11: [read seller]
22:31:11: Not saving: delmas (already saved)

22:31:11: [read seller]
22:31:11: Not saving: TolarianBrewAcademy (already saved)

22:31:11: [read seller]
22:31:11: Not saving: TCG-entertainment (already saved)

22:31:11: [read seller]
22:31:11: Not saving: DragonReikaiGames (already saved)

22:31:11: [read seller]
22:31:11: Not saving: Abdelbach (already saved)

22:31:11: [read seller]
22:31:11: Not saving: JM123 (already saved)

22:31:11: [read seller]
22:31:11: Not saving: normans (already saved)

22:31:11: [read seller]
22:31:11: Not saving: Gunship-Games (already saved)

22:31:11: [read seller]
22:31:11: Not saving: Mazvigosl (already saved)

22:31:11: [read seller]
22:31:11: Not saving: jokerbovisa (already saved)

22:31:11: [read seller]
22:31:11: Not saving: Playin (already saved)

22:31:11: [read seller]
22:31:11: Not saving: House-of-Games (already saved)

22:31:11: [read seller]
22:31:11: Not saving: karmacrow (already saved)

22:31:11: [read seller]
22:31:11: Not saving: BB-Spiele (already saved)

22:31:11: [read seller]
22:31:11: Not saving: SpielRaum (already saved)

22:31:11: [read seller]
22:31:11: Not saving: SpielRaum (already saved)

22:31:11: [read seller]
22:31:11: Not saving: House-of-Games (already saved)

22:31:11: [read seller]
22:31:11: Not saving: Deprolloneon (already saved)

22:31:11: [read seller]
22:31:11: Not saving: JohnWizard (already saved)

22:31:11: [read seller]
22:31:11: Not saving: SVKZeke (already saved)

22:31:11: [read seller]
22:31:11: Not saving: SVKZeke (already saved)

22:31:11: [read seller]
22:31:11: Not saving: AboveGodlike (already saved)

22:31:11: [read seller]
22:31:11: Not saving: webuyanycard (already saved)

22:31:11: [read seller]
22:31:11: Not saving: Kiki237 (already saved)

22:31:11: [read seller]
22:31:11: Not saving: Antonius (already saved)

22:31:11: [read seller]
22:31:11: Not saving: LPPCOLLECTING-IT-SRL (already saved)

22:31:11: [read seller]
22:31:11: Not saving: MagicBarcelona (already saved)

22:31:11: [read seller]
22:31:11: Not saving: toycastle (already saved)

22:31:11: [read seller]
22:31:11: Not saving: masa (already saved)

22:31:11: [read seller]
22:31:11: Not saving: Rusty2410 (already saved)

22:31:11: [read seller]
22:31:11: Not saving: TimeaB (already saved)

22:31:11: [read seller]
22:31:11: Not saving: Kartenkoenig (already saved)

22:31:11: [read seller]
22:31:11: Not saving: DRAGONCT (already saved)

22:31:11: [read seller]
22:31:11: Not saving: TimeaB (already saved)

22:31:11: [read seller]
22:31:11: Not saving: roughy (already saved)

22:31:11: [read seller]
22:31:11: Not saving: martial-alters (already saved)

22:31:11: [read seller]
22:31:11: Not saving: martial-alters (already saved)

22:31:11: [read seller]
22:31:11: Not saving: Mazvigosl (already saved)

22:31:11: URL change  ->  https://www.cardmarket.com/en/Magic/Products/Singles/Battlebond/Skyshroud-Claim
22:31:11: Sleeping for 1.2697518846133207 seconds
22:31:13: Sleeping for 0.5984597704472094 seconds
22:31:14: Extending the sellers view...
22:31:14: Sleeping for 0.5904506471151654 seconds
22:31:14: Extending the sellers view...
22:31:14: Sleeping for 0.6067796299616381 seconds
22:31:15: Extending the sellers view...
22:31:15: Sleeping for 0.5920928961183053 seconds
22:31:16: Extending the sellers view...
22:31:16: Sleeping for 0.5771551172672551 seconds
22:31:16: Extending the sellers view...
22:31:16: Sleeping for 0.48240632170051456 seconds
22:31:17: Extending the sellers view...
22:31:17: Sleeping for 0.5592818414980792 seconds
22:31:17: Extending the sellers view...
22:31:17: Sleeping for 1.0048028502862025 seconds
22:31:19: Extending the sellers view...
22:31:19: Sleeping for 0.762287958433913 seconds
22:31:20: [read card]
22:31:20: [read date]
22:31:20: [read card]
22:31:20: [write card]
22:31:20: Card added: 	Impulse

22:31:20: [read seller]
22:31:20: Not saving: replicart71 (already saved)

22:31:20: [read seller]
22:31:20: Not saving: WhiteFoxThree (already saved)

22:31:20: [read seller]
22:31:20: Not saving: Jean-Claire (already saved)

22:31:20: [read seller]
22:31:20: Not saving: Jean-Claire (already saved)

22:31:20: [read seller]
22:31:20: Not saving: NuggetGaming (already saved)

22:31:20: [read seller]
22:31:20: Not saving: ctouya (already saved)

22:31:20: [read seller]
22:31:20: Not saving: Giftsungiven (already saved)

22:31:20: [read seller]
22:31:20: Not saving: Emisary121 (already saved)

22:31:20: [read seller]
22:31:20: Not saving: Espell (already saved)

22:31:20: [read seller]
22:31:20: Not saving: ruben52 (already saved)

22:31:20: [read seller]
22:31:20: Not saving: procards (already saved)

22:31:20: [read seller]
22:31:20: Not saving: ludovic1968 (already saved)

22:31:20: [read seller]
22:31:20: Not saving: valis (already saved)

22:31:20: [read seller]
22:31:20: Not saving: antonio-muenster (already saved)

22:31:20: [read seller]
22:31:20: Not saving: NoDrummer (already saved)

22:31:20: [read seller]
22:31:20: Not saving: Styliann (already saved)

22:31:20: [read seller]
22:31:20: Not saving: yannloison13 (already saved)

22:31:20: [read seller]
22:31:20: Not saving: masistuta (already saved)

22:31:20: [read seller]
22:31:20: Not saving: Trade-Secrets (already saved)

22:31:20: [read seller]
22:31:20: Not saving: phagma (already saved)

22:31:20: [read seller]
22:31:20: Not saving: Gautch (already saved)

22:31:20: [read seller]
22:31:20: Not saving: txbcards (already saved)

22:31:20: [read seller]
22:31:20: Not saving: Knightnight (already saved)

22:31:20: [read seller]
22:31:20: Not saving: karasofr (already saved)

22:31:20: [read seller]
22:31:20: Not saving: Pa-t-ch (already saved)

22:31:20: [read seller]
22:31:20: Not saving: rogiol (already saved)

22:31:20: [read seller]
22:31:20: Not saving: danieldisco (already saved)

22:31:20: [read seller]
22:31:20: Not saving: Admiral-Haze (already saved)

22:31:20: [read seller]
22:31:20: Not saving: aleeuwen1 (already saved)

22:31:20: [read seller]
22:31:20: Not saving: Geek-Corner (already saved)

22:31:20: [read seller]
22:31:20: Not saving: Stefouch (already saved)

22:31:20: [read seller]
22:31:20: Not saving: MarcoSanzin (already saved)

22:31:20: [read seller]
22:31:20: Not saving: PartyNator (already saved)

22:31:20: [read seller]
22:31:20: Not saving: pisqnek (already saved)

22:31:20: [read seller]
22:31:20: Not saving: Goodlookgamer (already saved)

22:31:20: [read seller]
22:31:20: Not saving: TopdeckDK (already saved)

22:31:20: [read seller]
22:31:20: Not saving: sedehiMTG (already saved)

22:31:20: [read seller]
22:31:20: Not saving: Magiccardshop (already saved)

22:31:20: [read seller]
22:31:20: Not saving: TCGWarehouse (already saved)

22:31:20: [read seller]
22:31:20: Not saving: helpoemer (already saved)

22:31:20: [read seller]
22:31:20: Not saving: Nerd-Shop (already saved)

22:31:20: [read seller]
22:31:20: Not saving: Andycards (already saved)

22:31:20: [read seller]
22:31:20: Not saving: weißer-Lotus (already saved)

22:31:20: [read seller]
22:31:20: Not saving: sanjic (already saved)

22:31:20: [read seller]
22:31:20: Not saving: MagusDoVinhedo (already saved)

22:31:20: [read seller]
22:31:20: Not saving: Wintereinbruch (already saved)

22:31:20: [read seller]
22:31:20: Not saving: Kissmaiass (already saved)

22:31:20: [read seller]
22:31:20: Not saving: thewirtschaftswunder (already saved)

22:31:20: [read seller]
22:31:20: Not saving: BaukeS (already saved)

22:31:20: [read seller]
22:31:20: Not saving: Blackbolt (already saved)

22:31:20: [read seller]
22:31:20: Not saving: Ex0rcist (already saved)

22:31:20: [read seller]
22:31:20: Not saving: nicororix (already saved)

22:31:20: [read seller]
22:31:20: Not saving: petedk (already saved)

22:31:20: [read seller]
22:31:20: Not saving: Rhaegar-LR (already saved)

22:31:20: [read seller]
22:31:20: Not saving: Benben78 (already saved)

22:31:20: [read seller]
22:31:20: Not saving: kevkev (already saved)

22:31:20: [read seller]
22:31:20: Not saving: Cohnjollins (already saved)

22:31:20: [read seller]
22:31:20: Not saving: jeristy (already saved)

22:31:20: [read seller]
22:31:20: Not saving: N3B3L (already saved)

22:31:20: [read seller]
22:31:20: Not saving: plkfd (already saved)

22:31:20: [read seller]
22:31:20: Not saving: oschulte (already saved)

22:31:20: [read seller]
22:31:20: Not saving: Danedeluxe (already saved)

22:31:20: [read seller]
22:31:20: Not saving: Theuderich (already saved)

22:31:20: [read seller]
22:31:20: Not saving: GobboDealer (already saved)

22:31:20: [read seller]
22:31:20: Not saving: Nihili (already saved)

22:31:20: [read seller]
22:31:20: Not saving: Lighting (already saved)

22:31:20: [read seller]
22:31:20: Not saving: helldanno (already saved)

22:31:20: [read seller]
22:31:20: Not saving: Akroma1987 (already saved)

22:31:20: [read seller]
22:31:20: Not saving: Jacob8800 (already saved)

22:31:20: [read seller]
22:31:20: Not saving: Muskatnuss6 (already saved)

22:31:20: [read seller]
22:31:20: Not saving: Diogenes (already saved)

22:31:20: [read seller]
22:31:20: Not saving: AdrianMC (already saved)

22:31:20: [read seller]
22:31:20: Not saving: SpecialOne28 (already saved)

22:31:20: [read seller]
22:31:20: Not saving: emanuelemarket (already saved)

22:31:20: [read seller]
22:31:20: Not saving: DrDkt666 (already saved)

22:31:20: [read seller]
22:31:20: Not saving: Maumoleseullevrai (already saved)

22:31:20: [read seller]
22:31:20: Not saving: alfredjkwak (already saved)

22:31:20: [read seller]
22:31:20: Not saving: Iscalia (already saved)

22:31:20: [read seller]
22:31:21: Extracting seller info: PzychoL
22:31:21: Sleeping for 2.5561544642231895 seconds
22:31:24: [read seller]
22:31:24: [write seller]
22:31:24: Seller added:	PzychoL

22:31:24: [read seller]
22:31:24: Not saving: Belkeen (already saved)

22:31:24: [read seller]
22:31:24: Not saving: NickyBluepants (already saved)

22:31:24: [read seller]
22:31:24: Not saving: Trudlo (already saved)

22:31:24: [read seller]
22:31:24: Not saving: Mtg-volos (already saved)

22:31:24: [read seller]
22:31:24: Not saving: MBrinch (already saved)

22:31:24: [read seller]
22:31:24: Not saving: Madveek (already saved)

22:31:24: [read seller]
22:31:24: Not saving: ggmagic (already saved)

22:31:24: [read seller]
22:31:24: Not saving: Geeksandgamers (already saved)

22:31:24: [read seller]
22:31:24: Not saving: KrayBoul (already saved)

22:31:24: [read seller]
22:31:24: Not saving: JoeyMoey (already saved)

22:31:24: [read seller]
22:31:24: Not saving: daktylus75 (already saved)

22:31:24: [read seller]
22:31:24: Not saving: DagonX (already saved)

22:31:24: [read seller]
22:31:24: Not saving: dakkon87 (already saved)

22:31:24: [read seller]
22:31:24: Not saving: bouzekry (already saved)

22:31:24: [read seller]
22:31:24: Not saving: mattopul (already saved)

22:31:24: [read seller]
22:31:24: Not saving: Cypress (already saved)

22:31:24: [read seller]
22:31:24: Not saving: LorenzMatterhorn (already saved)

22:31:24: [read seller]
22:31:24: Not saving: Diogenes (already saved)

22:31:24: [read seller]
22:31:24: Not saving: RFD94 (already saved)

22:31:24: [read seller]
22:31:24: Not saving: sedehiMTG (already saved)

22:31:24: [read seller]
22:31:24: Not saving: cernyrytir (already saved)

22:31:24: [read seller]
22:31:24: Not saving: Hobby-Games (already saved)

22:31:24: [read seller]
22:31:24: Not saving: elrincondelhobby (already saved)

22:31:24: [read seller]
22:31:24: Not saving: JoeBuddha (already saved)

22:31:24: [read seller]
22:31:24: Not saving: Psiakowy (already saved)

22:31:24: [read seller]
22:31:24: Not saving: ggmagic (already saved)

22:31:24: [read seller]
22:31:24: Not saving: NEMESIS23180 (already saved)

22:31:24: [read seller]
22:31:24: Not saving: Alexander1907 (already saved)

22:31:24: [read seller]
22:31:24: Not saving: AVATAR-PL (already saved)

22:31:24: [read seller]
22:31:24: Not saving: LudoB (already saved)

22:31:24: [read seller]
22:31:24: Not saving: Athabasca (already saved)

22:31:24: [read seller]
22:31:24: Not saving: Meistermeuchler (already saved)

22:31:24: [read seller]
22:31:24: Not saving: Gferro (already saved)

22:31:24: [read seller]
22:31:24: Not saving: Bestialos (already saved)

22:31:24: [read seller]
22:31:24: Not saving: Hellcat (already saved)

22:31:24: [read seller]
22:31:24: Not saving: hefaistos (already saved)

22:31:24: [read seller]
22:31:24: Not saving: pbjoker (already saved)

22:31:24: [read seller]
22:31:24: Not saving: caceres2020 (already saved)

22:31:24: [read seller]
22:31:24: Not saving: Reitina (already saved)

22:31:24: [read seller]
22:31:24: Not saving: CardStore-Blois (already saved)

22:31:24: [read seller]
22:31:24: Not saving: vale46 (already saved)

22:31:24: [read seller]
22:31:24: Not saving: Sinici1992 (already saved)

22:31:24: [read seller]
22:31:24: Not saving: Trons63 (already saved)

22:31:24: [read seller]
22:31:24: Not saving: tschudti (already saved)

22:31:24: [read seller]
22:31:24: Not saving: Ersanto (already saved)

22:31:24: [read seller]
22:31:24: Not saving: Alexsoul (already saved)

22:31:24: [read seller]
22:31:24: Not saving: MTG-Prime (already saved)

22:31:24: [read seller]
22:31:24: Not saving: feanor986 (already saved)

22:31:24: [read seller]
22:31:24: Not saving: davebeelen (already saved)

22:31:24: [read seller]
22:31:24: Not saving: Mintcardgem (already saved)

22:31:24: [read seller]
22:31:24: Not saving: Skiski (already saved)

22:31:24: [read seller]
22:31:24: Not saving: JoeyMoey (already saved)

22:31:24: [read seller]
22:31:24: Not saving: GunCha (already saved)

22:31:24: [read seller]
22:31:24: Not saving: ClemFr (already saved)

22:31:24: [read seller]
22:31:24: Not saving: JohnWizard (already saved)

22:31:24: [read seller]
22:31:24: Not saving: Altezio (already saved)

22:31:24: [read seller]
22:31:24: Not saving: ElFeeder (already saved)

22:31:24: [read seller]
22:31:24: Not saving: Abyssalia (already saved)

22:31:24: [read seller]
22:31:24: Not saving: lauke101 (already saved)

22:31:24: [read seller]
22:31:24: Not saving: Enske92 (already saved)

22:31:24: [read seller]
22:31:24: Not saving: alec1012 (already saved)

22:31:24: [read seller]
22:31:24: Not saving: Mtgspot (already saved)

22:31:24: [read seller]
22:31:24: Not saving: kARNN (already saved)

22:31:24: [read seller]
22:31:24: Not saving: Sebas74 (already saved)

22:31:24: [read seller]
22:31:24: Not saving: Diesler (already saved)

22:31:24: [read seller]
22:31:24: Not saving: Hgjlesv (already saved)

22:31:24: [read seller]
22:31:24: Not saving: DuploCard (already saved)

22:31:24: [read seller]
22:31:24: Not saving: hael22 (already saved)

22:31:24: [read seller]
22:31:24: Not saving: daidojilaurent (already saved)

22:31:24: [read seller]
22:31:24: Not saving: CardgeekNL (already saved)

22:31:24: [read seller]
22:31:24: Not saving: TimeaB (already saved)

22:31:24: [read seller]
22:31:24: Not saving: elbonenet (already saved)

22:31:24: [read seller]
22:31:24: Not saving: Zaki23 (already saved)

22:31:24: [read seller]
22:31:24: Not saving: Larinski (already saved)

22:31:24: [read seller]
22:31:24: Not saving: Goblin-Patron (already saved)

22:31:24: [read seller]
22:31:24: Not saving: Hammy (already saved)

22:31:24: [read seller]
22:31:24: Not saving: magicpartcard (already saved)

22:31:24: [read seller]
22:31:24: Not saving: Gretski15 (already saved)

22:31:24: [read seller]
22:31:24: Not saving: Dinis (already saved)

22:31:24: [read seller]
22:31:24: Not saving: BriXtreme (already saved)

22:31:24: [read seller]
22:31:24: Not saving: diddos (already saved)

22:31:24: [read seller]
22:31:24: Not saving: Kumpel-Trading (already saved)

22:31:24: [read seller]
22:31:24: Not saving: TablerazeMontpellier (already saved)

22:31:24: [read seller]
22:31:24: Not saving: HolmesFr (already saved)

22:31:24: [read seller]
22:31:24: Not saving: kajika46 (already saved)

22:31:24: [read seller]
22:31:24: Not saving: TJHollaar (already saved)

22:31:24: [read seller]
22:31:24: Not saving: TiagoParracho (already saved)

22:31:24: [read seller]
22:31:24: Not saving: MichaelBondeDK (already saved)

22:31:24: [read seller]
22:31:24: Not saving: holzvalle (already saved)

22:31:24: [read seller]
22:31:24: Not saving: TheBoyz (already saved)

22:31:24: [read seller]
22:31:24: Not saving: Pixie (already saved)

22:31:24: [read seller]
22:31:24: Not saving: Sellerarjafin (already saved)

22:31:24: [read seller]
22:31:24: Not saving: MoonVillage (already saved)

22:31:24: [read seller]
22:31:24: Not saving: MoonVillage (already saved)

22:31:24: [read seller]
22:31:24: Not saving: Tarmogoyf (already saved)

22:31:24: [read seller]
22:31:24: Not saving: DualGames-Alicante (already saved)

22:31:24: [read seller]
22:31:24: Not saving: MerfolkTraders (already saved)

22:31:24: [read seller]
22:31:24: Not saving: Kap23 (already saved)

22:31:24: [read seller]
22:31:24: Not saving: exaltetangel (already saved)

22:31:24: [read seller]
22:31:24: Not saving: MadridMagic (already saved)

22:31:24: [read seller]
22:31:24: Not saving: MadridMagic (already saved)

22:31:24: [read seller]
22:31:24: Not saving: maxime75018 (already saved)

22:31:24: [read seller]
22:31:24: Not saving: TradingCardsUnited (already saved)

22:31:24: [read seller]
22:31:24: Not saving: Aberconda (already saved)

22:31:24: [read seller]
22:31:24: Not saving: ManaMix (already saved)

22:31:24: [read seller]
22:31:24: Not saving: Twoshop (already saved)

22:31:24: [read seller]
22:31:24: Not saving: Sinister123 (already saved)

22:31:24: [read seller]
22:31:24: Not saving: Mik1040 (already saved)

22:31:24: [read seller]
22:31:24: Not saving: Midicards4281 (already saved)

22:31:24: [read seller]
22:31:24: Not saving: DombekTorun (already saved)

22:31:24: [read seller]
22:31:24: Not saving: cornelius59 (already saved)

22:31:24: [read seller]
22:31:24: Not saving: Nils97 (already saved)

22:31:24: [read seller]
22:31:24: Not saving: luciano38 (already saved)

22:31:24: [read seller]
22:31:24: Not saving: landshome279 (already saved)

22:31:24: [read seller]
22:31:24: Not saving: Llanowar82 (already saved)

22:31:24: [read seller]
22:31:24: Not saving: tserjio (already saved)

22:31:24: [read seller]
22:31:24: Not saving: chrisa2 (already saved)

22:31:24: [read seller]
22:31:24: Not saving: PowerMagicstar (already saved)

22:31:24: [read seller]
22:31:24: Not saving: geekfactory (already saved)

22:31:24: [read seller]
22:31:24: Not saving: sKarty (already saved)

22:31:24: [read seller]
22:31:24: Not saving: Wommelshausen (already saved)

22:31:24: [read seller]
22:31:24: Not saving: Megatol (already saved)

22:31:24: [read seller]
22:31:24: Not saving: k201244 (already saved)

22:31:24: [read seller]
22:31:24: Not saving: marcophone (already saved)

22:31:24: [read seller]
22:31:24: Not saving: Bigs77 (already saved)

22:31:24: [read seller]
22:31:24: Not saving: gambo (already saved)

22:31:24: [read seller]
22:31:24: Not saving: TDR62 (already saved)

22:31:24: [read seller]
22:31:24: Not saving: Andre-P (already saved)

22:31:24: [read seller]
22:31:24: Not saving: Bruce7506 (already saved)

22:31:24: [read seller]
22:31:24: Not saving: rakerone (already saved)

22:31:24: [read seller]
22:31:24: Not saving: tellez7 (already saved)

22:31:24: [read seller]
22:31:24: Not saving: 38Shizo (already saved)

22:31:24: [read seller]
22:31:24: Not saving: Mintcardgem (already saved)

22:31:24: [read seller]
22:31:24: Not saving: Trolloloman (already saved)

22:31:24: [read seller]
22:31:24: Not saving: Richaardi (already saved)

22:31:24: [read seller]
22:31:24: Not saving: MarioMirage (already saved)

22:31:24: [read seller]
22:31:24: Not saving: Secretenergy (already saved)

22:31:24: [read seller]
22:31:24: Not saving: kevistrauss (already saved)

22:31:24: [read seller]
22:31:24: Not saving: kasi87 (already saved)

22:31:24: [read seller]
22:31:24: Not saving: AcidQueen (already saved)

22:31:25: [read seller]
22:31:25: Not saving: elliot1990pl (already saved)

22:31:25: [read seller]
22:31:25: Not saving: evertk (already saved)

22:31:25: [read seller]
22:31:25: Not saving: Muttonium (already saved)

22:31:25: [read seller]
22:31:25: Not saving: Haxan (already saved)

22:31:25: [read seller]
22:31:25: Not saving: Adway (already saved)

22:31:25: [read seller]
22:31:25: Not saving: Glendennan (already saved)

22:31:25: [read seller]
22:31:25: Not saving: Si7en (already saved)

22:31:25: [read seller]
22:31:25: Not saving: biteul (already saved)

22:31:25: [read seller]
22:31:25: Not saving: Enachel (already saved)

22:31:25: [read seller]
22:31:25: Not saving: derstef (already saved)

22:31:25: [read seller]
22:31:25: Not saving: DonnieDarkoNL (already saved)

22:31:25: [read seller]
22:31:25: Not saving: Mintcardgem (already saved)

22:31:25: [read seller]
22:31:25: Not saving: punkboy48 (already saved)

22:31:25: [read seller]
22:31:25: Not saving: Galactus-Roma (already saved)

22:31:25: [read seller]
22:31:25: Not saving: kfranklin12 (already saved)

22:31:25: [read seller]
22:31:25: Not saving: SimonJack88 (already saved)

22:31:25: [read seller]
22:31:25: Not saving: BorjaxS (already saved)

22:31:25: [read seller]
22:31:25: Not saving: eMeR90 (already saved)

22:31:25: [read seller]
22:31:25: Not saving: Xalthur (already saved)

22:31:25: [read seller]
22:31:25: Not saving: welovetocollect (already saved)

22:31:25: [read seller]
22:31:25: Not saving: reumah (already saved)

22:31:25: [read seller]
22:31:25: Not saving: Kartenkoenig (already saved)

22:31:25: [read seller]
22:31:25: Not saving: Kartenkoenig (already saved)

22:31:25: [read seller]
22:31:25: Not saving: Schimmelpopo (already saved)

22:31:25: [read seller]
22:31:25: Not saving: Xobulo (already saved)

22:31:25: [read seller]
22:31:25: Not saving: Kartenguru (already saved)

22:31:25: [read seller]
22:31:25: Not saving: willybizarre (already saved)

22:31:25: [read seller]
22:31:25: Not saving: das-Marmak (already saved)

22:31:25: [read seller]
22:31:25: Not saving: Outpostgamecenter (already saved)

22:31:25: [read seller]
22:31:25: Not saving: HiveGames (already saved)

22:31:25: [read seller]
22:31:25: Not saving: TheCoonRises (already saved)

22:31:25: [read seller]
22:31:25: Not saving: TheCoonRises (already saved)

22:31:25: [read seller]
22:31:25: Not saving: TheCoonRises (already saved)

22:31:25: [read seller]
22:31:25: Not saving: Magic-Industria-61 (already saved)

22:31:25: [read seller]
22:31:25: Not saving: ArenaGamesDE (already saved)

22:31:25: [read seller]
22:31:25: Not saving: SodGames (already saved)

22:31:25: [read seller]
22:31:25: Not saving: fabfesta (already saved)

22:31:25: [read seller]
22:31:25: Not saving: Ishan (already saved)

22:31:25: [read seller]
22:31:25: Not saving: TeamSpelEnMeer (already saved)

22:31:25: [read seller]
22:31:25: Not saving: Moria05 (already saved)

22:31:25: [read seller]
22:31:25: Not saving: lastdreamer87 (already saved)

22:31:25: [read seller]
22:31:25: Not saving: leonin (already saved)

22:31:25: [read seller]
22:31:25: Not saving: dfccg (already saved)

22:31:25: [read seller]
22:31:25: Not saving: Harakesh (already saved)

22:31:25: [read seller]
22:31:25: Not saving: Mulligans (already saved)

22:31:25: [read seller]
22:31:25: Not saving: OblivionMTG (already saved)

22:31:25: [read seller]
22:31:25: Not saving: LotusVale-Bochum (already saved)

22:31:25: [read seller]
22:31:25: Not saving: stahlkarnickel2 (already saved)

22:31:25: [read seller]
22:31:25: Not saving: Tezzeret84 (already saved)

22:31:25: [read seller]
22:31:25: Not saving: Lorena (already saved)

22:31:25: [read seller]
22:31:25: Not saving: Nephren (already saved)

22:31:25: [read seller]
22:31:25: Not saving: DHGames (already saved)

22:31:25: [read seller]
22:31:25: Not saving: Gunnar2k8 (already saved)

22:31:25: [read seller]
22:31:25: Not saving: K3lla (already saved)

22:31:25: [read seller]
22:31:25: Not saving: CollectiblesTrading (already saved)

22:31:25: [read seller]
22:31:25: Not saving: sovmar (already saved)

22:31:25: [read seller]
22:31:25: Not saving: Yufei (already saved)

22:31:25: [read seller]
22:31:25: Not saving: Kernowjim (already saved)

22:31:25: [read seller]
22:31:25: Not saving: Akroma44 (already saved)

22:31:25: [read seller]
22:31:25: Not saving: Yggzorn (already saved)

22:31:25: [read seller]
22:31:25: Not saving: Mintcardgem (already saved)

22:31:25: [read seller]
22:31:25: Not saving: Zloch (already saved)

22:31:25: [read seller]
22:31:25: Not saving: seagel (already saved)

22:31:25: [read seller]
22:31:25: Not saving: D-Insane (already saved)

22:31:25: [read seller]
22:31:25: Not saving: Piccio91 (already saved)

22:31:25: [read seller]
22:31:25: Not saving: Charly4785 (already saved)

22:31:25: [read seller]
22:31:25: Not saving: snabblars (already saved)

22:31:25: [read seller]
22:31:25: Not saving: Yamalesca (already saved)

22:31:25: [read seller]
22:31:25: Not saving: Stefan-Laszkiewicz (already saved)

22:31:25: [read seller]
22:31:25: Not saving: Games-Island (already saved)

22:31:25: [read seller]
22:31:25: Not saving: sundermeier (already saved)

22:31:25: [read seller]
22:31:25: Not saving: Games-Island (already saved)

22:31:25: [read seller]
22:31:25: Not saving: WizardshopCz (already saved)

22:31:25: [read seller]
22:31:25: Not saving: czesctuariel (already saved)

22:31:25: [read seller]
22:31:25: Not saving: Zebratus (already saved)

22:31:25: [read seller]
22:31:25: Not saving: Dunkler-Herrscher (already saved)

22:31:25: [read seller]
22:31:25: Not saving: CardgeekNL (already saved)

22:31:25: [read seller]
22:31:25: Not saving: Rusty2410 (already saved)

22:31:25: [read seller]
22:31:25: Not saving: CardsMania (already saved)

22:31:25: [read seller]
22:31:25: Not saving: NobleGarden (already saved)

22:31:25: [read seller]
22:31:25: Not saving: PetrKikac (already saved)

22:31:25: [read seller]
22:31:25: Not saving: GRANDE-INVERNO (already saved)

22:31:25: [read seller]
22:31:25: Not saving: Moltras (already saved)

22:31:25: [read seller]
22:31:25: Not saving: Ortrudzomfg (already saved)

22:31:25: [read seller]
22:31:25: Not saving: MagaMercatino (already saved)

22:31:25: [read seller]
22:31:25: Not saving: The-Inn-TCG (already saved)

22:31:25: [read seller]
22:31:25: Not saving: HatakeKakashi88 (already saved)

22:31:25: [read seller]
22:31:25: Not saving: corsi1996 (already saved)

22:31:25: [read seller]
22:31:25: Not saving: Mintcardgem (already saved)

22:31:25: [read seller]
22:31:25: Not saving: derboba (already saved)

22:31:25: [read seller]
22:31:25: Not saving: steficTol (already saved)

22:31:25: [read seller]
22:31:25: Not saving: nickdejonge (already saved)

22:31:25: [read seller]
22:31:25: Not saving: TizziTizzi (already saved)

22:31:25: [read seller]
22:31:25: Not saving: FKTRD (already saved)

22:31:25: [read seller]
22:31:25: Not saving: TCG-entertainment (already saved)

22:31:25: [read seller]
22:31:25: Not saving: magictuga (already saved)

22:31:25: [read seller]
22:31:25: Not saving: Playin (already saved)

22:31:25: [read seller]
22:31:25: Not saving: Tier1MTG (already saved)

22:31:25: [read seller]
22:31:25: Not saving: Guarida-Del-Dragon (already saved)

22:31:25: [read seller]
22:31:25: Not saving: pl0wbeast (already saved)

22:31:25: [read seller]
22:31:25: Not saving: leonin (already saved)

22:31:25: [read seller]
22:31:25: Not saving: Skaldenmagie (already saved)

22:31:25: [read seller]
22:31:25: Not saving: DrawstepGD (already saved)

22:31:25: [read seller]
22:31:25: Not saving: TolarianBrewAcademy (already saved)

22:31:25: [read seller]
22:31:25: Not saving: Abdelbach (already saved)

22:31:25: [read seller]
22:31:25: Not saving: Mythulro (already saved)

22:31:25: [read seller]
22:31:25: Not saving: ritastochter (already saved)

22:31:25: [read seller]
22:31:25: Not saving: D-Insane (already saved)

22:31:25: [read seller]
22:31:25: Not saving: Kirisame84 (already saved)

22:31:25: [read seller]
22:31:25: Not saving: delmas (already saved)

22:31:25: [read seller]
22:31:25: Not saving: dragonfall5 (already saved)

22:31:25: [read seller]
22:31:25: Not saving: JM123 (already saved)

22:31:25: [read seller]
22:31:25: Not saving: SwankyPants88 (already saved)

22:31:25: [read seller]
22:31:25: Not saving: BB-Spiele (already saved)

22:31:25: [read seller]
22:31:25: Not saving: FKTRD (already saved)

22:31:25: [read seller]
22:31:25: Not saving: pedrodj78 (already saved)

22:31:25: [read seller]
22:31:25: Not saving: EttoreMTG (already saved)

22:31:25: [read seller]
22:31:25: Not saving: Magicshop2000 (already saved)

22:31:25: [read seller]
22:31:25: Not saving: DavidxRodx (already saved)

22:31:25: [read seller]
22:31:25: Not saving: TimeaB (already saved)

22:31:25: [read seller]
22:31:25: Not saving: MrPete (already saved)

22:31:25: [read seller]
22:31:25: Not saving: Mazvigosl (already saved)

22:31:25: [read seller]
22:31:25: Not saving: FKTRD (already saved)

22:31:25: [read seller]
22:31:25: Not saving: MerfolkTraders (already saved)

22:31:25: [read seller]
22:31:25: Not saving: masa (already saved)

22:31:25: [read seller]
22:31:25: Not saving: BeNsE (already saved)

22:31:25: [read seller]
22:31:25: Not saving: Pangea (already saved)

22:31:25: [read seller]
22:31:25: Not saving: Strat066 (already saved)

22:31:25: [read seller]
22:31:25: Not saving: monstersystem (already saved)

22:31:25: [read seller]
22:31:25: Not saving: Colovia (already saved)

22:31:25: [read seller]
22:31:25: Not saving: kahlan37 (already saved)

22:31:25: [read seller]
22:31:25: Not saving: Grecutus (already saved)

22:31:25: [read seller]
22:31:25: Not saving: Rishadan-Magic-Store (already saved)

22:31:25: [read seller]
22:31:25: Not saving: Letalboro (already saved)

22:31:25: [read seller]
22:31:25: Not saving: MagicPapa (already saved)

22:31:25: [read seller]
22:31:25: Not saving: jokerbovisa (already saved)

22:31:25: [read seller]
22:31:25: Not saving: TCGEnterprise (already saved)

22:31:25: [read seller]
22:31:25: Not saving: Schimmelpopo (already saved)

22:31:25: [read seller]
22:31:25: Not saving: Magicdealer-patte-de (already saved)

22:31:25: [read seller]
22:31:25: Not saving: Galactus-Roma (already saved)

22:31:25: [read seller]
22:31:25: Not saving: magiccorner (already saved)

22:31:25: [read seller]
22:31:25: Not saving: Metropolis-Center (already saved)

22:31:25: [read seller]
22:31:25: Not saving: Gunship-Games (already saved)

22:31:26: [read seller]
22:31:26: Not saving: CerberusIT (already saved)

22:31:26: [read seller]
22:31:26: Not saving: gamersfinest (already saved)

22:31:26: [read seller]
22:31:26: Not saving: gamersfinest (already saved)

22:31:26: [read seller]
22:31:26: Not saving: gamersfinest (already saved)

22:31:26: [read seller]
22:31:26: Not saving: PlayTimeComo (already saved)

22:31:26: [read seller]
22:31:26: Not saving: MAGICSHOPITA (already saved)

22:31:26: [read seller]
22:31:26: Not saving: ThreeForOne-AT (already saved)

22:31:26: [read seller]
22:31:26: Not saving: daltenda (already saved)

22:31:26: [read seller]
22:31:26: Not saving: EspaceMagic (already saved)

22:31:26: [read seller]
22:31:26: Not saving: Nightshade-Shop (already saved)

22:31:26: [read seller]
22:31:26: Not saving: fischi1984 (already saved)

22:31:26: [read seller]
22:31:26: Not saving: slashrose (already saved)

22:31:26: [read seller]
22:31:26: Not saving: Brisk (already saved)

22:31:26: [read seller]
22:31:26: Not saving: Mintcardgem (already saved)

22:31:26: [read seller]
22:31:26: Not saving: annor (already saved)

22:31:26: [read seller]
22:31:26: Not saving: Robotomasas (already saved)

22:31:26: [read seller]
22:31:26: Not saving: karmacrow (already saved)

22:31:26: [read seller]
22:31:26: Not saving: House-of-Games (already saved)

22:31:26: [read seller]
22:31:26: Not saving: Deinvater18 (already saved)

22:31:26: [read seller]
22:31:26: Not saving: Jizreel (already saved)

22:31:26: [read seller]
22:31:26: Not saving: Winsel (already saved)

22:31:26: [read seller]
22:31:26: Not saving: MAGICPLANET (already saved)

22:31:26: [read seller]
22:31:26: Not saving: Oriented (already saved)

22:31:26: [read seller]
22:31:26: Not saving: christianstrothjohann (already saved)

22:31:26: [read seller]
22:31:26: Not saving: petedk (already saved)

22:31:26: [read seller]
22:31:26: Not saving: Stavesacre (already saved)

22:31:26: [read seller]
22:31:26: Not saving: Messicano (already saved)

22:31:26: [read seller]
22:31:26: Not saving: YamiAlex1994 (already saved)

22:31:26: [read seller]
22:31:26: Not saving: TimmeyOne (already saved)

22:31:26: [read seller]
22:31:26: Not saving: Gemini56 (already saved)

22:31:26: [read seller]
22:31:26: Not saving: RMP1982 (already saved)

22:31:26: [read seller]
22:31:26: Not saving: caceres2020 (already saved)

22:31:26: [read seller]
22:31:26: Not saving: Pernacchianda (already saved)

22:31:26: [read seller]
22:31:26: Not saving: Tier1MTG (already saved)

22:31:26: [read seller]
22:31:26: Not saving: PeloutseMtG (already saved)

22:31:26: [read seller]
22:31:26: Not saving: Crosis88 (already saved)

22:31:26: [read seller]
22:31:26: Not saving: axanathos (already saved)

22:31:26: [read seller]
22:31:26: Not saving: JoannaDark (already saved)

22:31:26: [read seller]
22:31:26: Not saving: quasimoto (already saved)

22:31:26: [read seller]
22:31:26: Not saving: MarioMirage (already saved)

22:31:26: [read seller]
22:31:26: Not saving: Galactus-Roma (already saved)

22:31:26: [read seller]
22:31:26: Not saving: WizardshopCz (already saved)

22:31:26: [read seller]
22:31:26: Not saving: Schnapsl (already saved)

22:31:26: [read seller]
22:31:26: Not saving: Vansguy-DE (already saved)

22:31:26: [read seller]
22:31:26: Not saving: Kartenkoenig (already saved)

22:31:26: [read seller]
22:31:26: Not saving: TCG-entertainment (already saved)

22:31:26: [read seller]
22:31:26: Not saving: Galactus-Roma (already saved)

22:31:26: [read seller]
22:31:26: Not saving: CardCastle (already saved)

22:31:26: [read seller]
22:31:26: Not saving: RDeschain (already saved)

22:31:26: [read seller]
22:31:26: Not saving: CardsMania (already saved)

22:31:26: [read seller]
22:31:26: Not saving: SVKZeke (already saved)

22:31:26: [read seller]
22:31:26: Not saving: temur11 (already saved)

22:31:26: [read seller]
22:31:26: Not saving: PeloutseMtG (already saved)

22:31:26: [read seller]
22:31:26: Not saving: nantukozerox (already saved)

22:31:26: URL change  ->  https://www.cardmarket.com/en/Magic/Users/PzychoL
22:31:26: Sleeping for 1.4569650180393374 seconds
22:31:28: Sleeping for 0.895687504502013 seconds
22:31:29: Extending the sellers view...
22:31:29: Sleeping for 0.598693171926616 seconds
22:31:29: Extending the sellers view...
22:31:29: Sleeping for 0.7891720516818771 seconds
22:31:30: Extending the sellers view...
22:31:30: Sleeping for 0.5864341454582076 seconds
22:31:31: Extending the sellers view...
22:31:31: Sleeping for 0.6399978893181877 seconds
22:31:32: Extending the sellers view...
22:31:32: Sleeping for 0.605091672127638 seconds
22:31:32: Extending the sellers view...
22:31:32: Sleeping for 0.5107776162937495 seconds
22:31:33: Extending the sellers view...
22:31:33: Sleeping for 0.6408389563768487 seconds
22:31:34: Extending the sellers view...
22:31:34: Sleeping for 0.6986870059698311 seconds
22:31:35: [read card]
22:31:35: [read date]
22:31:35: [read card]
22:31:35: [write card]
22:31:35: Card added: 	Zndrsplt, Eye of Wisdom

22:31:35: [read seller]
22:31:35: Not saving: aleplm98 (already saved)

22:31:35: [read seller]
22:31:35: Not saving: GoodPool (already saved)

22:31:35: [read seller]
22:31:35: Not saving: Foransa (already saved)

22:31:35: [read seller]
22:31:35: Not saving: PanBzoch (already saved)

22:31:35: [read seller]
22:31:35: Not saving: Colabier (already saved)

22:31:35: [read seller]
22:31:35: Not saving: moneymaker (already saved)

22:31:35: [read seller]
22:31:35: Not saving: Noah471 (already saved)

22:31:35: [read seller]
22:31:35: Not saving: Cohnjollins (already saved)

22:31:35: [read seller]
22:31:35: Not saving: LeonPonce (already saved)

22:31:35: [read seller]
22:31:35: Not saving: sytsnas (already saved)

22:31:35: [read seller]
22:31:35: Not saving: noisia (already saved)

22:31:35: [read seller]
22:31:35: Not saving: Greenskull (already saved)

22:31:35: [read seller]
22:31:35: Not saving: Danedeluxe (already saved)

22:31:35: [read seller]
22:31:35: Not saving: babylon (already saved)

22:31:35: [read seller]
22:31:35: Not saving: McFreud (already saved)

22:31:35: [read seller]
22:31:35: Not saving: muse99 (already saved)

22:31:35: [read seller]
22:31:35: Not saving: Bellota95 (already saved)

22:31:35: [read seller]
22:31:35: Not saving: BBG66 (already saved)

22:31:35: [read seller]
22:31:35: Not saving: Marsupisalami (already saved)

22:31:35: [read seller]
22:31:35: Not saving: Murasame (already saved)

22:31:35: [read seller]
22:31:35: Not saving: stanislaf (already saved)

22:31:35: [read seller]
22:31:35: Not saving: cardvictim (already saved)

22:31:35: [read seller]
22:31:35: Not saving: atlas222 (already saved)

22:31:35: [read seller]
22:31:35: Not saving: Torako (already saved)

22:31:35: [read seller]
22:31:35: Not saving: MadridMagic (already saved)

22:31:35: [read seller]
22:31:35: Not saving: cloudpostBA (already saved)

22:31:35: [read seller]
22:31:35: Not saving: bouzekry (already saved)

22:31:35: [read seller]
22:31:35: Not saving: Hgjlesv (already saved)

22:31:35: [read seller]
22:31:35: Not saving: stahlkarnickel2 (already saved)

22:31:35: [read seller]
22:31:35: Not saving: TimD (already saved)

22:31:35: [read seller]
22:31:35: Not saving: PowerMagicstar (already saved)

22:31:35: [read seller]
22:31:35: Not saving: CommanderStaples (already saved)

22:31:35: [read seller]
22:31:35: Not saving: kartenschmiede (already saved)

22:31:35: [read seller]
22:31:35: Not saving: theNecromancer (already saved)

22:31:35: [read seller]
22:31:35: Not saving: mstokowski (already saved)

22:31:35: [read seller]
22:31:35: Not saving: huge4uk (already saved)

22:31:35: [read seller]
22:31:35: Not saving: Sebas74 (already saved)

22:31:35: [read seller]
22:31:35: Not saving: ManaRamp (already saved)

22:31:35: [read seller]
22:31:35: Not saving: Piranha81 (already saved)

22:31:35: [read seller]
22:31:35: Not saving: daltenda (already saved)

22:31:35: [read seller]
22:31:35: Not saving: AvalonBurgos (already saved)

22:31:35: [read seller]
22:31:35: Not saving: Andycards (already saved)

22:31:35: [read seller]
22:31:35: Not saving: LuisLlana (already saved)

22:31:35: [read seller]
22:31:35: Not saving: SK4TE (already saved)

22:31:35: [read seller]
22:31:35: Not saving: olgamor (already saved)

22:31:35: [read seller]
22:31:35: Not saving: marCH1LLL (already saved)

22:31:35: [read seller]
22:31:35: Not saving: ni-ju66 (already saved)

22:31:35: [read seller]
22:31:35: Not saving: baleinedessables (already saved)

22:31:35: [read seller]
22:31:35: Not saving: rakerone (already saved)

22:31:35: [read seller]
22:31:35: Not saving: Jack-DM (already saved)

22:31:35: [read seller]
22:31:35: Not saving: magnapoli (already saved)

22:31:35: [read seller]
22:31:35: Not saving: SnappyTiger (already saved)

22:31:35: [read seller]
22:31:35: Not saving: Trapper99 (already saved)

22:31:35: [read seller]
22:31:35: Not saving: PaulAndr (already saved)

22:31:35: [read seller]
22:31:35: Not saving: Blaze241 (already saved)

22:31:35: [read seller]
22:31:35: Not saving: gabrielooos93 (already saved)

22:31:35: [read seller]
22:31:35: Not saving: flosar71 (already saved)

22:31:35: [read seller]
22:31:35: Not saving: RisingVoid (already saved)

22:31:35: [read seller]
22:31:35: Not saving: Tueben (already saved)

22:31:35: [read seller]
22:31:35: Not saving: RagnarNagato (already saved)

22:31:35: [read seller]
22:31:35: Not saving: Annie1983 (already saved)

22:31:35: [read seller]
22:31:35: Not saving: Mtg-volos (already saved)

22:31:35: [read seller]
22:31:35: Not saving: magicpartcard (already saved)

22:31:35: [read seller]
22:31:35: Not saving: mstokowski (already saved)

22:31:35: [read seller]
22:31:35: Not saving: riper91 (already saved)

22:31:35: [read seller]
22:31:35: Not saving: Uncraft (already saved)

22:31:35: [read seller]
22:31:35: Not saving: Scarecrows (already saved)

22:31:35: [read seller]
22:31:35: Not saving: MoonVillage (already saved)

22:31:35: [read seller]
22:31:35: Not saving: Larinski (already saved)

22:31:35: [read seller]
22:31:35: Not saving: dikkedaan (already saved)

22:31:35: [read seller]
22:31:35: Not saving: Teenwolf (already saved)

22:31:35: [read seller]
22:31:35: Not saving: VentorII (already saved)

22:31:35: [read seller]
22:31:35: Not saving: Villy (already saved)

22:31:35: [read seller]
22:31:35: Not saving: GameForce (already saved)

22:31:35: [read seller]
22:31:35: Not saving: VintageCollectors (already saved)

22:31:35: [read seller]
22:31:35: Not saving: Troedel (already saved)

22:31:35: [read seller]
22:31:35: Not saving: Blizardjack (already saved)

22:31:35: [read seller]
22:31:35: Not saving: roughy (already saved)

22:31:35: [read seller]
22:31:35: Not saving: CollectiblesTrading (already saved)

22:31:35: [read seller]
22:31:35: Not saving: RickOttaro (already saved)

22:31:35: [read seller]
22:31:35: Not saving: chrisa2 (already saved)

22:31:35: [read seller]
22:31:35: Not saving: Giantian (already saved)

22:31:35: [read seller]
22:31:35: Not saving: Giantian (already saved)

22:31:35: [read seller]
22:31:35: Not saving: Mercenary027 (already saved)

22:31:35: [read seller]
22:31:35: Not saving: Kernowjim (already saved)

22:31:35: [read seller]
22:31:35: Not saving: Weltenwache (already saved)

22:31:35: [read seller]
22:31:35: Not saving: HatakeKakashi88 (already saved)

22:31:35: [read seller]
22:31:35: Not saving: Dijkstra (already saved)

22:31:35: [read seller]
22:31:35: Not saving: Akroma1987 (already saved)

22:31:35: [read seller]
22:31:35: Not saving: Platzer (already saved)

22:31:35: [read seller]
22:31:35: Not saving: Krokar (already saved)

22:31:35: [read seller]
22:31:35: Not saving: minimagic (already saved)

22:31:35: [read seller]
22:31:35: Not saving: JaySmalls (already saved)

22:31:35: [read seller]
22:31:35: Not saving: CaronteFCB (already saved)

22:31:35: [read seller]
22:31:35: Not saving: FrankvdWaals (already saved)

22:31:35: [read seller]
22:31:35: Not saving: Elucidator (already saved)

22:31:35: [read seller]
22:31:35: Not saving: crying (already saved)

22:31:35: [read seller]
22:31:35: Not saving: Darkmattergun (already saved)

22:31:35: [read seller]
22:31:35: Not saving: Efe-Flatline (already saved)

22:31:35: [read seller]
22:31:35: Not saving: MtgUtility (already saved)

22:31:35: [read seller]
22:31:35: Not saving: TheCronoX (already saved)

22:31:35: [read seller]
22:31:35: Not saving: Malthe14 (already saved)

22:31:35: [read seller]
22:31:35: Not saving: WizardshopCz (already saved)

22:31:36: [read seller]
22:31:36: Not saving: biber (already saved)

22:31:36: [read seller]
22:31:36: Not saving: xenesaltones (already saved)

22:31:36: [read seller]
22:31:36: Not saving: Dunkler-Herrscher (already saved)

22:31:36: [read seller]
22:31:36: Not saving: Kapelusznik (already saved)

22:31:36: [read seller]
22:31:36: Not saving: MysticShop (already saved)

22:31:36: [read seller]
22:31:36: Not saving: cardgalaxy (already saved)

22:31:36: [read seller]
22:31:36: Not saving: exaltetangel (already saved)

22:31:36: [read seller]
22:31:36: Not saving: GamersAcademy (already saved)

22:31:36: [read seller]
22:31:36: Not saving: Dinis (already saved)

22:31:36: [read seller]
22:31:36: Not saving: Makre (already saved)

22:31:36: [read seller]
22:31:36: Not saving: Meistermeuchler (already saved)

22:31:36: [read seller]
22:31:36: Not saving: PetrKikac (already saved)

22:31:36: [read seller]
22:31:36: Not saving: MTGcardmarket01 (already saved)

22:31:36: [read seller]
22:31:36: Not saving: Sichiro (already saved)

22:31:36: [read seller]
22:31:36: Not saving: Goat-enterprise (already saved)

22:31:36: [read seller]
22:31:36: Not saving: Itaca (already saved)

22:31:36: [read seller]
22:31:36: Not saving: DUAL-GAMES (already saved)

22:31:36: [read seller]
22:31:36: Not saving: Card-Trader24 (already saved)

22:31:36: [read seller]
22:31:36: Not saving: taikocomics (already saved)

22:31:36: [read seller]
22:31:36: Not saving: SodGames (already saved)

22:31:36: [read seller]
22:31:36: Not saving: DualGames-Alicante (already saved)

22:31:36: [read seller]
22:31:36: Not saving: sanjic (already saved)

22:31:36: [read seller]
22:31:36: Not saving: Moltras (already saved)

22:31:36: [read seller]
22:31:36: Not saving: Athabasca (already saved)

22:31:36: [read seller]
22:31:36: Not saving: Blizardjack (already saved)

22:31:36: [read seller]
22:31:36: Not saving: roughy (already saved)

22:31:36: [read seller]
22:31:36: Not saving: Zuerichsee (already saved)

22:31:36: [read seller]
22:31:36: Not saving: ludo54 (already saved)

22:31:36: [read seller]
22:31:36: Not saving: luciano38 (already saved)

22:31:36: [read seller]
22:31:36: Not saving: landshome279 (already saved)

22:31:36: [read seller]
22:31:36: Not saving: geekfactory (already saved)

22:31:36: [read seller]
22:31:36: Not saving: WinTheGame (already saved)

22:31:36: [read seller]
22:31:36: Not saving: Failster (already saved)

22:31:36: [read seller]
22:31:36: Not saving: gao6979 (already saved)

22:31:36: [read seller]
22:31:36: Not saving: Megatol (already saved)

22:31:36: [read seller]
22:31:36: Not saving: Figurasdeplomo (already saved)

22:31:36: [read seller]
22:31:36: Not saving: WouterDS (already saved)

22:31:36: [read seller]
22:31:36: Not saving: Zombiepartyuk (already saved)

22:31:36: [read seller]
22:31:36: Not saving: crabouille (already saved)

22:31:36: [read seller]
22:31:36: Not saving: Raptorius (already saved)

22:31:36: [read seller]
22:31:36: Not saving: FLouro (already saved)

22:31:36: [read seller]
22:31:36: Not saving: Jbonta (already saved)

22:31:36: [read seller]
22:31:36: Not saving: Venarch (already saved)

22:31:36: [read seller]
22:31:36: Not saving: CORP-F (already saved)

22:31:36: [read seller]
22:31:36: Not saving: FKTRD (already saved)

22:31:36: [read seller]
22:31:36: Not saving: TCG-entertainment (already saved)

22:31:36: [read seller]
22:31:36: Not saving: Aaages (already saved)

22:31:36: [read seller]
22:31:36: Not saving: flamberg (already saved)

22:31:36: [read seller]
22:31:36: Not saving: arctis (already saved)

22:31:36: [read seller]
22:31:36: Not saving: Mordor (already saved)

22:31:36: [read seller]
22:31:36: Not saving: MerfolkTraders (already saved)

22:31:36: [read seller]
22:31:36: Not saving: PlanarGate (already saved)

22:31:36: [read seller]
22:31:36: Not saving: MagicBarcelona (already saved)

22:31:36: [read seller]
22:31:36: Not saving: Goat-enterprise (already saved)

22:31:36: [read seller]
22:31:36: Not saving: ArenaGamesDE (already saved)

22:31:36: [read seller]
22:31:36: Not saving: DeMagicMarkt (already saved)

22:31:36: [read seller]
22:31:36: Not saving: MrMirari (already saved)

22:31:36: [read seller]
22:31:36: Not saving: Akroma44 (already saved)

22:31:36: [read seller]
22:31:36: Not saving: 82chrisj (already saved)

22:31:36: [read seller]
22:31:36: Not saving: Muskatnuss6 (already saved)

22:31:36: [read seller]
22:31:36: Not saving: ritastochter (already saved)

22:31:36: [read seller]
22:31:36: Not saving: jorHere (already saved)

22:31:36: [read seller]
22:31:36: Not saving: mrfingers123 (already saved)

22:31:36: [read seller]
22:31:36: Not saving: Dieuxx621 (already saved)

22:31:36: [read seller]
22:31:36: Not saving: DantessCardss (already saved)

22:31:36: [read seller]
22:31:36: Not saving: dragonfall5 (already saved)

22:31:36: [read seller]
22:31:36: Not saving: Xobulo (already saved)

22:31:36: [read seller]
22:31:36: Not saving: TrueNeckbeardCards (already saved)

22:31:36: [read seller]
22:31:36: Not saving: Sailorsgrave91 (already saved)

22:31:36: [read seller]
22:31:36: Not saving: FKTRD (already saved)

22:31:36: [read seller]
22:31:36: Not saving: FKTRD (already saved)

22:31:36: [read seller]
22:31:36: Not saving: Rusty2410 (already saved)

22:31:36: [read seller]
22:31:36: Not saving: OutpostBrussels (already saved)

22:31:36: [read seller]
22:31:36: Not saving: Vansguy-DE (already saved)

22:31:36: [read seller]
22:31:36: Not saving: Ghostlo (already saved)

22:31:36: [read seller]
22:31:36: Not saving: ggmagic (already saved)

22:31:36: [read seller]
22:31:36: Not saving: Skaldenmagie (already saved)

22:31:36: [read seller]
22:31:36: Not saving: BlackSkorpio (already saved)

22:31:36: [read seller]
22:31:36: Not saving: TJHollaar (already saved)

22:31:36: [read seller]
22:31:36: Not saving: Blackdragon94 (already saved)

22:31:36: [read seller]
22:31:36: Not saving: FKTRD (already saved)

22:31:36: [read seller]
22:31:36: Not saving: ilcovodelnerd (already saved)

22:31:36: [read seller]
22:31:36: Not saving: Distritozero (already saved)

22:31:36: [read seller]
22:31:36: Not saving: DeMagicMarkt (already saved)

22:31:36: [read seller]
22:31:36: Not saving: BuyWithConfidence (already saved)

22:31:36: [read seller]
22:31:36: Not saving: tiburonapu (already saved)

22:31:36: [read seller]
22:31:36: Not saving: maquilleida (already saved)

22:31:36: [read seller]
22:31:36: Not saving: SMC1 (already saved)

22:31:36: [read seller]
22:31:36: Not saving: Lorena (already saved)

22:31:36: [read seller]
22:31:36: Not saving: OstfrieseMM (already saved)

22:31:36: [read seller]
22:31:36: Not saving: Nils97 (already saved)

22:31:36: [read seller]
22:31:36: Not saving: OlivierR (already saved)

22:31:36: [read seller]
22:31:36: Not saving: MeiOPanda (already saved)

22:31:36: [read seller]
22:31:36: Not saving: SergiRL (already saved)

22:31:36: [read seller]
22:31:36: Not saving: Morgo1 (already saved)

22:31:36: [read seller]
22:31:36: Not saving: Seath (already saved)

22:31:36: [read seller]
22:31:36: Not saving: Zicral (already saved)

22:31:36: [read seller]
22:31:36: Not saving: SynMaple (already saved)

22:31:36: [read seller]
22:31:36: Not saving: Morigal (already saved)

22:31:36: [read seller]
22:31:36: Not saving: jokerbovisa (already saved)

22:31:36: [read seller]
22:31:36: Not saving: Method999 (already saved)

22:31:36: [read seller]
22:31:36: Not saving: Rishadan-Magic-Store (already saved)

22:31:36: [read seller]
22:31:36: Not saving: Erschonwieder (already saved)

22:31:36: [read seller]
22:31:36: Not saving: hael22 (already saved)

22:31:36: [read seller]
22:31:36: Not saving: gatheringka (already saved)

22:31:36: [read seller]
22:31:36: Not saving: Dudas999 (already saved)

22:31:36: [read seller]
22:31:36: Not saving: WatHaddaDa (already saved)

22:31:36: [read seller]
22:31:36: Not saving: nic222k (already saved)

22:31:36: [read seller]
22:31:36: Not saving: CardgeekNL (already saved)

22:31:36: [read seller]
22:31:36: Not saving: CardStoreAlcamo (already saved)

22:31:36: [read seller]
22:31:36: Not saving: TolarianBrewAcademy (already saved)

22:31:36: [read seller]
22:31:36: Not saving: Henchmans (already saved)

22:31:36: [read seller]
22:31:36: Not saving: Magicdealer-patte-de (already saved)

22:31:36: [read seller]
22:31:36: Not saving: Mazvigosl (already saved)

22:31:36: [read seller]
22:31:36: Not saving: MagicTradeHouseNo1 (already saved)

22:31:36: [read seller]
22:31:36: Not saving: DonMTG (already saved)

22:31:36: [read seller]
22:31:36: Not saving: willybizarre (already saved)

22:31:36: [read seller]
22:31:36: Not saving: MagicEmporium (already saved)

22:31:36: [read seller]
22:31:36: Not saving: Dax-Cardstore (already saved)

22:31:36: [read seller]
22:31:36: Not saving: pl0wbeast (already saved)

22:31:36: [read seller]
22:31:36: Not saving: pl0wbeast (already saved)

22:31:36: [read seller]
22:31:36: Not saving: Ichiban-Cards (already saved)

22:31:36: [read seller]
22:31:36: Not saving: Harakesh (already saved)

22:31:36: [read seller]
22:31:36: Not saving: DavidxRodx (already saved)

22:31:36: [read seller]
22:31:36: Not saving: remyleblanc (already saved)

22:31:36: [read seller]
22:31:36: Not saving: MTGcardmarket01 (already saved)

22:31:36: [read seller]
22:31:36: Not saving: kajika46 (already saved)

22:31:36: [read seller]
22:31:36: Not saving: parkage (already saved)

22:31:36: [read seller]
22:31:36: Not saving: Cartapapa-GP (already saved)

22:31:36: [read seller]
22:31:36: Not saving: HiveGames (already saved)

22:31:36: [read seller]
22:31:36: Not saving: Cardexchange (already saved)

22:31:36: [read seller]
22:31:36: Not saving: Parence-com (already saved)

22:31:36: [read seller]
22:31:36: Not saving: Mordor (already saved)

22:31:36: [read seller]
22:31:36: Not saving: Guarida-Del-Dragon (already saved)

22:31:36: [read seller]
22:31:36: Not saving: CardCastle (already saved)

22:31:36: [read seller]
22:31:36: Not saving: daltenda (already saved)

22:31:36: [read seller]
22:31:36: Not saving: The-FOW-Store (already saved)

22:31:36: [read seller]
22:31:36: Not saving: TCGWarehouse (already saved)

22:31:36: [read seller]
22:31:36: Not saving: TCGWarehouse (already saved)

22:31:36: [read seller]
22:31:36: Not saving: EspaceMagic (already saved)

22:31:36: [read seller]
22:31:36: Not saving: fabfesta (already saved)

22:31:36: [read seller]
22:31:36: Not saving: Nerd-Shop (already saved)

22:31:36: [read seller]
22:31:36: Not saving: Nerd-Shop (already saved)

22:31:36: [read seller]
22:31:36: Not saving: BattleBearTCG (already saved)

22:31:36: [read seller]
22:31:36: Not saving: toycastle-D (already saved)

22:31:36: [read seller]
22:31:36: Not saving: Icarusjocs-BCN (already saved)

22:31:36: [read seller]
22:31:36: Not saving: Wolrad (already saved)

22:31:36: [read seller]
22:31:36: Not saving: cavernedujeu (already saved)

22:31:36: [read seller]
22:31:36: Not saving: Triplacegames (already saved)

22:31:36: [read seller]
22:31:36: Not saving: TradingCardsUnited (already saved)

22:31:36: [read seller]
22:31:36: Not saving: TheJokerUtrecht (already saved)

22:31:36: [read seller]
22:31:36: Not saving: TheJokerUtrecht (already saved)

22:31:36: [read seller]
22:31:36: Not saving: LotusVale-Bochum (already saved)

22:31:36: [read seller]
22:31:36: Not saving: MagaMercatino (already saved)

22:31:36: [read seller]
22:31:36: Not saving: masa (already saved)

22:31:36: [read seller]
22:31:36: Not saving: masa (already saved)

22:31:36: [read seller]
22:31:36: Not saving: Tydus (already saved)

22:31:36: [read seller]
22:31:36: Not saving: ManaMix (already saved)

22:31:36: [read seller]
22:31:36: Not saving: evilarroyo (already saved)

22:31:36: [read seller]
22:31:36: Not saving: Navis (already saved)

22:31:36: [read seller]
22:31:36: Not saving: Jan53 (already saved)

22:31:36: [read seller]
22:31:36: Not saving: onbewust (already saved)

22:31:36: [read seller]
22:31:36: Not saving: kanosc (already saved)

22:31:36: [read seller]
22:31:36: Not saving: Nils97 (already saved)

22:31:36: [read seller]
22:31:36: Not saving: Dadue2000 (already saved)

22:31:36: [read seller]
22:31:36: Not saving: WalterWKrijthe (already saved)

22:31:36: [read seller]
22:31:36: Not saving: vale46 (already saved)

22:31:36: [read seller]
22:31:36: Not saving: geekfactory (already saved)

22:31:36: [read seller]
22:31:36: Not saving: Timmys-Emporium (already saved)

22:31:36: [read seller]
22:31:36: Not saving: Abdelbach (already saved)

22:31:36: [read seller]
22:31:36: Not saving: grednight (already saved)

22:31:37: [read seller]
22:31:37: Not saving: MichaelBondeDK (already saved)

22:31:37: [read seller]
22:31:37: Not saving: MichaelBondeDK (already saved)

22:31:37: [read seller]
22:31:37: Not saving: MichaelBondeDK (already saved)

22:31:37: [read seller]
22:31:37: Not saving: vanDeluxe89 (already saved)

22:31:37: [read seller]
22:31:37: Not saving: VaeterchenRost (already saved)

22:31:37: [read seller]
22:31:37: Not saving: Watthe (already saved)

22:31:37: [read seller]
22:31:37: Not saving: lquentin (already saved)

22:31:37: [read seller]
22:31:37: Not saving: Lockhe (already saved)

22:31:37: [read seller]
22:31:37: Not saving: McPwn (already saved)

22:31:37: [read seller]
22:31:37: Not saving: SEGDT (already saved)

22:31:37: [read seller]
22:31:37: Not saving: mudds (already saved)

22:31:37: [read seller]
22:31:37: Not saving: Afily (already saved)

22:31:37: [read seller]
22:31:37: Not saving: ThreeForOne-AT (already saved)

22:31:37: [read seller]
22:31:37: Not saving: jokerbovisa (already saved)

22:31:37: [read seller]
22:31:37: Not saving: Sunoseno (already saved)

22:31:37: [read seller]
22:31:37: Not saving: Zebratus (already saved)

22:31:37: [read seller]
22:31:37: Not saving: magicworld58 (already saved)

22:31:37: [read seller]
22:31:37: Not saving: Geeksandgamers (already saved)

22:31:37: [read seller]
22:31:37: Not saving: POOL4YOU (already saved)

22:31:37: [read seller]
22:31:37: Not saving: CardCastle (already saved)

22:31:37: [read seller]
22:31:37: Not saving: toycastle-D (already saved)

22:31:37: [read seller]
22:31:37: Not saving: toycastle (already saved)

22:31:37: [read seller]
22:31:37: Not saving: Ichiban-Cards (already saved)

22:31:37: [read seller]
22:31:37: Not saving: ThreeForOne-AT (already saved)

22:31:37: [read seller]
22:31:37: Not saving: gamersfinest (already saved)

22:31:37: [read seller]
22:31:37: Not saving: gamersfinest (already saved)

22:31:37: [read seller]
22:31:37: Not saving: ThreeForOne-AT (already saved)

22:31:37: [read seller]
22:31:37: Not saving: magictuga (already saved)

22:31:37: [read seller]
22:31:37: Not saving: STARDUSTSHOP (already saved)

22:31:37: [read seller]
22:31:37: Not saving: womantrader (already saved)

22:31:37: [read seller]
22:31:37: Not saving: normans (already saved)

22:31:37: [read seller]
22:31:37: Not saving: Wildfirestore (already saved)

22:31:37: [read seller]
22:31:37: Not saving: Zauberland-Spiele (already saved)

22:31:37: [read seller]
22:31:37: Not saving: TCGEnterprise (already saved)

22:31:37: [read seller]
22:31:37: Not saving: Galactus-Roma (already saved)

22:31:37: [read seller]
22:31:37: Not saving: MtgHistory (already saved)

22:31:37: [read seller]
22:31:37: Not saving: DRAGONCT (already saved)

22:31:37: [read seller]
22:31:37: Not saving: Mordor (already saved)

22:31:37: [read seller]
22:31:37: Not saving: House-of-Games (already saved)

22:31:37: [read seller]
22:31:37: Not saving: Method999 (already saved)

22:31:37: [read seller]
22:31:37: Not saving: Ichiban-Cards (already saved)

22:31:37: [read seller]
22:31:37: Not saving: sovmar (already saved)

22:31:37: [read seller]
22:31:37: Not saving: Kinglui272 (already saved)

22:31:37: [read seller]
22:31:37: Not saving: ThreeForOne-AT (already saved)

22:31:37: [read seller]
22:31:37: Not saving: millmtg (already saved)

22:31:37: [read seller]
22:31:37: Not saving: OoneroxoO (already saved)

22:31:37: [read seller]
22:31:37: Not saving: Gunship-Games (already saved)

22:31:37: [read seller]
22:31:37: Not saving: magiccorner (already saved)

22:31:37: [read seller]
22:31:37: Not saving: Hismageil (already saved)

22:31:37: [read seller]
22:31:37: Not saving: ThreeForOne-AT (already saved)

22:31:37: [read seller]
22:31:37: Not saving: kreaten (already saved)

22:31:37: [read seller]
22:31:37: Not saving: robledotiedra (already saved)

22:31:37: [read seller]
22:31:37: Not saving: PlayTimeComo (already saved)

22:31:37: [read seller]
22:31:37: Not saving: BB-Spiele (already saved)

22:31:37: [read seller]
22:31:37: Not saving: Outpostgamecenter (already saved)

22:31:37: [read seller]
22:31:37: Not saving: CardsMania (already saved)

22:31:37: [read seller]
22:31:37: Not saving: magiccorner (already saved)

22:31:37: [read seller]
22:31:37: Not saving: SpielRaum (already saved)

22:31:37: [read seller]
22:31:37: Not saving: DRAGONCT (already saved)

22:31:37: [read seller]
22:31:37: Not saving: NobleGarden (already saved)

22:31:37: [read seller]
22:31:37: Not saving: Mordor (already saved)

22:31:37: [read seller]
22:31:37: Not saving: House-of-Games (already saved)

22:31:37: [read seller]
22:31:37: Not saving: CerberusIT (already saved)

22:31:37: [read seller]
22:31:37: Not saving: kraxo (already saved)

22:31:37: [read seller]
22:31:37: Not saving: Snapcaster-FR (already saved)

22:31:37: [read seller]
22:31:37: Not saving: wolf12 (already saved)

22:31:37: [read seller]
22:31:37: Not saving: Metropolis-Center (already saved)

22:31:37: [read seller]
22:31:37: Not saving: daktylus75 (already saved)

22:31:37: [read seller]
22:31:37: Not saving: fischi1984 (already saved)

22:31:37: [read seller]
22:31:37: Not saving: OblivionMTG (already saved)

22:31:37: [read seller]
22:31:37: Not saving: Yufei (already saved)

22:31:37: [read seller]
22:31:37: Not saving: KarelKopriva (already saved)

22:31:37: [read seller]
22:31:37: Not saving: vibue (already saved)

22:31:37: [read seller]
22:31:37: Not saving: Mtdna666 (already saved)

22:31:37: [read seller]
22:31:37: Not saving: Graufang (already saved)

22:31:37: [read seller]
22:31:37: Not saving: PartyNator (already saved)

22:31:37: [read seller]
22:31:37: Not saving: Profitis7 (already saved)

22:31:37: [read seller]
22:31:37: Not saving: karmacrow (already saved)

22:31:37: [read seller]
22:31:37: Not saving: Galactus-Roma (already saved)

22:31:37: [read seller]
22:31:37: Not saving: Tezzeret84 (already saved)

22:31:37: [read seller]
22:31:37: Not saving: DRAGONCT (already saved)

22:31:37: [read seller]
22:31:37: Not saving: CardsMania (already saved)

22:31:37: [read seller]
22:31:37: Not saving: CARAB (already saved)

22:31:37: [read seller]
22:31:37: Not saving: DRAGONCT (already saved)

22:31:37: [read seller]
22:31:37: Not saving: pl0wbeast (already saved)

22:31:37: [read seller]
22:31:37: Not saving: antoct1991 (already saved)

22:31:37: [read seller]
22:31:37: Not saving: Goodlookgamer (already saved)

22:31:37: [read seller]
22:31:37: Not saving: Ipari1993 (already saved)

22:31:37: [read seller]
22:31:37: Not saving: Rarehuntershop (already saved)

22:31:37: [read seller]
22:31:37: Not saving: SenseisDiviningShop (already saved)

22:31:37: [read seller]
22:31:37: Not saving: WouterDS (already saved)

22:31:37: [read seller]
22:31:37: Not saving: D6ffjssy6 (already saved)

22:31:37: [read seller]
22:31:37: Not saving: TrulyAwesome (already saved)

22:31:37: [read seller]
22:31:37: Not saving: Garlant (already saved)

22:31:37: [read seller]
22:31:37: Not saving: Hobby-Games (already saved)

22:31:37: [read seller]
22:31:37: Not saving: Malthe14 (already saved)

22:31:37: [read seller]
22:31:37: Not saving: Hoerni (already saved)

22:31:37: [read seller]
22:31:37: Not saving: MagicEmporium (already saved)

22:31:37: [read seller]
22:31:37: Not saving: Flo33333 (already saved)

22:31:37: [read seller]
22:31:37: Not saving: Rarehuntershop (already saved)

22:31:37: [read seller]
22:31:37: Not saving: OutpostBrussels (already saved)

22:31:37: [read seller]
22:31:37: Not saving: maxime75018 (already saved)

22:31:37: [read seller]
22:31:37: Not saving: minimagic (already saved)

22:31:37: [read seller]
22:31:37: Not saving: parkage (already saved)

22:31:37: [read seller]
22:31:37: Not saving: Fantasia-Shop (already saved)

22:31:37: [read seller]
22:31:37: Not saving: ruicasasnovas (already saved)

22:31:37: [read seller]
22:31:37: Not saving: SpielRaum (already saved)

22:31:37: [read seller]
22:31:37: Not saving: Rusty2410 (already saved)

22:31:37: [read seller]
22:31:37: Not saving: Necrostation (already saved)

22:31:37: [read seller]
22:31:37: Not saving: Mirk4523 (already saved)

22:31:37: [read seller]
22:31:37: Not saving: Mintcardgem (already saved)

22:31:37: [read seller]
22:31:37: Not saving: Galactus-Roma (already saved)

22:31:37: [read seller]
22:31:37: Not saving: Mordor (already saved)

22:31:37: [read seller]
22:31:37: Not saving: pl0wbeast (already saved)

22:31:37: [read seller]
22:31:37: Not saving: ToBoT2007 (already saved)

22:31:37: [read seller]
22:31:37: Not saving: alzi82 (already saved)

22:31:37: [read seller]
22:31:37: Not saving: Trago (already saved)

22:31:37: [read seller]
22:31:37: Not saving: Tradingcardgames (already saved)

22:31:37: [read seller]
22:31:37: Not saving: K4mpfsch4f (already saved)

22:31:37: [read seller]
22:31:37: Not saving: CardStoreAlcamo (already saved)

22:31:37: [read seller]
22:31:37: Not saving: Nerd-Shop (already saved)

22:31:37: [read seller]
22:31:37: Not saving: fumettopoli (already saved)

22:31:37: [read seller]
22:31:37: Not saving: toycastle (already saved)

22:31:37: [read seller]
22:31:37: Not saving: Jizreel (already saved)

22:31:37: [read seller]
22:31:37: Not saving: LocalProCards (already saved)

22:31:37: [read seller]
22:31:37: Not saving: biber (already saved)

22:31:37: [read seller]
22:31:37: Not saving: Mazvigosl (already saved)

22:31:37: URL change  ->  https://www.cardmarket.com/en/Magic/Products/Singles/Battlebond/Zndrsplt-Eye-of-Wisdom
22:31:37: Sleeping for 1.5327344366324638 seconds
22:31:39: Sleeping for 0.6327396773645287 seconds
22:31:40: Extending the sellers view...
22:31:40: Sleeping for 0.7892231830666312 seconds
22:31:41: Extending the sellers view...
22:31:41: Sleeping for 0.7088029809849603 seconds
22:31:42: Extending the sellers view...
22:31:42: Sleeping for 0.6375481569581863 seconds
22:31:43: [read card]
22:31:43: [read date]
22:31:43: [read card]
22:31:43: [write card]
22:31:43: Card added: 	Chain Lightning

22:31:43: [read seller]
22:31:43: Not saving: Glimrir (already saved)

22:31:43: [read seller]
22:31:43: Not saving: octaton (already saved)

22:31:43: [read seller]
22:31:43: Not saving: TerraCross (already saved)

22:31:43: [read seller]
22:31:43: Not saving: Zigimun (already saved)

22:31:43: [read seller]
22:31:43: Not saving: BBG66 (already saved)

22:31:43: [read seller]
22:31:43: Not saving: TheOneKiko1337 (already saved)

22:31:43: [read seller]
22:31:43: Not saving: PotatoGuardian (already saved)

22:31:43: [read seller]
22:31:43: Not saving: valis (already saved)

22:31:43: [read seller]
22:31:43: Not saving: Dr4ken (already saved)

22:31:43: [read seller]
22:31:43: Not saving: Leidnix (already saved)

22:31:43: [read seller]
22:31:43: Not saving: Netz122 (already saved)

22:31:43: [read seller]
22:31:43: Not saving: WhiteFoxThree (already saved)

22:31:43: [read seller]
22:31:43: Not saving: NechljudoW (already saved)

22:31:43: [read seller]
22:31:43: Not saving: Phalnar (already saved)

22:31:43: [read seller]
22:31:43: Not saving: Ginsch (already saved)

22:31:43: [read seller]
22:31:43: Not saving: annor (already saved)

22:31:43: [read seller]
22:31:43: Not saving: Meister14 (already saved)

22:31:43: [read seller]
22:31:43: Not saving: Pastorius84 (already saved)

22:31:43: [read seller]
22:31:43: Not saving: Cardboard-Collector (already saved)

22:31:43: [read seller]
22:31:43: Not saving: coupdegrac3 (already saved)

22:31:43: [read seller]
22:31:43: Not saving: ryuxuyr (already saved)

22:31:43: [read seller]
22:31:43: Not saving: jeh11 (already saved)

22:31:43: [read seller]
22:31:43: Not saving: GunCha (already saved)

22:31:43: [read seller]
22:31:43: Not saving: MTGSander (already saved)

22:31:43: [read seller]
22:31:43: Not saving: Xevkin (already saved)

22:31:43: [read seller]
22:31:43: Not saving: Sushi91 (already saved)

22:31:43: [read seller]
22:31:43: Not saving: Plysier (already saved)

22:31:43: [read seller]
22:31:43: Not saving: jmskns69 (already saved)

22:31:43: [read seller]
22:31:43: Not saving: procrustean (already saved)

22:31:43: [read seller]
22:31:43: Not saving: DiamondValley (already saved)

22:31:43: [read seller]
22:31:43: Not saving: Ceribe (already saved)

22:31:43: [read seller]
22:31:43: Not saving: magicislove (already saved)

22:31:43: [read seller]
22:31:43: Not saving: Operationlol (already saved)

22:31:43: [read seller]
22:31:43: Not saving: Piszczal (already saved)

22:31:43: [read seller]
22:31:43: Not saving: Almeida (already saved)

22:31:43: [read seller]
22:31:43: Not saving: sinac (already saved)

22:31:43: [read seller]
22:31:43: Not saving: Bennlipp (already saved)

22:31:43: [read seller]
22:31:43: Not saving: AcidQueen (already saved)

22:31:43: [read seller]
22:31:43: Not saving: Remin (already saved)

22:31:43: [read seller]
22:31:43: Not saving: Wimmeeus (already saved)

22:31:43: [read seller]
22:31:43: Not saving: Orzi86 (already saved)

22:31:43: [read seller]
22:31:43: Not saving: DavidRuemmler (already saved)

22:31:43: [read seller]
22:31:43: Not saving: moercel (already saved)

22:31:43: [read seller]
22:31:43: Not saving: Chrisaor (already saved)

22:31:43: [read seller]
22:31:43: Not saving: Luukiecard (already saved)

22:31:43: [read seller]
22:31:43: Not saving: SodGames (already saved)

22:31:43: [read seller]
22:31:43: Not saving: ZackyVeah (already saved)

22:31:43: [read seller]
22:31:43: Not saving: BrandyBrand (already saved)

22:31:43: [read seller]
22:31:43: Not saving: Elbarone (already saved)

22:31:43: [read seller]
22:31:43: Not saving: elbonenet (already saved)

22:31:43: [read seller]
22:31:43: Not saving: Balabuschka (already saved)

22:31:43: [read seller]
22:31:43: Not saving: Balabuschka (already saved)

22:31:43: [read seller]
22:31:43: Not saving: Kartenhaus (already saved)

22:31:43: [read seller]
22:31:43: Not saving: Gridlok (already saved)

22:31:43: [read seller]
22:31:43: Not saving: Goshar (already saved)

22:31:43: [read seller]
22:31:43: Not saving: daktylus75 (already saved)

22:31:43: [read seller]
22:31:43: Not saving: fabfesta (already saved)

22:31:43: [read seller]
22:31:43: Not saving: robneme (already saved)

22:31:43: [read seller]
22:31:43: Not saving: Moltras (already saved)

22:31:43: [read seller]
22:31:43: Not saving: stahlkarnickel2 (already saved)

22:31:43: [read seller]
22:31:43: Not saving: bigup (already saved)

22:31:43: [read seller]
22:31:43: Not saving: Schmeyer (already saved)

22:31:43: [read seller]
22:31:43: Not saving: ACAlterations (already saved)

22:31:43: [read seller]
22:31:43: Not saving: chrisa2 (already saved)

22:31:43: [read seller]
22:31:43: Not saving: Mtgmadness (already saved)

22:31:43: [read seller]
22:31:43: Not saving: dutchforce85 (already saved)

22:31:43: [read seller]
22:31:43: Not saving: DeDobbelsteen (already saved)

22:31:43: [read seller]
22:31:43: Not saving: Felixuco (already saved)

22:31:43: [read seller]
22:31:43: Not saving: Keule (already saved)

22:31:43: [read seller]
22:31:43: Not saving: neivals (already saved)

22:31:43: [read seller]
22:31:43: Not saving: Steverino (already saved)

22:31:43: [read seller]
22:31:43: Not saving: ElMusso (already saved)

22:31:43: [read seller]
22:31:43: Not saving: fallacox (already saved)

22:31:43: [read seller]
22:31:43: Not saving: MichaelBondeDK (already saved)

22:31:43: [read seller]
22:31:43: Not saving: Abari2309 (already saved)

22:31:43: [read seller]
22:31:43: Not saving: Ghostlo (already saved)

22:31:43: [read seller]
22:31:43: Not saving: Sunoseno (already saved)

22:31:43: [read seller]
22:31:43: Not saving: zwahle (already saved)

22:31:43: [read seller]
22:31:43: Not saving: WizardshopCz (already saved)

22:31:43: [read seller]
22:31:43: Not saving: NobleGarden (already saved)

22:31:43: [read seller]
22:31:43: Not saving: Winsel (already saved)

22:31:43: [read seller]
22:31:43: Not saving: Winsel (already saved)

22:31:43: [read seller]
22:31:43: Not saving: Spellslingers (already saved)

22:31:43: [read seller]
22:31:43: Not saving: The-Inn-TCG (already saved)

22:31:43: [read seller]
22:31:43: Not saving: LeYAN1001 (already saved)

22:31:43: [read seller]
22:31:43: Not saving: Fogg-Bank (already saved)

22:31:43: [read seller]
22:31:43: Not saving: Levodin (already saved)

22:31:43: [read seller]
22:31:43: Not saving: TCG-entertainment (already saved)

22:31:43: [read seller]
22:31:43: Not saving: MagicEmporium (already saved)

22:31:43: [read seller]
22:31:43: Not saving: DirtyErnie (already saved)

22:31:43: [read seller]
22:31:43: Not saving: TiagoParracho (already saved)

22:31:43: [read seller]
22:31:43: Not saving: CardPlanetAustria (already saved)

22:31:43: [read seller]
22:31:43: Not saving: Rarehuntershop (already saved)

22:31:43: [read seller]
22:31:43: Not saving: Method999 (already saved)

22:31:43: [read seller]
22:31:43: Not saving: matiasgabarron (already saved)

22:31:43: [read seller]
22:31:43: Not saving: RetroMagic (already saved)

22:31:43: [read seller]
22:31:43: Not saving: CardCastle (already saved)

22:31:43: [read seller]
22:31:43: Not saving: masa (already saved)

22:31:43: [read seller]
22:31:43: Not saving: Blackbolt (already saved)

22:31:43: [read seller]
22:31:43: Not saving: Gijoe (already saved)

22:31:43: [read seller]
22:31:43: Not saving: Ipari1993 (already saved)

22:31:43: [read seller]
22:31:43: Not saving: Moxopal (already saved)

22:31:43: [read seller]
22:31:43: Not saving: Zoran83 (already saved)

22:31:43: [read seller]
22:31:43: Not saving: MascagniMTG (already saved)

22:31:43: [read seller]
22:31:43: Not saving: magictuga (already saved)

22:31:43: [read seller]
22:31:43: Not saving: Rusty2410 (already saved)

22:31:43: [read seller]
22:31:43: Not saving: Mordor (already saved)

22:31:43: [read seller]
22:31:43: Not saving: mtgcloux (already saved)

22:31:43: [read seller]
22:31:43: Not saving: danstrike (already saved)

22:31:43: [read seller]
22:31:43: Not saving: CrazyComicsAndGames (already saved)

22:31:43: [read seller]
22:31:43: Not saving: Moria05 (already saved)

22:31:43: [read seller]
22:31:43: Not saving: Grecutus (already saved)

22:31:43: [read seller]
22:31:43: Not saving: CardRooster (already saved)

22:31:43: [read seller]
22:31:43: Not saving: Rishadan-Magic-Store (already saved)

22:31:43: [read seller]
22:31:43: Not saving: Lorena (already saved)

22:31:43: [read seller]
22:31:43: Not saving: jokerbovisa (already saved)

22:31:43: [read seller]
22:31:43: Not saving: Wildfirestore (already saved)

22:31:43: [read seller]
22:31:43: Not saving: karmacrow (already saved)

22:31:43: [read seller]
22:31:43: Not saving: MagicTradeHouseNo1 (already saved)

22:31:43: [read seller]
22:31:43: Not saving: willybizarre (already saved)

22:31:43: [read seller]
22:31:43: Not saving: Outpostgamecenter (already saved)

22:31:43: [read seller]
22:31:43: Not saving: OutpostBrussels (already saved)

22:31:43: [read seller]
22:31:43: Not saving: DRAGONCT (already saved)

22:31:43: [read seller]
22:31:43: Not saving: Nerd-Shop (already saved)

22:31:43: [read seller]
22:31:43: Not saving: tiburonapu (already saved)

22:31:43: [read seller]
22:31:43: Not saving: masa (already saved)

22:31:43: [read seller]
22:31:43: Not saving: munuaal (already saved)

22:31:43: [read seller]
22:31:43: Not saving: Woolve (already saved)

22:31:43: [read seller]
22:31:43: Not saving: Mintcardgem (already saved)

22:31:43: [read seller]
22:31:43: Not saving: karmacrow (already saved)

22:31:43: [read seller]
22:31:43: Not saving: TiagoAmaral53 (already saved)

22:31:43: [read seller]
22:31:43: Not saving: Gunship-Games (already saved)

22:31:43: [read seller]
22:31:43: Not saving: Mazvigosl (already saved)

22:31:43: [read seller]
22:31:43: Not saving: trauni (already saved)

22:31:43: [read seller]
22:31:43: Not saving: BB-Spiele (already saved)

22:31:43: [read seller]
22:31:43: Not saving: webuyanycard (already saved)

22:31:43: [read seller]
22:31:43: Not saving: SpielRaum (already saved)

22:31:43: [read seller]
22:31:43: Not saving: FKTRD (already saved)

22:31:43: [read seller]
22:31:43: Not saving: JANT34 (already saved)

22:31:43: [read seller]
22:31:43: Not saving: FKTRD (already saved)

22:31:43: [read seller]
22:31:43: Not saving: TEMPEST-STORE (already saved)

22:31:43: [read seller]
22:31:43: Not saving: TolarianAcademy (already saved)

22:31:43: [read seller]
22:31:43: Not saving: SpielRaum (already saved)

22:31:43: [read seller]
22:31:43: Not saving: Metropolis-Center (already saved)

22:31:43: [read seller]
22:31:43: Not saving: CaptainPlanet94 (already saved)

22:31:43: [read seller]
22:31:43: Not saving: Goldgeckoguy (already saved)

22:31:43: [read seller]
22:31:43: Not saving: eres (already saved)

22:31:43: [read seller]
22:31:43: Not saving: Sicness (already saved)

22:31:43: [read seller]
22:31:43: Not saving: Rusty2410 (already saved)

22:31:43: [read seller]
22:31:43: Not saving: RedDragonMagic (already saved)

22:31:43: [read seller]
22:31:43: Not saving: Ajag74 (already saved)

22:31:43: [read seller]
22:31:43: Not saving: fabfesta (already saved)

22:31:43: [read seller]
22:31:43: Not saving: DRAGONCT (already saved)

22:31:43: [read seller]
22:31:43: Not saving: DRAGONCT (already saved)

22:31:43: [read seller]
22:31:43: Not saving: JSRM88 (already saved)

22:31:43: [read seller]
22:31:43: Not saving: taikocomics (already saved)

22:31:43: [read seller]
22:31:43: Not saving: RickOttaro (already saved)

22:31:43: [read seller]
22:31:43: Not saving: Jizreel (already saved)

22:31:43: [read seller]
22:31:43: Not saving: House-of-Games (already saved)

22:31:43: [read seller]
22:31:43: Not saving: SVKZeke (already saved)

22:31:43: [read seller]
22:31:43: Not saving: willybizarre (already saved)

22:31:43: [read seller]
22:31:43: Not saving: DRAGONCT (already saved)

22:31:43: [read seller]
22:31:43: Not saving: MiguelX19 (already saved)

22:31:43: URL change  ->  https://www.cardmarket.com/en/Magic/Products/Singles/Battlebond/Chain-Lightning
22:31:43: Sleeping for 1.7127347493068292 seconds
22:31:46: Sleeping for 0.6461711539941036 seconds
22:31:46: Extending the sellers view...
22:31:46: Sleeping for 0.46586822974607056 seconds
22:31:47: [read card]
22:31:47: [read date]
22:31:47: [read card]
22:31:47: [write card]
22:31:47: Card added: 	Okaun, Eye of Chaos

22:31:47: [read seller]
22:31:47: Not saving: aleplm98 (already saved)

22:31:47: [read seller]
22:31:47: Not saving: nikee40 (already saved)

22:31:47: [read seller]
22:31:47: Not saving: Greenskull (already saved)

22:31:47: [read seller]
22:31:47: Not saving: emanuelemarket (already saved)

22:31:47: [read seller]
22:31:47: Not saving: temur11 (already saved)

22:31:47: [read seller]
22:31:47: Not saving: MadridMagic (already saved)

22:31:47: [read seller]
22:31:47: Not saving: Colabier (already saved)

22:31:47: [read seller]
22:31:47: Not saving: daxterpac (already saved)

22:31:47: [read seller]
22:31:47: Not saving: Weini17 (already saved)

22:31:47: [read seller]
22:31:47: Not saving: Lunashine (already saved)

22:31:47: [read seller]
22:31:47: Not saving: La-Tetedeslip (already saved)

22:31:47: [read seller]
22:31:47: Not saving: helpoemer (already saved)

22:31:47: [read seller]
22:31:47: Not saving: kirchi (already saved)

22:31:47: [read seller]
22:31:47: Not saving: Michaberg (already saved)

22:31:47: [read seller]
22:31:47: Not saving: MagicMuc (already saved)

22:31:47: [read seller]
22:31:47: Not saving: SnappyTiger (already saved)

22:31:47: [read seller]
22:31:47: Not saving: Krozark (already saved)

22:31:47: [read seller]
22:31:47: Not saving: BBG66 (already saved)

22:31:47: [read seller]
22:31:47: Not saving: stanislaf (already saved)

22:31:47: [read seller]
22:31:47: Not saving: RisingVoid (already saved)

22:31:47: [read seller]
22:31:47: Not saving: Mathug (already saved)

22:31:47: [read seller]
22:31:47: Not saving: cardvictim (already saved)

22:31:47: [read seller]
22:31:47: Not saving: atlas222 (already saved)

22:31:47: [read seller]
22:31:47: Not saving: GoodPool (already saved)

22:31:47: [read seller]
22:31:47: Not saving: LuisLlana (already saved)

22:31:47: [read seller]
22:31:47: Not saving: InfiniteMagicCZ (already saved)

22:31:47: [read seller]
22:31:47: Not saving: muse99 (already saved)

22:31:47: [read seller]
22:31:47: Not saving: Villy (already saved)

22:31:47: [read seller]
22:31:47: Not saving: Rarehuntershop (already saved)

22:31:47: [read seller]
22:31:47: Not saving: stahlkarnickel2 (already saved)

22:31:47: [read seller]
22:31:47: Not saving: tshwayn (already saved)

22:31:47: [read seller]
22:31:47: Not saving: sunshadow (already saved)

22:31:47: [read seller]
22:31:47: Not saving: PowerMagicstar (already saved)

22:31:47: [read seller]
22:31:47: Not saving: Kartenguru (already saved)

22:31:47: [read seller]
22:31:47: Not saving: MagicBarcelona (already saved)

22:31:47: [read seller]
22:31:47: Not saving: TEMPEST-STORE (already saved)

22:31:47: [read seller]
22:31:47: Not saving: HouseOfCardsBE (already saved)

22:31:47: [read seller]
22:31:47: Not saving: Andycards (already saved)

22:31:47: [read seller]
22:31:47: Not saving: Izmaylov (already saved)

22:31:47: [read seller]
22:31:47: Not saving: Miki13112 (already saved)

22:31:47: [read seller]
22:31:47: Not saving: szernik (already saved)

22:31:47: [read seller]
22:31:47: Not saving: Goodlookgamer (already saved)

22:31:47: [read seller]
22:31:47: Not saving: Bokkie-Brown (already saved)

22:31:47: [read seller]
22:31:47: Not saving: Blizardjack (already saved)

22:31:47: [read seller]
22:31:47: Not saving: ShopHunter (already saved)

22:31:47: [read seller]
22:31:47: Not saving: zbysour (already saved)

22:31:47: [read seller]
22:31:47: Not saving: stardust76 (already saved)

22:31:47: [read seller]
22:31:47: Not saving: mary (already saved)

22:31:47: [read seller]
22:31:47: Not saving: dbs85670 (already saved)

22:31:47: [read seller]
22:31:47: Not saving: SK4TE (already saved)

22:31:47: URL change  ->  https://www.cardmarket.com/en/Magic/Products/Singles/Battlebond/Okaun-Eye-of-Chaos
22:31:47: Sleeping for 1.9385089318086108 seconds
22:31:49: Sleeping for 0.5268313137916049 seconds
