20:41:34: Date [28/06/2021 20:41] added: date_ID=16
20:41:34: Another run logged to this file
20:41:34: Opening the webdriver
20:41:39: Webdriver ready
20:41:39: Database connection established
20:41:41: URL change  ->  https://www.cardmarket.com/en/Magic/Products/Singles/Battlebond?site=1
20:41:41: All card names already saved

20:41:41: Sleeping for 0.8607039969433774 seconds
20:41:42: URL change  ->  https://www.cardmarket.com/en/Magic/Products/Singles/Battlebond/Skyshroud-Claim
20:41:42: Accessing the card dataframe
20:41:42: Accessing the date dataframe
20:41:42: Accessing the card dataframe
20:41:42: Card added: 	Skyshroud Claim

20:41:42: Accessing the seller dataframe
20:41:42: Seller PartyNator already in the file

20:41:42: Accessing the seller dataframe
20:41:42: Seller CValle already in the file

20:41:42: Accessing the seller dataframe
20:41:42: Seller MarcoSanzin already in the file

20:41:42: Accessing the seller dataframe
20:41:42: Seller MagicBivio already in the file

20:41:42: Accessing the seller dataframe
20:41:42: Seller Tezzeret84 already in the file

20:41:42: Accessing the seller dataframe
20:41:42: Seller Lordburka already in the file

20:41:42: Accessing the seller dataframe
20:41:42: Seller Lanowar69 already in the file

20:41:42: Accessing the seller dataframe
20:41:42: Seller Topdeckskills already in the file

20:41:42: Accessing the seller dataframe
20:41:42: Seller magicpartcard already in the file

20:41:42: Accessing the seller dataframe
20:41:42: Seller stanislaf already in the file

20:41:42: Accessing the seller dataframe
20:41:42: Seller Thrymiir already in the file

20:41:42: Accessing the seller dataframe
20:41:42: Seller daidojilaurent already in the file

20:41:42: Accessing the seller dataframe
20:41:42: Seller sovmar already in the file

20:41:42: Accessing the seller dataframe
20:41:42: Seller Ceribe already in the file

20:41:42: Accessing the seller dataframe
20:41:42: Seller Felixuco already in the file

20:41:42: Accessing the seller dataframe
20:41:42: Seller Richaardi already in the file

20:41:42: Accessing the seller dataframe
20:41:42: Seller diddos already in the file

20:41:42: Accessing the seller dataframe
20:41:42: Seller dakkon87 already in the file

20:41:42: Accessing the seller dataframe
20:41:42: Seller Mirikov already in the file

20:41:42: Accessing the seller dataframe
20:41:42: Seller BrandyBrand already in the file

20:41:42: Accessing the seller dataframe
20:41:42: Seller CommanderStaples already in the file

20:41:42: Accessing the seller dataframe
20:41:42: Seller BechaMecha already in the file

20:41:42: Accessing the seller dataframe
20:41:42: Seller MadridMagic already in the file

20:41:42: Accessing the seller dataframe
20:41:42: Seller DombekTorun already in the file

20:41:42: Accessing the seller dataframe
20:41:42: Seller BaukeS already in the file

20:41:42: Accessing the seller dataframe
20:41:42: Seller plkfd already in the file

20:41:42: Accessing the seller dataframe
20:41:42: Seller quasimoto already in the file

20:41:42: Accessing the seller dataframe
20:41:42: Seller Zoocomics already in the file

20:41:42: Accessing the seller dataframe
20:41:42: Seller MTG-Prime already in the file

20:41:42: Accessing the seller dataframe
20:41:42: Seller FrankvdWaals already in the file

20:41:43: Accessing the seller dataframe
20:41:43: Seller GunCha already in the file

20:41:43: Accessing the seller dataframe
20:41:43: Seller hobbitfred already in the file

20:41:43: Accessing the seller dataframe
20:41:43: Seller Tyron-Heartz already in the file

20:41:43: Accessing the seller dataframe
20:41:43: Seller cultus already in the file

20:41:43: Accessing the seller dataframe
20:41:43: Seller bendu71 already in the file

20:41:43: Accessing the seller dataframe
20:41:43: Seller Kungfupeet already in the file

20:41:43: Accessing the seller dataframe
20:41:43: Seller TheCoonRises already in the file

20:41:43: Accessing the seller dataframe
20:41:43: Seller kARNN already in the file

20:41:43: Accessing the seller dataframe
20:41:43: Seller RedDragonMagic already in the file

20:41:43: Accessing the seller dataframe
20:41:43: Seller fuxxi already in the file

20:41:43: Accessing the seller dataframe
20:41:43: Seller maglaf88 already in the file

20:41:43: Accessing the seller dataframe
20:41:43: Seller antonio-muenster already in the file

20:41:43: Accessing the seller dataframe
20:41:43: Seller Dinis already in the file

20:41:43: Accessing the seller dataframe
20:41:43: Seller Akroma44 already in the file

20:41:43: Accessing the seller dataframe
20:41:43: Seller 38Shizo already in the file

20:41:43: Accessing the seller dataframe
20:41:43: Seller Matze-KungFury already in the file

20:41:43: Accessing the seller dataframe
20:41:43: Seller pantufas already in the file

20:41:43: Accessing the seller dataframe
20:41:43: Seller Loui0 already in the file

20:41:43: Accessing the seller dataframe
20:41:43: Seller tennlos already in the file

20:41:43: Accessing the seller dataframe
20:41:43: Sleeping for 1.9923841733811214 seconds
20:41:46: Accessing the seller dataframe
20:41:46: Seller added:	MagicNexus

20:41:46: Sleeping for 1.222301846788746 seconds
20:41:49: URL change  ->  https://www.cardmarket.com/en/Magic/Products/Singles/Battlebond/Impulse
20:41:50: Accessing the card dataframe
20:41:50: Accessing the date dataframe
20:41:50: Accessing the card dataframe
20:41:50: Card added: 	Impulse

