21:08:46: Date [28/06/2021 21:08] added: date_ID=23
21:08:46: Another run logged to this file
21:08:46: Opening the webdriver
21:08:50: Webdriver ready
21:08:50: Database connection established
21:08:51: URL change  ->  https://www.cardmarket.com/en/Magic/Products/Singles/Battlebond?site=1
21:08:51: All card names already saved
21:08:51: URL change  ->  https://www.cardmarket.com/en/Magic/Products/Singles/Battlebond?site=1
21:08:51: Sleeping for 1.453837355454601 seconds
21:08:53: Sleeping for 0.593238929358888 seconds
21:08:54: Extending the sellers view...
21:08:54: Sleeping for 0.46587535154217474 seconds
21:08:55: Extending the sellers view...
21:08:55: Sleeping for 0.43488376769364046 seconds
21:08:55: Extending the sellers view...
21:08:55: Sleeping for 0.6546714334896382 seconds
21:08:56: Extending the sellers view...
21:08:56: Sleeping for 0.6121387732332642 seconds
21:08:57: [read card]
21:08:57: [read date]
21:08:57: Card Skyshroud Claim saved recently (21:06)
21:08:57: Not saving

21:08:57: [read seller]
21:08:57: Not saving: PartyNator (already saved)

21:08:57: [read seller]
21:08:57: Not saving: CValle (already saved)

21:08:57: [read seller]
21:08:57: Not saving: MarcoSanzin (already saved)

21:08:57: [read seller]
21:08:57: Not saving: MagicBivio (already saved)

21:08:57: [read seller]
21:08:57: Not saving: Tezzeret84 (already saved)

21:08:57: [read seller]
21:08:57: Not saving: Lordburka (already saved)

21:08:57: [read seller]
21:08:57: Not saving: Lanowar69 (already saved)

21:08:57: [read seller]
21:08:57: Not saving: Topdeckskills (already saved)

21:08:57: [read seller]
21:08:57: Not saving: magicpartcard (already saved)

21:08:57: [read seller]
21:08:57: Not saving: stanislaf (already saved)

21:08:57: [read seller]
21:08:57: Not saving: Thrymiir (already saved)

21:08:57: [read seller]
21:08:57: Not saving: daidojilaurent (already saved)

21:08:57: [read seller]
21:08:57: Not saving: sovmar (already saved)

21:08:57: [read seller]
21:08:57: Not saving: Ceribe (already saved)

21:08:57: [read seller]
21:08:57: Not saving: Felixuco (already saved)

21:08:57: [read seller]
21:08:57: Not saving: Richaardi (already saved)

21:08:57: [read seller]
21:08:57: Not saving: diddos (already saved)

21:08:57: [read seller]
21:08:57: Not saving: dakkon87 (already saved)

21:08:57: [read seller]
21:08:57: Not saving: Mirikov (already saved)

21:08:57: [read seller]
21:08:57: Not saving: BrandyBrand (already saved)

21:08:57: [read seller]
21:08:57: Not saving: CommanderStaples (already saved)

21:08:57: [read seller]
21:08:57: Not saving: BechaMecha (already saved)

21:08:57: [read seller]
21:08:57: Not saving: MadridMagic (already saved)

21:08:57: [read seller]
21:08:57: Not saving: DombekTorun (already saved)

21:08:57: [read seller]
21:08:57: Not saving: BaukeS (already saved)

21:08:57: [read seller]
21:08:57: Not saving: plkfd (already saved)

21:08:57: [read seller]
21:08:57: Not saving: quasimoto (already saved)

21:08:57: [read seller]
21:08:57: Not saving: Zoocomics (already saved)

21:08:57: [read seller]
21:08:57: Not saving: MTG-Prime (already saved)

21:08:57: [read seller]
21:08:57: Not saving: FrankvdWaals (already saved)

21:08:57: [read seller]
21:08:57: Not saving: GunCha (already saved)

21:08:57: [read seller]
21:08:57: Not saving: hobbitfred (already saved)

21:08:57: [read seller]
21:08:57: Not saving: Tyron-Heartz (already saved)

21:08:57: [read seller]
21:08:57: Not saving: cultus (already saved)

21:08:57: [read seller]
21:08:57: Not saving: bendu71 (already saved)

21:08:57: [read seller]
21:08:57: Not saving: Kungfupeet (already saved)

21:08:57: [read seller]
21:08:57: Not saving: TheCoonRises (already saved)

21:08:57: [read seller]
21:08:57: Not saving: kARNN (already saved)

21:08:57: [read seller]
21:08:57: Not saving: RedDragonMagic (already saved)

21:08:57: [read seller]
21:08:57: Not saving: fuxxi (already saved)

21:08:57: [read seller]
21:08:57: Not saving: maglaf88 (already saved)

21:08:57: [read seller]
21:08:57: Not saving: antonio-muenster (already saved)

21:08:57: [read seller]
21:08:57: Not saving: Dinis (already saved)

21:08:57: [read seller]
21:08:57: Not saving: Akroma44 (already saved)

21:08:57: [read seller]
21:08:57: Not saving: 38Shizo (already saved)

21:08:57: [read seller]
21:08:57: Not saving: Matze-KungFury (already saved)

21:08:57: [read seller]
21:08:57: Not saving: pantufas (already saved)

21:08:57: [read seller]
21:08:57: Not saving: Loui0 (already saved)

21:08:57: [read seller]
21:08:57: Not saving: tennlos (already saved)

21:08:57: [read seller]
21:08:57: Not saving: MagicNexus (already saved)

21:08:57: [read seller]
21:08:57: Not saving: SimonJack88 (already saved)

21:08:57: [read seller]
21:08:57: Not saving: JohnWizard (already saved)

21:08:57: [read seller]
21:08:57: Not saving: Rarehuntershop (already saved)

21:08:57: [read seller]
21:08:57: Not saving: CardStoreAlcamo (already saved)

21:08:57: [read seller]
21:08:57: Not saving: Brenag (already saved)

21:08:57: [read seller]
21:08:57: Not saving: Magicdealer-patte-de (already saved)

21:08:57: [read seller]
21:08:57: Not saving: Magicshop2000 (already saved)

21:08:57: [read seller]
21:08:57: Not saving: DiamondValley (already saved)

21:08:57: [read seller]
21:08:57: Not saving: maglaf88 (already saved)

21:08:57: [read seller]
21:08:57: Not saving: Kartenkoenig (already saved)

21:08:57: [read seller]
21:08:57: Not saving: Zaki23 (already saved)

21:08:57: [read seller]
21:08:57: Not saving: kfranklin12 (already saved)

21:08:57: [read seller]
21:08:57: Not saving: hespacc (already saved)

21:08:57: [read seller]
21:08:57: Not saving: Mirrankreuzritter (already saved)

21:08:57: [read seller]
21:08:57: Not saving: matiasgabarron (already saved)

21:08:57: [read seller]
21:08:57: Not saving: HiveGames (already saved)

21:08:57: [read seller]
21:08:57: Not saving: mtg-discounter24 (already saved)

21:08:57: [read seller]
21:08:57: Not saving: Athabasca (already saved)

21:08:57: [read seller]
21:08:57: Not saving: Twoshop (already saved)

21:08:57: [read seller]
21:08:57: Not saving: DHGames (already saved)

21:08:57: [read seller]
21:08:57: Not saving: ishotya (already saved)

21:08:57: [read seller]
21:08:57: Not saving: DagonX (already saved)

21:08:57: [read seller]
21:08:57: Not saving: landshome279 (already saved)

21:08:57: [read seller]
21:08:57: Not saving: satirobcn (already saved)

21:08:57: [read seller]
21:08:57: Not saving: Bigs77 (already saved)

21:08:57: [read seller]
21:08:57: Not saving: gambo (already saved)

21:08:57: [read seller]
21:08:57: Not saving: stamosm (already saved)

21:08:57: [read seller]
21:08:57: Not saving: Bruce7506 (already saved)

21:08:57: [read seller]
21:08:57: Not saving: rakerone (already saved)

21:08:57: [read seller]
21:08:57: Not saving: Mintcardgem (already saved)

21:08:57: [read seller]
21:08:57: Not saving: AdrianMC (already saved)

21:08:57: [read seller]
21:08:57: Not saving: Skiski (already saved)

21:08:57: [read seller]
21:08:57: Not saving: rockardist (already saved)

21:08:57: [read seller]
21:08:57: Not saving: DrDkt666 (already saved)

21:08:57: [read seller]
21:08:57: Not saving: Zoios (already saved)

21:08:57: [read seller]
21:08:57: Not saving: Kuduce (already saved)

21:08:57: [read seller]
21:08:57: Not saving: Mavado-Vemos (already saved)

21:08:57: [read seller]
21:08:57: Not saving: Colovia (already saved)

21:08:57: [read seller]
21:08:57: Not saving: K40crew (already saved)

21:08:57: [read seller]
21:08:57: Not saving: michaldurovic (already saved)

21:08:57: [read seller]
21:08:57: Not saving: Muttonium (already saved)

21:08:57: [read seller]
21:08:57: Not saving: Adway (already saved)

21:08:57: [read seller]
21:08:57: Not saving: Carioca9987 (already saved)

21:08:57: [read seller]
21:08:57: Not saving: maxsilver (already saved)

21:08:57: [read seller]
21:08:57: Not saving: pbjoker (already saved)

21:08:57: [read seller]
21:08:57: Not saving: pbjoker (already saved)

21:08:57: [read seller]
21:08:57: Not saving: Ghostlo (already saved)

21:08:57: [read seller]
21:08:57: Not saving: Magicshop2000 (already saved)

21:08:57: [read seller]
21:08:57: Not saving: CrazyComicsAndGames (already saved)

21:08:57: [read seller]
21:08:57: Not saving: Abdelbach (already saved)

21:08:57: [read seller]
21:08:57: Not saving: heckman (already saved)

21:08:57: [read seller]
21:08:57: Not saving: Zloch (already saved)

21:08:57: [read seller]
21:08:57: Not saving: Ceribe (already saved)

21:08:57: [read seller]
21:08:57: Not saving: deathhenker (already saved)

21:08:57: [read seller]
21:08:57: Not saving: OutpostBrussels (already saved)

21:08:57: [read seller]
21:08:57: Not saving: Zakk67 (already saved)

21:08:57: [read seller]
21:08:57: Not saving: zalakke (already saved)

21:08:57: [read seller]
21:08:57: Not saving: CardCastle (already saved)

21:08:57: [read seller]
21:08:57: Not saving: Admiral-Haze (already saved)

21:08:57: [read seller]
21:08:57: Not saving: Moltras (already saved)

21:08:57: [read seller]
21:08:57: Not saving: Moltras (already saved)

21:08:57: [read seller]
21:08:58: Extracting seller info: masa
21:08:58: Sleeping for 2.66172130304612 seconds
21:09:01: [read seller]
21:09:01: Seller added:	masa

21:09:01: [read seller]
21:09:01: Extracting seller info: roughy
21:09:01: Sleeping for 2.8200085569938977 seconds
21:09:04: [read seller]
21:09:04: Seller added:	roughy

21:09:04: [read seller]
21:09:05: Extracting seller info: cornelius59
21:09:05: Sleeping for 2.9962977594536957 seconds
21:09:08: [read seller]
21:09:08: Seller added:	cornelius59

21:09:08: [read seller]
21:09:08: Not saving: Zoocomics (already saved)

21:09:08: [read seller]
21:09:08: Extracting seller info: seagel
21:09:08: Sleeping for 2.3121833062883215 seconds
