20:49:39: Date [28/06/2021 20:49] added: date_ID=20
20:49:39: Another run logged to this file
20:49:39: Opening the webdriver
20:49:44: Webdriver ready
20:49:44: Database connection established
20:49:44: URL change  ->  https://www.cardmarket.com/en/Magic/Products/Singles/Battlebond?site=1
20:49:45: All card names already saved
20:49:45: Sleeping for 1.6420873105625011 seconds
20:49:47: URL change  ->  https://www.cardmarket.com/en/Magic/Products/Singles/Battlebond/Skyshroud-Claim
20:49:47: Accessing the card dataframe
20:49:47: Accessing the date dataframe
20:49:47: Card Skyshroud Claim saved recently (20:41)
20:49:47: Card Skyshroud Claim already in the file

20:49:47: Accessing the seller dataframe
20:49:47: Seller PartyNator already in the file

20:49:47: Accessing the seller dataframe
20:49:47: Seller CValle already in the file

20:49:47: Accessing the seller dataframe
20:49:47: Seller MarcoSanzin already in the file

20:49:47: Accessing the seller dataframe
20:49:47: Seller MagicBivio already in the file

20:49:47: Accessing the seller dataframe
20:49:47: Seller Tezzeret84 already in the file

20:49:47: Accessing the seller dataframe
20:49:47: Seller Lordburka already in the file

20:49:47: Accessing the seller dataframe
20:49:47: Seller Lanowar69 already in the file

20:49:47: Accessing the seller dataframe
20:49:47: Seller Topdeckskills already in the file

20:49:47: Accessing the seller dataframe
20:49:47: Seller magicpartcard already in the file

20:49:47: Accessing the seller dataframe
20:49:47: Seller stanislaf already in the file

20:49:47: Accessing the seller dataframe
20:49:47: Seller Thrymiir already in the file

20:49:47: Accessing the seller dataframe
20:49:47: Seller daidojilaurent already in the file

20:49:47: Accessing the seller dataframe
20:49:47: Seller sovmar already in the file

20:49:47: Accessing the seller dataframe
20:49:47: Seller Ceribe already in the file

20:49:47: Accessing the seller dataframe
20:49:47: Seller Felixuco already in the file

20:49:47: Accessing the seller dataframe
20:49:47: Seller Richaardi already in the file

20:49:47: Accessing the seller dataframe
20:49:47: Seller diddos already in the file

20:49:47: Accessing the seller dataframe
20:49:47: Seller dakkon87 already in the file

20:49:47: Accessing the seller dataframe
20:49:47: Seller Mirikov already in the file

20:49:47: Accessing the seller dataframe
20:49:47: Seller BrandyBrand already in the file

20:49:47: Accessing the seller dataframe
20:49:47: Seller CommanderStaples already in the file

20:49:47: Accessing the seller dataframe
20:49:47: Seller BechaMecha already in the file

20:49:47: Accessing the seller dataframe
20:49:47: Seller MadridMagic already in the file

20:49:47: Accessing the seller dataframe
20:49:47: Seller DombekTorun already in the file

20:49:47: Accessing the seller dataframe
20:49:47: Seller BaukeS already in the file

20:49:47: Accessing the seller dataframe
20:49:47: Seller plkfd already in the file

20:49:47: Accessing the seller dataframe
20:49:47: Seller quasimoto already in the file

20:49:47: Accessing the seller dataframe
20:49:47: Seller Zoocomics already in the file

20:49:47: Accessing the seller dataframe
20:49:47: Seller MTG-Prime already in the file

20:49:47: Accessing the seller dataframe
20:49:47: Seller FrankvdWaals already in the file

20:49:47: Accessing the seller dataframe
20:49:47: Seller GunCha already in the file

20:49:47: Accessing the seller dataframe
20:49:47: Seller hobbitfred already in the file

20:49:47: Accessing the seller dataframe
20:49:47: Seller Tyron-Heartz already in the file

20:49:47: Accessing the seller dataframe
20:49:47: Seller cultus already in the file

20:49:47: Accessing the seller dataframe
20:49:47: Seller bendu71 already in the file

20:49:47: Accessing the seller dataframe
20:49:47: Seller Kungfupeet already in the file

20:49:47: Accessing the seller dataframe
20:49:47: Seller TheCoonRises already in the file

20:49:47: Accessing the seller dataframe
20:49:47: Seller kARNN already in the file

20:49:47: Accessing the seller dataframe
20:49:47: Seller RedDragonMagic already in the file

20:49:47: Accessing the seller dataframe
20:49:47: Seller fuxxi already in the file

20:49:47: Accessing the seller dataframe
20:49:47: Seller maglaf88 already in the file

20:49:47: Accessing the seller dataframe
20:49:47: Seller antonio-muenster already in the file

20:49:47: Accessing the seller dataframe
20:49:47: Seller Dinis already in the file

20:49:47: Accessing the seller dataframe
20:49:47: Seller Akroma44 already in the file

20:49:47: Accessing the seller dataframe
20:49:47: Seller 38Shizo already in the file

20:49:47: Accessing the seller dataframe
20:49:47: Seller Matze-KungFury already in the file

20:49:47: Accessing the seller dataframe
20:49:47: Seller pantufas already in the file

20:49:47: Accessing the seller dataframe
20:49:47: Seller Loui0 already in the file

20:49:47: Accessing the seller dataframe
20:49:47: Seller tennlos already in the file

20:49:47: Accessing the seller dataframe
20:49:47: Seller MagicNexus already in the file

20:49:47: Sleeping for 1.2188438288726169 seconds
20:49:49: URL change  ->  https://www.cardmarket.com/en/Magic/Products/Singles/Battlebond/Impulse
20:49:50: Accessing the card dataframe
20:49:50: Accessing the date dataframe
20:49:50: Card Impulse saved recently (20:41)
20:49:50: Card Impulse already in the file

20:49:50: Accessing the seller dataframe
20:49:50: Seller replicart71 already in the file

20:49:50: Accessing the seller dataframe
20:49:50: Seller WhiteFoxThree already in the file

20:49:50: Accessing the seller dataframe
20:49:50: Seller Jean-Claire already in the file

20:49:50: Accessing the seller dataframe
20:49:50: Seller Jean-Claire already in the file

20:49:50: Accessing the seller dataframe
20:49:50: Seller NuggetGaming already in the file

20:49:50: Accessing the seller dataframe
20:49:50: Seller ctouya already in the file

20:49:50: Accessing the seller dataframe
20:49:50: Seller Giftsungiven already in the file

20:49:50: Accessing the seller dataframe
20:49:50: Seller Emisary121 already in the file

20:49:50: Accessing the seller dataframe
20:49:50: Seller Espell already in the file

20:49:50: Accessing the seller dataframe
20:49:50: Seller ruben52 already in the file

20:49:50: Accessing the seller dataframe
20:49:50: Seller procards already in the file

20:49:50: Accessing the seller dataframe
20:49:50: Seller ludovic1968 already in the file

20:49:50: Accessing the seller dataframe
20:49:50: Seller valis already in the file

20:49:50: Accessing the seller dataframe
20:49:50: Seller antonio-muenster already in the file

20:49:50: Accessing the seller dataframe
20:49:50: Seller NoDrummer already in the file

20:49:50: Accessing the seller dataframe
20:49:50: Seller Styliann already in the file

20:49:50: Accessing the seller dataframe
20:49:50: Seller yannloison13 already in the file

20:49:50: Accessing the seller dataframe
20:49:50: Seller masistuta already in the file

20:49:50: Accessing the seller dataframe
20:49:50: Seller Trade-Secrets already in the file

20:49:50: Accessing the seller dataframe
20:49:50: Seller phagma already in the file

20:49:50: Accessing the seller dataframe
20:49:50: Seller Gautch already in the file

20:49:50: Accessing the seller dataframe
20:49:50: Seller txbcards already in the file

20:49:50: Accessing the seller dataframe
20:49:50: Seller Knightnight already in the file

20:49:50: Accessing the seller dataframe
20:49:50: Seller karasofr already in the file

20:49:50: Accessing the seller dataframe
20:49:50: Seller Pa-t-ch already in the file

20:49:50: Accessing the seller dataframe
20:49:50: Seller rogiol already in the file

20:49:50: Accessing the seller dataframe
20:49:50: Seller danieldisco already in the file

20:49:50: Accessing the seller dataframe
20:49:50: Seller Admiral-Haze already in the file

20:49:50: Accessing the seller dataframe
20:49:50: Seller aleeuwen1 already in the file

20:49:50: Accessing the seller dataframe
20:49:50: Seller Geek-Corner already in the file

20:49:50: Accessing the seller dataframe
20:49:50: Seller Stefouch already in the file

20:49:50: Accessing the seller dataframe
20:49:50: Seller MarcoSanzin already in the file

20:49:50: Accessing the seller dataframe
20:49:50: Seller PartyNator already in the file

20:49:50: Accessing the seller dataframe
20:49:50: Seller pisqnek already in the file

20:49:50: Accessing the seller dataframe
20:49:50: Seller Goodlookgamer already in the file

20:49:50: Accessing the seller dataframe
20:49:50: Seller TopdeckDK already in the file

20:49:50: Accessing the seller dataframe
20:49:50: Seller sedehiMTG already in the file

20:49:50: Accessing the seller dataframe
20:49:50: Seller Magiccardshop already in the file

20:49:50: Accessing the seller dataframe
20:49:50: Seller TCGWarehouse already in the file

20:49:50: Accessing the seller dataframe
20:49:50: Seller helpoemer already in the file

20:49:50: Accessing the seller dataframe
20:49:50: Seller Nerd-Shop already in the file

20:49:50: Accessing the seller dataframe
20:49:50: Seller Andycards already in the file

20:49:50: Accessing the seller dataframe
20:49:50: Sleeping for 1.9755311676362144 seconds
20:49:52: Accessing the seller dataframe
20:49:52: Seller added:	weißer-Lotus

20:49:53: Accessing the seller dataframe
20:49:53: Seller sanjic already in the file

20:49:53: Accessing the seller dataframe
20:49:53: Seller MagusDoVinhedo already in the file

20:49:53: Accessing the seller dataframe
20:49:53: Seller Wintereinbruch already in the file

20:49:53: Accessing the seller dataframe
20:49:53: Seller Kissmaiass already in the file

20:49:53: Accessing the seller dataframe
20:49:53: Seller thewirtschaftswunder already in the file

20:49:53: Accessing the seller dataframe
20:49:53: Seller BaukeS already in the file

20:49:53: Accessing the seller dataframe
20:49:53: Seller Blackbolt already in the file

20:49:53: Sleeping for 1.7468234774197537 seconds
20:49:55: URL change  ->  https://www.cardmarket.com/en/Magic/Products/Singles/Battlebond/Zndrsplt-Eye-of-Wisdom
20:49:55: Accessing the card dataframe
20:49:55: Accessing the date dataframe
20:49:55: Accessing the card dataframe
20:49:55: Card added: 	Zndrsplt, Eye of Wisdom

20:49:55: Accessing the seller dataframe
20:49:55: Seller aleplm98 already in the file

20:49:55: Accessing the seller dataframe
20:49:55: Seller GoodPool already in the file

20:49:55: Accessing the seller dataframe
20:49:55: Seller Foransa already in the file

20:49:55: Accessing the seller dataframe
20:49:55: Seller PanBzoch already in the file

20:49:55: Accessing the seller dataframe
20:49:55: Seller Colabier already in the file

20:49:55: Accessing the seller dataframe
20:49:55: Seller moneymaker already in the file

20:49:55: Accessing the seller dataframe
20:49:55: Seller Noah471 already in the file

20:49:55: Accessing the seller dataframe
20:49:55: Seller Cohnjollins already in the file

20:49:55: Accessing the seller dataframe
20:49:55: Seller LeonPonce already in the file

20:49:55: Accessing the seller dataframe
20:49:55: Seller sytsnas already in the file

20:49:55: Accessing the seller dataframe
20:49:55: Seller noisia already in the file

20:49:55: Accessing the seller dataframe
20:49:55: Seller Greenskull already in the file

20:49:55: Accessing the seller dataframe
20:49:55: Seller Danedeluxe already in the file

20:49:55: Accessing the seller dataframe
20:49:55: Seller babylon already in the file

20:49:55: Accessing the seller dataframe
20:49:55: Seller McFreud already in the file

20:49:55: Accessing the seller dataframe
20:49:55: Seller muse99 already in the file

20:49:55: Accessing the seller dataframe
20:49:55: Seller Bellota95 already in the file

20:49:55: Accessing the seller dataframe
20:49:55: Seller BBG66 already in the file

20:49:55: Accessing the seller dataframe
20:49:55: Seller Marsupisalami already in the file

20:49:55: Accessing the seller dataframe
20:49:55: Seller Murasame already in the file

20:49:55: Accessing the seller dataframe
20:49:55: Seller stanislaf already in the file

20:49:55: Accessing the seller dataframe
20:49:55: Seller cardvictim already in the file

20:49:55: Accessing the seller dataframe
20:49:55: Seller atlas222 already in the file

20:49:55: Accessing the seller dataframe
20:49:55: Seller Torako already in the file

20:49:55: Accessing the seller dataframe
20:49:55: Seller MadridMagic already in the file

20:49:55: Accessing the seller dataframe
20:49:55: Seller cloudpostBA already in the file

20:49:55: Accessing the seller dataframe
20:49:55: Seller bouzekry already in the file

20:49:55: Accessing the seller dataframe
20:49:55: Seller Hgjlesv already in the file

20:49:55: Accessing the seller dataframe
20:49:55: Seller stahlkarnickel2 already in the file

20:49:55: Accessing the seller dataframe
20:49:55: Seller TimD already in the file

20:49:55: Accessing the seller dataframe
20:49:55: Seller PowerMagicstar already in the file

20:49:55: Accessing the seller dataframe
20:49:55: Seller CommanderStaples already in the file

20:49:55: Accessing the seller dataframe
20:49:55: Seller kartenschmiede already in the file

20:49:55: Accessing the seller dataframe
20:49:55: Seller theNecromancer already in the file

20:49:55: Accessing the seller dataframe
20:49:55: Seller mstokowski already in the file

20:49:55: Accessing the seller dataframe
20:49:55: Seller huge4uk already in the file

20:49:55: Accessing the seller dataframe
20:49:55: Seller Sebas74 already in the file

20:49:55: Accessing the seller dataframe
20:49:55: Seller ManaRamp already in the file

20:49:55: Accessing the seller dataframe
20:49:55: Seller Piranha81 already in the file

20:49:55: Accessing the seller dataframe
20:49:55: Seller daltenda already in the file

20:49:55: Accessing the seller dataframe
20:49:55: Seller AvalonBurgos already in the file

20:49:55: Accessing the seller dataframe
20:49:55: Seller Andycards already in the file

20:49:55: Accessing the seller dataframe
20:49:55: Seller LuisLlana already in the file

20:49:55: Accessing the seller dataframe
20:49:55: Seller SK4TE already in the file

20:49:55: Accessing the seller dataframe
20:49:55: Seller olgamor already in the file

20:49:55: Accessing the seller dataframe
20:49:55: Seller marCH1LLL already in the file

20:49:55: Accessing the seller dataframe
20:49:55: Seller ni-ju66 already in the file

20:49:55: Accessing the seller dataframe
20:49:55: Seller baleinedessables already in the file

20:49:55: Accessing the seller dataframe
20:49:55: Seller rakerone already in the file

20:49:55: Accessing the seller dataframe
20:49:55: Seller Jack-DM already in the file

20:49:55: Sleeping for 1.729739496568966 seconds
20:49:58: URL change  ->  https://www.cardmarket.com/en/Magic/Products/Singles/Battlebond/Chain-Lightning
20:49:58: Accessing the card dataframe
20:49:58: Accessing the date dataframe
20:49:58: Accessing the card dataframe
20:49:58: Card added: 	Chain Lightning

20:49:58: Accessing the seller dataframe
20:49:58: Seller Glimrir already in the file

20:49:58: Accessing the seller dataframe
20:49:58: Seller octaton already in the file

20:49:58: Accessing the seller dataframe
20:49:58: Seller TerraCross already in the file

20:49:58: Accessing the seller dataframe
20:49:58: Seller Zigimun already in the file

20:49:58: Accessing the seller dataframe
20:49:58: Seller BBG66 already in the file

20:49:58: Accessing the seller dataframe
20:49:58: Seller TheOneKiko1337 already in the file

20:49:58: Accessing the seller dataframe
20:49:58: Seller PotatoGuardian already in the file

20:49:58: Accessing the seller dataframe
20:49:58: Seller valis already in the file

20:49:58: Accessing the seller dataframe
20:49:58: Seller Dr4ken already in the file

20:49:58: Accessing the seller dataframe
20:49:58: Seller Leidnix already in the file

20:49:58: Accessing the seller dataframe
20:49:58: Seller Netz122 already in the file

20:49:58: Accessing the seller dataframe
20:49:58: Seller WhiteFoxThree already in the file

20:49:58: Accessing the seller dataframe
20:49:58: Seller changar already in the file

20:49:58: Accessing the seller dataframe
20:49:58: Seller NechljudoW already in the file

20:49:58: Accessing the seller dataframe
20:49:58: Seller Phalnar already in the file

20:49:58: Accessing the seller dataframe
20:49:58: Seller Ginsch already in the file

20:49:58: Accessing the seller dataframe
20:49:58: Seller annor already in the file

20:49:58: Accessing the seller dataframe
20:49:58: Seller Meister14 already in the file

20:49:58: Accessing the seller dataframe
20:49:58: Seller Pastorius84 already in the file

20:49:58: Accessing the seller dataframe
20:49:58: Seller Cardboard-Collector already in the file

20:49:58: Accessing the seller dataframe
20:49:58: Seller coupdegrac3 already in the file

20:49:58: Accessing the seller dataframe
20:49:58: Seller ryuxuyr already in the file

20:49:58: Accessing the seller dataframe
20:49:58: Seller jeh11 already in the file

20:49:58: Accessing the seller dataframe
20:49:58: Seller GunCha already in the file

20:49:58: Accessing the seller dataframe
20:49:58: Seller MTGSander already in the file

20:49:58: Accessing the seller dataframe
20:49:58: Seller Xevkin already in the file

20:49:58: Accessing the seller dataframe
20:49:58: Seller Sushi91 already in the file

20:49:58: Accessing the seller dataframe
20:49:58: Seller Plysier already in the file

20:49:58: Accessing the seller dataframe
20:49:58: Seller jmskns69 already in the file

20:49:58: Accessing the seller dataframe
20:49:58: Seller procrustean already in the file

20:49:58: Accessing the seller dataframe
20:49:58: Seller DiamondValley already in the file

20:49:58: Accessing the seller dataframe
20:49:58: Seller Ceribe already in the file

20:49:58: Accessing the seller dataframe
20:49:58: Seller magicislove already in the file

20:49:58: Accessing the seller dataframe
20:49:58: Seller Operationlol already in the file

20:49:58: Accessing the seller dataframe
20:49:58: Seller Piszczal already in the file

20:49:58: Accessing the seller dataframe
20:49:58: Seller Almeida already in the file

20:49:58: Accessing the seller dataframe
20:49:58: Seller sinac already in the file

20:49:58: Accessing the seller dataframe
20:49:58: Seller Bennlipp already in the file

20:49:58: Accessing the seller dataframe
20:49:58: Seller AcidQueen already in the file

20:49:58: Accessing the seller dataframe
20:49:58: Seller Remin already in the file

20:49:58: Accessing the seller dataframe
20:49:58: Seller Wimmeeus already in the file

20:49:58: Accessing the seller dataframe
20:49:58: Seller Orzi86 already in the file

20:49:58: Accessing the seller dataframe
20:49:58: Seller moercel already in the file

20:49:58: Accessing the seller dataframe
20:49:58: Seller Chrisaor already in the file

20:49:58: Accessing the seller dataframe
20:49:58: Seller Luukiecard already in the file

20:49:58: Accessing the seller dataframe
20:49:58: Sleeping for 3.1144623207025064 seconds
20:50:02: Accessing the seller dataframe
20:50:02: Seller added:	DavidRuemmler

20:50:02: Accessing the seller dataframe
20:50:02: Seller SodGames already in the file

20:50:02: Accessing the seller dataframe
20:50:02: Seller ZackyVeah already in the file

20:50:02: Accessing the seller dataframe
20:50:02: Seller BrandyBrand already in the file

20:50:02: Accessing the seller dataframe
20:50:02: Sleeping for 2.4386536242033965 seconds
20:50:05: Accessing the seller dataframe
20:50:05: Seller added:	Elbarone

20:50:05: Sleeping for 1.4806332798717796 seconds
20:50:07: URL change  ->  https://www.cardmarket.com/en/Magic/Products/Singles/Battlebond/Okaun-Eye-of-Chaos
20:50:07: Accessing the card dataframe
20:50:07: Accessing the date dataframe
20:50:07: Accessing the card dataframe
20:50:07: Card added: 	Okaun, Eye of Chaos

20:50:07: Accessing the seller dataframe
20:50:07: Seller aleplm98 already in the file

20:50:07: Accessing the seller dataframe
20:50:07: Seller nikee40 already in the file

20:50:07: Accessing the seller dataframe
20:50:07: Seller Greenskull already in the file

20:50:07: Accessing the seller dataframe
20:50:07: Seller emanuelemarket already in the file

20:50:07: Accessing the seller dataframe
20:50:07: Seller temur11 already in the file

20:50:07: Accessing the seller dataframe
20:50:07: Seller MadridMagic already in the file

20:50:07: Accessing the seller dataframe
20:50:07: Seller Colabier already in the file

20:50:07: Accessing the seller dataframe
20:50:07: Seller daxterpac already in the file

20:50:07: Accessing the seller dataframe
20:50:07: Seller Weini17 already in the file

20:50:07: Accessing the seller dataframe
20:50:07: Seller Lunashine already in the file

20:50:07: Accessing the seller dataframe
20:50:07: Seller La-Tetedeslip already in the file

20:50:07: Accessing the seller dataframe
20:50:07: Seller helpoemer already in the file

20:50:07: Accessing the seller dataframe
20:50:07: Seller kirchi already in the file

20:50:07: Accessing the seller dataframe
20:50:07: Seller Michaberg already in the file

20:50:07: Accessing the seller dataframe
20:50:07: Seller MagicMuc already in the file

20:50:07: Accessing the seller dataframe
20:50:07: Seller SnappyTiger already in the file

20:50:07: Accessing the seller dataframe
20:50:07: Seller Krozark already in the file

20:50:07: Accessing the seller dataframe
20:50:07: Seller BBG66 already in the file

20:50:07: Accessing the seller dataframe
20:50:07: Seller stanislaf already in the file

20:50:07: Accessing the seller dataframe
20:50:07: Seller RisingVoid already in the file

20:50:07: Accessing the seller dataframe
20:50:07: Seller Mathug already in the file

20:50:07: Accessing the seller dataframe
20:50:07: Seller cardvictim already in the file

20:50:07: Accessing the seller dataframe
20:50:07: Seller atlas222 already in the file

20:50:07: Accessing the seller dataframe
20:50:07: Seller GoodPool already in the file

20:50:07: Accessing the seller dataframe
20:50:07: Seller LuisLlana already in the file

20:50:07: Accessing the seller dataframe
20:50:07: Seller InfiniteMagicCZ already in the file

20:50:07: Accessing the seller dataframe
20:50:07: Seller muse99 already in the file

20:50:07: Accessing the seller dataframe
20:50:07: Seller Villy already in the file

20:50:07: Accessing the seller dataframe
20:50:07: Seller Rarehuntershop already in the file

20:50:07: Accessing the seller dataframe
20:50:07: Seller stahlkarnickel2 already in the file

20:50:07: Accessing the seller dataframe
20:50:07: Seller tshwayn already in the file

20:50:07: Accessing the seller dataframe
20:50:07: Seller sunshadow already in the file

20:50:07: Accessing the seller dataframe
20:50:07: Seller PowerMagicstar already in the file

20:50:07: Accessing the seller dataframe
20:50:07: Seller Kartenguru already in the file

20:50:07: Accessing the seller dataframe
20:50:07: Seller MagicBarcelona already in the file

20:50:07: Accessing the seller dataframe
20:50:07: Seller TEMPEST-STORE already in the file

20:50:07: Accessing the seller dataframe
20:50:07: Seller HouseOfCardsBE already in the file

20:50:07: Accessing the seller dataframe
20:50:07: Seller Andycards already in the file

20:50:07: Accessing the seller dataframe
20:50:07: Seller Izmaylov already in the file

20:50:07: Accessing the seller dataframe
20:50:07: Seller Miki13112 already in the file

20:50:07: Accessing the seller dataframe
20:50:07: Seller szernik already in the file

20:50:07: Accessing the seller dataframe
20:50:07: Seller Goodlookgamer already in the file

20:50:07: Accessing the seller dataframe
20:50:07: Seller Bokkie-Brown already in the file

20:50:07: Accessing the seller dataframe
20:50:07: Seller Blizardjack already in the file

20:50:07: Accessing the seller dataframe
20:50:07: Seller ShopHunter already in the file

20:50:07: Accessing the seller dataframe
20:50:07: Seller zbysour already in the file

20:50:07: Accessing the seller dataframe
20:50:07: Seller stardust76 already in the file

20:50:07: Accessing the seller dataframe
20:50:07: Seller mary already in the file

20:50:07: Accessing the seller dataframe
20:50:07: Seller dbs85670 already in the file

20:50:07: Accessing the seller dataframe
20:50:07: Seller SK4TE already in the file

20:50:07: Sleeping for 1.9287686930196226 seconds
20:50:10: URL change  ->  https://www.cardmarket.com/en/Magic/Products/Singles/Battlebond/Spell-Snare
20:50:10: Accessing the card dataframe
20:50:10: Accessing the date dataframe
20:50:10: Accessing the card dataframe
20:50:10: Card added: 	Spell Snare

20:50:10: Accessing the seller dataframe
20:50:10: Seller SamTradeOfficial already in the file

20:50:10: Accessing the seller dataframe
20:50:10: Seller sjoerd972 already in the file

20:50:10: Accessing the seller dataframe
20:50:10: Seller EternitiesCrafter already in the file

20:50:10: Accessing the seller dataframe
20:50:10: Seller MarmotteAilee already in the file

20:50:10: Accessing the seller dataframe
20:50:10: Seller flo2000 already in the file

20:50:10: Accessing the seller dataframe
20:50:10: Seller Xobulo already in the file

20:50:10: Accessing the seller dataframe
20:50:10: Seller GreenZebra already in the file

20:50:10: Accessing the seller dataframe
20:50:10: Seller JSminia already in the file

20:50:10: Accessing the seller dataframe
20:50:10: Seller Orkboss already in the file

20:50:10: Accessing the seller dataframe
20:50:10: Seller ray17 already in the file

20:50:10: Accessing the seller dataframe
20:50:10: Seller Blipblep already in the file

20:50:10: Accessing the seller dataframe
20:50:10: Seller LOLHasixD already in the file

20:50:10: Accessing the seller dataframe
20:50:10: Seller Colabier already in the file

20:50:10: Accessing the seller dataframe
20:50:10: Seller ItsFranchetti already in the file

20:50:10: Accessing the seller dataframe
20:50:10: Seller danielito already in the file

20:50:10: Accessing the seller dataframe
20:50:10: Seller Kauppiasfoppa already in the file

20:50:10: Accessing the seller dataframe
20:50:10: Seller masistuta already in the file

20:50:10: Accessing the seller dataframe
20:50:10: Seller VarusEquin already in the file

20:50:10: Accessing the seller dataframe
20:50:10: Seller Kraias already in the file

20:50:10: Accessing the seller dataframe
20:50:10: Seller mtg-discounter24 already in the file

20:50:10: Accessing the seller dataframe
20:50:10: Seller remyleblanc already in the file

20:50:10: Accessing the seller dataframe
20:50:10: Seller Griselbrand3 already in the file

20:50:10: Accessing the seller dataframe
20:50:10: Seller sjimmied already in the file

20:50:10: Accessing the seller dataframe
20:50:10: Seller KaffTCG already in the file

20:50:10: Accessing the seller dataframe
20:50:10: Seller Navis already in the file

20:50:10: Accessing the seller dataframe
20:50:10: Seller pg7224 already in the file

20:50:10: Accessing the seller dataframe
20:50:10: Seller rambo-tomella already in the file

20:50:10: Accessing the seller dataframe
20:50:10: Seller Papillon80 already in the file

20:50:10: Accessing the seller dataframe
20:50:10: Seller Sinici1992 already in the file

20:50:10: Accessing the seller dataframe
20:50:10: Seller WindyMiller already in the file

20:50:10: Accessing the seller dataframe
20:50:10: Seller OjamaGod already in the file

20:50:10: Accessing the seller dataframe
20:50:10: Seller Serial1981 already in the file

20:50:10: Accessing the seller dataframe
20:50:10: Seller cole04 already in the file

20:50:10: Accessing the seller dataframe
20:50:10: Seller hammen22 already in the file

20:50:10: Accessing the seller dataframe
20:50:10: Seller noisia already in the file

20:50:10: Accessing the seller dataframe
20:50:10: Seller DrTim0n already in the file

20:50:10: Accessing the seller dataframe
20:50:10: Seller Danedeluxe already in the file

20:50:10: Accessing the seller dataframe
20:50:10: Seller YoungRighty already in the file

20:50:10: Accessing the seller dataframe
20:50:10: Seller Kizuso already in the file

20:50:10: Accessing the seller dataframe
20:50:10: Seller Trolloloman already in the file

20:50:10: Accessing the seller dataframe
20:50:10: Seller exodus360 already in the file

20:50:10: Accessing the seller dataframe
20:50:10: Seller PetalmaneBaku already in the file

20:50:10: Accessing the seller dataframe
20:50:10: Seller neonamu already in the file

20:50:10: Accessing the seller dataframe
20:50:10: Seller TomFreud already in the file

20:50:10: Accessing the seller dataframe
20:50:10: Seller SonJoku already in the file

20:50:10: Accessing the seller dataframe
20:50:10: Seller TheWolverine already in the file

20:50:10: Accessing the seller dataframe
20:50:10: Seller MartinHuber already in the file

20:50:10: Accessing the seller dataframe
20:50:10: Seller invokeprejudice already in the file

20:50:10: Accessing the seller dataframe
20:50:10: Seller kikofarto3 already in the file

20:50:10: Accessing the seller dataframe
20:50:10: Seller bendu71 already in the file

20:50:10: Sleeping for 1.630621238423522 seconds
20:50:12: URL change  ->  https://www.cardmarket.com/en/Magic/Products/Singles/Battlebond/Fertile-Ground
20:50:12: Accessing the card dataframe
20:50:12: Accessing the date dataframe
20:50:12: Accessing the card dataframe
20:50:12: Card added: 	Fertile Ground

20:50:12: Accessing the seller dataframe
20:50:12: Seller AceMagicDealer already in the file

20:50:12: Accessing the seller dataframe
20:50:12: Seller Diogenes already in the file

20:50:12: Accessing the seller dataframe
20:50:12: Seller Nomar already in the file

20:50:12: Accessing the seller dataframe
20:50:12: Seller patraspatras22 already in the file

20:50:12: Accessing the seller dataframe
20:50:12: Seller La-Tetedeslip already in the file

20:50:12: Accessing the seller dataframe
20:50:12: Seller ruben52 already in the file

20:50:12: Accessing the seller dataframe
20:50:12: Seller ruben52 already in the file

20:50:12: Accessing the seller dataframe
20:50:12: Seller termestino already in the file

20:50:12: Accessing the seller dataframe
20:50:12: Seller scaveooz already in the file

20:50:12: Accessing the seller dataframe
20:50:12: Seller CrazyComicsAndGames already in the file

20:50:12: Accessing the seller dataframe
20:50:12: Seller berjackie already in the file

20:50:12: Accessing the seller dataframe
20:50:12: Seller AVATAR-PL already in the file

20:50:12: Accessing the seller dataframe
20:50:12: Sleeping for 2.61306413715036 seconds
20:50:16: Accessing the seller dataframe
20:50:16: Seller added:	brice464

20:50:16: Accessing the seller dataframe
20:50:16: Sleeping for 2.8360631568025756 seconds
20:50:19: Accessing the seller dataframe
20:50:19: Seller added:	tratmot

20:50:19: Accessing the seller dataframe
20:50:19: Sleeping for 2.168969827857969 seconds
20:50:22: Accessing the seller dataframe
20:50:22: Seller added:	JYZ83

20:50:22: Accessing the seller dataframe
20:50:22: Sleeping for 2.531508998304867 seconds
20:50:25: Accessing the seller dataframe
20:50:25: Seller added:	Olaaf

20:50:25: Accessing the seller dataframe
20:50:25: Sleeping for 2.6800493602703805 seconds
20:50:28: Accessing the seller dataframe
20:50:28: Seller added:	Selick

20:50:28: Accessing the seller dataframe
20:50:28: Sleeping for 2.098517414708574 seconds
20:50:30: Accessing the seller dataframe
20:50:30: Seller added:	TroleDeJeux

20:50:30: Accessing the seller dataframe
20:50:30: Sleeping for 2.9591476000793833 seconds
20:50:34: Accessing the seller dataframe
20:50:34: Seller added:	DisCardShop

20:50:34: Accessing the seller dataframe
20:50:34: Sleeping for 2.421815447381499 seconds
20:50:37: Accessing the seller dataframe
20:50:37: Seller added:	Playset4

20:50:37: Accessing the seller dataframe
20:50:37: Sleeping for 2.9488915237070423 seconds
20:50:40: Accessing the seller dataframe
20:50:40: Seller added:	panos1989

20:50:40: Accessing the seller dataframe
20:50:40: Sleeping for 2.585013638573343 seconds
20:50:43: Accessing the seller dataframe
20:50:43: Seller added:	wizardshark

20:50:43: Accessing the seller dataframe
20:50:43: Sleeping for 2.886157874552393 seconds
20:50:47: Accessing the seller dataframe
20:50:47: Seller added:	Chief92

20:50:47: Accessing the seller dataframe
20:50:47: Sleeping for 2.5385036487053605 seconds
20:50:50: Accessing the seller dataframe
20:50:50: Seller added:	Tylert

20:50:50: Accessing the seller dataframe
20:50:50: Sleeping for 2.53703469334286 seconds
20:50:53: Accessing the seller dataframe
20:50:53: Seller added:	Mariano79

20:50:53: Accessing the seller dataframe
20:50:53: Sleeping for 2.264893414047986 seconds
20:50:56: Accessing the seller dataframe
20:50:56: Seller added:	JOMEIS12

20:50:56: Accessing the seller dataframe
20:50:56: Sleeping for 3.0109833078880786 seconds
20:50:59: Accessing the seller dataframe
20:50:59: Seller added:	MettMann

20:50:59: Accessing the seller dataframe
20:50:59: Sleeping for 2.6521804692674644 seconds
20:51:02: Accessing the seller dataframe
20:51:02: Seller added:	zeusucao

20:51:02: Accessing the seller dataframe
20:51:02: Sleeping for 2.480161004671467 seconds
20:51:05: Accessing the seller dataframe
20:51:05: Seller added:	Michael8901

20:51:05: Accessing the seller dataframe
20:51:05: Sleeping for 1.906486678892402 seconds
20:51:08: Accessing the seller dataframe
20:51:08: Seller added:	SaprolinVerde

20:51:08: Accessing the seller dataframe
20:51:08: Sleeping for 2.5161716613180265 seconds
20:51:11: Accessing the seller dataframe
20:51:11: Seller added:	cryog

20:51:11: Accessing the seller dataframe
20:51:11: Sleeping for 2.5472270965960098 seconds
20:51:14: Accessing the seller dataframe
20:51:14: Seller added:	Halo2001

20:51:14: Accessing the seller dataframe
20:51:14: Sleeping for 2.583143281591409 seconds
20:51:18: Accessing the seller dataframe
20:51:18: Seller added:	Tron116

20:51:18: Accessing the seller dataframe
20:51:18: Seller sjoerd972 already in the file

20:51:18: Accessing the seller dataframe
20:51:18: Sleeping for 3.2883308349054774 seconds
20:51:22: Accessing the seller dataframe
20:51:22: Seller added:	Bladewing89

20:51:22: Accessing the seller dataframe
20:51:22: Sleeping for 2.634635500032943 seconds
20:51:25: Accessing the seller dataframe
20:51:25: Seller added:	RCTycooner

20:51:25: Accessing the seller dataframe
20:51:25: Seller patraspatras22 already in the file

20:51:25: Accessing the seller dataframe
20:51:25: Sleeping for 1.8679710928098134 seconds
20:51:27: Accessing the seller dataframe
20:51:27: Seller added:	Berggeit

20:51:27: Accessing the seller dataframe
20:51:27: Seller MarcoSanzin already in the file

20:51:27: Accessing the seller dataframe
20:51:27: Sleeping for 2.808260838704233 seconds
20:51:31: Accessing the seller dataframe
20:51:31: Seller added:	JKappel

20:51:31: Accessing the seller dataframe
20:51:31: Sleeping for 2.7548567093503236 seconds
20:51:34: Accessing the seller dataframe
20:51:34: Seller added:	Recode

20:51:34: Accessing the seller dataframe
20:51:34: Seller Diogenes already in the file

20:51:34: Accessing the seller dataframe
20:51:34: Sleeping for 2.259707244099336 seconds
20:51:37: Accessing the seller dataframe
20:51:37: Seller added:	Mintcardgem

20:51:37: Accessing the seller dataframe
20:51:37: Sleeping for 2.761984023009175 seconds
20:51:40: Accessing the seller dataframe
20:51:40: Seller added:	Hubbelluff

20:51:40: Accessing the seller dataframe
20:51:40: Sleeping for 2.853443133973239 seconds
20:51:43: Accessing the seller dataframe
20:51:43: Seller added:	Pukete

20:51:43: Accessing the seller dataframe
20:51:43: Sleeping for 2.370818930125069 seconds
20:51:46: Accessing the seller dataframe
20:51:46: Seller added:	MemoRator

20:51:46: Accessing the seller dataframe
20:51:46: Sleeping for 1.8469645372136758 seconds
20:51:49: Accessing the seller dataframe
20:51:49: Seller added:	Aymerix

20:51:49: Accessing the seller dataframe
20:51:49: Seller Blipblep already in the file

20:51:49: Accessing the seller dataframe
20:51:49: Sleeping for 2.616183078440244 seconds
20:51:52: Accessing the seller dataframe
20:51:52: Seller added:	Farbtopf12

20:51:52: Accessing the seller dataframe
20:51:52: Sleeping for 2.5084295958108265 seconds
20:51:56: Accessing the seller dataframe
20:51:56: Seller added:	Maumoleseullevrai

20:51:56: Sleeping for 1.3492663138934706 seconds
20:51:58: URL change  ->  https://www.cardmarket.com/en/Magic/Products/Singles/Battlebond/Azra-Oddsmaker
20:51:58: Accessing the card dataframe
20:51:58: Accessing the date dataframe
20:51:58: Accessing the card dataframe
20:51:58: Card added: 	Azra Oddsmaker

20:51:58: Accessing the seller dataframe
20:51:58: Sleeping for 2.733292163018854 seconds
20:52:01: Accessing the seller dataframe
20:52:01: Seller added:	MasterLaky

20:52:01: Accessing the seller dataframe
20:52:01: Seller annor already in the file

20:52:01: Accessing the seller dataframe
20:52:01: Sleeping for 2.578994353776408 seconds
20:52:05: Accessing the seller dataframe
20:52:05: Seller added:	ultimatewarrior

20:52:05: Accessing the seller dataframe
20:52:05: Seller ruben52 already in the file

20:52:05: Accessing the seller dataframe
20:52:05: Sleeping for 2.8910630218598965 seconds
20:52:09: Accessing the seller dataframe
20:52:09: Seller added:	ZadeX

20:52:09: Accessing the seller dataframe
20:52:09: Sleeping for 2.4650274862502894 seconds
20:52:14: Accessing the seller dataframe
20:52:14: Seller added:	Celine91

20:52:14: Accessing the seller dataframe
20:52:14: Sleeping for 2.519502843976429 seconds
20:52:17: Accessing the seller dataframe
20:52:17: Seller added:	Remix91

20:52:17: Accessing the seller dataframe
20:52:17: Sleeping for 3.0180199820857094 seconds
20:52:21: Accessing the seller dataframe
20:52:21: Seller added:	bjarnizzle

20:52:21: Accessing the seller dataframe
20:52:21: Sleeping for 2.418044381437058 seconds
20:52:24: Accessing the seller dataframe
20:52:24: Seller added:	Ocinvd

20:52:24: Accessing the seller dataframe
20:52:24: Seller TomFreud already in the file

20:52:24: Accessing the seller dataframe
20:52:24: Sleeping for 3.0822915233315054 seconds
20:52:27: Accessing the seller dataframe
20:52:27: Seller added:	erojudge

20:52:27: Accessing the seller dataframe
20:52:27: Sleeping for 1.6334144843241194 seconds
20:52:30: Accessing the seller dataframe
20:52:30: Seller added:	maeviouz

20:52:30: Accessing the seller dataframe
20:52:30: Sleeping for 2.023721856225476 seconds
20:52:33: Accessing the seller dataframe
20:52:33: Seller added:	AldoNala

20:52:33: Accessing the seller dataframe
20:52:33: Sleeping for 2.7347208068440985 seconds
20:52:36: Accessing the seller dataframe
20:52:36: Seller added:	Mtg4All

20:52:36: Accessing the seller dataframe
20:52:36: Sleeping for 2.607025033451631 seconds
20:52:40: Accessing the seller dataframe
20:52:40: Seller added:	indru

20:52:40: Accessing the seller dataframe
20:52:40: Sleeping for 2.9997159281747097 seconds
20:52:43: Accessing the seller dataframe
20:52:43: Seller added:	akroma2008

20:52:43: Accessing the seller dataframe
20:52:43: Sleeping for 2.385527347054532 seconds
20:52:46: Accessing the seller dataframe
20:52:46: Seller added:	Zuerichsee

20:52:46: Accessing the seller dataframe
20:52:46: Sleeping for 2.6230542781161277 seconds
20:52:50: Accessing the seller dataframe
20:52:50: Seller added:	grichi26

20:52:50: Accessing the seller dataframe
20:52:50: Sleeping for 2.3854660339956086 seconds
20:52:53: Accessing the seller dataframe
20:52:53: Seller added:	luciano38

20:52:53: Accessing the seller dataframe
20:52:53: Sleeping for 2.4260500538307785 seconds
20:52:56: Accessing the seller dataframe
20:52:56: Seller added:	EPShin18

20:52:56: Accessing the seller dataframe
20:52:56: Sleeping for 2.6237908765070737 seconds
20:52:59: Accessing the seller dataframe
20:52:59: Seller added:	mcout

20:52:59: Accessing the seller dataframe
20:52:59: Sleeping for 2.7114289790359223 seconds
20:53:02: Accessing the seller dataframe
20:53:02: Seller added:	BloodReaver

20:53:02: Accessing the seller dataframe
20:53:02: Sleeping for 1.6930551820736974 seconds
20:53:04: Accessing the seller dataframe
20:53:04: Seller added:	CITADEL-GAMES

20:53:04: Accessing the seller dataframe
20:53:04: Sleeping for 2.204583434452045 seconds
20:53:07: Accessing the seller dataframe
20:53:07: Seller added:	holzvalle

20:53:07: Accessing the seller dataframe
20:53:07: Sleeping for 2.5188664750058862 seconds
20:53:10: Accessing the seller dataframe
20:53:10: Seller added:	CommanderFluffly

20:53:10: Accessing the seller dataframe
20:53:10: Seller txbcards already in the file

20:53:10: Accessing the seller dataframe
20:53:10: Seller AcidQueen already in the file

20:53:10: Accessing the seller dataframe
20:53:10: Sleeping for 2.951766600716621 seconds
20:53:13: Accessing the seller dataframe
20:53:13: Seller added:	EnglishTiger

20:53:14: Accessing the seller dataframe
20:53:14: Sleeping for 3.3606200478604626 seconds
20:53:17: Accessing the seller dataframe
20:53:17: Seller added:	benprdh

20:53:17: Accessing the seller dataframe
20:53:17: Sleeping for 2.678588883266712 seconds
20:53:21: Accessing the seller dataframe
20:53:21: Seller added:	Tokhart

20:53:21: Accessing the seller dataframe
20:53:21: Seller PowerMagicstar already in the file

20:53:21: Accessing the seller dataframe
20:53:21: Sleeping for 2.054285245572464 seconds
20:53:24: Accessing the seller dataframe
20:53:24: Seller added:	dikkedaan

20:53:24: Accessing the seller dataframe
20:53:24: Seller dakkon87 already in the file

20:53:24: Accessing the seller dataframe
20:53:24: Sleeping for 2.776429399158197 seconds
20:53:27: Accessing the seller dataframe
20:53:27: Seller added:	Gemini56

20:53:27: Accessing the seller dataframe
20:53:27: Sleeping for 3.4011387976632084 seconds
20:53:31: Accessing the seller dataframe
20:53:31: Seller added:	hael22

20:53:31: Accessing the seller dataframe
20:53:31: Sleeping for 2.5571450131721427 seconds
20:53:34: Accessing the seller dataframe
20:53:34: Seller added:	ViolettBlue

20:53:34: Accessing the seller dataframe
20:53:34: Seller MagicBarcelona already in the file

20:53:34: Accessing the seller dataframe
20:53:34: Sleeping for 2.474370360900205 seconds
20:53:38: Accessing the seller dataframe
20:53:38: Seller added:	Distritozero

20:53:38: Accessing the seller dataframe
20:53:38: Seller daltenda already in the file

20:53:38: Accessing the seller dataframe
20:53:38: Sleeping for 2.448214841692323 seconds
20:53:41: Accessing the seller dataframe
20:53:41: Seller added:	ilGiocoliere

20:53:41: Accessing the seller dataframe
20:53:41: Sleeping for 2.7021836654782296 seconds
20:53:45: Accessing the seller dataframe
20:53:45: Seller added:	Psiakowy

20:53:45: Accessing the seller dataframe
20:53:45: Seller Andycards already in the file

20:53:45: Accessing the seller dataframe
20:53:45: Seller theNecromancer already in the file

20:53:45: Accessing the seller dataframe
20:53:45: Sleeping for 3.301995824495651 seconds
20:53:49: Accessing the seller dataframe
20:53:49: Seller added:	CardwalletEU

20:53:49: Accessing the seller dataframe
20:53:49: Sleeping for 2.6323801078442823 seconds
20:53:53: Accessing the seller dataframe
20:53:53: Seller added:	Gferro

20:53:53: Accessing the seller dataframe
20:53:53: Sleeping for 2.277058673711177 seconds
20:53:56: Accessing the seller dataframe
20:53:56: Seller added:	cassper

20:53:56: Accessing the seller dataframe
20:53:56: Sleeping for 2.5485210603561734 seconds
20:54:00: Accessing the seller dataframe
20:54:00: Seller added:	caceres2020

20:54:00: Accessing the seller dataframe
20:54:00: Sleeping for 2.188231229436449 seconds
20:54:03: Accessing the seller dataframe
20:54:03: Seller added:	Dixitier

20:54:03: Accessing the seller dataframe
20:54:03: Sleeping for 2.583632431750526 seconds
20:54:06: Accessing the seller dataframe
20:54:06: Seller added:	MBrinch

20:54:06: Accessing the seller dataframe
20:54:06: Sleeping for 2.2623868771163083 seconds
20:54:08: Accessing the seller dataframe
20:54:08: Seller added:	Mic3hael

20:54:08: Sleeping for 1.5533604788569781 seconds
20:54:10: URL change  ->  https://www.cardmarket.com/en/Magic/Products/Singles/Battlebond/Mindblade-Render
20:54:11: Accessing the card dataframe
20:54:11: Accessing the date dataframe
20:54:11: Accessing the card dataframe
