15:15:40: === Creation of this file ===
15:15:40: == Add date ==
15:15:40: Date: 			29/06/2021
15:15:40: Hour: 			15
15:15:40: Date ID: 			3
15:15:48: Webdriver ready
15:15:48: Database connection established
15:15:48: Compiling a list of all card names in current expansion
15:15:49: URL change  ->  https://www.cardmarket.com/en/Magic/Products/Singles/Battlebond?site=1
15:15:49: Card names from Battlebond are already saved
15:15:49: URL change  ->  https://www.cardmarket.com/en/Magic/Products/Singles/Battlebond/Skyshroud-Claim
15:15:51: Expanding page
15:15:55: Updating sellers list
15:15:56: All sellers of card Skyshroud Claim saved
15:16:03: URL change  ->  https://www.cardmarket.com/en/Magic/Products/Singles/Battlebond/Impulse
15:16:05: Expanding page
15:16:12: Updating sellers list
15:16:13: All sellers of card Impulse saved
15:16:25: URL change  ->  https://www.cardmarket.com/en/Magic/Products/Singles/Battlebond/Zndrsplt-Eye-of-Wisdom
15:16:27: Expanding page
15:16:34: Updating sellers list
15:16:35: All sellers of card Zndrsplt, Eye of Wisdom saved
15:16:46: URL change  ->  https://www.cardmarket.com/en/Magic/Products/Singles/Battlebond/Chain-Lightning
15:16:48: Expanding page
15:16:51: Updating sellers list
15:16:52: All sellers of card Chain Lightning saved
15:16:57: URL change  ->  https://www.cardmarket.com/en/Magic/Products/Singles/Battlebond/Okaun-Eye-of-Chaos
15:16:59: Expanding page
15:17:06: Updating sellers list
15:17:08: Extracting seller info: devric
15:17:10: Extracting seller info: redribbon83
15:17:13: Extracting seller info: Rukaaaaaa
15:17:16: Extracting seller info: Knosli
15:17:19: Extracting seller info: tigre90
15:17:23: Extracting seller info: DaRiZZa
15:17:27: Extracting seller info: HappyMagicB0b
15:17:30: Extracting seller info: mortymcfly
15:17:33: Extracting seller info: Mtgbill974
15:17:36: Extracting seller info: WhatTheFreak
15:17:39: Extracting seller info: Gondorman
15:17:42: Extracting seller info: Magictraders
15:17:45: Extracting seller info: Flamadiddle
15:17:49: All sellers of card Okaun, Eye of Chaos saved
15:18:02: URL change  ->  https://www.cardmarket.com/en/Magic/Products/Singles/Battlebond/Spell-Snare
15:18:04: Expanding page
15:18:15: Updating sellers list
15:18:16: All sellers of card Spell Snare saved
15:18:35: URL change  ->  https://www.cardmarket.com/en/Magic/Products/Singles/Battlebond/Fertile-Ground
15:18:37: Expanding page
15:18:47: Updating sellers list
15:18:49: Extracting seller info: magic-feel
15:18:51: All sellers of card Fertile Ground saved
15:19:08: URL change  ->  https://www.cardmarket.com/en/Magic/Products/Singles/Battlebond/Azra-Oddsmaker
15:19:10: Expanding page
15:19:14: Updating sellers list
15:19:15: All sellers of card Azra Oddsmaker saved
15:19:24: URL change  ->  https://www.cardmarket.com/en/Magic/Products/Singles/Battlebond/Mindblade-Render
15:19:26: Expanding page
15:19:29: Updating sellers list
15:19:30: All sellers of card Mindblade Render saved
15:19:37: URL change  ->  https://www.cardmarket.com/en/Magic/Products/Singles/Battlebond/Virtuss-Maneuver
15:19:39: Expanding page
15:19:45: Updating sellers list
15:19:46: All sellers of card Virtus's Maneuver saved
15:19:58: URL change  ->  https://www.cardmarket.com/en/Magic/Products/Singles/Battlebond/Greater-Good
15:20:00: Expanding page
15:20:04: Updating sellers list
15:20:05: All sellers of card Greater Good saved
15:20:15: URL change  ->  https://www.cardmarket.com/en/Magic/Products/Singles/Battlebond/Pir-Imaginative-Rascal
15:20:17: Expanding page
15:20:19: Updating sellers list
15:20:20: All sellers of card Pir, Imaginative Rascal saved
15:20:25: URL change  ->  https://www.cardmarket.com/en/Magic/Products/Singles/Battlebond/Swords-to-Plowshares
15:20:28: Expanding page
15:20:30: Updating sellers list
15:20:31: Extracting seller info: JDomi
15:20:34: Extracting seller info: RealG
15:20:37: Extracting seller info: calibymkm
15:20:40: Extracting seller info: conte89
15:20:43: Extracting seller info: GoblinTorino
15:20:46: Extracting seller info: QuintoElementoLT
15:20:51: Extracting seller info: Mr-Simpatia17
15:20:54: Extracting seller info: ZionRyan
15:20:56: Extracting seller info: MerfolkPL
15:20:59: Extracting seller info: Lucivan
15:21:03: Extracting seller info: mtgcloux
15:21:06: Extracting seller info: Bridgeisnumber1
15:21:09: Extracting seller info: leeya
15:21:13: Extracting seller info: Knudi
15:21:16: Extracting seller info: badluke1991
15:21:18: Extracting seller info: Luka182
15:21:21: Extracting seller info: NoLadyGodiva
15:21:24: Extracting seller info: Hyden
15:21:27: Extracting seller info: Rubok
15:21:30: All sellers of card Swords to Plowshares saved
15:21:35: URL change  ->  https://www.cardmarket.com/en/Magic/Products/Singles/Battlebond/Virtus-the-Veiled
15:21:37: Expanding page
15:21:46: Updating sellers list
15:21:46: Extracting seller info: alexdelpero
15:21:49: Extracting seller info: IAB57
15:21:52: Extracting seller info: Screw-Driver
15:21:56: Extracting seller info: Razna
15:21:59: Extracting seller info: MrKeks
15:22:02: Extracting seller info: chaosof99
15:22:05: Extracting seller info: jackskellington
15:22:08: Extracting seller info: Bubblebee1337
15:43:29: Webdriver ready
15:43:29: Database connection established

15:43:29: Task - Compiling a list of all card names in current expansion
15:43:30: URL change  ->  https://www.cardmarket.com/en/Magic/Products/Singles/Battlebond?site=1
15:43:30: Done - Card names from Battlebond are already saved

15:43:31: URL change  ->  https://www.cardmarket.com/en/Magic/Products/Singles/Battlebond/Skyshroud-Claim
15:43:33:                 Expanding page...
15:43:36: Card Skyshroud Claim saved recently (15)
15:43:36: Task - Updating sellers list
15:43:37: Done - All sellers of card Skyshroud Claim saved
15:43:50: URL change  ->  https://www.cardmarket.com/en/Magic/Products/Singles/Battlebond/Impulse
15:43:52:                 Expanding page...
15:43:59: Card Impulse saved recently (15)
15:43:59: Task - Updating sellers list
15:44:00: Done - All sellers of card Impulse saved
15:44:23: URL change  ->  https://www.cardmarket.com/en/Magic/Products/Singles/Battlebond/Zndrsplt-Eye-of-Wisdom
15:44:25:                 Expanding page...
15:44:34: Card Zndrsplt, Eye of Wisdom saved recently (15)
15:44:34: Task - Updating sellers list
15:44:35: Done - All sellers of card Zndrsplt, Eye of Wisdom saved
15:44:58: URL change  ->  https://www.cardmarket.com/en/Magic/Products/Singles/Battlebond/Chain-Lightning
15:45:00:                 Expanding page...
15:45:03: Card Chain Lightning saved recently (15)
15:45:03: Task - Updating sellers list
15:45:03: Done - All sellers of card Chain Lightning saved
15:45:11: === Another run of the code ===
15:45:16: Webdriver ready
15:45:16: Database connection established

15:45:16: Task - Compiling a list of all card names in current expansion
15:45:17: URL change  ->  https://www.cardmarket.com/en/Magic/Products/Singles/Battlebond?site=1
15:45:17: Done - Card names from Battlebond are already saved

15:45:18: URL change  ->  https://www.cardmarket.com/en/Magic/Products/Singles/Battlebond/Skyshroud-Claim
15:45:19:                 Expanding page...
15:45:23: Card Skyshroud Claim saved recently (15)
15:45:23: Task - Updating sellers list
15:45:24: Done - All sellers of card Skyshroud Claim saved
15:45:39: URL change  ->  https://www.cardmarket.com/en/Magic/Products/Singles/Battlebond/Impulse
15:45:41:                 Expanding page...
