14:17:55: === Creation of this file ===
14:17:55: 
== Add date ==
14:17:55: Date: 			29/06/2021
14:17:55: Hour: 			14
14:17:55: Date ID: 			2
14:18:04: Webdriver ready
14:18:04: Database connection established
14:18:04: Compiling a list of all card names in current expansion
14:18:05: 
URL change  ->  https://www.cardmarket.com/en/Magic/Products/Singles/Battlebond?site=1
14:18:05: Card names from Battlebond are already saved
14:18:06: 
URL change  ->  https://www.cardmarket.com/en/Magic/Products/Singles/Battlebond/Skyshroud-Claim
14:18:11: Updating sellers list
14:18:12: All sellers of card Skyshroud Claim saved
14:18:16: 
URL change  ->  https://www.cardmarket.com/en/Magic/Products/Singles/Battlebond/Impulse
14:18:25: Updating sellers list
14:18:26: All sellers of card Impulse saved
14:18:34: 
URL change  ->  https://www.cardmarket.com/en/Magic/Products/Singles/Battlebond/Zndrsplt-Eye-of-Wisdom
14:18:42: Updating sellers list
14:18:43: All sellers of card Zndrsplt, Eye of Wisdom saved
14:18:51: 
URL change  ->  https://www.cardmarket.com/en/Magic/Products/Singles/Battlebond/Chain-Lightning
14:18:55: Updating sellers list
14:18:55: All sellers of card Chain Lightning saved
14:18:59: 
URL change  ->  https://www.cardmarket.com/en/Magic/Products/Singles/Battlebond/Okaun-Eye-of-Chaos
14:19:02: Updating sellers list
14:19:05: Seller dropped!
14:19:05: Bad page soup dumped to logs/soups/542442.log

14:19:09: Seller dropped!
14:19:09: Bad page soup dumped to logs/soups/746496.log

14:19:12: Extracting seller info: MTGshop-NL
14:19:15: Extracting seller info: NK218
14:19:18: Extracting seller info: Mr-Pirilampo
14:19:21: Extracting seller info: Bumblebeez
14:19:24: Extracting seller info: Naicigam
14:19:26: Extracting seller info: Anesteria
14:19:29: Extracting seller info: ManaBrain
14:19:32: Extracting seller info: Fima23
14:19:35: Extracting seller info: timondml
14:19:38: Extracting seller info: Schlamarcel
14:19:41: Extracting seller info: Lukse
14:19:43: Extracting seller info: alle008
