01:51:24: Creation of this file
01:51:24: Date 29/06/2021 01:51 added	date_ID: 32
01:51:24: Opening the webdriver
01:51:29: Webdriver ready
01:51:29: Database connection established
01:51:30: URL change  ->  https://www.cardmarket.com/en/Magic/Products/Singles/Battlebond?site=1
01:51:30: Card names from Battlebond are already saved

01:51:30: URL change  ->  https://www.cardmarket.com/en/Magic/Products/Singles/Battlebond/Skyshroud-Claim
01:51:30: Sleeping for 0.6316031992139757 seconds
01:51:31: Extending the sellers view...
01:51:31: Sleeping for 0.57887310756548 seconds
01:51:32: Extending the sellers view...
01:51:32: Sleeping for 0.6154702863330902 seconds
01:51:32: [read card]
01:51:32: [read date]
01:51:32: Card Skyshroud Claim saved recently (01:41)
01:51:32: Already saved: Skyshroud Claim

01:51:32: [read seller]
01:51:32: Already saved: PartyNator

01:51:32: [read seller]
01:51:32: Already saved: CValle

01:51:32: [read seller]
01:51:32: Already saved: MarcoSanzin

01:51:32: [read seller]
01:51:32: Already saved: MagicBivio

01:51:32: [read seller]
01:51:32: Already saved: Tezzeret84

01:51:32: [read seller]
01:51:32: Already saved: Lordburka

01:51:32: [read seller]
01:51:32: Already saved: Lanowar69

01:51:32: [read seller]
01:51:32: Already saved: Topdeckskills

01:51:32: [read seller]
01:51:32: Already saved: magicpartcard

01:51:32: [read seller]
01:51:32: Already saved: stanislaf

01:51:32: [read seller]
01:51:32: Already saved: Thrymiir

01:51:32: [read seller]
01:51:32: Already saved: daidojilaurent

01:51:32: [read seller]
01:51:32: Already saved: sovmar

01:51:32: [read seller]
01:51:32: Already saved: Ceribe

01:51:32: [read seller]
01:51:32: Already saved: Felixuco

01:51:32: [read seller]
01:51:32: Already saved: Richaardi

01:51:32: [read seller]
01:51:32: Already saved: diddos

01:51:32: [read seller]
01:51:32: Already saved: dakkon87

01:51:32: [read seller]
01:51:32: Already saved: Mirikov

01:51:32: [read seller]
01:51:32: Already saved: BrandyBrand

01:51:32: [read seller]
01:51:32: Already saved: CommanderStaples

01:51:32: [read seller]
01:51:32: Already saved: BechaMecha

01:51:32: [read seller]
01:51:32: Already saved: MadridMagic

01:51:32: [read seller]
01:51:32: Already saved: DombekTorun

01:51:32: [read seller]
01:51:32: Already saved: BaukeS

01:51:32: [read seller]
01:51:32: Already saved: plkfd

01:51:32: [read seller]
01:51:32: Already saved: quasimoto

01:51:32: [read seller]
01:51:32: Already saved: Zoocomics

01:51:32: [read seller]
01:51:32: Already saved: MTG-Prime

01:51:32: [read seller]
01:51:32: Already saved: FrankvdWaals

01:51:32: [read seller]
01:51:32: Already saved: GunCha

01:51:32: [read seller]
01:51:32: Already saved: hobbitfred

01:51:32: [read seller]
01:51:32: Already saved: Tyron-Heartz

01:51:32: [read seller]
01:51:32: Already saved: cultus

01:51:32: [read seller]
01:51:32: Already saved: bendu71

01:51:32: [read seller]
01:51:32: Already saved: Kungfupeet

01:51:32: [read seller]
01:51:33: Already saved: TheCoonRises

01:51:33: [read seller]
01:51:33: Already saved: kARNN

01:51:33: [read seller]
01:51:33: Already saved: RedDragonMagic

01:51:33: [read seller]
01:51:33: Already saved: fuxxi

01:51:33: [read seller]
01:51:33: Already saved: maglaf88

01:51:33: [read seller]
01:51:33: Already saved: antonio-muenster

01:51:33: [read seller]
01:51:33: Already saved: Dinis

01:51:33: [read seller]
01:51:33: Already saved: Akroma44

01:51:33: [read seller]
01:51:33: Already saved: 38Shizo

01:51:33: [read seller]
01:51:33: Already saved: Matze-KungFury

01:51:33: [read seller]
01:51:33: Already saved: pantufas

01:51:33: [read seller]
01:51:33: Already saved: Loui0

01:51:33: [read seller]
01:51:33: Already saved: tennlos

01:51:33: [read seller]
01:51:33: Already saved: MagicNexus

01:51:33: [read seller]
01:51:33: Already saved: SimonJack88

01:51:33: [read seller]
01:51:33: Already saved: JohnWizard

01:51:33: [read seller]
01:51:33: Already saved: Rarehuntershop

01:51:33: [read seller]
01:51:33: Already saved: CardStoreAlcamo

01:51:33: [read seller]
01:51:33: Already saved: Brenag

01:51:33: [read seller]
01:51:33: Already saved: Magicdealer-patte-de

01:51:33: [read seller]
01:51:33: Already saved: Magicshop2000

01:51:33: [read seller]
01:51:33: Already saved: DiamondValley

01:51:33: [read seller]
01:51:33: Already saved: maglaf88

01:51:33: [read seller]
01:51:33: Already saved: Kartenkoenig

01:51:33: [read seller]
01:51:33: Already saved: Zaki23

01:51:33: [read seller]
01:51:33: Already saved: kfranklin12

01:51:33: [read seller]
01:51:33: Already saved: hespacc

01:51:33: [read seller]
01:51:33: Already saved: Mirrankreuzritter

01:51:33: [read seller]
01:51:33: Already saved: matiasgabarron

01:51:33: [read seller]
01:51:33: Already saved: HiveGames

01:51:33: [read seller]
01:51:33: Already saved: mtg-discounter24

01:51:33: [read seller]
01:51:33: Already saved: Athabasca

01:51:33: [read seller]
01:51:33: Already saved: Twoshop

01:51:33: [read seller]
01:51:33: Already saved: DHGames

01:51:33: [read seller]
01:51:33: Already saved: ishotya

01:51:33: [read seller]
01:51:33: Already saved: DagonX

01:51:33: [read seller]
01:51:33: Already saved: landshome279

01:51:33: [read seller]
01:51:33: Already saved: satirobcn

01:51:33: [read seller]
01:51:33: Already saved: Bigs77

01:51:33: [read seller]
01:51:33: Already saved: gambo

01:51:33: [read seller]
01:51:33: Already saved: stamosm

01:51:33: [read seller]
01:51:33: Already saved: Bruce7506

01:51:33: [read seller]
01:51:33: Already saved: rakerone

01:51:33: [read seller]
01:51:33: Already saved: Mintcardgem

01:51:33: [read seller]
01:51:33: Already saved: AdrianMC

01:51:33: [read seller]
01:51:33: Already saved: Skiski

01:51:33: [read seller]
01:51:33: Already saved: rockardist

01:51:33: [read seller]
01:51:33: Already saved: DrDkt666

01:51:33: [read seller]
01:51:33: Already saved: Zoios

01:51:33: [read seller]
01:51:33: Already saved: Kuduce

01:51:33: [read seller]
01:51:33: Already saved: Mavado-Vemos

01:51:33: [read seller]
01:51:33: Already saved: Colovia

01:51:33: [read seller]
01:51:33: Already saved: K40crew

01:51:33: [read seller]
01:51:33: Already saved: michaldurovic

01:51:33: [read seller]
01:51:33: Already saved: Muttonium

01:51:33: [read seller]
01:51:33: Already saved: Adway

01:51:33: [read seller]
01:51:33: Already saved: Carioca9987

01:51:33: [read seller]
01:51:33: Already saved: maxsilver

01:51:33: [read seller]
01:51:33: Already saved: pbjoker

01:51:33: [read seller]
01:51:33: Already saved: pbjoker

01:51:33: [read seller]
01:51:33: Already saved: Ghostlo

01:51:33: [read seller]
01:51:33: Already saved: Magicshop2000

01:51:33: [read seller]
01:51:33: Already saved: CrazyComicsAndGames

01:51:33: [read seller]
01:51:33: Already saved: Abdelbach

01:51:33: URL change  ->  https://www.cardmarket.com/en/Magic/Products/Singles/Battlebond/Impulse
01:51:33: Sleeping for 0.6038697320089592 seconds
