01:52:50: Creation of this file
01:52:50: Date 29/06/2021 01:52 added	date_ID: 33
01:52:50: Opening the webdriver
01:52:54: Webdriver ready
01:52:54: Database connection established
01:52:55: URL change  ->  https://www.cardmarket.com/en/Magic/Products/Singles/Battlebond?site=1
01:52:55: Card names from Battlebond are already saved

01:52:56: URL change  ->  https://www.cardmarket.com/en/Magic/Products/Singles/Battlebond/Skyshroud-Claim
01:52:56: Sleeping for 1.0519756736024142 seconds
01:52:57: Extending the sellers view...
01:52:57: Sleeping for 0.5998281302446442 seconds
01:52:58: Extending the sellers view...
01:52:58: Sleeping for 0.7050028099828867 seconds
01:52:58: Extending the sellers view...
01:52:58: Sleeping for 0.7464796158871948 seconds
01:52:59: Extending the sellers view...
01:52:59: Sleeping for 0.6137158346802826 seconds
01:53:00: [read card]
01:53:00: [read date]
01:53:00: Card Skyshroud Claim saved recently (01:41)
01:53:00: Already saved: Skyshroud Claim

01:53:00: [read seller]
01:53:00: Already saved: PartyNator

01:53:00: [read seller]
01:53:00: Already saved: CValle

01:53:00: [read seller]
01:53:00: Already saved: MarcoSanzin

01:53:00: [read seller]
01:53:00: Already saved: MagicBivio

01:53:00: [read seller]
01:53:00: Already saved: Tezzeret84

01:53:00: [read seller]
01:53:00: Already saved: Lordburka

01:53:00: [read seller]
01:53:00: Already saved: Lanowar69

01:53:00: [read seller]
01:53:00: Already saved: Topdeckskills

01:53:00: [read seller]
01:53:00: Already saved: magicpartcard

01:53:00: [read seller]
01:53:00: Already saved: stanislaf

01:53:00: [read seller]
01:53:00: Already saved: Thrymiir

01:53:00: [read seller]
01:53:00: Already saved: daidojilaurent

01:53:00: [read seller]
01:53:00: Already saved: sovmar

01:53:00: [read seller]
01:53:00: Already saved: Ceribe

01:53:00: [read seller]
01:53:00: Already saved: Felixuco

01:53:00: [read seller]
01:53:00: Already saved: Richaardi

01:53:00: [read seller]
01:53:00: Already saved: diddos

01:53:00: [read seller]
01:53:00: Already saved: dakkon87

01:53:00: [read seller]
01:53:00: Already saved: Mirikov

01:53:00: [read seller]
01:53:00: Already saved: BrandyBrand

01:53:00: [read seller]
01:53:00: Already saved: CommanderStaples

01:53:00: [read seller]
01:53:00: Already saved: BechaMecha

01:53:00: [read seller]
01:53:00: Already saved: MadridMagic

01:53:00: [read seller]
01:53:00: Already saved: DombekTorun

01:53:00: [read seller]
01:53:00: Already saved: BaukeS

01:53:00: [read seller]
01:53:00: Already saved: plkfd

01:53:00: [read seller]
01:53:00: Already saved: quasimoto

01:53:00: [read seller]
01:53:00: Already saved: Zoocomics

01:53:00: [read seller]
01:53:00: Already saved: MTG-Prime

01:53:00: [read seller]
01:53:00: Already saved: FrankvdWaals

01:53:00: [read seller]
01:53:00: Already saved: GunCha

01:53:00: [read seller]
01:53:00: Already saved: hobbitfred

01:53:00: [read seller]
01:53:00: Already saved: Tyron-Heartz

01:53:00: [read seller]
01:53:00: Already saved: cultus

01:53:00: [read seller]
01:53:00: Already saved: bendu71

01:53:00: [read seller]
01:53:00: Already saved: Kungfupeet

01:53:00: [read seller]
01:53:00: Already saved: TheCoonRises

01:53:00: [read seller]
01:53:00: Already saved: kARNN

01:53:00: [read seller]
01:53:00: Already saved: RedDragonMagic

01:53:00: [read seller]
01:53:00: Already saved: fuxxi

01:53:00: [read seller]
01:53:00: Already saved: maglaf88

01:53:00: [read seller]
01:53:00: Already saved: antonio-muenster

01:53:00: [read seller]
01:53:00: Already saved: Dinis

01:53:00: [read seller]
01:53:00: Already saved: Akroma44

01:53:00: [read seller]
01:53:00: Already saved: 38Shizo

01:53:00: [read seller]
01:53:00: Already saved: Matze-KungFury

01:53:00: [read seller]
01:53:00: Already saved: pantufas

01:53:00: [read seller]
01:53:00: Already saved: Loui0

01:53:00: [read seller]
01:53:00: Already saved: tennlos

01:53:00: [read seller]
01:53:00: Already saved: MagicNexus

01:53:00: [read seller]
01:53:00: Already saved: SimonJack88

01:53:00: [read seller]
01:53:00: Already saved: JohnWizard

01:53:00: [read seller]
01:53:00: Already saved: Rarehuntershop

01:53:00: [read seller]
01:53:00: Already saved: CardStoreAlcamo

01:53:00: [read seller]
01:53:00: Already saved: Brenag

01:53:00: [read seller]
01:53:00: Already saved: Magicdealer-patte-de

01:53:00: [read seller]
01:53:00: Already saved: Magicshop2000

01:53:00: [read seller]
01:53:00: Already saved: DiamondValley

01:53:00: [read seller]
01:53:00: Already saved: maglaf88

01:53:00: [read seller]
01:53:00: Already saved: Kartenkoenig

01:53:00: [read seller]
01:53:00: Already saved: Zaki23

01:53:00: [read seller]
01:53:00: Already saved: kfranklin12

01:53:00: [read seller]
01:53:00: Already saved: hespacc

01:53:00: [read seller]
01:53:00: Already saved: Mirrankreuzritter

01:53:00: [read seller]
01:53:00: Already saved: matiasgabarron

01:53:00: [read seller]
01:53:00: Already saved: HiveGames

01:53:00: [read seller]
01:53:00: Already saved: mtg-discounter24

01:53:00: [read seller]
01:53:00: Already saved: Athabasca

01:53:00: [read seller]
01:53:00: Already saved: Twoshop

01:53:00: [read seller]
01:53:00: Already saved: DHGames

01:53:00: [read seller]
01:53:00: Already saved: ishotya

01:53:00: [read seller]
01:53:00: Already saved: DagonX

01:53:00: [read seller]
01:53:00: Already saved: landshome279

01:53:00: [read seller]
01:53:00: Already saved: satirobcn

01:53:00: [read seller]
01:53:00: Already saved: Bigs77

01:53:00: [read seller]
01:53:00: Already saved: gambo

01:53:01: [read seller]
01:53:01: Already saved: stamosm

01:53:01: [read seller]
01:53:01: Already saved: Bruce7506

01:53:01: [read seller]
01:53:01: Already saved: rakerone

01:53:01: [read seller]
01:53:01: Already saved: Mintcardgem

01:53:01: [read seller]
01:53:01: Already saved: AdrianMC

01:53:01: [read seller]
01:53:01: Already saved: Skiski

01:53:01: [read seller]
01:53:01: Already saved: rockardist

01:53:01: [read seller]
01:53:01: Already saved: DrDkt666

01:53:01: [read seller]
01:53:01: Already saved: Zoios

01:53:01: [read seller]
01:53:01: Already saved: Kuduce

01:53:01: [read seller]
01:53:01: Already saved: Mavado-Vemos

01:53:01: [read seller]
01:53:01: Already saved: Colovia

01:53:01: [read seller]
01:53:01: Already saved: K40crew

01:53:01: [read seller]
01:53:01: Already saved: michaldurovic

01:53:01: [read seller]
01:53:01: Already saved: Muttonium

01:53:01: [read seller]
01:53:01: Already saved: Adway

01:53:01: [read seller]
01:53:01: Already saved: Carioca9987

01:53:01: [read seller]
01:53:01: Already saved: maxsilver

01:53:01: [read seller]
01:53:01: Already saved: pbjoker

01:53:01: [read seller]
01:53:01: Already saved: pbjoker

01:53:01: [read seller]
01:53:01: Already saved: Ghostlo

01:53:01: [read seller]
01:53:01: Already saved: Magicshop2000

01:53:01: [read seller]
01:53:01: Already saved: CrazyComicsAndGames

01:53:01: [read seller]
01:53:01: Already saved: Abdelbach

01:53:01: [read seller]
01:53:01: Already saved: heckman

01:53:01: [read seller]
01:53:01: Already saved: Zloch

01:53:01: [read seller]
01:53:01: Already saved: Ceribe

01:53:01: [read seller]
01:53:01: Already saved: deathhenker

01:53:01: [read seller]
01:53:01: Already saved: OutpostBrussels

01:53:01: [read seller]
01:53:01: Already saved: Zakk67

01:53:01: [read seller]
01:53:01: Already saved: zalakke

01:53:01: [read seller]
01:53:01: Already saved: CardCastle

01:53:01: [read seller]
01:53:01: Already saved: Admiral-Haze

01:53:01: [read seller]
01:53:01: Already saved: Moltras

01:53:01: [read seller]
01:53:01: Already saved: Moltras

01:53:01: [read seller]
01:53:01: Already saved: masa

01:53:01: [read seller]
01:53:01: Already saved: roughy

01:53:01: [read seller]
01:53:01: Already saved: cornelius59

01:53:01: [read seller]
01:53:01: Already saved: Zoocomics

01:53:01: [read seller]
01:53:01: Already saved: seagel

01:53:01: [read seller]
01:53:01: Already saved: D-Insane

01:53:01: [read seller]
01:53:01: Already saved: elliot1990pl

01:53:01: [read seller]
01:53:01: Already saved: evertk

01:53:01: [read seller]
01:53:01: Already saved: matic

01:53:01: [read seller]
01:53:01: Already saved: dommedag

01:53:01: [read seller]
01:53:01: Already saved: Quilombero

01:53:01: [read seller]
01:53:01: Already saved: TizziTizzi

01:53:01: [read seller]
01:53:01: Already saved: leonin

01:53:01: [read seller]
01:53:01: Already saved: Lorena

01:53:01: [read seller]
01:53:01: Already saved: JJ-Finkleton

01:53:01: [read seller]
01:53:01: Already saved: Boromol

01:53:01: [read seller]
01:53:01: Already saved: flosiii

01:53:01: [read seller]
01:53:01: Already saved: jerome34

01:53:01: [read seller]
01:53:01: Already saved: punkboy48

01:53:01: [read seller]
01:53:01: Already saved: MagicTradeHouseNo1

01:53:01: [read seller]
01:53:01: Already saved: DavidxRodx

01:53:01: [read seller]
01:53:01: Already saved: NicoDN

01:53:01: [read seller]
01:53:01: Already saved: Strat066

01:53:01: [read seller]
01:53:01: Already saved: ClemFr

01:53:01: [read seller]
01:53:01: Already saved: MaxiM87

01:53:01: [read seller]
01:53:01: Already saved: Sadquatch

01:53:01: [read seller]
01:53:01: Already saved: Games-Island

01:53:01: [read seller]
01:53:01: Already saved: Mazvigosl

01:53:01: [read seller]
01:53:01: Already saved: DonMTG

01:53:01: [read seller]
01:53:01: Already saved: MagicBarcelona

01:53:01: [read seller]
01:53:01: Already saved: das-Marmak

01:53:01: [read seller]
01:53:01: Already saved: Rusty2410

01:53:01: [read seller]
01:53:01: Already saved: tuvok85

01:53:01: [read seller]
01:53:01: Already saved: Jurgencreyf

01:53:01: [read seller]
01:53:01: Already saved: LotusGarden

01:53:01: [read seller]
01:53:01: Already saved: buchanin

01:53:01: [read seller]
01:53:01: Already saved: gabrielooos93

01:53:01: [read seller]
01:53:01: Already saved: MishrasCardshop

01:53:01: [read seller]
01:53:01: Already saved: MrclBok

01:53:01: [read seller]
01:53:01: Already saved: MagicEmporium

01:53:01: [read seller]
01:53:01: Already saved: Harakesh

01:53:01: [read seller]
01:53:01: Already saved: The-Inn-TCG

01:53:01: [read seller]
01:53:01: Already saved: DrawstepGD

01:53:01: [read seller]
01:53:01: Already saved: magictuga

01:53:01: [read seller]
01:53:01: Already saved: Ghostlo

01:53:01: [read seller]
01:53:01: Already saved: Ghostlo

01:53:01: [read seller]
01:53:01: Already saved: Abdelbach

01:53:01: [read seller]
01:53:01: Already saved: Igibert

01:53:01: [read seller]
01:53:01: Already saved: MagicTradeHouseNo1

01:53:01: [read seller]
01:53:01: Already saved: pl0wbeast

01:53:01: [read seller]
01:53:01: Already saved: Moria05

01:53:01: [read seller]
01:53:01: Already saved: DrawstepGD

01:53:01: [read seller]
01:53:01: Already saved: Igibert

01:53:01: [read seller]
01:53:01: Already saved: FKTRD

01:53:01: [read seller]
01:53:01: Already saved: PlayTimeComo

01:53:01: [read seller]
01:53:01: Already saved: Grecutus

01:53:01: [read seller]
01:53:01: Already saved: kreaten

01:53:01: [read seller]
01:53:01: Already saved: ZackyVeah

01:53:01: [read seller]
01:53:01: Already saved: HeinerBremer

01:53:01: [read seller]
01:53:01: Already saved: WizardshopCz

01:53:01: [read seller]
01:53:01: Already saved: Wildfirestore

01:53:01: [read seller]
01:53:01: Already saved: Zebratus

01:53:01: [read seller]
01:53:01: Already saved: willybizarre

01:53:01: [read seller]
01:53:01: Already saved: Outpostgamecenter

01:53:01: [read seller]
01:53:01: Already saved: Galactus-Roma

01:53:01: [read seller]
01:53:01: Already saved: CardsMania

01:53:01: [read seller]
01:53:01: Already saved: CARAB

01:53:01: [read seller]
01:53:01: Already saved: magiccorner

01:53:01: [read seller]
01:53:01: Already saved: DRAGONCT

01:53:01: [read seller]
01:53:01: Already saved: Metropolis-Center

01:53:01: [read seller]
01:53:01: Already saved: NobleGarden

01:53:01: [read seller]
01:53:01: Already saved: pl0wbeast

01:53:01: [read seller]
01:53:01: Already saved: pl0wbeast

01:53:01: [read seller]
01:53:01: Already saved: pl0wbeast

01:53:01: [read seller]
01:53:01: Already saved: Skaldenmagie

01:53:01: [read seller]
01:53:01: Already saved: Bjiarni

01:53:01: [read seller]
01:53:01: Already saved: Goshar

01:53:01: [read seller]
01:53:01: Already saved: das-Marmak

01:53:01: [read seller]
01:53:01: Already saved: Kuldotha-Bazaar

01:53:01: [read seller]
01:53:01: Already saved: Nightshade-Shop

01:53:01: [read seller]
01:53:01: Already saved: PlaceOfGeek

01:53:01: [read seller]
01:53:01: Already saved: LotusVale-Bochum

01:53:01: [read seller]
01:53:01: Already saved: Deprolloneon

01:53:01: [read seller]
01:53:01: Already saved: zarcenas

01:53:01: [read seller]
01:53:01: Already saved: DoozEscape

01:53:01: [read seller]
01:53:01: Already saved: Baldur82

01:53:01: [read seller]
01:53:01: Already saved: Baldur82

01:53:01: [read seller]
01:53:01: Already saved: delmas

01:53:01: [read seller]
01:53:01: Already saved: TolarianBrewAcademy

01:53:01: [read seller]
01:53:01: Already saved: TCG-entertainment

01:53:01: [read seller]
01:53:01: Already saved: DragonReikaiGames

01:53:01: [read seller]
01:53:01: Already saved: Abdelbach

01:53:01: [read seller]
01:53:01: Already saved: JM123

01:53:01: [read seller]
01:53:01: Already saved: normans

01:53:01: [read seller]
01:53:01: Already saved: Gunship-Games

01:53:01: [read seller]
01:53:01: Already saved: Mazvigosl

01:53:01: [read seller]
01:53:01: Already saved: jokerbovisa

01:53:01: [read seller]
01:53:01: Already saved: Playin

01:53:01: [read seller]
01:53:01: Already saved: House-of-Games

01:53:01: [read seller]
01:53:01: Already saved: karmacrow

01:53:01: [read seller]
01:53:01: Already saved: BB-Spiele

01:53:01: [read seller]
01:53:01: Already saved: SpielRaum

01:53:01: [read seller]
01:53:01: Already saved: SpielRaum

01:53:01: [read seller]
01:53:01: Already saved: House-of-Games

01:53:01: [read seller]
01:53:01: Already saved: Deprolloneon

01:53:01: [read seller]
01:53:01: Already saved: JohnWizard

01:53:01: [read seller]
01:53:01: Already saved: SVKZeke

01:53:01: [read seller]
01:53:01: Already saved: SVKZeke

01:53:01: [read seller]
01:53:01: Already saved: AboveGodlike

01:53:01: [read seller]
01:53:01: Already saved: webuyanycard

01:53:01: [read seller]
01:53:01: Already saved: Kiki237

01:53:01: [read seller]
01:53:01: Already saved: Antonius

01:53:01: [read seller]
01:53:01: Already saved: LPPCOLLECTING-IT-SRL

01:53:01: [read seller]
01:53:01: Already saved: MagicBarcelona

01:53:01: [read seller]
01:53:01: Already saved: toycastle

01:53:01: [read seller]
01:53:01: Already saved: masa

01:53:01: [read seller]
01:53:01: Already saved: Rusty2410

01:53:01: [read seller]
01:53:01: Already saved: TimeaB

01:53:01: [read seller]
01:53:01: Already saved: Kartenkoenig

01:53:01: [read seller]
01:53:01: Already saved: DRAGONCT

01:53:01: [read seller]
01:53:01: Already saved: TimeaB

01:53:01: [read seller]
01:53:01: Already saved: roughy

01:53:01: [read seller]
01:53:01: Already saved: martial-alters

01:53:01: [read seller]
01:53:01: Already saved: martial-alters

01:53:01: [read seller]
01:53:01: Already saved: Mazvigosl

01:53:02: URL change  ->  https://www.cardmarket.com/en/Magic/Products/Singles/Battlebond/Impulse
01:53:02: Sleeping for 1.0987266975845051 seconds
01:53:03: Extending the sellers view...
01:53:03: Sleeping for 0.6223228797538758 seconds
01:53:04: Extending the sellers view...
01:53:04: Sleeping for 0.5345472408949519 seconds
01:53:04: Extending the sellers view...
01:53:04: Sleeping for 0.5854480150900674 seconds
01:53:05: Extending the sellers view...
01:53:05: Sleeping for 0.71366453244799 seconds
01:53:06: Extending the sellers view...
01:53:06: Sleeping for 0.31560610668986977 seconds
01:53:06: Extending the sellers view...
01:53:06: Sleeping for 0.5297080349757415 seconds
01:53:07: Extending the sellers view...
01:53:07: Sleeping for 0.7116473815689406 seconds
01:53:08: Extending the sellers view...
01:53:08: Sleeping for 0.5123599616812301 seconds
01:53:08: Extending the sellers view...
01:53:08: Sleeping for 0.7019320067934292 seconds
01:53:10: [read card]
01:53:10: [read date]
01:53:10: Card Impulse saved recently (01:50)
01:53:10: Already saved: Impulse

01:53:10: [read seller]
01:53:10: Already saved: replicart71

01:53:10: [read seller]
01:53:10: Already saved: WhiteFoxThree

01:53:10: [read seller]
01:53:10: Already saved: Jean-Claire

01:53:10: [read seller]
01:53:10: Already saved: Jean-Claire

01:53:10: [read seller]
01:53:10: Already saved: NuggetGaming

01:53:10: [read seller]
01:53:10: Already saved: ctouya

01:53:10: [read seller]
01:53:10: Already saved: Giftsungiven

01:53:10: [read seller]
01:53:10: Already saved: Emisary121

01:53:10: [read seller]
01:53:10: Already saved: Espell

01:53:10: [read seller]
01:53:10: Already saved: ruben52

01:53:10: [read seller]
01:53:10: Already saved: procards

01:53:10: [read seller]
01:53:10: Already saved: ludovic1968

01:53:10: [read seller]
01:53:10: Already saved: valis

01:53:10: [read seller]
01:53:10: Already saved: antonio-muenster

01:53:10: [read seller]
01:53:10: Already saved: NoDrummer

01:53:10: [read seller]
01:53:10: Already saved: Styliann

01:53:10: [read seller]
01:53:10: Already saved: yannloison13

01:53:10: [read seller]
01:53:10: Already saved: masistuta

01:53:10: [read seller]
01:53:10: Already saved: Trade-Secrets

01:53:10: [read seller]
01:53:10: Already saved: phagma

01:53:10: [read seller]
01:53:10: Already saved: Gautch

01:53:10: [read seller]
01:53:10: Already saved: txbcards

01:53:10: [read seller]
01:53:10: Already saved: Knightnight

01:53:10: [read seller]
01:53:10: Already saved: karasofr

01:53:10: [read seller]
01:53:10: Already saved: Pa-t-ch

01:53:10: [read seller]
01:53:10: Already saved: rogiol

01:53:10: [read seller]
01:53:10: Already saved: danieldisco

01:53:10: [read seller]
01:53:10: Already saved: Admiral-Haze

01:53:10: [read seller]
01:53:10: Already saved: aleeuwen1

01:53:10: [read seller]
01:53:10: Already saved: Geek-Corner

01:53:10: [read seller]
01:53:10: Already saved: Stefouch

01:53:10: [read seller]
01:53:10: Already saved: MarcoSanzin

01:53:10: [read seller]
01:53:10: Already saved: PartyNator

01:53:10: [read seller]
01:53:10: Already saved: pisqnek

01:53:10: [read seller]
01:53:10: Already saved: Goodlookgamer

01:53:10: [read seller]
01:53:10: Already saved: TopdeckDK

01:53:10: [read seller]
01:53:10: Already saved: sedehiMTG

01:53:10: [read seller]
01:53:10: Already saved: Magiccardshop

01:53:10: [read seller]
01:53:10: Already saved: TCGWarehouse

01:53:10: [read seller]
01:53:10: Already saved: helpoemer

01:53:10: [read seller]
01:53:10: Already saved: Nerd-Shop

01:53:10: [read seller]
01:53:10: Already saved: Andycards

01:53:10: [read seller]
01:53:10: Already saved: weißer-Lotus

01:53:10: [read seller]
01:53:10: Already saved: sanjic

01:53:10: [read seller]
01:53:10: Already saved: MagusDoVinhedo

01:53:10: [read seller]
01:53:10: Already saved: Wintereinbruch

01:53:10: [read seller]
01:53:10: Already saved: Kissmaiass

01:53:10: [read seller]
01:53:10: Already saved: thewirtschaftswunder

01:53:10: [read seller]
01:53:10: Already saved: BaukeS

01:53:10: [read seller]
01:53:10: Already saved: Blackbolt

01:53:10: [read seller]
01:53:10: Already saved: Ex0rcist

01:53:10: [read seller]
01:53:10: Already saved: nicororix

01:53:10: [read seller]
01:53:10: Already saved: petedk

01:53:10: [read seller]
01:53:10: Already saved: Rhaegar-LR

01:53:10: [read seller]
01:53:10: Already saved: Benben78

01:53:10: [read seller]
01:53:10: Already saved: kevkev

01:53:10: [read seller]
01:53:10: Already saved: Cohnjollins

01:53:10: [read seller]
01:53:10: Already saved: jeristy

01:53:10: [read seller]
01:53:10: Already saved: N3B3L

01:53:10: [read seller]
01:53:10: Already saved: plkfd

01:53:10: [read seller]
01:53:10: Already saved: oschulte

01:53:10: [read seller]
01:53:10: Already saved: Danedeluxe

01:53:10: [read seller]
01:53:10: Already saved: Theuderich

01:53:10: [read seller]
01:53:10: Already saved: GobboDealer

01:53:10: [read seller]
01:53:10: Already saved: Nihili

01:53:10: [read seller]
01:53:10: Already saved: Lighting

01:53:10: [read seller]
01:53:10: Already saved: helldanno

01:53:10: [read seller]
01:53:10: Already saved: Akroma1987

01:53:10: [read seller]
01:53:10: Already saved: Jacob8800

01:53:10: [read seller]
01:53:10: Already saved: Muskatnuss6

01:53:10: [read seller]
01:53:10: Already saved: Diogenes

01:53:10: [read seller]
01:53:10: Already saved: AdrianMC

01:53:10: [read seller]
01:53:10: Already saved: SpecialOne28

01:53:10: [read seller]
01:53:10: Already saved: emanuelemarket

01:53:10: [read seller]
01:53:10: Already saved: DrDkt666

01:53:10: [read seller]
01:53:10: Already saved: Maumoleseullevrai

01:53:10: [read seller]
01:53:10: Already saved: alfredjkwak

01:53:10: [read seller]
01:53:10: Already saved: Iscalia

01:53:10: [read seller]
01:53:10: Already saved: PzychoL

01:53:10: [read seller]
01:53:10: Already saved: Belkeen

01:53:10: [read seller]
01:53:10: Already saved: NickyBluepants

01:53:10: [read seller]
01:53:10: Already saved: Trudlo

01:53:10: [read seller]
01:53:10: Already saved: Mtg-volos

01:53:10: [read seller]
01:53:10: Already saved: MBrinch

01:53:10: [read seller]
01:53:10: Already saved: Madveek

01:53:10: [read seller]
01:53:10: Already saved: ggmagic

01:53:10: [read seller]
01:53:10: Already saved: Geeksandgamers

01:53:10: [read seller]
01:53:10: Already saved: KrayBoul

01:53:10: [read seller]
01:53:10: Already saved: JoeyMoey

01:53:10: [read seller]
01:53:10: Already saved: daktylus75

01:53:10: [read seller]
01:53:10: Already saved: DagonX

01:53:10: [read seller]
01:53:10: Already saved: dakkon87

01:53:10: [read seller]
01:53:10: Already saved: bouzekry

01:53:10: [read seller]
01:53:10: Already saved: mattopul

01:53:10: [read seller]
01:53:10: Already saved: Cypress

01:53:10: [read seller]
01:53:10: Already saved: LorenzMatterhorn

01:53:10: [read seller]
01:53:10: Already saved: Diogenes

01:53:10: [read seller]
01:53:10: Already saved: RFD94

01:53:10: [read seller]
01:53:10: Already saved: sedehiMTG

01:53:10: [read seller]
01:53:10: Already saved: cernyrytir

01:53:10: [read seller]
01:53:10: Already saved: Hobby-Games

01:53:10: [read seller]
01:53:10: Already saved: elrincondelhobby

01:53:10: [read seller]
01:53:10: Already saved: JoeBuddha

01:53:10: [read seller]
01:53:10: Already saved: Psiakowy

01:53:10: [read seller]
01:53:10: Already saved: ggmagic

01:53:10: [read seller]
01:53:10: Already saved: NEMESIS23180

01:53:10: [read seller]
01:53:10: Already saved: Alexander1907

01:53:10: [read seller]
01:53:10: Already saved: AVATAR-PL

01:53:10: [read seller]
01:53:10: Already saved: LudoB

01:53:10: [read seller]
01:53:10: Already saved: Athabasca

01:53:10: [read seller]
01:53:10: Already saved: Meistermeuchler

01:53:10: [read seller]
01:53:10: Already saved: Gferro

01:53:10: [read seller]
01:53:10: Already saved: Bestialos

01:53:10: [read seller]
01:53:10: Already saved: Hellcat

01:53:10: [read seller]
01:53:10: Already saved: hefaistos

01:53:10: [read seller]
01:53:10: Already saved: pbjoker

01:53:10: [read seller]
01:53:10: Already saved: caceres2020

01:53:10: [read seller]
01:53:10: Already saved: Reitina

01:53:10: [read seller]
01:53:10: Already saved: CardStore-Blois

01:53:10: [read seller]
01:53:10: Already saved: vale46

01:53:10: [read seller]
01:53:10: Already saved: Sinici1992

01:53:10: [read seller]
01:53:10: Already saved: Trons63

01:53:10: [read seller]
01:53:10: Already saved: tschudti

01:53:10: [read seller]
01:53:10: Already saved: Ersanto

01:53:10: [read seller]
01:53:10: Already saved: Alexsoul

01:53:10: [read seller]
01:53:10: Already saved: MTG-Prime

01:53:10: [read seller]
01:53:10: Already saved: feanor986

01:53:10: [read seller]
01:53:10: Already saved: davebeelen

01:53:10: [read seller]
01:53:10: Already saved: Mintcardgem

01:53:10: [read seller]
01:53:10: Already saved: Skiski

01:53:10: [read seller]
01:53:10: Already saved: JoeyMoey

01:53:10: [read seller]
01:53:10: Already saved: GunCha

01:53:10: [read seller]
01:53:10: Already saved: ClemFr

01:53:10: [read seller]
01:53:10: Already saved: JohnWizard

01:53:10: [read seller]
01:53:10: Already saved: Altezio

01:53:10: [read seller]
01:53:10: Already saved: ElFeeder

01:53:10: [read seller]
01:53:10: Already saved: Abyssalia

01:53:10: [read seller]
01:53:10: Already saved: lauke101

01:53:10: [read seller]
01:53:10: Already saved: Enske92

01:53:10: [read seller]
01:53:10: Already saved: alec1012

01:53:10: [read seller]
01:53:10: Already saved: Mtgspot

01:53:10: [read seller]
01:53:10: Already saved: kARNN

01:53:10: [read seller]
01:53:10: Already saved: Sebas74

01:53:10: [read seller]
01:53:10: Already saved: Diesler

01:53:10: [read seller]
01:53:10: Already saved: Hgjlesv

01:53:10: [read seller]
01:53:10: Already saved: DuploCard

01:53:10: [read seller]
01:53:10: Already saved: hael22

01:53:10: [read seller]
01:53:10: Already saved: daidojilaurent

01:53:10: [read seller]
01:53:10: Already saved: CardgeekNL

01:53:10: [read seller]
01:53:10: Already saved: TimeaB

01:53:10: [read seller]
01:53:10: Already saved: elbonenet

01:53:10: [read seller]
01:53:10: Already saved: Zaki23

01:53:10: [read seller]
01:53:10: Already saved: Larinski

01:53:10: [read seller]
01:53:10: Already saved: Goblin-Patron

01:53:11: [read seller]
01:53:11: Already saved: Hammy

01:53:11: [read seller]
01:53:11: Already saved: magicpartcard

01:53:11: [read seller]
01:53:11: Already saved: Gretski15

01:53:11: [read seller]
01:53:11: Already saved: Dinis

01:53:11: [read seller]
01:53:11: Already saved: BriXtreme

01:53:11: [read seller]
01:53:11: Already saved: diddos

01:53:11: [read seller]
01:53:11: Already saved: Kumpel-Trading

01:53:11: [read seller]
01:53:11: Already saved: TablerazeMontpellier

01:53:11: [read seller]
01:53:11: Already saved: HolmesFr

01:53:11: [read seller]
01:53:11: Already saved: kajika46

01:53:11: [read seller]
01:53:11: Already saved: TJHollaar

01:53:11: [read seller]
01:53:11: Already saved: TiagoParracho

01:53:11: [read seller]
01:53:11: Already saved: MichaelBondeDK

01:53:11: [read seller]
01:53:11: Already saved: holzvalle

01:53:11: [read seller]
01:53:11: Already saved: TheBoyz

01:53:11: [read seller]
01:53:11: Already saved: Pixie

01:53:11: [read seller]
01:53:11: Already saved: Sellerarjafin

01:53:11: [read seller]
01:53:11: Already saved: MoonVillage

01:53:11: [read seller]
01:53:11: Already saved: MoonVillage

01:53:11: [read seller]
01:53:11: Already saved: Tarmogoyf

01:53:11: [read seller]
01:53:11: Already saved: DualGames-Alicante

01:53:11: [read seller]
01:53:11: Already saved: MerfolkTraders

01:53:11: [read seller]
01:53:11: Already saved: Kap23

01:53:11: [read seller]
01:53:11: Already saved: exaltetangel

01:53:11: [read seller]
01:53:11: Already saved: MadridMagic

01:53:11: [read seller]
01:53:11: Already saved: MadridMagic

01:53:11: [read seller]
01:53:11: Already saved: maxime75018

01:53:11: [read seller]
01:53:11: Already saved: TradingCardsUnited

01:53:11: [read seller]
01:53:11: Already saved: Aberconda

01:53:11: [read seller]
01:53:11: Already saved: ManaMix

01:53:11: [read seller]
01:53:11: Already saved: Twoshop

01:53:11: [read seller]
01:53:11: Already saved: Sinister123

01:53:11: [read seller]
01:53:11: Already saved: Mik1040

01:53:11: [read seller]
01:53:11: Already saved: Midicards4281

01:53:11: [read seller]
01:53:11: Already saved: DombekTorun

01:53:11: [read seller]
01:53:11: Already saved: cornelius59

01:53:11: [read seller]
01:53:11: Already saved: Nils97

01:53:11: [read seller]
01:53:11: Already saved: luciano38

01:53:11: [read seller]
01:53:11: Already saved: landshome279

01:53:11: [read seller]
01:53:11: Already saved: Llanowar82

01:53:11: [read seller]
01:53:11: Already saved: tserjio

01:53:11: [read seller]
01:53:11: Already saved: chrisa2

01:53:11: [read seller]
01:53:11: Already saved: PowerMagicstar

01:53:11: [read seller]
01:53:11: Already saved: geekfactory

01:53:11: [read seller]
01:53:11: Already saved: sKarty

01:53:11: [read seller]
01:53:11: Already saved: Wommelshausen

01:53:11: [read seller]
01:53:11: Already saved: Megatol

01:53:11: [read seller]
01:53:11: Already saved: k201244

01:53:11: [read seller]
01:53:11: Already saved: marcophone

01:53:11: [read seller]
01:53:11: Already saved: Bigs77

01:53:11: [read seller]
01:53:11: Already saved: gambo

01:53:11: [read seller]
01:53:11: Already saved: TDR62

01:53:11: [read seller]
01:53:11: Already saved: Andre-P

01:53:11: [read seller]
01:53:11: Already saved: Bruce7506

01:53:11: [read seller]
01:53:11: Already saved: rakerone

01:53:11: [read seller]
01:53:11: Already saved: tellez7

01:53:11: [read seller]
01:53:11: Already saved: 38Shizo

01:53:11: [read seller]
01:53:11: Already saved: Mintcardgem

01:53:11: [read seller]
01:53:11: Already saved: Trolloloman

01:53:11: [read seller]
01:53:11: Already saved: Richaardi

01:53:11: [read seller]
01:53:11: Already saved: MarioMirage

01:53:11: [read seller]
01:53:11: Already saved: Secretenergy

01:53:11: [read seller]
01:53:11: Already saved: kevistrauss

01:53:11: [read seller]
01:53:11: Already saved: kasi87

01:53:11: [read seller]
01:53:11: Already saved: AcidQueen

01:53:11: [read seller]
01:53:11: Already saved: elliot1990pl

01:53:11: [read seller]
01:53:11: Already saved: evertk

01:53:11: [read seller]
01:53:11: Already saved: Muttonium

01:53:11: [read seller]
01:53:11: Already saved: Haxan

01:53:11: [read seller]
01:53:11: Already saved: Adway

01:53:11: [read seller]
01:53:11: Already saved: Glendennan

01:53:11: [read seller]
01:53:11: Already saved: Si7en

01:53:11: [read seller]
01:53:11: Already saved: biteul

01:53:11: [read seller]
01:53:11: Already saved: Enachel

01:53:11: [read seller]
01:53:11: Already saved: derstef

01:53:11: [read seller]
01:53:11: Already saved: DonnieDarkoNL

01:53:11: [read seller]
01:53:11: Already saved: Mintcardgem

01:53:11: [read seller]
01:53:11: Already saved: punkboy48

01:53:11: [read seller]
01:53:11: Already saved: Galactus-Roma

01:53:11: [read seller]
01:53:11: Already saved: kfranklin12

01:53:11: [read seller]
01:53:11: Already saved: SimonJack88

01:53:11: [read seller]
01:53:11: Already saved: BorjaxS

01:53:11: [read seller]
01:53:11: Already saved: eMeR90

01:53:11: [read seller]
01:53:11: Already saved: Xalthur

01:53:11: [read seller]
01:53:11: Already saved: welovetocollect

01:53:11: [read seller]
01:53:11: Already saved: reumah

01:53:11: [read seller]
01:53:11: Already saved: Harakesh

01:53:11: [read seller]
01:53:11: Already saved: Kartenkoenig

01:53:11: [read seller]
01:53:11: Already saved: Kartenkoenig

01:53:11: [read seller]
01:53:11: Already saved: Schimmelpopo

01:53:11: [read seller]
01:53:11: Already saved: Xobulo

01:53:11: [read seller]
01:53:11: Already saved: Kartenguru

01:53:11: [read seller]
01:53:11: Already saved: willybizarre

01:53:11: [read seller]
01:53:11: Already saved: das-Marmak

01:53:11: [read seller]
01:53:11: Already saved: Outpostgamecenter

01:53:11: [read seller]
01:53:11: Already saved: HiveGames

01:53:11: [read seller]
01:53:11: Already saved: TheCoonRises

01:53:11: [read seller]
01:53:11: Already saved: TheCoonRises

01:53:11: [read seller]
01:53:11: Already saved: TheCoonRises

01:53:11: [read seller]
01:53:11: Already saved: Magic-Industria-61

01:53:11: [read seller]
01:53:11: Already saved: ArenaGamesDE

01:53:11: [read seller]
01:53:11: Already saved: SodGames

01:53:11: [read seller]
01:53:11: Already saved: fabfesta

01:53:11: [read seller]
01:53:11: Already saved: Ishan

01:53:11: [read seller]
01:53:11: Already saved: TeamSpelEnMeer

01:53:11: [read seller]
01:53:11: Already saved: Moria05

01:53:11: [read seller]
01:53:11: Already saved: lastdreamer87

01:53:11: [read seller]
01:53:11: Already saved: leonin

01:53:11: [read seller]
01:53:11: Already saved: dfccg

01:53:11: [read seller]
01:53:11: Already saved: Mulligans

01:53:11: [read seller]
01:53:11: Already saved: OblivionMTG

01:53:11: [read seller]
01:53:11: Already saved: LotusVale-Bochum

01:53:11: [read seller]
01:53:11: Already saved: stahlkarnickel2

01:53:11: [read seller]
01:53:11: Already saved: Tezzeret84

01:53:11: [read seller]
01:53:11: Already saved: Lorena

01:53:11: [read seller]
01:53:11: Already saved: Nephren

01:53:11: [read seller]
01:53:11: Already saved: DHGames

01:53:11: [read seller]
01:53:11: Already saved: Gunnar2k8

01:53:11: [read seller]
01:53:11: Already saved: K3lla

01:53:11: [read seller]
01:53:11: Already saved: CollectiblesTrading

01:53:11: [read seller]
01:53:11: Already saved: sovmar

01:53:11: [read seller]
01:53:11: Already saved: Yufei

01:53:11: [read seller]
01:53:11: Already saved: Kernowjim

01:53:11: [read seller]
01:53:11: Already saved: Akroma44

01:53:11: [read seller]
01:53:11: Already saved: Yggzorn

01:53:11: [read seller]
01:53:11: Already saved: Mintcardgem

01:53:11: [read seller]
01:53:11: Already saved: Zloch

01:53:11: [read seller]
01:53:11: Already saved: seagel

01:53:11: [read seller]
01:53:11: Already saved: D-Insane

01:53:11: [read seller]
01:53:11: Already saved: Piccio91

01:53:11: [read seller]
01:53:11: Already saved: Charly4785

01:53:11: [read seller]
01:53:11: Already saved: snabblars

01:53:11: [read seller]
01:53:11: Already saved: Yamalesca

01:53:11: [read seller]
01:53:11: Already saved: Stefan-Laszkiewicz

01:53:11: [read seller]
01:53:11: Already saved: Games-Island

01:53:11: [read seller]
01:53:11: Already saved: sundermeier

01:53:11: [read seller]
01:53:11: Already saved: Games-Island

01:53:11: [read seller]
01:53:11: Already saved: WizardshopCz

01:53:11: [read seller]
01:53:11: Already saved: czesctuariel

01:53:11: [read seller]
01:53:11: Already saved: Zebratus

01:53:11: [read seller]
01:53:11: Already saved: Dunkler-Herrscher

01:53:11: [read seller]
01:53:11: Already saved: CardgeekNL

01:53:11: [read seller]
01:53:11: Already saved: Rusty2410

01:53:11: [read seller]
01:53:11: Already saved: CardsMania

01:53:11: [read seller]
01:53:11: Already saved: NobleGarden

01:53:11: [read seller]
01:53:11: Already saved: PetrKikac

01:53:11: [read seller]
01:53:11: Already saved: TheCoonRises

01:53:11: [read seller]
01:53:11: Already saved: TheCoonRises

01:53:11: [read seller]
01:53:11: Already saved: TheCoonRises

01:53:11: [read seller]
01:53:11: Already saved: Magic-Industria-61

01:53:11: [read seller]
01:53:11: Already saved: ArenaGamesDE

01:53:11: [read seller]
01:53:11: Already saved: SodGames

01:53:11: [read seller]
01:53:11: Already saved: fabfesta

01:53:11: [read seller]
01:53:11: Already saved: Ishan

01:53:11: [read seller]
01:53:11: Already saved: TeamSpelEnMeer

01:53:11: [read seller]
01:53:11: Already saved: Moria05

01:53:11: [read seller]
01:53:11: Already saved: lastdreamer87

01:53:11: [read seller]
01:53:11: Already saved: leonin

01:53:11: [read seller]
01:53:11: Already saved: dfccg

01:53:11: [read seller]
01:53:11: Already saved: Mulligans

01:53:11: [read seller]
01:53:11: Already saved: OblivionMTG

01:53:11: [read seller]
01:53:11: Already saved: LotusVale-Bochum

01:53:11: [read seller]
01:53:11: Already saved: stahlkarnickel2

01:53:11: [read seller]
01:53:11: Already saved: Tezzeret84

01:53:11: [read seller]
01:53:11: Already saved: Lorena

01:53:11: [read seller]
01:53:11: Already saved: Nephren

01:53:11: [read seller]
01:53:11: Already saved: DHGames

01:53:11: [read seller]
01:53:11: Already saved: Gunnar2k8

01:53:11: [read seller]
01:53:11: Already saved: K3lla

01:53:11: [read seller]
01:53:11: Already saved: CollectiblesTrading

01:53:11: [read seller]
01:53:11: Already saved: sovmar

01:53:11: [read seller]
01:53:11: Already saved: Yufei

01:53:11: [read seller]
01:53:11: Already saved: Kernowjim

01:53:11: [read seller]
01:53:11: Already saved: Akroma44

01:53:11: [read seller]
01:53:11: Already saved: Yggzorn

01:53:11: [read seller]
01:53:11: Already saved: Mintcardgem

01:53:11: [read seller]
01:53:11: Already saved: Zloch

01:53:11: [read seller]
01:53:11: Already saved: seagel

01:53:11: [read seller]
01:53:11: Already saved: D-Insane

01:53:11: [read seller]
01:53:11: Already saved: Piccio91

01:53:11: [read seller]
01:53:11: Already saved: Charly4785

01:53:11: [read seller]
01:53:11: Already saved: snabblars

01:53:11: [read seller]
01:53:11: Already saved: Yamalesca

01:53:11: [read seller]
01:53:11: Already saved: Stefan-Laszkiewicz

01:53:11: [read seller]
01:53:11: Already saved: Games-Island

01:53:11: [read seller]
01:53:11: Already saved: sundermeier

01:53:11: [read seller]
01:53:11: Already saved: Games-Island

01:53:11: [read seller]
01:53:11: Already saved: WizardshopCz

01:53:11: [read seller]
01:53:11: Already saved: czesctuariel

01:53:11: [read seller]
01:53:11: Already saved: Zebratus

01:53:11: [read seller]
01:53:11: Already saved: Dunkler-Herrscher

01:53:11: [read seller]
01:53:11: Already saved: CardgeekNL

01:53:11: [read seller]
01:53:11: Already saved: Rusty2410

01:53:11: [read seller]
01:53:11: Already saved: CardsMania

01:53:11: [read seller]
01:53:11: Already saved: NobleGarden

01:53:11: [read seller]
01:53:11: Already saved: PetrKikac

01:53:11: [read seller]
01:53:11: Already saved: GRANDE-INVERNO

01:53:11: [read seller]
01:53:11: Already saved: Moltras

01:53:11: [read seller]
01:53:11: Already saved: Ortrudzomfg

01:53:11: [read seller]
01:53:11: Already saved: MagaMercatino

01:53:11: [read seller]
01:53:11: Already saved: The-Inn-TCG

01:53:11: [read seller]
01:53:11: Already saved: HatakeKakashi88

01:53:11: [read seller]
01:53:11: Already saved: corsi1996

01:53:11: [read seller]
01:53:11: Already saved: Mintcardgem

01:53:11: [read seller]
01:53:11: Already saved: derboba

01:53:11: [read seller]
01:53:11: Already saved: steficTol

01:53:11: [read seller]
01:53:11: Already saved: nickdejonge

01:53:11: [read seller]
01:53:11: Already saved: TizziTizzi

01:53:11: [read seller]
01:53:11: Already saved: FKTRD

01:53:11: [read seller]
01:53:11: Already saved: TCG-entertainment

01:53:11: [read seller]
01:53:11: Already saved: magictuga

01:53:11: [read seller]
01:53:11: Already saved: Playin

01:53:11: [read seller]
01:53:11: Already saved: Tier1MTG

01:53:11: [read seller]
01:53:11: Already saved: Guarida-Del-Dragon

01:53:11: [read seller]
01:53:11: Already saved: pl0wbeast

01:53:11: [read seller]
01:53:11: Already saved: leonin

01:53:11: [read seller]
01:53:11: Already saved: Skaldenmagie

01:53:11: [read seller]
01:53:11: Already saved: DrawstepGD

01:53:11: [read seller]
01:53:11: Already saved: TolarianBrewAcademy

01:53:11: [read seller]
01:53:11: Already saved: Abdelbach

01:53:11: [read seller]
01:53:11: Already saved: Mythulro

01:53:11: [read seller]
01:53:11: Already saved: ritastochter

01:53:11: [read seller]
01:53:11: Already saved: D-Insane

01:53:11: [read seller]
01:53:11: Already saved: Kirisame84

01:53:11: [read seller]
01:53:11: Already saved: delmas

01:53:11: [read seller]
01:53:11: Already saved: dragonfall5

01:53:11: [read seller]
01:53:11: Already saved: JM123

01:53:12: [read seller]
01:53:12: Already saved: SwankyPants88

01:53:12: [read seller]
01:53:12: Already saved: BB-Spiele

01:53:12: [read seller]
01:53:12: Already saved: FKTRD

01:53:12: [read seller]
01:53:12: Already saved: pedrodj78

01:53:12: [read seller]
01:53:12: Already saved: EttoreMTG

01:53:12: [read seller]
01:53:12: Already saved: Magicshop2000

01:53:12: [read seller]
01:53:12: Already saved: DavidxRodx

01:53:12: [read seller]
01:53:12: Already saved: TimeaB

01:53:12: [read seller]
01:53:12: Already saved: MrPete

01:53:12: [read seller]
01:53:12: Already saved: Mazvigosl

01:53:12: [read seller]
01:53:12: Already saved: FKTRD

01:53:12: [read seller]
01:53:12: Already saved: MerfolkTraders

01:53:12: [read seller]
01:53:12: Already saved: masa

01:53:12: [read seller]
01:53:12: Already saved: BeNsE

01:53:12: [read seller]
01:53:12: Already saved: Pangea

01:53:12: [read seller]
01:53:12: Already saved: Strat066

01:53:12: [read seller]
01:53:12: Already saved: monstersystem

01:53:12: [read seller]
01:53:12: Already saved: Colovia

01:53:12: [read seller]
01:53:12: Already saved: kahlan37

01:53:12: [read seller]
01:53:12: Already saved: Grecutus

01:53:12: [read seller]
01:53:12: Already saved: Rishadan-Magic-Store

01:53:12: [read seller]
01:53:12: Already saved: Letalboro

01:53:12: [read seller]
01:53:12: Already saved: MagicPapa

01:53:12: [read seller]
01:53:12: Already saved: jokerbovisa

01:53:12: [read seller]
01:53:12: Already saved: TCGEnterprise

01:53:12: [read seller]
01:53:12: Already saved: Schimmelpopo

01:53:12: [read seller]
01:53:12: Already saved: Magicdealer-patte-de

01:53:12: [read seller]
01:53:12: Already saved: Galactus-Roma

01:53:12: [read seller]
01:53:12: Already saved: magiccorner

01:53:12: [read seller]
01:53:12: Already saved: Metropolis-Center

01:53:12: [read seller]
01:53:12: Already saved: Gunship-Games

01:53:12: [read seller]
01:53:12: Already saved: CerberusIT

01:53:12: [read seller]
01:53:12: Already saved: gamersfinest

01:53:12: [read seller]
01:53:12: Already saved: gamersfinest

01:53:12: [read seller]
01:53:12: Already saved: gamersfinest

01:53:12: [read seller]
01:53:12: Already saved: PlayTimeComo

01:53:12: [read seller]
01:53:12: Already saved: MAGICSHOPITA

01:53:12: [read seller]
01:53:12: Already saved: ThreeForOne-AT

01:53:12: [read seller]
01:53:12: Already saved: daltenda

01:53:12: [read seller]
01:53:12: Already saved: EspaceMagic

01:53:12: [read seller]
01:53:12: Already saved: Nightshade-Shop

01:53:12: [read seller]
01:53:12: Already saved: fischi1984

01:53:12: [read seller]
01:53:12: Already saved: slashrose

01:53:12: [read seller]
01:53:12: Already saved: Brisk

01:53:12: [read seller]
01:53:12: Already saved: Mintcardgem

01:53:12: [read seller]
01:53:12: Already saved: annor

01:53:12: [read seller]
01:53:12: Already saved: Robotomasas

01:53:12: [read seller]
01:53:12: Already saved: karmacrow

01:53:12: [read seller]
01:53:12: Already saved: House-of-Games

01:53:12: [read seller]
01:53:12: Already saved: Deinvater18

01:53:12: [read seller]
01:53:12: Already saved: Jizreel

01:53:12: [read seller]
01:53:12: Already saved: Winsel

01:53:12: [read seller]
01:53:12: Already saved: MAGICPLANET

01:53:12: [read seller]
01:53:12: Already saved: Oriented

01:53:12: [read seller]
01:53:12: Already saved: christianstrothjohann

01:53:12: [read seller]
01:53:12: Already saved: petedk

01:53:12: [read seller]
01:53:12: Already saved: Stavesacre

01:53:12: [read seller]
01:53:12: Already saved: Messicano

01:53:12: [read seller]
01:53:12: Already saved: YamiAlex1994

01:53:12: [read seller]
01:53:12: Already saved: TimmeyOne

01:53:12: [read seller]
01:53:12: Already saved: Gemini56

01:53:12: [read seller]
01:53:12: Already saved: RMP1982

01:53:12: [read seller]
01:53:12: Already saved: caceres2020

01:53:12: [read seller]
01:53:12: Already saved: Pernacchianda

01:53:12: [read seller]
01:53:12: Already saved: Tier1MTG

01:53:12: [read seller]
01:53:12: Already saved: PeloutseMtG

01:53:12: [read seller]
01:53:12: Already saved: Crosis88

01:53:12: [read seller]
01:53:12: Already saved: axanathos

01:53:12: [read seller]
01:53:12: Already saved: JoannaDark

01:53:12: [read seller]
01:53:12: Already saved: quasimoto

01:53:12: [read seller]
01:53:12: Already saved: MarioMirage

01:53:12: [read seller]
01:53:12: Already saved: Galactus-Roma

01:53:12: [read seller]
01:53:12: Already saved: WizardshopCz

01:53:12: [read seller]
01:53:12: Already saved: Schnapsl

01:53:12: [read seller]
01:53:12: Already saved: Vansguy-DE

01:53:12: [read seller]
01:53:12: Already saved: Kartenkoenig

01:53:12: [read seller]
01:53:12: Already saved: TCG-entertainment

01:53:12: [read seller]
01:53:12: Already saved: Galactus-Roma

01:53:12: [read seller]
01:53:12: Already saved: CardCastle

01:53:12: [read seller]
01:53:12: Already saved: RDeschain

01:53:12: [read seller]
01:53:12: Already saved: CardsMania

01:53:12: [read seller]
01:53:12: Already saved: SVKZeke

01:53:12: [read seller]
01:53:12: Already saved: temur11

01:53:12: [read seller]
01:53:12: Already saved: PeloutseMtG

01:53:12: [read seller]
01:53:12: Already saved: nantukozerox

01:53:12: URL change  ->  https://www.cardmarket.com/en/Magic/Products/Singles/Battlebond/Zndrsplt-Eye-of-Wisdom
01:53:12: Sleeping for 1.12619910020415 seconds
01:53:14: Extending the sellers view...
01:53:14: Sleeping for 0.519954577686443 seconds
01:53:14: Extending the sellers view...
01:53:14: Sleeping for 0.538046540043431 seconds
01:53:15: Extending the sellers view...
01:53:15: Sleeping for 0.6017432071021064 seconds
01:53:15: Extending the sellers view...
01:53:15: Sleeping for 0.8174014937694485 seconds
01:53:16: Extending the sellers view...
01:53:16: Sleeping for 0.42581480852069753 seconds
01:53:17: Extending the sellers view...
01:53:17: Sleeping for 0.47646925239347115 seconds
01:53:17: Extending the sellers view...
01:53:17: Sleeping for 0.6812423300152047 seconds
01:53:18: Extending the sellers view...
01:53:18: Sleeping for 0.6390955523493371 seconds
01:53:19: [read card]
01:53:19: [read date]
01:53:19: Card Zndrsplt, Eye of Wisdom saved recently (01:50)
01:53:19: Already saved: Zndrsplt, Eye of Wisdom

01:53:20: [read seller]
01:53:20: Already saved: aleplm98

01:53:20: [read seller]
01:53:20: Already saved: GoodPool

01:53:20: [read seller]
01:53:20: Already saved: Foransa

01:53:20: [read seller]
01:53:20: Already saved: PanBzoch

01:53:20: [read seller]
01:53:20: Already saved: Colabier

01:53:20: [read seller]
01:53:20: Already saved: moneymaker

01:53:20: [read seller]
01:53:20: Already saved: Noah471

01:53:20: [read seller]
01:53:20: Already saved: Cohnjollins

01:53:20: [read seller]
01:53:20: Already saved: LeonPonce

01:53:20: [read seller]
01:53:20: Already saved: sytsnas

01:53:20: [read seller]
01:53:20: Already saved: noisia

01:53:20: [read seller]
01:53:20: Already saved: Greenskull

01:53:20: [read seller]
01:53:20: Already saved: Danedeluxe

01:53:20: [read seller]
01:53:20: Already saved: babylon

01:53:20: [read seller]
01:53:20: Already saved: McFreud

01:53:20: [read seller]
01:53:20: Already saved: muse99

01:53:20: [read seller]
01:53:20: Already saved: Bellota95

01:53:20: [read seller]
01:53:20: Already saved: BBG66

01:53:20: [read seller]
01:53:20: Already saved: Marsupisalami

01:53:20: [read seller]
01:53:20: Already saved: Murasame

01:53:20: [read seller]
01:53:20: Already saved: stanislaf

01:53:20: [read seller]
01:53:20: Already saved: cardvictim

01:53:20: [read seller]
01:53:20: Already saved: atlas222

01:53:20: [read seller]
01:53:20: Already saved: Torako

01:53:20: [read seller]
01:53:20: Already saved: MadridMagic

01:53:20: [read seller]
01:53:20: Already saved: cloudpostBA

01:53:20: [read seller]
01:53:20: Already saved: bouzekry

01:53:20: [read seller]
01:53:20: Already saved: Hgjlesv

01:53:20: [read seller]
01:53:20: Already saved: stahlkarnickel2

01:53:20: [read seller]
01:53:20: Already saved: TimD

01:53:20: [read seller]
01:53:20: Already saved: PowerMagicstar

01:53:20: [read seller]
01:53:20: Already saved: CommanderStaples

01:53:20: [read seller]
01:53:20: Already saved: kartenschmiede

01:53:20: [read seller]
01:53:20: Already saved: theNecromancer

01:53:20: [read seller]
01:53:20: Already saved: mstokowski

01:53:20: [read seller]
01:53:20: Already saved: huge4uk

01:53:20: [read seller]
01:53:20: Already saved: Sebas74

01:53:20: [read seller]
01:53:20: Already saved: ManaRamp

01:53:20: [read seller]
01:53:20: Already saved: Piranha81

01:53:20: [read seller]
01:53:20: Already saved: daltenda

01:53:20: [read seller]
01:53:20: Already saved: AvalonBurgos

01:53:20: [read seller]
01:53:20: Already saved: Andycards

01:53:20: [read seller]
01:53:20: Already saved: LuisLlana

01:53:20: [read seller]
01:53:20: Already saved: SK4TE

01:53:20: [read seller]
01:53:20: Already saved: olgamor

01:53:20: [read seller]
01:53:20: Already saved: marCH1LLL

01:53:20: [read seller]
01:53:20: Already saved: ni-ju66

01:53:20: [read seller]
01:53:20: Already saved: baleinedessables

01:53:20: [read seller]
01:53:20: Already saved: rakerone

01:53:20: [read seller]
01:53:20: Already saved: Jack-DM

01:53:20: [read seller]
01:53:20: Already saved: magnapoli

01:53:20: [read seller]
01:53:20: Already saved: SnappyTiger

01:53:20: [read seller]
01:53:20: Already saved: Trapper99

01:53:20: [read seller]
01:53:20: Already saved: PaulAndr

01:53:20: [read seller]
01:53:20: Already saved: Blaze241

01:53:20: [read seller]
01:53:20: Already saved: gabrielooos93

01:53:20: [read seller]
01:53:20: Already saved: flosar71

01:53:20: [read seller]
01:53:20: Already saved: RisingVoid

01:53:20: [read seller]
01:53:20: Already saved: Tueben

01:53:20: [read seller]
01:53:20: Already saved: RagnarNagato

01:53:20: [read seller]
01:53:20: Already saved: Annie1983

01:53:20: [read seller]
01:53:20: Already saved: Mtg-volos

01:53:20: [read seller]
01:53:20: Already saved: magicpartcard

01:53:20: [read seller]
01:53:20: Already saved: mstokowski

01:53:20: [read seller]
01:53:20: Already saved: riper91

01:53:20: [read seller]
01:53:20: Already saved: Uncraft

01:53:20: [read seller]
01:53:20: Already saved: Scarecrows

01:53:20: [read seller]
01:53:20: Already saved: MoonVillage

01:53:20: [read seller]
01:53:20: Already saved: Larinski

01:53:20: [read seller]
01:53:20: Already saved: dikkedaan

01:53:20: [read seller]
01:53:20: Already saved: Teenwolf

01:53:20: [read seller]
01:53:20: Already saved: VentorII

01:53:20: [read seller]
01:53:20: Already saved: Villy

01:53:20: [read seller]
01:53:20: Already saved: GameForce

01:53:20: [read seller]
01:53:20: Already saved: VintageCollectors

01:53:20: [read seller]
01:53:20: Already saved: Troedel

01:53:20: [read seller]
01:53:20: Already saved: Blizardjack

01:53:20: [read seller]
01:53:20: Already saved: roughy

01:53:20: [read seller]
01:53:20: Already saved: CollectiblesTrading

01:53:20: [read seller]
01:53:20: Already saved: RickOttaro

01:53:20: [read seller]
01:53:20: Already saved: chrisa2

01:53:20: [read seller]
01:53:20: Already saved: Giantian

01:53:20: [read seller]
01:53:20: Already saved: Giantian

01:53:20: [read seller]
01:53:20: Already saved: Mercenary027

01:53:20: [read seller]
01:53:20: Already saved: Kernowjim

01:53:20: [read seller]
01:53:20: Already saved: Weltenwache

01:53:20: [read seller]
01:53:20: Already saved: HatakeKakashi88

01:53:20: [read seller]
01:53:20: Already saved: Dijkstra

01:53:20: [read seller]
01:53:20: Already saved: Akroma1987

01:53:20: [read seller]
01:53:20: Already saved: Platzer

01:53:20: [read seller]
01:53:20: Already saved: Krokar

01:53:20: [read seller]
01:53:20: Already saved: minimagic

01:53:20: [read seller]
01:53:20: Already saved: JaySmalls

01:53:20: [read seller]
01:53:20: Already saved: CaronteFCB

01:53:20: [read seller]
01:53:20: Already saved: FrankvdWaals

01:53:20: [read seller]
01:53:20: Already saved: Elucidator

01:53:20: [read seller]
01:53:20: Already saved: crying

01:53:20: [read seller]
01:53:20: Already saved: Darkmattergun

01:53:20: [read seller]
01:53:20: Already saved: Efe-Flatline

01:53:20: [read seller]
01:53:20: Already saved: MtgUtility

01:53:20: [read seller]
01:53:20: Already saved: TheCronoX

01:53:20: [read seller]
01:53:20: Already saved: Malthe14

01:53:20: [read seller]
01:53:20: Already saved: WizardshopCz

01:53:20: [read seller]
01:53:20: Already saved: biber

01:53:20: [read seller]
01:53:20: Already saved: xenesaltones

01:53:20: [read seller]
01:53:20: Already saved: Dunkler-Herrscher

01:53:20: [read seller]
01:53:20: Already saved: Kapelusznik

01:53:20: [read seller]
01:53:20: Already saved: MysticShop

01:53:20: [read seller]
01:53:20: Already saved: cardgalaxy

01:53:20: [read seller]
01:53:20: Already saved: exaltetangel

01:53:20: [read seller]
01:53:20: Already saved: GamersAcademy

01:53:20: [read seller]
01:53:20: Already saved: Dinis

01:53:20: [read seller]
01:53:20: Already saved: Makre

01:53:20: [read seller]
01:53:20: Already saved: Meistermeuchler

01:53:20: [read seller]
01:53:20: Already saved: PetrKikac

01:53:20: [read seller]
01:53:20: Already saved: MTGcardmarket01

01:53:20: [read seller]
01:53:20: Already saved: Sichiro

01:53:20: [read seller]
01:53:20: Already saved: Goat-enterprise

01:53:20: [read seller]
01:53:20: Already saved: Itaca

01:53:20: [read seller]
01:53:20: Already saved: DUAL-GAMES

01:53:20: [read seller]
01:53:20: Already saved: Card-Trader24

01:53:20: [read seller]
01:53:20: Already saved: taikocomics

01:53:20: [read seller]
01:53:20: Already saved: SodGames

01:53:20: [read seller]
01:53:20: Already saved: DualGames-Alicante

01:53:20: [read seller]
01:53:20: Already saved: sanjic

01:53:20: [read seller]
01:53:20: Already saved: Moltras

01:53:20: [read seller]
01:53:20: Already saved: Athabasca

01:53:20: [read seller]
01:53:20: Already saved: Blizardjack

01:53:20: [read seller]
01:53:20: Already saved: roughy

01:53:20: [read seller]
01:53:20: Already saved: Zuerichsee

01:53:20: [read seller]
01:53:20: Already saved: ludo54

01:53:20: [read seller]
01:53:20: Already saved: luciano38

01:53:20: [read seller]
01:53:20: Already saved: landshome279

01:53:20: [read seller]
01:53:20: Already saved: geekfactory

01:53:20: [read seller]
01:53:20: Already saved: WinTheGame

01:53:20: [read seller]
01:53:20: Already saved: Failster

01:53:20: [read seller]
01:53:20: Already saved: gao6979

01:53:20: [read seller]
01:53:20: Already saved: Megatol

01:53:20: [read seller]
01:53:20: Already saved: Figurasdeplomo

01:53:20: [read seller]
01:53:20: Already saved: WouterDS

01:53:20: [read seller]
01:53:20: Already saved: Zombiepartyuk

01:53:20: [read seller]
01:53:20: Already saved: crabouille

01:53:20: [read seller]
01:53:20: Already saved: Raptorius

01:53:20: [read seller]
01:53:20: Already saved: FLouro

01:53:20: [read seller]
01:53:20: Already saved: Jbonta

01:53:20: [read seller]
01:53:20: Already saved: Venarch

01:53:20: [read seller]
01:53:20: Already saved: CORP-F

01:53:20: [read seller]
01:53:20: Already saved: FKTRD

01:53:20: [read seller]
01:53:20: Already saved: TCG-entertainment

01:53:20: [read seller]
01:53:20: Already saved: Aaages

01:53:20: [read seller]
01:53:20: Already saved: flamberg

01:53:20: [read seller]
01:53:20: Already saved: arctis

01:53:20: [read seller]
01:53:20: Already saved: Mordor

01:53:20: [read seller]
01:53:20: Already saved: MerfolkTraders

01:53:20: [read seller]
01:53:20: Already saved: PlanarGate

01:53:20: [read seller]
01:53:20: Already saved: MagicBarcelona

01:53:20: [read seller]
01:53:20: Already saved: Goat-enterprise

01:53:20: [read seller]
01:53:20: Already saved: ArenaGamesDE

01:53:20: [read seller]
01:53:20: Already saved: DeMagicMarkt

01:53:20: [read seller]
01:53:20: Already saved: MrMirari

01:53:20: [read seller]
01:53:20: Already saved: Akroma44

01:53:20: [read seller]
01:53:20: Already saved: 82chrisj

01:53:20: [read seller]
01:53:20: Already saved: Muskatnuss6

01:53:20: [read seller]
01:53:20: Already saved: ritastochter

01:53:20: [read seller]
01:53:20: Already saved: jorHere

01:53:20: [read seller]
01:53:20: Already saved: mrfingers123

01:53:20: [read seller]
01:53:20: Already saved: Dieuxx621

01:53:20: [read seller]
01:53:20: Already saved: DantessCardss

01:53:20: [read seller]
01:53:20: Already saved: dragonfall5

01:53:20: [read seller]
01:53:20: Already saved: Xobulo

01:53:20: [read seller]
01:53:20: Already saved: TrueNeckbeardCards

01:53:20: [read seller]
01:53:20: Already saved: Sailorsgrave91

01:53:20: [read seller]
01:53:20: Already saved: FKTRD

01:53:20: [read seller]
01:53:20: Already saved: FKTRD

01:53:20: [read seller]
01:53:20: Already saved: Rusty2410

01:53:20: [read seller]
01:53:20: Already saved: OutpostBrussels

01:53:20: [read seller]
01:53:20: Already saved: Vansguy-DE

01:53:20: [read seller]
01:53:20: Already saved: Ghostlo

01:53:20: [read seller]
01:53:20: Already saved: ggmagic

01:53:20: [read seller]
01:53:20: Already saved: Skaldenmagie

01:53:20: [read seller]
01:53:20: Already saved: BlackSkorpio

01:53:20: [read seller]
01:53:20: Already saved: TJHollaar

01:53:20: [read seller]
01:53:20: Already saved: Blackdragon94

01:53:20: [read seller]
01:53:20: Already saved: FKTRD

01:53:20: [read seller]
01:53:20: Already saved: ilcovodelnerd

01:53:20: [read seller]
01:53:20: Already saved: Distritozero

01:53:20: [read seller]
01:53:20: Already saved: DeMagicMarkt

01:53:20: [read seller]
01:53:20: Already saved: BuyWithConfidence

01:53:20: [read seller]
01:53:20: Already saved: tiburonapu

01:53:20: [read seller]
01:53:20: Already saved: maquilleida

01:53:20: [read seller]
01:53:20: Already saved: SMC1

01:53:20: [read seller]
01:53:20: Already saved: Lorena

01:53:20: [read seller]
01:53:20: Already saved: OstfrieseMM

01:53:20: [read seller]
01:53:20: Already saved: Nils97

01:53:20: [read seller]
01:53:20: Already saved: OlivierR

01:53:20: [read seller]
01:53:20: Already saved: MeiOPanda

01:53:20: [read seller]
01:53:20: Already saved: SergiRL

01:53:20: [read seller]
01:53:20: Already saved: Morgo1

01:53:20: [read seller]
01:53:20: Already saved: Seath

01:53:20: [read seller]
01:53:20: Already saved: Zicral

01:53:20: [read seller]
01:53:20: Already saved: SynMaple

01:53:20: [read seller]
01:53:20: Already saved: Morigal

01:53:20: [read seller]
01:53:20: Already saved: jokerbovisa

01:53:20: [read seller]
01:53:20: Already saved: Method999

01:53:20: [read seller]
01:53:20: Already saved: Rishadan-Magic-Store

01:53:20: [read seller]
01:53:20: Already saved: Erschonwieder

01:53:20: [read seller]
01:53:20: Already saved: hael22

01:53:20: [read seller]
01:53:20: Already saved: gatheringka

01:53:20: [read seller]
01:53:20: Already saved: Dudas999

01:53:20: [read seller]
01:53:20: Already saved: WatHaddaDa

01:53:20: [read seller]
01:53:20: Already saved: nic222k

01:53:20: [read seller]
01:53:20: Already saved: CardgeekNL

01:53:20: [read seller]
01:53:20: Already saved: CardStoreAlcamo

01:53:20: [read seller]
01:53:20: Already saved: TolarianBrewAcademy

01:53:20: [read seller]
01:53:20: Already saved: Henchmans

01:53:20: [read seller]
01:53:20: Already saved: Magicdealer-patte-de

01:53:20: [read seller]
01:53:20: Already saved: Mazvigosl

01:53:20: [read seller]
01:53:20: Already saved: MagicTradeHouseNo1

01:53:20: [read seller]
01:53:20: Already saved: DonMTG

01:53:20: [read seller]
01:53:20: Already saved: willybizarre

01:53:20: [read seller]
01:53:20: Already saved: MagicEmporium

01:53:20: [read seller]
01:53:20: Already saved: Dax-Cardstore

01:53:21: [read seller]
01:53:21: Already saved: pl0wbeast

01:53:21: [read seller]
01:53:21: Already saved: pl0wbeast

01:53:21: [read seller]
01:53:21: Already saved: Ichiban-Cards

01:53:21: [read seller]
01:53:21: Already saved: Harakesh

01:53:21: [read seller]
01:53:21: Already saved: DavidxRodx

01:53:21: [read seller]
01:53:21: Already saved: remyleblanc

01:53:21: [read seller]
01:53:21: Already saved: MTGcardmarket01

01:53:21: [read seller]
01:53:21: Already saved: kajika46

01:53:21: [read seller]
01:53:21: Already saved: parkage

01:53:21: [read seller]
01:53:21: Already saved: Cartapapa-GP

01:53:21: [read seller]
01:53:21: Already saved: HiveGames

01:53:21: [read seller]
01:53:21: Already saved: Cardexchange

01:53:21: [read seller]
01:53:21: Already saved: Parence-com

01:53:21: [read seller]
01:53:21: Already saved: Mordor

01:53:21: [read seller]
01:53:21: Already saved: Guarida-Del-Dragon

01:53:21: [read seller]
01:53:21: Already saved: CardCastle

01:53:21: [read seller]
01:53:21: Already saved: daltenda

01:53:21: [read seller]
01:53:21: Already saved: The-FOW-Store

01:53:21: [read seller]
01:53:21: Already saved: TCGWarehouse

01:53:21: [read seller]
01:53:21: Already saved: TCGWarehouse

01:53:21: [read seller]
01:53:21: Already saved: EspaceMagic

01:53:21: [read seller]
01:53:21: Already saved: fabfesta

01:53:21: [read seller]
01:53:21: Already saved: Nerd-Shop

01:53:21: [read seller]
01:53:21: Already saved: Nerd-Shop

01:53:21: [read seller]
01:53:21: Already saved: BattleBearTCG

01:53:21: [read seller]
01:53:21: Already saved: toycastle-D

01:53:21: [read seller]
01:53:21: Already saved: Icarusjocs-BCN

01:53:21: [read seller]
01:53:21: Already saved: Wolrad

01:53:21: [read seller]
01:53:21: Already saved: cavernedujeu

01:53:21: [read seller]
01:53:21: Already saved: Triplacegames

01:53:21: [read seller]
01:53:21: Already saved: TradingCardsUnited

01:53:21: [read seller]
01:53:21: Already saved: TheJokerUtrecht

01:53:21: [read seller]
01:53:21: Already saved: TheJokerUtrecht

01:53:21: [read seller]
01:53:21: Already saved: LotusVale-Bochum

01:53:21: [read seller]
01:53:21: Already saved: MagaMercatino

01:53:21: [read seller]
01:53:21: Already saved: masa

01:53:21: [read seller]
01:53:21: Already saved: masa

01:53:21: [read seller]
01:53:21: Already saved: Tydus

01:53:21: [read seller]
01:53:21: Already saved: ManaMix

01:53:21: [read seller]
01:53:21: Already saved: evilarroyo

01:53:21: [read seller]
01:53:21: Already saved: Navis

01:53:21: [read seller]
01:53:21: Already saved: Jan53

01:53:21: [read seller]
01:53:21: Already saved: onbewust

01:53:21: [read seller]
01:53:21: Already saved: kanosc

01:53:21: [read seller]
01:53:21: Already saved: Nils97

01:53:21: [read seller]
01:53:21: Already saved: Dadue2000

01:53:21: [read seller]
01:53:21: Already saved: WalterWKrijthe

01:53:21: [read seller]
01:53:21: Already saved: vale46

01:53:21: [read seller]
01:53:21: Already saved: geekfactory

01:53:21: [read seller]
01:53:21: Already saved: Timmys-Emporium

01:53:21: [read seller]
01:53:21: Already saved: Abdelbach

01:53:21: [read seller]
01:53:21: Already saved: grednight

01:53:21: [read seller]
01:53:21: Already saved: MichaelBondeDK

01:53:21: [read seller]
01:53:21: Already saved: MichaelBondeDK

01:53:21: [read seller]
01:53:21: Already saved: MichaelBondeDK

01:53:21: [read seller]
01:53:21: Already saved: vanDeluxe89

01:53:21: [read seller]
01:53:21: Already saved: VaeterchenRost

01:53:21: [read seller]
01:53:21: Already saved: Watthe

01:53:21: [read seller]
01:53:21: Already saved: lquentin

01:53:21: [read seller]
01:53:21: Already saved: Lockhe

01:53:21: [read seller]
01:53:21: Already saved: McPwn

01:53:21: [read seller]
01:53:21: Already saved: SEGDT

01:53:21: [read seller]
01:53:21: Already saved: mudds

01:53:21: [read seller]
01:53:21: Already saved: Afily

01:53:21: [read seller]
01:53:21: Already saved: ThreeForOne-AT

01:53:21: [read seller]
01:53:21: Already saved: jokerbovisa

01:53:21: [read seller]
01:53:21: Already saved: Sunoseno

01:53:21: [read seller]
01:53:21: Already saved: Zebratus

01:53:21: [read seller]
01:53:21: Already saved: magicworld58

01:53:21: [read seller]
01:53:21: Already saved: Geeksandgamers

01:53:21: [read seller]
01:53:21: Already saved: POOL4YOU

01:53:21: [read seller]
01:53:21: Already saved: CardCastle

01:53:21: [read seller]
01:53:21: Already saved: toycastle-D

01:53:21: [read seller]
01:53:21: Already saved: toycastle

01:53:21: [read seller]
01:53:21: Already saved: Ichiban-Cards

01:53:21: [read seller]
01:53:21: Already saved: ThreeForOne-AT

01:53:21: [read seller]
01:53:21: Already saved: gamersfinest

01:53:21: [read seller]
01:53:21: Already saved: gamersfinest

01:53:21: [read seller]
01:53:21: Already saved: ThreeForOne-AT

01:53:21: [read seller]
01:53:21: Already saved: magictuga

01:53:21: [read seller]
01:53:21: Already saved: STARDUSTSHOP

01:53:21: [read seller]
01:53:21: Already saved: womantrader

01:53:21: [read seller]
01:53:21: Already saved: normans

01:53:21: [read seller]
01:53:21: Already saved: Wildfirestore

01:53:21: [read seller]
01:53:21: Already saved: Zauberland-Spiele

01:53:21: [read seller]
01:53:21: Already saved: TCGEnterprise

01:53:21: [read seller]
01:53:21: Already saved: Galactus-Roma

01:53:21: [read seller]
01:53:21: Already saved: MtgHistory

01:53:21: [read seller]
01:53:21: Already saved: DRAGONCT

01:53:21: [read seller]
01:53:21: Already saved: Mordor

01:53:21: [read seller]
01:53:21: Already saved: House-of-Games

01:53:21: [read seller]
01:53:21: Already saved: Method999

01:53:21: [read seller]
01:53:21: Already saved: Ichiban-Cards

01:53:21: [read seller]
01:53:21: Already saved: sovmar

01:53:21: [read seller]
01:53:21: Already saved: Kinglui272

01:53:21: [read seller]
01:53:21: Already saved: ThreeForOne-AT

01:53:21: [read seller]
01:53:21: Already saved: millmtg

01:53:21: [read seller]
01:53:21: Already saved: OoneroxoO

01:53:21: [read seller]
01:53:21: Already saved: Gunship-Games

01:53:21: [read seller]
01:53:21: Already saved: magiccorner

01:53:21: [read seller]
01:53:21: Already saved: Hismageil

01:53:21: [read seller]
01:53:21: Already saved: ThreeForOne-AT

01:53:21: [read seller]
01:53:21: Already saved: kreaten

01:53:21: [read seller]
01:53:21: Already saved: robledotiedra

01:53:21: [read seller]
01:53:21: Already saved: PlayTimeComo

01:53:21: [read seller]
01:53:21: Already saved: BB-Spiele

01:53:21: [read seller]
01:53:21: Already saved: Outpostgamecenter

01:53:21: [read seller]
01:53:21: Already saved: CardsMania

01:53:21: [read seller]
01:53:21: Already saved: magiccorner

01:53:21: [read seller]
01:53:21: Already saved: SpielRaum

01:53:21: [read seller]
01:53:21: Already saved: DRAGONCT

01:53:21: [read seller]
01:53:21: Already saved: NobleGarden

01:53:21: [read seller]
01:53:21: Already saved: Mordor

01:53:21: [read seller]
01:53:21: Already saved: House-of-Games

01:53:21: [read seller]
01:53:21: Already saved: CerberusIT

01:53:21: [read seller]
01:53:21: Already saved: kraxo

01:53:21: [read seller]
01:53:21: Already saved: Snapcaster-FR

01:53:21: [read seller]
01:53:21: Already saved: wolf12

01:53:21: [read seller]
01:53:21: Already saved: Metropolis-Center

01:53:21: [read seller]
01:53:21: Already saved: daktylus75

01:53:21: [read seller]
01:53:21: Already saved: fischi1984

01:53:21: [read seller]
01:53:21: Already saved: OblivionMTG

01:53:21: [read seller]
01:53:21: Already saved: Yufei

01:53:21: [read seller]
01:53:21: Already saved: KarelKopriva

01:53:21: [read seller]
01:53:21: Already saved: vibue

01:53:21: [read seller]
01:53:21: Already saved: Mtdna666

01:53:21: [read seller]
01:53:21: Already saved: Graufang

01:53:21: [read seller]
01:53:21: Already saved: PartyNator

01:53:21: [read seller]
01:53:21: Already saved: Profitis7

01:53:21: [read seller]
01:53:21: Already saved: karmacrow

01:53:21: [read seller]
01:53:21: Already saved: Galactus-Roma

01:53:21: [read seller]
01:53:21: Already saved: Tezzeret84

01:53:21: [read seller]
01:53:21: Already saved: DRAGONCT

01:53:21: [read seller]
01:53:21: Already saved: CardsMania

01:53:21: [read seller]
01:53:21: Already saved: CARAB

01:53:21: [read seller]
01:53:21: Already saved: DRAGONCT

01:53:21: [read seller]
01:53:21: Already saved: pl0wbeast

01:53:21: [read seller]
01:53:21: Already saved: antoct1991

01:53:21: [read seller]
01:53:21: Already saved: Goodlookgamer

01:53:21: [read seller]
01:53:21: Already saved: Ipari1993

01:53:21: [read seller]
01:53:21: Already saved: Rarehuntershop

01:53:21: [read seller]
01:53:21: Already saved: SenseisDiviningShop

01:53:21: [read seller]
01:53:21: Already saved: WouterDS

01:53:21: [read seller]
01:53:21: Already saved: D6ffjssy6

01:53:21: [read seller]
01:53:21: Already saved: TrulyAwesome

01:53:21: [read seller]
01:53:21: Already saved: Garlant

01:53:21: [read seller]
01:53:21: Already saved: Hobby-Games

01:53:21: [read seller]
01:53:21: Already saved: Malthe14

01:53:21: [read seller]
01:53:21: Already saved: Hoerni

01:53:21: [read seller]
01:53:21: Already saved: MagicEmporium

01:53:21: [read seller]
01:53:21: Already saved: Flo33333

01:53:21: [read seller]
01:53:21: Already saved: Rarehuntershop

01:53:21: [read seller]
01:53:21: Already saved: OutpostBrussels

01:53:21: [read seller]
01:53:21: Already saved: maxime75018

01:53:21: [read seller]
01:53:21: Already saved: minimagic

01:53:21: [read seller]
01:53:21: Already saved: parkage

01:53:21: [read seller]
01:53:21: Already saved: Fantasia-Shop

01:53:21: [read seller]
01:53:21: Already saved: ruicasasnovas

01:53:21: [read seller]
01:53:21: Already saved: SpielRaum

01:53:21: [read seller]
01:53:21: Already saved: Rusty2410

01:53:21: [read seller]
01:53:21: Already saved: Necrostation

01:53:21: [read seller]
01:53:21: Already saved: Mirk4523

01:53:21: [read seller]
01:53:21: Already saved: Mintcardgem

01:53:21: [read seller]
01:53:21: Already saved: Galactus-Roma

01:53:21: [read seller]
01:53:21: Already saved: Mordor

01:53:21: [read seller]
01:53:21: Already saved: pl0wbeast

01:53:21: [read seller]
01:53:21: Already saved: ToBoT2007

01:53:21: [read seller]
01:53:21: Already saved: alzi82

01:53:21: [read seller]
01:53:21: Already saved: Trago

01:53:21: [read seller]
01:53:21: Already saved: Tradingcardgames

01:53:21: [read seller]
01:53:21: Already saved: K4mpfsch4f

01:53:21: [read seller]
01:53:21: Already saved: CardStoreAlcamo

01:53:21: [read seller]
01:53:21: Already saved: Nerd-Shop

01:53:21: [read seller]
01:53:21: Already saved: fumettopoli

01:53:21: [read seller]
01:53:21: Already saved: toycastle

01:53:21: [read seller]
01:53:21: Already saved: Jizreel

01:53:21: [read seller]
01:53:21: Already saved: LocalProCards

01:53:21: [read seller]
01:53:21: Already saved: biber

01:53:21: [read seller]
01:53:21: Already saved: Mazvigosl

01:53:22: URL change  ->  https://www.cardmarket.com/en/Magic/Products/Singles/Battlebond/Chain-Lightning
01:53:22: Sleeping for 1.1081150265547879 seconds
01:53:23: Extending the sellers view...
01:53:23: Sleeping for 0.5218296886163695 seconds
01:53:24: Extending the sellers view...
01:53:24: Sleeping for 0.5037170687845056 seconds
01:53:24: Extending the sellers view...
01:53:24: Sleeping for 0.4721398655499571 seconds
01:53:25: [read card]
01:53:25: [read date]
01:53:25: [read card]
01:53:25: [write card]
01:53:25: Card added: 	Chain Lightning

01:53:25: [read seller]
01:53:25: Already saved: Glimrir

01:53:25: [read seller]
01:53:25: Already saved: octaton

01:53:25: [read seller]
01:53:25: Already saved: TerraCross

01:53:25: [read seller]
01:53:25: Already saved: Zigimun

01:53:25: [read seller]
01:53:25: Already saved: BBG66

01:53:25: [read seller]
01:53:25: Already saved: TheOneKiko1337

01:53:25: [read seller]
01:53:25: Already saved: PotatoGuardian

01:53:25: [read seller]
01:53:25: Already saved: valis

01:53:25: [read seller]
01:53:25: Already saved: Dr4ken

01:53:25: [read seller]
01:53:25: Already saved: Leidnix

01:53:25: [read seller]
01:53:25: Already saved: Netz122

01:53:25: [read seller]
01:53:25: Already saved: WhiteFoxThree

01:53:25: [read seller]
01:53:25: Already saved: NechljudoW

01:53:25: [read seller]
01:53:25: Already saved: Phalnar

01:53:25: [read seller]
01:53:25: Already saved: Ginsch

01:53:25: [read seller]
01:53:25: Already saved: annor

01:53:25: [read seller]
01:53:25: Already saved: Meister14

01:53:25: [read seller]
01:53:25: Already saved: Pastorius84

01:53:25: [read seller]
01:53:25: Already saved: Cardboard-Collector

01:53:25: [read seller]
01:53:25: Already saved: coupdegrac3

01:53:25: [read seller]
01:53:25: Already saved: ryuxuyr

01:53:25: [read seller]
01:53:25: Already saved: jeh11

01:53:25: [read seller]
01:53:25: Already saved: GunCha

01:53:25: [read seller]
01:53:25: Already saved: MTGSander

01:53:25: [read seller]
01:53:25: Already saved: Xevkin

01:53:25: [read seller]
01:53:25: Already saved: Sushi91

01:53:25: [read seller]
01:53:25: Already saved: Plysier

01:53:25: [read seller]
01:53:25: Already saved: jmskns69

01:53:25: [read seller]
01:53:25: Already saved: procrustean

01:53:25: [read seller]
01:53:25: Already saved: DiamondValley

01:53:25: [read seller]
01:53:25: Already saved: Ceribe

01:53:25: [read seller]
01:53:25: Already saved: magicislove

01:53:25: [read seller]
01:53:25: Already saved: Operationlol

01:53:25: [read seller]
01:53:25: Already saved: Piszczal

01:53:25: [read seller]
01:53:25: Already saved: Almeida

01:53:25: [read seller]
01:53:25: Already saved: sinac

01:53:25: [read seller]
01:53:25: Already saved: Bennlipp

01:53:25: [read seller]
01:53:25: Already saved: AcidQueen

01:53:25: [read seller]
01:53:25: Already saved: Remin

01:53:25: [read seller]
01:53:25: Already saved: Wimmeeus

01:53:25: [read seller]
01:53:25: Already saved: Orzi86

01:53:25: [read seller]
01:53:25: Already saved: DavidRuemmler

01:53:25: [read seller]
01:53:25: Already saved: moercel

01:53:25: [read seller]
01:53:25: Already saved: Chrisaor

01:53:25: [read seller]
01:53:25: Already saved: Luukiecard

01:53:25: [read seller]
01:53:25: Already saved: SodGames

01:53:25: [read seller]
01:53:25: Already saved: ZackyVeah

01:53:25: [read seller]
01:53:25: Already saved: BrandyBrand

01:53:25: [read seller]
01:53:25: Already saved: Elbarone

01:53:25: [read seller]
01:53:25: Already saved: elbonenet

01:53:25: [read seller]
01:53:25: Already saved: Balabuschka

01:53:25: [read seller]
01:53:25: Already saved: Balabuschka

01:53:25: [read seller]
01:53:25: Already saved: Kartenhaus

01:53:25: [read seller]
01:53:25: Already saved: Gridlok

01:53:25: [read seller]
01:53:25: Already saved: Goshar

01:53:25: [read seller]
01:53:25: Already saved: daktylus75

01:53:25: [read seller]
01:53:25: Already saved: fabfesta

01:53:25: [read seller]
01:53:25: Already saved: robneme

01:53:25: [read seller]
01:53:25: Already saved: Moltras

01:53:25: [read seller]
01:53:25: Already saved: stahlkarnickel2

01:53:25: [read seller]
01:53:25: Already saved: bigup

01:53:25: [read seller]
01:53:25: Already saved: Schmeyer

01:53:25: [read seller]
01:53:25: Already saved: ACAlterations

01:53:25: [read seller]
01:53:25: Already saved: chrisa2

01:53:25: [read seller]
01:53:25: Already saved: Mtgmadness

01:53:25: [read seller]
01:53:25: Already saved: dutchforce85

01:53:25: [read seller]
01:53:25: Already saved: DeDobbelsteen

01:53:25: [read seller]
01:53:25: Already saved: Felixuco

01:53:25: [read seller]
01:53:25: Already saved: Keule

01:53:25: [read seller]
01:53:25: Already saved: neivals

01:53:25: [read seller]
01:53:25: Already saved: Steverino

01:53:25: [read seller]
01:53:25: Already saved: ElMusso

01:53:25: [read seller]
01:53:25: Already saved: fallacox

01:53:25: [read seller]
01:53:25: Already saved: MichaelBondeDK

01:53:25: [read seller]
01:53:25: Already saved: Abari2309

01:53:25: [read seller]
01:53:25: Already saved: Ghostlo

01:53:25: [read seller]
01:53:25: Already saved: Sunoseno

01:53:25: [read seller]
01:53:25: Already saved: zwahle

01:53:25: [read seller]
01:53:25: Already saved: WizardshopCz

01:53:25: [read seller]
01:53:25: Already saved: NobleGarden

01:53:25: [read seller]
01:53:25: Already saved: Winsel

01:53:25: [read seller]
01:53:25: Already saved: Winsel

01:53:25: [read seller]
01:53:25: Already saved: Spellslingers

01:53:25: [read seller]
01:53:25: Already saved: The-Inn-TCG

01:53:25: [read seller]
01:53:25: Already saved: LeYAN1001

01:53:25: [read seller]
01:53:25: Already saved: Fogg-Bank

01:53:25: [read seller]
01:53:25: Already saved: Levodin

01:53:25: [read seller]
01:53:25: Already saved: TCG-entertainment

01:53:25: [read seller]
01:53:25: Already saved: MagicEmporium

01:53:25: [read seller]
01:53:25: Already saved: DirtyErnie

01:53:25: [read seller]
01:53:25: Already saved: TiagoParracho

01:53:25: [read seller]
01:53:25: Already saved: CardPlanetAustria

01:53:25: [read seller]
01:53:25: Already saved: Rarehuntershop

01:53:25: [read seller]
01:53:25: Already saved: Method999

01:53:25: [read seller]
01:53:25: Already saved: matiasgabarron

01:53:25: [read seller]
01:53:25: Already saved: RetroMagic

01:53:25: [read seller]
01:53:25: Already saved: CardCastle

01:53:25: [read seller]
01:53:25: Already saved: masa

01:53:25: [read seller]
01:53:25: Already saved: Blackbolt

01:53:25: [read seller]
01:53:25: Already saved: Gijoe

01:53:25: [read seller]
01:53:25: Already saved: Ipari1993

01:53:25: [read seller]
01:53:25: Already saved: Moxopal

01:53:25: [read seller]
01:53:25: Already saved: Zoran83

01:53:25: [read seller]
01:53:25: Already saved: MascagniMTG

01:53:25: [read seller]
01:53:25: Already saved: magictuga

01:53:25: [read seller]
01:53:25: Already saved: Rusty2410

01:53:25: [read seller]
01:53:25: Already saved: Mordor

01:53:25: [read seller]
01:53:25: Already saved: mtgcloux

01:53:25: [read seller]
01:53:25: Already saved: danstrike

01:53:25: [read seller]
01:53:25: Already saved: CrazyComicsAndGames

01:53:26: [read seller]
01:53:26: Already saved: Moria05

01:53:26: [read seller]
01:53:26: Already saved: Grecutus

01:53:26: [read seller]
01:53:26: Already saved: CardRooster

01:53:26: [read seller]
01:53:26: Already saved: Rishadan-Magic-Store

01:53:26: [read seller]
01:53:26: Already saved: Lorena

01:53:26: [read seller]
01:53:26: Already saved: jokerbovisa

01:53:26: [read seller]
01:53:26: Already saved: Wildfirestore

01:53:26: [read seller]
01:53:26: Already saved: karmacrow

01:53:26: [read seller]
01:53:26: Already saved: MagicTradeHouseNo1

01:53:26: [read seller]
01:53:26: Already saved: willybizarre

01:53:26: [read seller]
01:53:26: Already saved: Outpostgamecenter

01:53:26: [read seller]
01:53:26: Already saved: OutpostBrussels

01:53:26: [read seller]
01:53:26: Already saved: DRAGONCT

01:53:26: [read seller]
01:53:26: Already saved: Nerd-Shop

01:53:26: [read seller]
01:53:26: Already saved: tiburonapu

01:53:26: [read seller]
01:53:26: Already saved: masa

01:53:26: [read seller]
01:53:26: Already saved: munuaal

01:53:26: [read seller]
01:53:26: Already saved: Woolve

01:53:26: [read seller]
01:53:26: Already saved: Mintcardgem

01:53:26: [read seller]
01:53:26: Already saved: karmacrow

01:53:26: [read seller]
01:53:26: Already saved: TiagoAmaral53

01:53:26: [read seller]
01:53:26: Already saved: Gunship-Games

01:53:26: [read seller]
01:53:26: Already saved: Mazvigosl

01:53:26: [read seller]
01:53:26: Already saved: trauni

01:53:26: [read seller]
01:53:26: Already saved: BB-Spiele

01:53:26: [read seller]
01:53:26: Already saved: webuyanycard

01:53:26: [read seller]
01:53:26: Already saved: SpielRaum

01:53:26: [read seller]
01:53:26: Already saved: FKTRD

01:53:26: [read seller]
01:53:26: Already saved: JANT34

01:53:26: [read seller]
01:53:26: Already saved: FKTRD

01:53:26: [read seller]
01:53:26: Already saved: TEMPEST-STORE

01:53:26: [read seller]
01:53:26: Already saved: TolarianAcademy

01:53:26: [read seller]
01:53:26: Already saved: SpielRaum

01:53:26: [read seller]
01:53:26: Already saved: Metropolis-Center

01:53:26: [read seller]
01:53:26: Already saved: CaptainPlanet94

01:53:26: [read seller]
01:53:26: Already saved: Goldgeckoguy

01:53:26: [read seller]
01:53:26: Already saved: eres

01:53:26: [read seller]
01:53:26: Already saved: Sicness

01:53:26: [read seller]
01:53:26: Already saved: Rusty2410

01:53:26: [read seller]
01:53:26: Already saved: RedDragonMagic

01:53:26: [read seller]
01:53:26: Already saved: Ajag74

01:53:26: [read seller]
01:53:26: Already saved: fabfesta

01:53:26: [read seller]
01:53:26: Already saved: DRAGONCT

01:53:26: [read seller]
01:53:26: Already saved: DRAGONCT

01:53:26: [read seller]
01:53:26: Already saved: JSRM88

01:53:26: [read seller]
01:53:26: Already saved: taikocomics

01:53:26: [read seller]
01:53:26: Already saved: RickOttaro

01:53:26: [read seller]
01:53:26: Already saved: Jizreel

01:53:26: [read seller]
01:53:26: Already saved: House-of-Games

01:53:26: [read seller]
01:53:26: Already saved: SVKZeke

01:53:26: [read seller]
01:53:26: Already saved: willybizarre

01:53:26: [read seller]
01:53:26: Already saved: DRAGONCT

01:53:26: [read seller]
01:53:26: Already saved: MiguelX19

01:53:26: URL change  ->  https://www.cardmarket.com/en/Magic/Products/Singles/Battlebond/Okaun-Eye-of-Chaos
01:53:26: Sleeping for 1.0025049736437723 seconds
01:53:27: Extending the sellers view...
01:53:27: Sleeping for 0.33101978253679454 seconds
01:53:28: [read card]
01:53:28: [read date]
01:53:28: [read card]
01:53:28: [write card]
01:53:28: Card added: 	Okaun, Eye of Chaos

01:53:28: [read seller]
01:53:28: Already saved: aleplm98

01:53:28: [read seller]
01:53:28: Already saved: nikee40

01:53:28: [read seller]
01:53:28: Already saved: Greenskull

01:53:28: [read seller]
01:53:28: Already saved: emanuelemarket

01:53:28: [read seller]
01:53:28: Already saved: temur11

01:53:28: [read seller]
01:53:28: Already saved: MadridMagic

01:53:28: [read seller]
01:53:28: Already saved: Colabier

01:53:28: [read seller]
01:53:28: Already saved: daxterpac

01:53:28: [read seller]
01:53:28: Already saved: Weini17

01:53:28: [read seller]
01:53:28: Already saved: Lunashine

01:53:28: [read seller]
01:53:28: Already saved: La-Tetedeslip

01:53:28: [read seller]
01:53:28: Already saved: helpoemer

01:53:28: [read seller]
01:53:28: Already saved: kirchi

01:53:28: [read seller]
01:53:28: Already saved: Michaberg

01:53:28: [read seller]
01:53:28: Already saved: MagicMuc

01:53:28: [read seller]
01:53:28: Already saved: SnappyTiger

01:53:28: [read seller]
01:53:28: Already saved: Krozark

01:53:28: [read seller]
01:53:28: Already saved: BBG66

01:53:28: [read seller]
01:53:28: Already saved: stanislaf

01:53:28: [read seller]
01:53:28: Already saved: RisingVoid

01:53:28: [read seller]
01:53:28: Already saved: Mathug

01:53:28: [read seller]
01:53:28: Already saved: cardvictim

01:53:28: [read seller]
01:53:28: Already saved: atlas222

01:53:28: [read seller]
01:53:28: Already saved: GoodPool

01:53:28: [read seller]
01:53:28: Already saved: LuisLlana

01:53:28: [read seller]
01:53:28: Already saved: InfiniteMagicCZ

01:53:28: [read seller]
01:53:28: Already saved: muse99

01:53:28: [read seller]
01:53:28: Already saved: Villy

01:53:28: [read seller]
01:53:28: Already saved: Rarehuntershop

01:53:28: [read seller]
01:53:28: Already saved: stahlkarnickel2

01:53:28: [read seller]
01:53:28: Already saved: tshwayn

01:53:28: [read seller]
01:53:28: Already saved: sunshadow

01:53:28: [read seller]
01:53:28: Already saved: PowerMagicstar

01:53:28: [read seller]
01:53:28: Already saved: Kartenguru

01:53:28: [read seller]
01:53:28: Already saved: MagicBarcelona

01:53:28: [read seller]
01:53:28: Already saved: TEMPEST-STORE

01:53:28: [read seller]
01:53:28: Already saved: HouseOfCardsBE

01:53:28: [read seller]
01:53:28: Already saved: Andycards

01:53:28: [read seller]
01:53:28: Already saved: Izmaylov

01:53:28: [read seller]
01:53:28: Already saved: Miki13112

01:53:28: [read seller]
01:53:28: Already saved: szernik

01:53:28: [read seller]
01:53:28: Already saved: Goodlookgamer

01:53:28: [read seller]
01:53:28: Already saved: Bokkie-Brown

01:53:28: [read seller]
01:53:28: Already saved: Blizardjack

01:53:28: [read seller]
01:53:28: Already saved: ShopHunter

01:53:28: [read seller]
01:53:28: Already saved: zbysour

01:53:28: [read seller]
01:53:28: Already saved: stardust76

01:53:28: [read seller]
01:53:28: Already saved: mary

01:53:28: [read seller]
01:53:28: Already saved: dbs85670

01:53:28: [read seller]
01:53:28: Already saved: SK4TE

01:53:28: URL change  ->  https://www.cardmarket.com/en/Magic/Products/Singles/Battlebond/Spell-Snare
01:53:28: Sleeping for 0.8312572415223309 seconds
