01:45:25: Creation of this file
01:45:25: Date 29/06/2021 01:45 added	date_ID: 29
01:45:25: Opening the webdriver
01:45:30: Webdriver ready
01:45:30: Database connection established
01:45:30: URL change  ->  https://www.cardmarket.com/en/Magic/Products/Singles/Battlebond?site=1
01:45:30: All card names from Battlebond are already saved

01:45:30: URL change  ->  https://www.cardmarket.com/en/Magic/Products/Singles/Battlebond?site=1
01:45:30: Sleeping for 1.3794291217773103 seconds
01:45:32: Sleeping for 0.8400490290869179 seconds
01:45:33: Extending the sellers view...
01:45:33: Sleeping for 0.620948342957674 seconds
01:45:34: Extending the sellers view...
01:45:34: Sleeping for 0.5598061460869838 seconds
01:45:34: Extending the sellers view...
01:45:34: Sleeping for 0.5583542914650077 seconds
01:45:35: Extending the sellers view...
01:45:35: Sleeping for 0.7293946051726831 seconds
01:45:36: [read card]
01:45:36: [read date]
01:45:36: Card Skyshroud Claim saved recently (01:41)
01:45:36: Already saved: Skyshroud Claim

01:45:36: [read seller]
01:45:36: Already saved: PartyNator

01:45:36: [read seller]
01:45:36: Already saved: CValle

01:45:36: [read seller]
01:45:36: Already saved: MarcoSanzin

01:45:36: [read seller]
01:45:36: Already saved: MagicBivio

01:45:36: [read seller]
01:45:36: Already saved: Tezzeret84

01:45:36: [read seller]
01:45:36: Already saved: Lordburka

01:45:36: [read seller]
01:45:36: Already saved: Lanowar69

01:45:36: [read seller]
01:45:36: Already saved: Topdeckskills

01:45:36: [read seller]
01:45:36: Already saved: magicpartcard

01:45:36: [read seller]
01:45:36: Already saved: stanislaf

01:45:36: [read seller]
01:45:36: Already saved: Thrymiir

01:45:36: [read seller]
01:45:36: Already saved: daidojilaurent

01:45:36: [read seller]
01:45:36: Already saved: sovmar

01:45:36: [read seller]
01:45:36: Already saved: Ceribe

01:45:36: [read seller]
01:45:36: Already saved: Felixuco

01:45:36: [read seller]
01:45:36: Already saved: Richaardi

01:45:36: [read seller]
01:45:36: Already saved: diddos

01:45:36: [read seller]
01:45:36: Already saved: dakkon87

01:45:36: [read seller]
01:45:36: Already saved: Mirikov

01:45:36: [read seller]
01:45:36: Already saved: BrandyBrand

01:45:36: [read seller]
01:45:36: Already saved: CommanderStaples

01:45:36: [read seller]
01:45:36: Already saved: BechaMecha

01:45:36: [read seller]
01:45:36: Already saved: MadridMagic

01:45:36: [read seller]
01:45:36: Already saved: DombekTorun

01:45:36: [read seller]
01:45:36: Already saved: BaukeS

01:45:36: [read seller]
01:45:36: Already saved: plkfd

01:45:36: [read seller]
01:45:36: Already saved: quasimoto

01:45:36: [read seller]
01:45:36: Already saved: Zoocomics

01:45:36: [read seller]
01:45:36: Already saved: MTG-Prime

01:45:36: [read seller]
01:45:36: Already saved: FrankvdWaals

01:45:36: [read seller]
01:45:36: Already saved: GunCha

01:45:36: [read seller]
01:45:36: Already saved: hobbitfred

01:45:36: [read seller]
01:45:36: Already saved: Tyron-Heartz

01:45:36: [read seller]
01:45:36: Already saved: cultus

01:45:36: [read seller]
01:45:36: Already saved: bendu71

01:45:36: [read seller]
01:45:36: Already saved: Kungfupeet

01:45:36: [read seller]
01:45:36: Already saved: TheCoonRises

01:45:36: [read seller]
01:45:36: Already saved: kARNN

01:45:36: [read seller]
01:45:36: Already saved: RedDragonMagic

01:45:36: [read seller]
01:45:36: Already saved: fuxxi

01:45:36: [read seller]
01:45:36: Already saved: maglaf88

01:45:37: [read seller]
01:45:37: Already saved: antonio-muenster

01:45:37: [read seller]
01:45:37: Already saved: Dinis

01:45:37: [read seller]
01:45:37: Already saved: Akroma44

01:45:37: [read seller]
01:45:37: Already saved: 38Shizo

01:45:37: [read seller]
01:45:37: Already saved: Matze-KungFury

01:45:37: [read seller]
01:45:37: Already saved: pantufas

01:45:37: [read seller]
01:45:37: Already saved: Loui0

01:45:37: [read seller]
01:45:37: Already saved: tennlos

01:45:37: [read seller]
01:45:37: Already saved: MagicNexus

01:45:37: [read seller]
01:45:37: Already saved: SimonJack88

01:45:37: [read seller]
01:45:37: Already saved: JohnWizard

01:45:37: [read seller]
01:45:37: Already saved: Rarehuntershop

01:45:37: [read seller]
01:45:37: Already saved: CardStoreAlcamo

01:45:37: [read seller]
01:45:37: Already saved: Brenag

01:45:37: [read seller]
01:45:37: Already saved: Magicdealer-patte-de

01:45:37: [read seller]
01:45:37: Already saved: Magicshop2000

01:45:37: [read seller]
01:45:37: Already saved: DiamondValley

01:45:37: [read seller]
01:45:37: Already saved: maglaf88

01:45:37: [read seller]
01:45:37: Already saved: Kartenkoenig

01:45:37: [read seller]
01:45:37: Already saved: Zaki23

01:45:37: [read seller]
01:45:37: Already saved: kfranklin12

01:45:37: [read seller]
01:45:37: Already saved: hespacc

01:45:37: [read seller]
01:45:37: Already saved: Mirrankreuzritter

01:45:37: [read seller]
01:45:37: Already saved: matiasgabarron

01:45:37: [read seller]
01:45:37: Already saved: HiveGames

01:45:37: [read seller]
01:45:37: Already saved: mtg-discounter24

01:45:37: [read seller]
01:45:37: Already saved: Athabasca

01:45:37: [read seller]
01:45:37: Already saved: Twoshop

01:45:37: [read seller]
01:45:37: Already saved: DHGames

01:45:37: [read seller]
01:45:37: Already saved: ishotya

01:45:37: [read seller]
01:45:37: Already saved: DagonX

01:45:37: [read seller]
01:45:37: Already saved: landshome279

01:45:37: [read seller]
01:45:37: Already saved: satirobcn

01:45:37: [read seller]
01:45:37: Already saved: Bigs77

01:45:37: [read seller]
01:45:37: Already saved: gambo

01:45:37: [read seller]
01:45:37: Already saved: stamosm

01:45:37: [read seller]
01:45:37: Already saved: Bruce7506

01:45:37: [read seller]
01:45:37: Already saved: rakerone

01:45:37: [read seller]
01:45:37: Already saved: Mintcardgem

01:45:37: [read seller]
01:45:37: Already saved: AdrianMC

01:45:37: [read seller]
01:45:37: Already saved: Skiski

01:45:37: [read seller]
01:45:37: Already saved: rockardist

01:45:37: [read seller]
01:45:37: Already saved: DrDkt666

01:45:37: [read seller]
01:45:37: Already saved: Zoios

01:45:37: [read seller]
01:45:37: Already saved: Kuduce

01:45:37: [read seller]
01:45:37: Already saved: Mavado-Vemos

01:45:37: [read seller]
01:45:37: Already saved: Colovia

01:45:37: [read seller]
01:45:37: Already saved: K40crew

01:45:37: [read seller]
01:45:37: Already saved: michaldurovic

01:45:37: [read seller]
01:45:37: Already saved: Muttonium

01:45:37: [read seller]
01:45:37: Already saved: Adway

01:45:37: [read seller]
01:45:37: Already saved: Carioca9987

01:45:37: [read seller]
01:45:37: Already saved: maxsilver

01:45:37: [read seller]
01:45:37: Already saved: pbjoker

01:45:37: [read seller]
01:45:37: Already saved: pbjoker

01:45:37: [read seller]
01:45:37: Already saved: Ghostlo

01:45:37: [read seller]
01:45:37: Already saved: Magicshop2000

01:45:37: [read seller]
01:45:37: Already saved: CrazyComicsAndGames

01:45:37: [read seller]
01:45:37: Already saved: Abdelbach

01:45:37: [read seller]
01:45:37: Already saved: heckman

01:45:37: [read seller]
01:45:37: Already saved: Zloch

01:45:37: [read seller]
01:45:37: Already saved: Ceribe

01:45:37: [read seller]
01:45:37: Already saved: deathhenker

01:45:37: [read seller]
01:45:37: Already saved: OutpostBrussels

01:45:37: [read seller]
01:45:37: Already saved: Zakk67

01:45:37: [read seller]
01:45:37: Already saved: zalakke

01:45:37: [read seller]
01:45:37: Already saved: CardCastle

01:45:37: [read seller]
01:45:37: Already saved: Admiral-Haze

01:45:37: [read seller]
01:45:37: Already saved: Moltras

01:45:37: [read seller]
01:45:37: Already saved: Moltras

01:45:37: [read seller]
01:45:37: Already saved: masa

01:45:37: [read seller]
01:45:37: Already saved: roughy

01:45:37: [read seller]
01:45:37: Already saved: cornelius59

01:45:37: [read seller]
01:45:37: Already saved: Zoocomics

01:45:37: [read seller]
01:45:37: Already saved: seagel

01:45:37: [read seller]
01:45:37: Already saved: D-Insane

01:45:37: [read seller]
01:45:37: Already saved: elliot1990pl

01:45:37: [read seller]
01:45:37: Already saved: evertk

01:45:37: [read seller]
01:45:37: Already saved: matic

01:45:37: [read seller]
01:45:37: Already saved: dommedag

01:45:37: [read seller]
01:45:37: Already saved: Quilombero

01:45:37: [read seller]
01:45:37: Already saved: TizziTizzi

01:45:37: [read seller]
01:45:37: Already saved: leonin

01:45:37: [read seller]
01:45:37: Already saved: Lorena

01:45:37: [read seller]
01:45:37: Already saved: JJ-Finkleton

01:45:37: [read seller]
01:45:37: Already saved: Boromol

01:45:37: [read seller]
01:45:37: Already saved: flosiii

01:45:37: [read seller]
01:45:37: Already saved: jerome34

01:45:37: [read seller]
01:45:37: Already saved: punkboy48

01:45:37: [read seller]
01:45:37: Already saved: MagicTradeHouseNo1

01:45:37: [read seller]
01:45:37: Already saved: DavidxRodx

01:45:37: [read seller]
01:45:37: Already saved: NicoDN

01:45:37: [read seller]
01:45:37: Already saved: Strat066

01:45:37: [read seller]
01:45:37: Already saved: ClemFr

01:45:37: [read seller]
01:45:37: Already saved: MaxiM87

01:45:37: [read seller]
01:45:37: Already saved: Sadquatch

01:45:37: [read seller]
01:45:37: Already saved: Games-Island

01:45:37: [read seller]
01:45:37: Already saved: Mazvigosl

01:45:37: [read seller]
01:45:37: Already saved: DonMTG

01:45:37: [read seller]
01:45:37: Already saved: MagicBarcelona

01:45:37: [read seller]
01:45:37: Already saved: das-Marmak

01:45:37: [read seller]
01:45:37: Already saved: Rusty2410

01:45:37: [read seller]
01:45:37: Already saved: tuvok85

01:45:37: [read seller]
01:45:37: Already saved: Jurgencreyf

01:45:37: [read seller]
01:45:37: Already saved: LotusGarden

01:45:37: [read seller]
01:45:37: Already saved: buchanin

01:45:37: [read seller]
01:45:37: Already saved: gabrielooos93

01:45:37: [read seller]
01:45:37: Already saved: MishrasCardshop

01:45:37: [read seller]
01:45:37: Already saved: MrclBok

01:45:37: [read seller]
01:45:37: Already saved: MagicEmporium

01:45:37: [read seller]
01:45:37: Already saved: Harakesh

01:45:37: [read seller]
01:45:37: Already saved: The-Inn-TCG

01:45:37: [read seller]
01:45:37: Already saved: DrawstepGD

01:45:37: [read seller]
01:45:37: Already saved: magictuga

01:45:37: [read seller]
01:45:37: Already saved: Ghostlo

01:45:37: [read seller]
01:45:37: Already saved: Ghostlo

01:45:37: [read seller]
01:45:37: Already saved: Abdelbach

01:45:37: [read seller]
01:45:37: Already saved: Igibert

01:45:37: [read seller]
01:45:37: Already saved: MagicTradeHouseNo1

01:45:37: [read seller]
01:45:37: Already saved: pl0wbeast

01:45:37: [read seller]
01:45:37: Already saved: Moria05

01:45:37: [read seller]
01:45:37: Already saved: DrawstepGD

01:45:37: [read seller]
01:45:37: Already saved: Igibert

01:45:37: [read seller]
01:45:37: Already saved: FKTRD

01:45:37: [read seller]
01:45:37: Already saved: PlayTimeComo

01:45:37: [read seller]
01:45:37: Already saved: Grecutus

01:45:37: [read seller]
01:45:37: Already saved: kreaten

01:45:37: [read seller]
01:45:37: Already saved: ZackyVeah

01:45:37: [read seller]
01:45:37: Already saved: HeinerBremer

01:45:37: [read seller]
01:45:37: Already saved: WizardshopCz

01:45:37: [read seller]
01:45:37: Already saved: Wildfirestore

01:45:37: [read seller]
01:45:37: Already saved: Zebratus

01:45:37: [read seller]
01:45:37: Already saved: willybizarre

01:45:37: [read seller]
01:45:37: Already saved: Outpostgamecenter

01:45:37: [read seller]
01:45:37: Already saved: Galactus-Roma

01:45:37: [read seller]
01:45:37: Already saved: CardsMania

01:45:37: [read seller]
01:45:37: Already saved: CARAB

01:45:37: [read seller]
01:45:37: Already saved: magiccorner

01:45:37: [read seller]
01:45:37: Already saved: DRAGONCT

01:45:37: [read seller]
01:45:37: Already saved: Metropolis-Center

01:45:37: [read seller]
01:45:37: Already saved: NobleGarden

01:45:37: [read seller]
01:45:37: Already saved: pl0wbeast

01:45:37: [read seller]
01:45:37: Already saved: pl0wbeast

01:45:37: [read seller]
01:45:37: Already saved: pl0wbeast

01:45:37: [read seller]
01:45:37: Already saved: Skaldenmagie

01:45:38: [read seller]
01:45:38: Already saved: Bjiarni

01:45:38: [read seller]
01:45:38: Already saved: Goshar

01:45:38: [read seller]
01:45:38: Already saved: das-Marmak

01:45:38: [read seller]
01:45:38: Already saved: Kuldotha-Bazaar

01:45:38: [read seller]
01:45:38: Already saved: Nightshade-Shop

01:45:38: [read seller]
01:45:38: Already saved: PlaceOfGeek

01:45:38: [read seller]
01:45:38: Already saved: LotusVale-Bochum

01:45:38: [read seller]
01:45:38: Already saved: Deprolloneon

01:45:38: [read seller]
01:45:38: Already saved: zarcenas

01:45:38: [read seller]
01:45:38: Already saved: DoozEscape

01:45:38: [read seller]
01:45:38: Already saved: Baldur82

01:45:38: [read seller]
01:45:38: Already saved: Baldur82

01:45:38: [read seller]
01:45:38: Already saved: delmas

01:45:38: [read seller]
01:45:38: Already saved: TolarianBrewAcademy

01:45:38: [read seller]
01:45:38: Already saved: TCG-entertainment

01:45:38: [read seller]
01:45:38: Already saved: DragonReikaiGames

01:45:38: [read seller]
01:45:38: Already saved: Abdelbach

01:45:38: [read seller]
01:45:38: Already saved: JM123

01:45:38: [read seller]
01:45:38: Already saved: normans

01:45:38: [read seller]
01:45:38: Already saved: Gunship-Games

01:45:38: [read seller]
01:45:38: Already saved: Mazvigosl

01:45:38: [read seller]
01:45:38: Already saved: jokerbovisa

01:45:38: [read seller]
01:45:38: Already saved: Playin

01:45:38: [read seller]
01:45:38: Already saved: House-of-Games

01:45:38: [read seller]
01:45:38: Already saved: karmacrow

01:45:38: [read seller]
01:45:38: Already saved: BB-Spiele

01:45:38: [read seller]
01:45:38: Already saved: SpielRaum

01:45:38: [read seller]
01:45:38: Already saved: SpielRaum

01:45:38: [read seller]
01:45:38: Already saved: House-of-Games

01:45:38: [read seller]
01:45:38: Already saved: Deprolloneon

01:45:38: [read seller]
01:45:38: Already saved: JohnWizard

01:45:38: [read seller]
01:45:38: Already saved: SVKZeke

01:45:38: [read seller]
01:45:38: Already saved: SVKZeke

01:45:38: [read seller]
01:45:38: Already saved: AboveGodlike

01:45:38: [read seller]
01:45:38: Already saved: webuyanycard

01:45:38: [read seller]
01:45:38: Already saved: Kiki237

01:45:38: [read seller]
01:45:38: Already saved: Antonius

01:45:38: [read seller]
01:45:38: Already saved: LPPCOLLECTING-IT-SRL

01:45:38: [read seller]
01:45:38: Already saved: MagicBarcelona

01:45:38: [read seller]
01:45:38: Already saved: toycastle

01:45:38: [read seller]
01:45:38: Already saved: masa

01:45:38: [read seller]
01:45:38: Already saved: Rusty2410

01:45:38: [read seller]
01:45:38: Already saved: TimeaB

01:45:38: [read seller]
01:45:38: Already saved: Kartenkoenig

01:45:38: [read seller]
01:45:38: Already saved: DRAGONCT

01:45:38: [read seller]
01:45:38: Already saved: TimeaB

01:45:38: [read seller]
01:45:38: Already saved: roughy

01:45:38: [read seller]
01:45:38: Already saved: martial-alters

01:45:38: [read seller]
01:45:38: Already saved: martial-alters

01:45:38: [read seller]
01:45:38: Already saved: Mazvigosl

01:45:38: URL change  ->  https://www.cardmarket.com/en/Magic/Products/Singles/Battlebond/Skyshroud-Claim
01:45:38: Sleeping for 1.0504236135950535 seconds
01:45:39: Sleeping for 0.6815228484174475 seconds
01:45:40: Extending the sellers view...
01:45:40: Sleeping for 0.6240092676233039 seconds
01:45:41: Extending the sellers view...
01:45:41: Sleeping for 0.5584545388084832 seconds
01:45:41: Extending the sellers view...
01:45:41: Sleeping for 0.6910729700419341 seconds
