01:58:17: Creation of this file
01:58:17: Date 29/06/2021 01:58 added	date_ID: 34
01:58:17: Opening the webdriver
01:58:21: Webdriver ready
01:58:21: Database connection established
01:58:22: URL change  ->  https://www.cardmarket.com/en/Magic/Products/Singles/Battlebond?site=1
01:58:22: Card names from Battlebond are already saved

01:58:22: URL change  ->  https://www.cardmarket.com/en/Magic/Products/Singles/Battlebond/Skyshroud-Claim
01:58:22: Sleeping for 1.9581384084750646 seconds
01:58:24: Extending the sellers view...
01:58:24: Sleeping for 0.5333322619583472 seconds
01:58:25: Extending the sellers view...
01:58:25: Sleeping for 0.8649842083931548 seconds
01:58:26: Extending the sellers view...
01:58:26: Sleeping for 0.7032703641040982 seconds
01:58:27: Extending the sellers view...
01:58:27: Sleeping for 0.8608120393126487 seconds
01:58:28: [read card]
01:58:28: [read date]
01:58:28: Card Skyshroud Claim saved recently (01:41)
01:58:28: Already saved: Skyshroud Claim

01:58:28: [read seller]
01:58:28: Already saved: PartyNator

01:58:28: [read seller]
01:58:28: Already saved: CValle

01:58:28: [read seller]
01:58:28: Already saved: MarcoSanzin

01:58:28: [read seller]
01:58:28: Already saved: MagicBivio

01:58:28: [read seller]
01:58:28: Already saved: Tezzeret84

01:58:28: [read seller]
01:58:28: Already saved: Lordburka

01:58:28: [read seller]
01:58:28: Already saved: Lanowar69

01:58:28: [read seller]
01:58:28: Already saved: Topdeckskills

01:58:28: [read seller]
01:58:28: Already saved: magicpartcard

01:58:28: [read seller]
01:58:28: Already saved: stanislaf

01:58:28: [read seller]
01:58:28: Already saved: Thrymiir

01:58:28: [read seller]
01:58:28: Already saved: daidojilaurent

01:58:28: [read seller]
01:58:28: Already saved: sovmar

01:58:28: [read seller]
01:58:28: Already saved: Ceribe

01:58:28: [read seller]
01:58:28: Already saved: Felixuco

01:58:28: [read seller]
01:58:28: Already saved: Richaardi

01:58:28: [read seller]
01:58:28: Already saved: diddos

01:58:28: [read seller]
01:58:28: Already saved: dakkon87

01:58:28: [read seller]
01:58:28: Already saved: Mirikov

01:58:28: [read seller]
01:58:28: Already saved: BrandyBrand

01:58:28: [read seller]
01:58:28: Already saved: CommanderStaples

01:58:28: [read seller]
01:58:28: Already saved: BechaMecha

01:58:28: [read seller]
01:58:28: Already saved: MadridMagic

01:58:28: [read seller]
01:58:28: Already saved: DombekTorun

01:58:28: [read seller]
01:58:28: Already saved: BaukeS

01:58:28: [read seller]
01:58:28: Already saved: plkfd

01:58:28: [read seller]
01:58:28: Already saved: quasimoto

01:58:28: [read seller]
01:58:28: Already saved: Zoocomics

01:58:28: [read seller]
01:58:28: Already saved: MTG-Prime

01:58:28: [read seller]
01:58:28: Already saved: FrankvdWaals

01:58:28: [read seller]
01:58:28: Already saved: GunCha

01:58:28: [read seller]
01:58:28: Already saved: hobbitfred

01:58:28: [read seller]
01:58:28: Already saved: Tyron-Heartz

01:58:28: [read seller]
01:58:28: Already saved: cultus

01:58:28: [read seller]
01:58:28: Already saved: bendu71

01:58:28: [read seller]
01:58:28: Already saved: Kungfupeet

01:58:28: [read seller]
01:58:28: Already saved: TheCoonRises

01:58:28: [read seller]
01:58:28: Already saved: kARNN

01:58:28: [read seller]
01:58:28: Already saved: RedDragonMagic

01:58:28: [read seller]
01:58:28: Already saved: fuxxi

01:58:28: [read seller]
01:58:28: Already saved: maglaf88

01:58:28: [read seller]
01:58:28: Already saved: antonio-muenster

01:58:28: [read seller]
01:58:28: Already saved: Dinis

01:58:28: [read seller]
01:58:28: Already saved: Akroma44

01:58:28: [read seller]
01:58:28: Already saved: 38Shizo

01:58:28: [read seller]
01:58:28: Already saved: Matze-KungFury

01:58:28: [read seller]
01:58:28: Already saved: pantufas

01:58:28: [read seller]
01:58:28: Already saved: Loui0

01:58:28: [read seller]
01:58:28: Already saved: tennlos

01:58:28: [read seller]
01:58:28: Already saved: MagicNexus

01:58:28: [read seller]
01:58:28: Already saved: SimonJack88

01:58:28: [read seller]
01:58:28: Already saved: JohnWizard

01:58:28: [read seller]
01:58:28: Already saved: Rarehuntershop

01:58:28: [read seller]
01:58:28: Already saved: CardStoreAlcamo

01:58:28: [read seller]
01:58:28: Already saved: Brenag

01:58:28: [read seller]
01:58:28: Already saved: Magicdealer-patte-de

01:58:28: [read seller]
01:58:28: Already saved: Magicshop2000

01:58:28: [read seller]
01:58:28: Already saved: DiamondValley

01:58:28: [read seller]
01:58:28: Already saved: maglaf88

01:58:28: [read seller]
01:58:28: Already saved: Kartenkoenig

01:58:28: [read seller]
01:58:28: Already saved: Zaki23

01:58:28: [read seller]
01:58:28: Already saved: kfranklin12

01:58:28: [read seller]
01:58:28: Already saved: hespacc

01:58:28: [read seller]
01:58:28: Already saved: Mirrankreuzritter

01:58:28: [read seller]
01:58:28: Already saved: matiasgabarron

01:58:28: [read seller]
01:58:28: Already saved: HiveGames

01:58:28: [read seller]
01:58:28: Already saved: mtg-discounter24

01:58:28: [read seller]
01:58:28: Already saved: Athabasca

01:58:28: [read seller]
01:58:28: Already saved: Twoshop

01:58:28: [read seller]
01:58:28: Already saved: DHGames

01:58:28: [read seller]
01:58:28: Already saved: ishotya

01:58:28: [read seller]
01:58:28: Already saved: DagonX

01:58:28: [read seller]
01:58:28: Already saved: landshome279

01:58:28: [read seller]
01:58:28: Already saved: satirobcn

01:58:28: [read seller]
01:58:28: Already saved: Bigs77

01:58:28: [read seller]
01:58:28: Already saved: gambo

01:58:28: [read seller]
01:58:28: Already saved: stamosm

01:58:28: [read seller]
01:58:28: Already saved: Bruce7506

01:58:28: [read seller]
01:58:28: Already saved: rakerone

01:58:28: [read seller]
01:58:28: Already saved: Mintcardgem

01:58:28: [read seller]
01:58:28: Already saved: AdrianMC

01:58:28: [read seller]
01:58:28: Already saved: Skiski

01:58:28: [read seller]
01:58:28: Already saved: rockardist

01:58:28: [read seller]
01:58:28: Already saved: DrDkt666

01:58:28: [read seller]
01:58:28: Already saved: Zoios

01:58:28: [read seller]
01:58:28: Already saved: Kuduce

01:58:28: [read seller]
01:58:28: Already saved: Mavado-Vemos

01:58:28: [read seller]
01:58:28: Already saved: Colovia

01:58:28: [read seller]
01:58:28: Already saved: K40crew

01:58:28: [read seller]
01:58:28: Already saved: michaldurovic

01:58:28: [read seller]
01:58:28: Already saved: Muttonium

01:58:28: [read seller]
01:58:28: Already saved: Adway

01:58:28: [read seller]
01:58:28: Already saved: Carioca9987

01:58:28: [read seller]
01:58:28: Already saved: maxsilver

01:58:28: [read seller]
01:58:28: Already saved: pbjoker

01:58:28: [read seller]
01:58:28: Already saved: pbjoker

01:58:28: [read seller]
01:58:28: Already saved: Ghostlo

01:58:28: [read seller]
01:58:28: Already saved: Magicshop2000

01:58:28: [read seller]
01:58:28: Already saved: CrazyComicsAndGames

01:58:28: [read seller]
01:58:28: Already saved: Abdelbach

01:58:28: [read seller]
01:58:28: Already saved: heckman

01:58:28: [read seller]
01:58:28: Already saved: Zloch

01:58:28: [read seller]
01:58:28: Already saved: Ceribe

01:58:28: [read seller]
01:58:28: Already saved: deathhenker

01:58:28: [read seller]
01:58:28: Already saved: OutpostBrussels

01:58:28: [read seller]
01:58:28: Already saved: Zakk67

01:58:28: [read seller]
01:58:28: Already saved: zalakke

01:58:28: [read seller]
01:58:28: Already saved: CardCastle

01:58:28: [read seller]
01:58:28: Already saved: Admiral-Haze

01:58:28: [read seller]
01:58:28: Already saved: Moltras

01:58:28: [read seller]
01:58:28: Already saved: Moltras

01:58:28: [read seller]
01:58:28: Already saved: masa

01:58:28: [read seller]
01:58:28: Already saved: roughy

01:58:28: [read seller]
01:58:28: Already saved: cornelius59

01:58:28: [read seller]
01:58:28: Already saved: Zoocomics

01:58:28: [read seller]
01:58:28: Already saved: seagel

01:58:29: [read seller]
01:58:29: Already saved: D-Insane

01:58:29: [read seller]
01:58:29: Already saved: elliot1990pl

01:58:29: [read seller]
01:58:29: Already saved: evertk

01:58:29: [read seller]
01:58:29: Already saved: matic

01:58:29: [read seller]
01:58:29: Already saved: dommedag

01:58:29: [read seller]
01:58:29: Already saved: Quilombero

01:58:29: [read seller]
01:58:29: Already saved: TizziTizzi

01:58:29: [read seller]
01:58:29: Already saved: leonin

01:58:29: [read seller]
01:58:29: Already saved: Lorena

01:58:29: [read seller]
01:58:29: Already saved: JJ-Finkleton

01:58:29: [read seller]
01:58:29: Already saved: Boromol

01:58:29: [read seller]
01:58:29: Already saved: flosiii

01:58:29: [read seller]
01:58:29: Already saved: jerome34

01:58:29: [read seller]
01:58:29: Already saved: punkboy48

01:58:29: [read seller]
01:58:29: Already saved: MagicTradeHouseNo1

01:58:29: [read seller]
01:58:29: Already saved: DavidxRodx

01:58:29: [read seller]
01:58:29: Already saved: NicoDN

01:58:29: [read seller]
01:58:29: Already saved: Strat066

01:58:29: [read seller]
01:58:29: Already saved: ClemFr

01:58:29: [read seller]
01:58:29: Already saved: MaxiM87

01:58:29: [read seller]
01:58:29: Already saved: Sadquatch

01:58:29: [read seller]
01:58:29: Already saved: Games-Island

01:58:29: [read seller]
01:58:29: Already saved: Mazvigosl

01:58:29: [read seller]
01:58:29: Already saved: DonMTG

01:58:29: [read seller]
01:58:29: Already saved: MagicBarcelona

01:58:29: [read seller]
01:58:29: Already saved: das-Marmak

01:58:29: [read seller]
01:58:29: Already saved: Rusty2410

01:58:29: [read seller]
01:58:29: Already saved: tuvok85

01:58:29: [read seller]
01:58:29: Already saved: Jurgencreyf

01:58:29: [read seller]
01:58:29: Already saved: LotusGarden

01:58:29: [read seller]
01:58:29: Already saved: buchanin

01:58:29: [read seller]
01:58:29: Already saved: gabrielooos93

01:58:29: [read seller]
01:58:29: Already saved: MishrasCardshop

01:58:29: [read seller]
01:58:29: Already saved: MrclBok

01:58:29: [read seller]
01:58:29: Already saved: MagicEmporium

01:58:29: [read seller]
01:58:29: Already saved: Harakesh

01:58:29: [read seller]
01:58:29: Already saved: The-Inn-TCG

01:58:29: [read seller]
01:58:29: Already saved: DrawstepGD

01:58:29: [read seller]
01:58:29: Already saved: magictuga

01:58:29: [read seller]
01:58:29: Already saved: Ghostlo

01:58:29: [read seller]
01:58:29: Already saved: Ghostlo

01:58:29: [read seller]
01:58:29: Already saved: Abdelbach

01:58:29: [read seller]
01:58:29: Already saved: Igibert

01:58:29: [read seller]
01:58:29: Already saved: MagicTradeHouseNo1

01:58:29: [read seller]
01:58:29: Already saved: pl0wbeast

01:58:29: [read seller]
01:58:29: Already saved: Moria05

01:58:29: [read seller]
01:58:29: Already saved: DrawstepGD

01:58:29: [read seller]
01:58:29: Already saved: Igibert

01:58:29: [read seller]
01:58:29: Already saved: FKTRD

01:58:29: [read seller]
01:58:29: Already saved: PlayTimeComo

01:58:29: [read seller]
01:58:29: Already saved: Grecutus

01:58:29: [read seller]
01:58:29: Already saved: kreaten

01:58:29: [read seller]
01:58:29: Already saved: ZackyVeah

01:58:29: [read seller]
01:58:29: Already saved: HeinerBremer

01:58:29: [read seller]
01:58:29: Already saved: WizardshopCz

01:58:29: [read seller]
01:58:29: Already saved: Wildfirestore

01:58:29: [read seller]
01:58:29: Already saved: Zebratus

01:58:29: [read seller]
01:58:29: Already saved: willybizarre

01:58:29: [read seller]
01:58:29: Already saved: Outpostgamecenter

01:58:29: [read seller]
01:58:29: Already saved: Galactus-Roma

01:58:29: [read seller]
01:58:29: Already saved: CardsMania

01:58:29: [read seller]
01:58:29: Already saved: CARAB

01:58:29: [read seller]
01:58:29: Already saved: magiccorner

01:58:29: [read seller]
01:58:29: Already saved: DRAGONCT

01:58:29: [read seller]
01:58:29: Already saved: Metropolis-Center

01:58:29: [read seller]
01:58:29: Already saved: NobleGarden

01:58:29: [read seller]
01:58:29: Already saved: pl0wbeast

01:58:29: [read seller]
01:58:29: Already saved: pl0wbeast

01:58:29: [read seller]
01:58:29: Already saved: pl0wbeast

01:58:29: [read seller]
01:58:29: Already saved: Skaldenmagie

01:58:29: [read seller]
01:58:29: Already saved: Bjiarni

01:58:29: [read seller]
01:58:29: Already saved: Goshar

01:58:29: [read seller]
01:58:29: Already saved: das-Marmak

01:58:29: [read seller]
01:58:29: Already saved: Kuldotha-Bazaar

01:58:29: [read seller]
01:58:29: Already saved: Nightshade-Shop

01:58:29: [read seller]
01:58:29: Already saved: PlaceOfGeek

01:58:29: [read seller]
01:58:29: Already saved: LotusVale-Bochum

01:58:29: [read seller]
01:58:29: Already saved: Deprolloneon

01:58:29: [read seller]
01:58:29: Already saved: zarcenas

01:58:29: [read seller]
01:58:29: Already saved: DoozEscape

01:58:29: [read seller]
01:58:29: Already saved: Baldur82

01:58:29: [read seller]
01:58:29: Already saved: Baldur82

01:58:29: [read seller]
01:58:29: Already saved: delmas

01:58:29: [read seller]
01:58:29: Already saved: TolarianBrewAcademy

01:58:29: [read seller]
01:58:29: Already saved: TCG-entertainment

01:58:29: [read seller]
01:58:29: Already saved: DragonReikaiGames

01:58:29: [read seller]
01:58:29: Already saved: Abdelbach

01:58:29: [read seller]
01:58:29: Already saved: JM123

01:58:29: [read seller]
01:58:29: Already saved: normans

01:58:29: [read seller]
01:58:29: Already saved: Gunship-Games

01:58:29: [read seller]
01:58:29: Already saved: Mazvigosl

01:58:29: [read seller]
01:58:29: Already saved: jokerbovisa

01:58:29: [read seller]
01:58:29: Already saved: Playin

01:58:29: [read seller]
01:58:29: Already saved: House-of-Games

01:58:29: [read seller]
01:58:29: Already saved: karmacrow

01:58:29: [read seller]
01:58:29: Already saved: BB-Spiele

01:58:29: [read seller]
01:58:29: Already saved: SpielRaum

01:58:29: [read seller]
01:58:29: Already saved: SpielRaum

01:58:29: [read seller]
01:58:29: Already saved: House-of-Games

01:58:29: [read seller]
01:58:29: Already saved: Deprolloneon

01:58:29: [read seller]
01:58:29: Already saved: JohnWizard

01:58:29: [read seller]
01:58:29: Already saved: SVKZeke

01:58:29: [read seller]
01:58:29: Already saved: SVKZeke

01:58:29: [read seller]
01:58:29: Already saved: AboveGodlike

01:58:29: [read seller]
01:58:29: Already saved: webuyanycard

01:58:29: [read seller]
01:58:29: Already saved: Kiki237

01:58:29: [read seller]
01:58:29: Already saved: Antonius

01:58:29: [read seller]
01:58:29: Already saved: LPPCOLLECTING-IT-SRL

01:58:29: [read seller]
01:58:29: Already saved: MagicBarcelona

01:58:29: [read seller]
01:58:29: Already saved: toycastle

01:58:29: [read seller]
01:58:29: Already saved: masa

01:58:29: [read seller]
01:58:29: Already saved: Rusty2410

01:58:29: [read seller]
01:58:29: Already saved: TimeaB

01:58:29: [read seller]
01:58:29: Already saved: Kartenkoenig

01:58:29: [read seller]
01:58:29: Already saved: DRAGONCT

01:58:29: [read seller]
01:58:29: Already saved: TimeaB

01:58:29: [read seller]
01:58:29: Already saved: roughy

01:58:29: [read seller]
01:58:29: Already saved: martial-alters

01:58:29: [read seller]
01:58:29: Already saved: martial-alters

01:58:29: [read seller]
01:58:29: Already saved: Mazvigosl

01:58:29: URL change  ->  https://www.cardmarket.com/en/Magic/Products/Singles/Battlebond/Impulse
01:58:29: Sleeping for 2.6408889333210386 seconds
01:58:32: Extending the sellers view...
01:58:32: Sleeping for 0.8496954597099947 seconds
01:58:33: Extending the sellers view...
01:58:33: Sleeping for 0.7438800247814166 seconds
01:58:34: Extending the sellers view...
01:58:34: Sleeping for 0.6821701297398697 seconds
01:58:35: Extending the sellers view...
01:58:35: Sleeping for 0.6781821730185257 seconds
01:58:35: Extending the sellers view...
01:58:35: Sleeping for 0.6745171502065446 seconds
01:58:36: Extending the sellers view...
01:58:36: Sleeping for 0.7639810739188505 seconds
01:58:37: Extending the sellers view...
01:58:37: Sleeping for 0.7018481125215584 seconds
01:58:38: Extending the sellers view...
01:58:38: Sleeping for 0.7871501504514042 seconds
01:58:39: [read card]
01:58:39: [read date]
01:58:39: Card Impulse saved recently (01:50)
01:58:39: Already saved: Impulse

01:58:39: [read seller]
01:58:39: Already saved: replicart71

01:58:39: [read seller]
01:58:39: Already saved: WhiteFoxThree

01:58:39: [read seller]
01:58:39: Already saved: Jean-Claire

01:58:39: [read seller]
01:58:39: Already saved: Jean-Claire

01:58:39: [read seller]
01:58:39: Already saved: NuggetGaming

01:58:39: [read seller]
01:58:39: Already saved: ctouya

01:58:39: [read seller]
01:58:39: Already saved: Giftsungiven

01:58:39: [read seller]
01:58:39: Already saved: Emisary121

01:58:39: [read seller]
01:58:39: Already saved: Espell

01:58:39: [read seller]
01:58:39: Already saved: ruben52

01:58:39: [read seller]
01:58:39: Already saved: procards

01:58:39: [read seller]
01:58:39: Already saved: ludovic1968

01:58:39: [read seller]
01:58:39: Already saved: valis

01:58:39: [read seller]
01:58:39: Already saved: antonio-muenster

01:58:39: [read seller]
01:58:39: Already saved: NoDrummer

01:58:39: [read seller]
01:58:39: Already saved: Styliann

01:58:39: [read seller]
01:58:39: Already saved: yannloison13

01:58:39: [read seller]
01:58:39: Already saved: masistuta

01:58:39: [read seller]
01:58:39: Already saved: Trade-Secrets

01:58:39: [read seller]
01:58:39: Already saved: phagma

01:58:39: [read seller]
01:58:39: Already saved: Gautch

01:58:39: [read seller]
01:58:39: Already saved: txbcards

01:58:39: [read seller]
01:58:39: Already saved: Knightnight

01:58:39: [read seller]
01:58:39: Already saved: karasofr

01:58:39: [read seller]
01:58:39: Already saved: Pa-t-ch

01:58:39: [read seller]
01:58:39: Already saved: rogiol

01:58:39: [read seller]
01:58:39: Already saved: danieldisco

01:58:39: [read seller]
01:58:39: Already saved: Admiral-Haze

01:58:39: [read seller]
01:58:39: Already saved: aleeuwen1

01:58:39: [read seller]
01:58:39: Already saved: Geek-Corner

01:58:39: [read seller]
01:58:39: Already saved: Stefouch

01:58:39: [read seller]
01:58:39: Already saved: MarcoSanzin

01:58:39: [read seller]
01:58:39: Already saved: PartyNator

01:58:39: [read seller]
01:58:39: Already saved: pisqnek

01:58:39: [read seller]
01:58:39: Already saved: Goodlookgamer

01:58:39: [read seller]
01:58:39: Already saved: TopdeckDK

01:58:39: [read seller]
01:58:39: Already saved: sedehiMTG

01:58:39: [read seller]
01:58:39: Already saved: Magiccardshop

01:58:39: [read seller]
01:58:39: Already saved: TCGWarehouse

01:58:39: [read seller]
01:58:39: Already saved: helpoemer

01:58:39: [read seller]
01:58:39: Already saved: Nerd-Shop

01:58:39: [read seller]
01:58:39: Already saved: Andycards

01:58:39: [read seller]
01:58:39: Already saved: weißer-Lotus

01:58:39: [read seller]
01:58:39: Already saved: sanjic

01:58:39: [read seller]
01:58:39: Already saved: MagusDoVinhedo

01:58:39: [read seller]
01:58:39: Already saved: Wintereinbruch

01:58:39: [read seller]
01:58:39: Already saved: Kissmaiass

01:58:39: [read seller]
01:58:39: Already saved: thewirtschaftswunder

01:58:39: [read seller]
01:58:39: Already saved: BaukeS

01:58:39: [read seller]
01:58:39: Already saved: Blackbolt

01:58:39: [read seller]
01:58:39: Already saved: Ex0rcist

01:58:39: [read seller]
01:58:39: Already saved: nicororix

01:58:39: [read seller]
01:58:39: Already saved: petedk

01:58:39: [read seller]
01:58:39: Already saved: Rhaegar-LR

01:58:39: [read seller]
01:58:39: Already saved: Benben78

01:58:39: [read seller]
01:58:39: Already saved: kevkev

01:58:39: [read seller]
01:58:39: Already saved: Cohnjollins

01:58:39: [read seller]
01:58:39: Already saved: jeristy

01:58:39: [read seller]
01:58:39: Already saved: N3B3L

01:58:40: [read seller]
01:58:40: Already saved: plkfd

01:58:40: [read seller]
01:58:40: Already saved: oschulte

01:58:40: [read seller]
01:58:40: Already saved: Danedeluxe

01:58:40: [read seller]
01:58:40: Already saved: Theuderich

01:58:40: [read seller]
01:58:40: Already saved: GobboDealer

01:58:40: [read seller]
01:58:40: Already saved: Nihili

01:58:40: [read seller]
01:58:40: Already saved: Lighting

01:58:40: [read seller]
01:58:40: Already saved: helldanno

01:58:40: [read seller]
01:58:40: Already saved: Akroma1987

01:58:40: [read seller]
01:58:40: Already saved: Jacob8800

01:58:40: [read seller]
01:58:40: Already saved: Muskatnuss6

01:58:40: [read seller]
01:58:40: Already saved: Diogenes

01:58:40: [read seller]
01:58:40: Already saved: AdrianMC

01:58:40: [read seller]
01:58:40: Already saved: SpecialOne28

01:58:40: [read seller]
01:58:40: Already saved: emanuelemarket

01:58:40: [read seller]
01:58:40: Already saved: DrDkt666

01:58:40: [read seller]
01:58:40: Already saved: Maumoleseullevrai

01:58:40: [read seller]
01:58:40: Already saved: alfredjkwak

01:58:40: [read seller]
01:58:40: Already saved: Iscalia

01:58:40: [read seller]
01:58:40: Already saved: PzychoL

01:58:40: [read seller]
01:58:40: Already saved: Belkeen

01:58:40: [read seller]
01:58:40: Already saved: NickyBluepants

01:58:40: [read seller]
01:58:40: Already saved: Trudlo

01:58:40: [read seller]
01:58:40: Already saved: Mtg-volos

01:58:40: [read seller]
01:58:40: Already saved: MBrinch

01:58:40: [read seller]
01:58:40: Already saved: Madveek

01:58:40: [read seller]
01:58:40: Already saved: ggmagic

01:58:40: [read seller]
01:58:40: Already saved: Geeksandgamers

01:58:40: [read seller]
01:58:40: Already saved: KrayBoul

01:58:40: [read seller]
01:58:40: Already saved: JoeyMoey

01:58:40: [read seller]
01:58:40: Already saved: daktylus75

01:58:40: [read seller]
01:58:40: Already saved: DagonX

01:58:40: [read seller]
01:58:40: Already saved: dakkon87

01:58:40: [read seller]
01:58:40: Already saved: bouzekry

01:58:40: [read seller]
01:58:40: Already saved: mattopul

01:58:40: [read seller]
01:58:40: Already saved: Cypress

01:58:40: [read seller]
01:58:40: Already saved: LorenzMatterhorn

01:58:40: [read seller]
01:58:40: Already saved: Diogenes

01:58:40: [read seller]
01:58:40: Already saved: RFD94

01:58:40: [read seller]
01:58:40: Already saved: sedehiMTG

01:58:40: [read seller]
01:58:40: Already saved: cernyrytir

01:58:40: [read seller]
01:58:40: Already saved: Hobby-Games

01:58:40: [read seller]
01:58:40: Already saved: elrincondelhobby

01:58:40: [read seller]
01:58:40: Already saved: JoeBuddha

01:58:40: [read seller]
01:58:40: Already saved: Psiakowy

01:58:40: [read seller]
01:58:40: Already saved: ggmagic

01:58:40: [read seller]
01:58:40: Already saved: NEMESIS23180

01:58:40: [read seller]
01:58:40: Already saved: Alexander1907

01:58:40: [read seller]
01:58:40: Already saved: AVATAR-PL

01:58:40: [read seller]
01:58:40: Already saved: LudoB

01:58:40: [read seller]
01:58:40: Already saved: Athabasca

01:58:40: [read seller]
01:58:40: Already saved: Meistermeuchler

01:58:40: [read seller]
01:58:40: Already saved: Gferro

01:58:40: [read seller]
01:58:40: Already saved: Bestialos

01:58:40: [read seller]
01:58:40: Already saved: Hellcat

01:58:40: [read seller]
01:58:40: Already saved: hefaistos

01:58:40: [read seller]
01:58:40: Already saved: pbjoker

01:58:40: [read seller]
01:58:40: Already saved: caceres2020

01:58:40: [read seller]
01:58:40: Already saved: Reitina

01:58:40: [read seller]
01:58:40: Already saved: CardStore-Blois

01:58:40: [read seller]
01:58:40: Already saved: vale46

01:58:40: [read seller]
01:58:40: Already saved: Sinici1992

01:58:40: [read seller]
01:58:40: Already saved: Trons63

01:58:40: [read seller]
01:58:40: Already saved: tschudti

01:58:40: [read seller]
01:58:40: Already saved: Ersanto

01:58:40: [read seller]
01:58:40: Already saved: Alexsoul

01:58:40: [read seller]
01:58:40: Already saved: MTG-Prime

01:58:40: [read seller]
01:58:40: Already saved: feanor986

01:58:40: [read seller]
01:58:40: Already saved: davebeelen

01:58:40: [read seller]
01:58:40: Already saved: Mintcardgem

01:58:40: [read seller]
01:58:40: Already saved: Skiski

01:58:40: [read seller]
01:58:40: Already saved: JoeyMoey

01:58:40: [read seller]
01:58:40: Already saved: GunCha

01:58:40: [read seller]
01:58:40: Already saved: ClemFr

01:58:40: [read seller]
01:58:40: Already saved: JohnWizard

01:58:40: [read seller]
01:58:40: Already saved: Altezio

01:58:40: [read seller]
01:58:40: Already saved: ElFeeder

01:58:40: [read seller]
01:58:40: Already saved: Abyssalia

01:58:40: [read seller]
01:58:40: Already saved: lauke101

01:58:40: [read seller]
01:58:40: Already saved: Enske92

01:58:40: [read seller]
01:58:40: Already saved: alec1012

01:58:40: [read seller]
01:58:40: Already saved: Mtgspot

01:58:40: [read seller]
01:58:40: Already saved: kARNN

01:58:40: [read seller]
01:58:40: Already saved: Sebas74

01:58:40: [read seller]
01:58:40: Already saved: Diesler

01:58:40: [read seller]
01:58:40: Already saved: Hgjlesv

01:58:40: [read seller]
01:58:40: Already saved: DuploCard

01:58:40: [read seller]
01:58:40: Already saved: hael22

01:58:40: [read seller]
01:58:40: Already saved: daidojilaurent

01:58:40: [read seller]
01:58:40: Already saved: CardgeekNL

01:58:40: [read seller]
01:58:40: Already saved: TimeaB

01:58:40: [read seller]
01:58:40: Already saved: elbonenet

01:58:40: [read seller]
01:58:40: Already saved: Zaki23

01:58:40: [read seller]
01:58:40: Already saved: Larinski

01:58:40: [read seller]
01:58:40: Already saved: Goblin-Patron

01:58:40: [read seller]
01:58:40: Already saved: Hammy

01:58:40: [read seller]
01:58:40: Already saved: magicpartcard

01:58:40: [read seller]
01:58:40: Already saved: Gretski15

01:58:40: [read seller]
01:58:40: Already saved: Dinis

01:58:40: [read seller]
01:58:40: Already saved: BriXtreme

01:58:40: [read seller]
01:58:40: Already saved: diddos

01:58:40: [read seller]
01:58:40: Already saved: Kumpel-Trading

01:58:40: [read seller]
01:58:40: Already saved: TablerazeMontpellier

01:58:40: [read seller]
01:58:40: Already saved: HolmesFr

01:58:40: [read seller]
01:58:40: Already saved: kajika46

01:58:40: [read seller]
01:58:40: Already saved: TJHollaar

01:58:40: [read seller]
01:58:40: Already saved: TiagoParracho

01:58:40: [read seller]
01:58:40: Already saved: MichaelBondeDK

01:58:40: [read seller]
01:58:40: Already saved: holzvalle

01:58:40: [read seller]
01:58:40: Already saved: TheBoyz

01:58:40: [read seller]
01:58:40: Already saved: Pixie

01:58:40: [read seller]
01:58:40: Already saved: Sellerarjafin

01:58:40: [read seller]
01:58:40: Already saved: MoonVillage

01:58:40: [read seller]
01:58:40: Already saved: MoonVillage

01:58:40: [read seller]
01:58:40: Already saved: Tarmogoyf

01:58:40: [read seller]
01:58:40: Already saved: DualGames-Alicante

01:58:40: [read seller]
01:58:40: Already saved: MerfolkTraders

01:58:40: [read seller]
01:58:40: Already saved: Kap23

01:58:40: [read seller]
01:58:40: Already saved: exaltetangel

01:58:40: [read seller]
01:58:40: Already saved: MadridMagic

01:58:40: [read seller]
01:58:40: Already saved: MadridMagic

01:58:40: [read seller]
01:58:40: Already saved: maxime75018

01:58:40: [read seller]
01:58:40: Already saved: TradingCardsUnited

01:58:40: [read seller]
01:58:40: Already saved: Aberconda

01:58:40: [read seller]
01:58:40: Already saved: ManaMix

01:58:40: [read seller]
01:58:40: Already saved: Twoshop

01:58:40: [read seller]
01:58:40: Already saved: Sinister123

01:58:40: [read seller]
01:58:40: Already saved: Mik1040

01:58:40: [read seller]
01:58:40: Already saved: Midicards4281

01:58:40: [read seller]
01:58:40: Already saved: DombekTorun

01:58:40: [read seller]
01:58:40: Already saved: cornelius59

01:58:40: [read seller]
01:58:40: Already saved: Nils97

01:58:40: [read seller]
01:58:40: Already saved: luciano38

01:58:40: [read seller]
01:58:40: Already saved: landshome279

01:58:40: [read seller]
01:58:40: Already saved: Llanowar82

01:58:40: [read seller]
01:58:40: Already saved: tserjio

01:58:40: [read seller]
01:58:40: Already saved: chrisa2

01:58:40: [read seller]
01:58:40: Already saved: PowerMagicstar

01:58:40: [read seller]
01:58:40: Already saved: geekfactory

01:58:40: [read seller]
01:58:40: Already saved: sKarty

01:58:40: [read seller]
01:58:40: Already saved: Wommelshausen

01:58:40: [read seller]
01:58:40: Already saved: Megatol

01:58:40: [read seller]
01:58:40: Already saved: k201244

01:58:40: [read seller]
01:58:40: Already saved: marcophone

01:58:40: [read seller]
01:58:40: Already saved: Bigs77

01:58:40: [read seller]
01:58:40: Already saved: gambo

01:58:40: [read seller]
01:58:40: Already saved: TDR62

01:58:40: [read seller]
01:58:40: Already saved: Andre-P

01:58:40: [read seller]
01:58:40: Already saved: Bruce7506

01:58:40: [read seller]
01:58:40: Already saved: rakerone

01:58:40: [read seller]
01:58:40: Already saved: tellez7

01:58:40: [read seller]
01:58:40: Already saved: 38Shizo

01:58:40: [read seller]
01:58:40: Already saved: Mintcardgem

01:58:40: [read seller]
01:58:40: Already saved: Trolloloman

01:58:40: [read seller]
01:58:40: Already saved: Richaardi

01:58:40: [read seller]
01:58:40: Already saved: MarioMirage

01:58:40: [read seller]
01:58:40: Already saved: Secretenergy

01:58:40: [read seller]
01:58:40: Already saved: kevistrauss

01:58:40: [read seller]
01:58:40: Already saved: kasi87

01:58:40: [read seller]
01:58:40: Already saved: AcidQueen

01:58:40: [read seller]
01:58:40: Already saved: elliot1990pl

01:58:40: [read seller]
01:58:40: Already saved: evertk

01:58:40: [read seller]
01:58:40: Already saved: Muttonium

01:58:40: [read seller]
01:58:40: Already saved: Haxan

01:58:40: [read seller]
01:58:40: Already saved: Adway

01:58:40: [read seller]
01:58:40: Already saved: Glendennan

01:58:40: [read seller]
01:58:40: Already saved: Si7en

01:58:40: [read seller]
01:58:40: Already saved: biteul

01:58:40: [read seller]
01:58:40: Already saved: Enachel

01:58:40: [read seller]
01:58:40: Already saved: derstef

01:58:40: [read seller]
01:58:40: Already saved: DonnieDarkoNL

01:58:40: [read seller]
01:58:40: Already saved: Mintcardgem

01:58:40: [read seller]
01:58:40: Already saved: punkboy48

01:58:40: [read seller]
01:58:40: Already saved: Galactus-Roma

01:58:40: [read seller]
01:58:40: Already saved: kfranklin12

01:58:40: [read seller]
01:58:40: Already saved: SimonJack88

01:58:40: [read seller]
01:58:40: Already saved: BorjaxS

01:58:40: [read seller]
01:58:40: Already saved: eMeR90

01:58:40: [read seller]
01:58:40: Already saved: Xalthur

01:58:40: [read seller]
01:58:40: Already saved: welovetocollect

01:58:40: [read seller]
01:58:40: Already saved: reumah

01:58:40: [read seller]
01:58:40: Already saved: Harakesh

01:58:40: [read seller]
01:58:40: Already saved: Kartenkoenig

01:58:40: [read seller]
01:58:40: Already saved: Kartenkoenig

01:58:40: [read seller]
01:58:40: Already saved: Schimmelpopo

01:58:40: [read seller]
01:58:40: Already saved: Xobulo

01:58:40: [read seller]
01:58:40: Already saved: Kartenguru

01:58:40: [read seller]
01:58:40: Already saved: willybizarre

01:58:40: [read seller]
01:58:40: Already saved: das-Marmak

01:58:40: [read seller]
01:58:40: Already saved: Outpostgamecenter

01:58:40: [read seller]
01:58:40: Already saved: HiveGames

01:58:40: [read seller]
01:58:40: Already saved: TheCoonRises

01:58:40: [read seller]
01:58:40: Already saved: TheCoonRises

01:58:40: [read seller]
01:58:40: Already saved: TheCoonRises

01:58:40: [read seller]
01:58:40: Already saved: Magic-Industria-61

01:58:40: [read seller]
01:58:40: Already saved: ArenaGamesDE

01:58:40: [read seller]
01:58:40: Already saved: SodGames

01:58:40: [read seller]
01:58:40: Already saved: fabfesta

01:58:40: [read seller]
01:58:40: Already saved: Ishan

01:58:40: [read seller]
01:58:40: Already saved: TeamSpelEnMeer

01:58:40: [read seller]
01:58:40: Already saved: Moria05

01:58:40: [read seller]
01:58:40: Already saved: lastdreamer87

01:58:40: [read seller]
01:58:40: Already saved: leonin

01:58:40: [read seller]
01:58:40: Already saved: dfccg

01:58:40: [read seller]
01:58:40: Already saved: Mulligans

01:58:40: [read seller]
01:58:40: Already saved: OblivionMTG

01:58:40: [read seller]
01:58:40: Already saved: LotusVale-Bochum

01:58:40: [read seller]
01:58:40: Already saved: stahlkarnickel2

01:58:40: [read seller]
01:58:40: Already saved: Tezzeret84

01:58:40: [read seller]
01:58:40: Already saved: Lorena

01:58:40: [read seller]
01:58:40: Already saved: Nephren

01:58:40: [read seller]
01:58:40: Already saved: DHGames

01:58:40: [read seller]
01:58:40: Already saved: Gunnar2k8

01:58:40: [read seller]
01:58:40: Already saved: K3lla

01:58:40: [read seller]
01:58:40: Already saved: CollectiblesTrading

01:58:40: [read seller]
01:58:40: Already saved: sovmar

01:58:40: [read seller]
01:58:40: Already saved: Yufei

01:58:40: [read seller]
01:58:40: Already saved: Kernowjim

01:58:40: [read seller]
01:58:40: Already saved: Akroma44

01:58:40: [read seller]
01:58:40: Already saved: Yggzorn

01:58:40: [read seller]
01:58:40: Already saved: Mintcardgem

01:58:40: [read seller]
01:58:40: Already saved: Zloch

01:58:40: [read seller]
01:58:40: Already saved: seagel

01:58:40: [read seller]
01:58:40: Already saved: D-Insane

01:58:40: [read seller]
01:58:40: Already saved: Piccio91

01:58:40: [read seller]
01:58:40: Already saved: Charly4785

01:58:40: [read seller]
01:58:40: Already saved: snabblars

01:58:40: [read seller]
01:58:40: Already saved: Yamalesca

01:58:40: [read seller]
01:58:40: Already saved: Stefan-Laszkiewicz

01:58:40: [read seller]
01:58:40: Already saved: Games-Island

01:58:41: [read seller]
01:58:41: Already saved: sundermeier

01:58:41: [read seller]
01:58:41: Already saved: Games-Island

01:58:41: [read seller]
01:58:41: Already saved: WizardshopCz

01:58:41: [read seller]
01:58:41: Already saved: czesctuariel

01:58:41: [read seller]
01:58:41: Already saved: Zebratus

01:58:41: [read seller]
01:58:41: Already saved: Dunkler-Herrscher

01:58:41: [read seller]
01:58:41: Already saved: CardgeekNL

01:58:41: [read seller]
01:58:41: Already saved: Rusty2410

01:58:41: [read seller]
01:58:41: Already saved: CardsMania

01:58:41: [read seller]
01:58:41: Already saved: NobleGarden

01:58:41: [read seller]
01:58:41: Already saved: PetrKikac

01:58:41: [read seller]
01:58:41: Already saved: GRANDE-INVERNO

01:58:41: [read seller]
01:58:41: Already saved: Moltras

01:58:41: [read seller]
01:58:41: Already saved: Ortrudzomfg

01:58:41: [read seller]
01:58:41: Already saved: MagaMercatino

01:58:41: [read seller]
01:58:41: Already saved: The-Inn-TCG

01:58:41: [read seller]
01:58:41: Already saved: HatakeKakashi88

01:58:41: [read seller]
01:58:41: Already saved: corsi1996

01:58:41: [read seller]
01:58:41: Already saved: Mintcardgem

01:58:41: [read seller]
01:58:41: Already saved: derboba

01:58:41: [read seller]
01:58:41: Already saved: steficTol

01:58:41: [read seller]
01:58:41: Already saved: nickdejonge

01:58:41: [read seller]
01:58:41: Already saved: TizziTizzi

01:58:41: [read seller]
01:58:41: Already saved: FKTRD

01:58:41: [read seller]
01:58:41: Already saved: TCG-entertainment

01:58:41: [read seller]
01:58:41: Already saved: magictuga

01:58:41: [read seller]
01:58:41: Already saved: Playin

01:58:41: [read seller]
01:58:41: Already saved: Tier1MTG

01:58:41: [read seller]
01:58:41: Already saved: Guarida-Del-Dragon

01:58:41: [read seller]
01:58:41: Already saved: pl0wbeast

01:58:41: [read seller]
01:58:41: Already saved: leonin

01:58:41: [read seller]
01:58:41: Already saved: Skaldenmagie

01:58:41: [read seller]
01:58:41: Already saved: DrawstepGD

01:58:41: [read seller]
01:58:41: Already saved: TolarianBrewAcademy

01:58:41: [read seller]
01:58:41: Already saved: Abdelbach

01:58:41: [read seller]
01:58:41: Already saved: Mythulro

01:58:41: [read seller]
01:58:41: Already saved: ritastochter

01:58:41: [read seller]
01:58:41: Already saved: D-Insane

01:58:41: [read seller]
01:58:41: Already saved: Kirisame84

01:58:41: [read seller]
01:58:41: Already saved: delmas

01:58:41: [read seller]
01:58:41: Already saved: dragonfall5

01:58:41: [read seller]
01:58:41: Already saved: JM123

01:58:41: [read seller]
01:58:41: Already saved: SwankyPants88

01:58:41: [read seller]
01:58:41: Already saved: BB-Spiele

01:58:41: [read seller]
01:58:41: Already saved: FKTRD

01:58:41: [read seller]
01:58:41: Already saved: pedrodj78

01:58:41: [read seller]
01:58:41: Already saved: EttoreMTG

01:58:41: [read seller]
01:58:41: Already saved: Magicshop2000

01:58:41: [read seller]
01:58:41: Already saved: DavidxRodx

01:58:41: [read seller]
01:58:41: Already saved: TimeaB

01:58:41: [read seller]
01:58:41: Already saved: MrPete

01:58:41: [read seller]
01:58:41: Already saved: Mazvigosl

01:58:41: [read seller]
01:58:41: Already saved: FKTRD

01:58:41: [read seller]
01:58:41: Already saved: MerfolkTraders

01:58:41: [read seller]
01:58:41: Already saved: masa

01:58:41: [read seller]
01:58:41: Already saved: BeNsE

01:58:41: [read seller]
01:58:41: Already saved: Pangea

01:58:41: [read seller]
01:58:41: Already saved: Strat066

01:58:41: [read seller]
01:58:41: Already saved: monstersystem

01:58:41: [read seller]
01:58:41: Already saved: Colovia

01:58:41: [read seller]
01:58:41: Already saved: kahlan37

01:58:41: [read seller]
01:58:41: Already saved: Grecutus

01:58:41: [read seller]
01:58:41: Already saved: Rishadan-Magic-Store

01:58:41: [read seller]
01:58:41: Already saved: Letalboro

01:58:41: [read seller]
01:58:41: Already saved: MagicPapa

01:58:41: [read seller]
01:58:41: Already saved: jokerbovisa

01:58:41: [read seller]
01:58:41: Already saved: TCGEnterprise

01:58:41: [read seller]
01:58:41: Already saved: Schimmelpopo

01:58:41: [read seller]
01:58:41: Already saved: Magicdealer-patte-de

01:58:41: [read seller]
01:58:41: Already saved: Galactus-Roma

01:58:41: [read seller]
01:58:41: Already saved: magiccorner

01:58:41: [read seller]
01:58:41: Already saved: Metropolis-Center

01:58:41: [read seller]
01:58:41: Already saved: Gunship-Games

01:58:41: [read seller]
01:58:41: Already saved: CerberusIT

01:58:41: [read seller]
01:58:41: Already saved: gamersfinest

01:58:41: [read seller]
01:58:41: Already saved: gamersfinest

01:58:41: [read seller]
01:58:41: Already saved: gamersfinest

01:58:41: [read seller]
01:58:41: Already saved: PlayTimeComo

01:58:41: [read seller]
01:58:41: Already saved: MAGICSHOPITA

01:58:41: [read seller]
01:58:41: Already saved: ThreeForOne-AT

01:58:41: [read seller]
01:58:41: Already saved: daltenda

01:58:41: [read seller]
01:58:41: Already saved: EspaceMagic

01:58:41: [read seller]
01:58:41: Already saved: Nightshade-Shop

01:58:41: [read seller]
01:58:41: Already saved: fischi1984

01:58:41: [read seller]
01:58:41: Already saved: slashrose

01:58:41: [read seller]
01:58:41: Already saved: Brisk

01:58:41: [read seller]
01:58:41: Already saved: Mintcardgem

01:58:41: [read seller]
01:58:41: Already saved: annor

01:58:41: [read seller]
01:58:41: Already saved: Robotomasas

01:58:41: [read seller]
01:58:41: Already saved: karmacrow

01:58:41: [read seller]
01:58:41: Already saved: House-of-Games

01:58:41: [read seller]
01:58:41: Already saved: Deinvater18

01:58:41: [read seller]
01:58:41: Already saved: Jizreel

01:58:41: [read seller]
01:58:41: Already saved: Winsel

01:58:41: [read seller]
01:58:41: Already saved: MAGICPLANET

01:58:41: [read seller]
01:58:41: Already saved: Oriented

01:58:41: [read seller]
01:58:41: Already saved: christianstrothjohann

01:58:41: [read seller]
01:58:41: Already saved: petedk

01:58:41: [read seller]
01:58:41: Already saved: Stavesacre

01:58:41: [read seller]
01:58:41: Already saved: Messicano

01:58:41: [read seller]
01:58:41: Already saved: YamiAlex1994

01:58:41: [read seller]
01:58:41: Already saved: TimmeyOne

01:58:41: [read seller]
01:58:41: Already saved: Gemini56

01:58:41: [read seller]
01:58:41: Already saved: RMP1982

01:58:41: [read seller]
01:58:41: Already saved: caceres2020

01:58:41: [read seller]
01:58:41: Already saved: Pernacchianda

01:58:41: [read seller]
01:58:41: Already saved: Tier1MTG

01:58:41: [read seller]
01:58:41: Already saved: PeloutseMtG

01:58:41: [read seller]
01:58:41: Already saved: Crosis88

01:58:41: [read seller]
01:58:41: Already saved: axanathos

01:58:41: [read seller]
01:58:41: Already saved: JoannaDark

01:58:41: [read seller]
01:58:41: Already saved: quasimoto

01:58:41: [read seller]
01:58:41: Already saved: MarioMirage

01:58:41: [read seller]
01:58:41: Already saved: Galactus-Roma

01:58:41: [read seller]
01:58:41: Already saved: WizardshopCz

01:58:41: [read seller]
01:58:41: Already saved: Schnapsl

01:58:41: [read seller]
01:58:41: Already saved: Vansguy-DE

01:58:41: [read seller]
01:58:41: Already saved: Kartenkoenig

01:58:41: [read seller]
01:58:41: Already saved: TCG-entertainment

01:58:41: [read seller]
01:58:41: Already saved: Galactus-Roma

01:58:41: [read seller]
01:58:41: Already saved: CardCastle

01:58:41: [read seller]
01:58:41: Already saved: RDeschain

01:58:41: [read seller]
01:58:41: Already saved: CardsMania

01:58:41: [read seller]
01:58:41: Already saved: SVKZeke

01:58:41: [read seller]
01:58:41: Already saved: temur11

01:58:41: [read seller]
01:58:41: Already saved: PeloutseMtG

01:58:41: [read seller]
01:58:41: Already saved: nantukozerox

01:58:41: URL change  ->  https://www.cardmarket.com/en/Magic/Products/Singles/Battlebond/Zndrsplt-Eye-of-Wisdom
01:58:41: Sleeping for 1.6145051970950297 seconds
01:58:43: Extending the sellers view...
01:58:43: Sleeping for 0.7218685351663482 seconds
01:58:44: Extending the sellers view...
01:58:44: Sleeping for 0.7229806715336324 seconds
01:58:45: Extending the sellers view...
01:58:45: Sleeping for 0.9704572935039352 seconds
01:58:46: Extending the sellers view...
01:58:46: Sleeping for 0.5239699034361344 seconds
01:58:46: Extending the sellers view...
01:58:46: Sleeping for 0.7267265053719673 seconds
01:58:47: Extending the sellers view...
01:58:47: Sleeping for 0.7833382811763865 seconds
01:58:48: Extending the sellers view...
01:58:48: Sleeping for 0.6713968706635255 seconds
01:58:49: Extending the sellers view...
01:58:49: Sleeping for 0.6259362722254691 seconds
01:58:50: [read card]
01:58:50: [read date]
01:58:50: Card Zndrsplt, Eye of Wisdom saved recently (01:50)
01:58:50: Already saved: Zndrsplt, Eye of Wisdom

01:58:50: [read seller]
01:58:50: Already saved: aleplm98

01:58:50: [read seller]
01:58:50: Already saved: GoodPool

01:58:50: [read seller]
01:58:50: Already saved: Foransa

01:58:50: [read seller]
01:58:50: Already saved: PanBzoch

01:58:50: [read seller]
01:58:50: Already saved: Colabier

01:58:50: [read seller]
01:58:50: Already saved: moneymaker

01:58:50: [read seller]
01:58:50: Already saved: Noah471

01:58:50: [read seller]
01:58:50: Already saved: Cohnjollins

01:58:50: [read seller]
01:58:50: Already saved: LeonPonce

01:58:50: [read seller]
01:58:50: Already saved: sytsnas

01:58:50: [read seller]
01:58:50: Already saved: noisia

01:58:50: [read seller]
01:58:50: Already saved: Greenskull

01:58:50: [read seller]
01:58:50: Already saved: Danedeluxe

01:58:50: [read seller]
01:58:50: Already saved: babylon

01:58:50: [read seller]
01:58:50: Already saved: McFreud

01:58:50: [read seller]
01:58:50: Already saved: muse99

01:58:50: [read seller]
01:58:50: Already saved: Bellota95

01:58:50: [read seller]
01:58:50: Already saved: BBG66

01:58:50: [read seller]
01:58:50: Already saved: Marsupisalami

01:58:50: [read seller]
01:58:50: Already saved: Murasame

01:58:50: [read seller]
01:58:50: Already saved: stanislaf

01:58:50: [read seller]
01:58:50: Already saved: cardvictim

01:58:50: [read seller]
01:58:50: Already saved: atlas222

01:58:50: [read seller]
01:58:50: Already saved: Torako

01:58:50: [read seller]
01:58:50: Already saved: MadridMagic

01:58:50: [read seller]
01:58:50: Already saved: cloudpostBA

01:58:50: [read seller]
01:58:50: Already saved: bouzekry

01:58:50: [read seller]
01:58:50: Already saved: Hgjlesv

01:58:50: [read seller]
01:58:50: Already saved: stahlkarnickel2

01:58:50: [read seller]
01:58:50: Already saved: TimD

01:58:50: [read seller]
01:58:50: Already saved: PowerMagicstar

01:58:50: [read seller]
01:58:50: Already saved: CommanderStaples

01:58:50: [read seller]
01:58:50: Already saved: kartenschmiede

01:58:50: [read seller]
01:58:50: Already saved: theNecromancer

01:58:50: [read seller]
01:58:50: Already saved: mstokowski

01:58:50: [read seller]
01:58:50: Already saved: huge4uk

01:58:50: [read seller]
01:58:50: Already saved: Sebas74

01:58:50: [read seller]
01:58:50: Already saved: ManaRamp

01:58:50: [read seller]
01:58:50: Already saved: Piranha81

01:58:50: [read seller]
01:58:50: Already saved: daltenda

01:58:50: [read seller]
01:58:50: Already saved: AvalonBurgos

01:58:50: [read seller]
01:58:50: Already saved: Andycards

01:58:50: [read seller]
01:58:50: Already saved: LuisLlana

01:58:50: [read seller]
01:58:50: Already saved: SK4TE

01:58:50: [read seller]
01:58:50: Already saved: olgamor

01:58:50: [read seller]
01:58:50: Already saved: marCH1LLL

01:58:50: [read seller]
01:58:50: Already saved: ni-ju66

01:58:50: [read seller]
01:58:50: Already saved: baleinedessables

01:58:50: [read seller]
01:58:50: Already saved: rakerone

01:58:50: [read seller]
01:58:50: Already saved: Jack-DM

01:58:50: [read seller]
01:58:50: Already saved: magnapoli

01:58:50: [read seller]
01:58:50: Already saved: SnappyTiger

01:58:50: [read seller]
01:58:50: Already saved: Trapper99

01:58:50: [read seller]
01:58:50: Already saved: PaulAndr

01:58:50: [read seller]
01:58:50: Already saved: Blaze241

01:58:50: [read seller]
01:58:50: Already saved: gabrielooos93

01:58:50: [read seller]
01:58:50: Already saved: flosar71

01:58:50: [read seller]
01:58:50: Already saved: RisingVoid

01:58:50: [read seller]
01:58:50: Already saved: Tueben

01:58:50: [read seller]
01:58:50: Already saved: RagnarNagato

01:58:50: [read seller]
01:58:50: Already saved: Annie1983

01:58:50: [read seller]
01:58:50: Already saved: Mtg-volos

01:58:50: [read seller]
01:58:50: Already saved: magicpartcard

01:58:50: [read seller]
01:58:50: Already saved: mstokowski

01:58:50: [read seller]
01:58:50: Already saved: riper91

01:58:50: [read seller]
01:58:50: Already saved: Uncraft

01:58:50: [read seller]
01:58:50: Already saved: Scarecrows

01:58:50: [read seller]
01:58:50: Already saved: MoonVillage

01:58:50: [read seller]
01:58:50: Already saved: Larinski

01:58:50: [read seller]
01:58:50: Already saved: dikkedaan

01:58:50: [read seller]
01:58:50: Already saved: Teenwolf

01:58:50: [read seller]
01:58:50: Already saved: VentorII

01:58:50: [read seller]
01:58:50: Already saved: Villy

01:58:50: [read seller]
01:58:50: Already saved: GameForce

01:58:50: [read seller]
01:58:50: Already saved: VintageCollectors

01:58:50: [read seller]
01:58:50: Already saved: Troedel

01:58:50: [read seller]
01:58:50: Already saved: Blizardjack

01:58:50: [read seller]
01:58:50: Already saved: roughy

01:58:50: [read seller]
01:58:50: Already saved: CollectiblesTrading

01:58:50: [read seller]
01:58:50: Already saved: RickOttaro

01:58:50: [read seller]
01:58:50: Already saved: chrisa2

01:58:50: [read seller]
01:58:50: Already saved: Giantian

01:58:50: [read seller]
01:58:50: Already saved: Giantian

01:58:50: [read seller]
01:58:50: Already saved: Mercenary027

01:58:50: [read seller]
01:58:50: Already saved: Kernowjim

01:58:50: [read seller]
01:58:50: Already saved: Weltenwache

01:58:50: [read seller]
01:58:50: Already saved: HatakeKakashi88

01:58:50: [read seller]
01:58:50: Already saved: Dijkstra

01:58:50: [read seller]
01:58:50: Already saved: Akroma1987

01:58:50: [read seller]
01:58:50: Already saved: Platzer

01:58:50: [read seller]
01:58:50: Already saved: Krokar

01:58:50: [read seller]
01:58:50: Already saved: minimagic

01:58:50: [read seller]
01:58:50: Already saved: JaySmalls

01:58:50: [read seller]
01:58:50: Already saved: CaronteFCB

01:58:50: [read seller]
01:58:50: Already saved: FrankvdWaals

01:58:50: [read seller]
01:58:50: Already saved: Elucidator

01:58:50: [read seller]
01:58:50: Already saved: crying

01:58:50: [read seller]
01:58:50: Already saved: Darkmattergun

01:58:50: [read seller]
01:58:50: Already saved: Efe-Flatline

01:58:50: [read seller]
01:58:50: Already saved: MtgUtility

01:58:50: [read seller]
01:58:50: Already saved: TheCronoX

01:58:51: [read seller]
01:58:51: Already saved: Malthe14

01:58:51: [read seller]
01:58:51: Already saved: WizardshopCz

01:58:51: [read seller]
01:58:51: Already saved: biber

01:58:51: [read seller]
01:58:51: Already saved: xenesaltones

01:58:51: [read seller]
01:58:51: Already saved: Dunkler-Herrscher

01:58:51: [read seller]
01:58:51: Already saved: Kapelusznik

01:58:51: [read seller]
01:58:51: Already saved: MysticShop

01:58:51: [read seller]
01:58:51: Already saved: cardgalaxy

01:58:51: [read seller]
01:58:51: Already saved: exaltetangel

01:58:51: [read seller]
01:58:51: Already saved: GamersAcademy

01:58:51: [read seller]
01:58:51: Already saved: Dinis

01:58:51: [read seller]
01:58:51: Already saved: Makre

01:58:51: [read seller]
01:58:51: Already saved: Meistermeuchler

01:58:51: [read seller]
01:58:51: Already saved: PetrKikac

01:58:51: [read seller]
01:58:51: Already saved: MTGcardmarket01

01:58:51: [read seller]
01:58:51: Already saved: Sichiro

01:58:51: [read seller]
01:58:51: Already saved: Goat-enterprise

01:58:51: [read seller]
01:58:51: Already saved: Itaca

01:58:51: [read seller]
01:58:51: Already saved: DUAL-GAMES

01:58:51: [read seller]
01:58:51: Already saved: Card-Trader24

01:58:51: [read seller]
01:58:51: Already saved: taikocomics

01:58:51: [read seller]
01:58:51: Already saved: SodGames

01:58:51: [read seller]
01:58:51: Already saved: DualGames-Alicante

01:58:51: [read seller]
01:58:51: Already saved: sanjic

01:58:51: [read seller]
01:58:51: Already saved: Moltras

01:58:51: [read seller]
01:58:51: Already saved: Athabasca

01:58:51: [read seller]
01:58:51: Already saved: Blizardjack

01:58:51: [read seller]
01:58:51: Already saved: roughy

01:58:51: [read seller]
01:58:51: Already saved: Zuerichsee

01:58:51: [read seller]
01:58:51: Already saved: ludo54

01:58:51: [read seller]
01:58:51: Already saved: luciano38

01:58:51: [read seller]
01:58:51: Already saved: landshome279

01:58:51: [read seller]
01:58:51: Already saved: geekfactory

01:58:51: [read seller]
01:58:51: Already saved: WinTheGame

01:58:51: [read seller]
01:58:51: Already saved: Failster

01:58:51: [read seller]
01:58:51: Already saved: gao6979

01:58:51: [read seller]
01:58:51: Already saved: Megatol

01:58:51: [read seller]
01:58:51: Already saved: Figurasdeplomo

01:58:51: [read seller]
01:58:51: Already saved: WouterDS

01:58:51: [read seller]
01:58:51: Already saved: Zombiepartyuk

01:58:51: [read seller]
01:58:51: Already saved: crabouille

01:58:51: [read seller]
01:58:51: Already saved: Raptorius

01:58:51: [read seller]
01:58:51: Already saved: FLouro

01:58:51: [read seller]
01:58:51: Already saved: Jbonta

01:58:51: [read seller]
01:58:51: Already saved: Venarch

01:58:51: [read seller]
01:58:51: Already saved: CORP-F

01:58:51: [read seller]
01:58:51: Already saved: FKTRD

01:58:51: [read seller]
01:58:51: Already saved: TCG-entertainment

01:58:51: [read seller]
01:58:51: Already saved: Aaages

01:58:51: [read seller]
01:58:51: Already saved: flamberg

01:58:51: [read seller]
01:58:51: Already saved: arctis

01:58:51: [read seller]
01:58:51: Already saved: Mordor

01:58:51: [read seller]
01:58:51: Already saved: MerfolkTraders

01:58:51: [read seller]
01:58:51: Already saved: PlanarGate

01:58:51: [read seller]
01:58:51: Already saved: MagicBarcelona

01:58:51: [read seller]
01:58:51: Already saved: Goat-enterprise

01:58:51: [read seller]
01:58:51: Already saved: ArenaGamesDE

01:58:51: [read seller]
01:58:51: Already saved: DeMagicMarkt

01:58:51: [read seller]
01:58:51: Already saved: MrMirari

01:58:51: [read seller]
01:58:51: Already saved: Akroma44

01:58:51: [read seller]
01:58:51: Already saved: 82chrisj

01:58:51: [read seller]
01:58:51: Already saved: Muskatnuss6

01:58:51: [read seller]
01:58:51: Already saved: ritastochter

01:58:51: [read seller]
01:58:51: Already saved: jorHere

01:58:51: [read seller]
01:58:51: Already saved: mrfingers123

01:58:51: [read seller]
01:58:51: Already saved: Dieuxx621

01:58:51: [read seller]
01:58:51: Already saved: DantessCardss

01:58:51: [read seller]
01:58:51: Already saved: dragonfall5

01:58:51: [read seller]
01:58:51: Already saved: Xobulo

01:58:51: [read seller]
01:58:51: Already saved: TrueNeckbeardCards

01:58:51: [read seller]
01:58:51: Already saved: Sailorsgrave91

01:58:51: [read seller]
01:58:51: Already saved: FKTRD

01:58:51: [read seller]
01:58:51: Already saved: FKTRD

01:58:51: [read seller]
01:58:51: Already saved: Rusty2410

01:58:51: [read seller]
01:58:51: Already saved: OutpostBrussels

01:58:51: [read seller]
01:58:51: Already saved: Vansguy-DE

01:58:51: [read seller]
01:58:51: Already saved: Ghostlo

01:58:51: [read seller]
01:58:51: Already saved: ggmagic

01:58:51: [read seller]
01:58:51: Already saved: Skaldenmagie

01:58:51: [read seller]
01:58:51: Already saved: BlackSkorpio

01:58:51: [read seller]
01:58:51: Already saved: TJHollaar

01:58:51: [read seller]
01:58:51: Already saved: Blackdragon94

01:58:51: [read seller]
01:58:51: Already saved: FKTRD

01:58:51: [read seller]
01:58:51: Already saved: ilcovodelnerd

01:58:51: [read seller]
01:58:51: Already saved: Distritozero

01:58:51: [read seller]
01:58:51: Already saved: DeMagicMarkt

01:58:51: [read seller]
01:58:51: Already saved: BuyWithConfidence

01:58:51: [read seller]
01:58:51: Already saved: tiburonapu

01:58:51: [read seller]
01:58:51: Already saved: maquilleida

01:58:51: [read seller]
01:58:51: Already saved: SMC1

01:58:51: [read seller]
01:58:51: Already saved: Lorena

01:58:51: [read seller]
01:58:51: Already saved: OstfrieseMM

01:58:51: [read seller]
01:58:51: Already saved: Nils97

01:58:51: [read seller]
01:58:51: Already saved: OlivierR

01:58:51: [read seller]
01:58:51: Already saved: MeiOPanda

01:58:51: [read seller]
01:58:51: Already saved: SergiRL

01:58:51: [read seller]
01:58:51: Already saved: Morgo1

01:58:51: [read seller]
01:58:51: Already saved: Seath

01:58:51: [read seller]
01:58:51: Already saved: Zicral

01:58:51: [read seller]
01:58:51: Already saved: SynMaple

01:58:51: [read seller]
01:58:51: Already saved: Morigal

01:58:51: [read seller]
01:58:51: Already saved: jokerbovisa

01:58:51: [read seller]
01:58:51: Already saved: Method999

01:58:51: [read seller]
01:58:51: Already saved: Rishadan-Magic-Store

01:58:51: [read seller]
01:58:51: Already saved: Erschonwieder

01:58:51: [read seller]
01:58:51: Already saved: hael22

01:58:51: [read seller]
01:58:51: Already saved: gatheringka

01:58:51: [read seller]
01:58:51: Already saved: Dudas999

01:58:51: [read seller]
01:58:51: Already saved: WatHaddaDa

01:58:51: [read seller]
01:58:51: Already saved: nic222k

01:58:51: [read seller]
01:58:51: Already saved: CardgeekNL

01:58:51: [read seller]
01:58:51: Already saved: CardStoreAlcamo

01:58:51: [read seller]
01:58:51: Already saved: TolarianBrewAcademy

01:58:51: [read seller]
01:58:51: Already saved: Henchmans

01:58:51: [read seller]
01:58:51: Already saved: Magicdealer-patte-de

01:58:51: [read seller]
01:58:51: Already saved: Mazvigosl

01:58:51: [read seller]
01:58:51: Already saved: MagicTradeHouseNo1

01:58:51: [read seller]
01:58:51: Already saved: DonMTG

01:58:51: [read seller]
01:58:51: Already saved: willybizarre

01:58:51: [read seller]
01:58:51: Already saved: MagicEmporium

01:58:51: [read seller]
01:58:51: Already saved: Dax-Cardstore

01:58:51: [read seller]
01:58:51: Already saved: pl0wbeast

01:58:51: [read seller]
01:58:51: Already saved: pl0wbeast

01:58:51: [read seller]
01:58:51: Already saved: Ichiban-Cards

01:58:51: [read seller]
01:58:51: Already saved: Harakesh

01:58:51: [read seller]
01:58:51: Already saved: DavidxRodx

01:58:51: [read seller]
01:58:51: Already saved: remyleblanc

01:58:51: [read seller]
01:58:51: Already saved: MTGcardmarket01

01:58:51: [read seller]
01:58:51: Already saved: kajika46

01:58:51: [read seller]
01:58:51: Already saved: parkage

01:58:51: [read seller]
01:58:51: Already saved: Cartapapa-GP

01:58:51: [read seller]
01:58:51: Already saved: HiveGames

01:58:51: [read seller]
01:58:51: Already saved: Cardexchange

01:58:51: [read seller]
01:58:51: Already saved: Parence-com

01:58:51: [read seller]
01:58:51: Already saved: Mordor

01:58:51: [read seller]
01:58:51: Already saved: Guarida-Del-Dragon

01:58:51: [read seller]
01:58:51: Already saved: CardCastle

01:58:51: [read seller]
01:58:51: Already saved: daltenda

01:58:51: [read seller]
01:58:51: Already saved: The-FOW-Store

01:58:51: [read seller]
01:58:51: Already saved: TCGWarehouse

01:58:51: [read seller]
01:58:51: Already saved: TCGWarehouse

01:58:51: [read seller]
01:58:51: Already saved: EspaceMagic

01:58:51: [read seller]
01:58:51: Already saved: fabfesta

01:58:51: [read seller]
01:58:51: Already saved: Nerd-Shop

01:58:51: [read seller]
01:58:51: Already saved: Nerd-Shop

01:58:51: [read seller]
01:58:51: Already saved: BattleBearTCG

01:58:51: [read seller]
01:58:51: Already saved: toycastle-D

01:58:51: [read seller]
01:58:51: Already saved: Icarusjocs-BCN

01:58:51: [read seller]
01:58:51: Already saved: Wolrad

01:58:51: [read seller]
01:58:51: Already saved: cavernedujeu

01:58:51: [read seller]
01:58:51: Already saved: Triplacegames

01:58:51: [read seller]
01:58:51: Already saved: TradingCardsUnited

01:58:51: [read seller]
01:58:51: Already saved: TheJokerUtrecht

01:58:51: [read seller]
01:58:51: Already saved: TheJokerUtrecht

01:58:51: [read seller]
01:58:51: Already saved: LotusVale-Bochum

01:58:51: [read seller]
01:58:51: Already saved: MagaMercatino

01:58:51: [read seller]
01:58:51: Already saved: masa

01:58:51: [read seller]
01:58:51: Already saved: masa

01:58:51: [read seller]
01:58:51: Already saved: Tydus

01:58:51: [read seller]
01:58:51: Already saved: ManaMix

01:58:51: [read seller]
01:58:51: Already saved: evilarroyo

01:58:51: [read seller]
01:58:51: Already saved: Navis

01:58:51: [read seller]
01:58:51: Already saved: Jan53

01:58:51: [read seller]
01:58:51: Already saved: onbewust

01:58:51: [read seller]
01:58:51: Already saved: kanosc

01:58:51: [read seller]
01:58:51: Already saved: Nils97

01:58:51: [read seller]
01:58:51: Already saved: Dadue2000

01:58:51: [read seller]
01:58:51: Already saved: WalterWKrijthe

01:58:51: [read seller]
01:58:51: Already saved: vale46

01:58:51: [read seller]
01:58:51: Already saved: geekfactory

01:58:51: [read seller]
01:58:51: Already saved: Timmys-Emporium

01:58:51: [read seller]
01:58:51: Already saved: Abdelbach

01:58:51: [read seller]
01:58:51: Already saved: grednight

01:58:51: [read seller]
01:58:51: Already saved: MichaelBondeDK

01:58:51: [read seller]
01:58:51: Already saved: MichaelBondeDK

01:58:51: [read seller]
01:58:51: Already saved: MichaelBondeDK

01:58:51: [read seller]
01:58:51: Already saved: vanDeluxe89

01:58:51: [read seller]
01:58:51: Already saved: VaeterchenRost

01:58:51: [read seller]
01:58:51: Already saved: Watthe

01:58:51: [read seller]
01:58:51: Already saved: lquentin

01:58:51: [read seller]
01:58:51: Already saved: Lockhe

01:58:51: [read seller]
01:58:51: Already saved: McPwn

01:58:51: [read seller]
01:58:51: Already saved: SEGDT

01:58:51: [read seller]
01:58:51: Already saved: mudds

01:58:51: [read seller]
01:58:51: Already saved: Afily

01:58:51: [read seller]
01:58:51: Already saved: ThreeForOne-AT

01:58:51: [read seller]
01:58:51: Already saved: jokerbovisa

01:58:51: [read seller]
01:58:51: Already saved: Sunoseno

01:58:51: [read seller]
01:58:51: Already saved: Zebratus

01:58:51: [read seller]
01:58:51: Already saved: magicworld58

01:58:51: [read seller]
01:58:51: Already saved: Geeksandgamers

01:58:51: [read seller]
01:58:51: Already saved: POOL4YOU

01:58:51: [read seller]
01:58:51: Already saved: CardCastle

01:58:51: [read seller]
01:58:51: Already saved: toycastle-D

01:58:51: [read seller]
01:58:51: Already saved: toycastle

01:58:51: [read seller]
01:58:51: Already saved: Ichiban-Cards

01:58:51: [read seller]
01:58:51: Already saved: ThreeForOne-AT

01:58:51: [read seller]
01:58:51: Already saved: gamersfinest

01:58:51: [read seller]
01:58:51: Already saved: gamersfinest

01:58:51: [read seller]
01:58:51: Already saved: ThreeForOne-AT

01:58:51: [read seller]
01:58:51: Already saved: magictuga

01:58:51: [read seller]
01:58:51: Already saved: STARDUSTSHOP

01:58:51: [read seller]
01:58:51: Already saved: womantrader

01:58:51: [read seller]
01:58:51: Already saved: normans

01:58:51: [read seller]
01:58:51: Already saved: Wildfirestore

01:58:51: [read seller]
01:58:51: Already saved: Zauberland-Spiele

01:58:51: [read seller]
01:58:51: Already saved: TCGEnterprise

01:58:51: [read seller]
01:58:51: Already saved: Galactus-Roma

01:58:51: [read seller]
01:58:51: Already saved: MtgHistory

01:58:51: [read seller]
01:58:51: Already saved: DRAGONCT

01:58:51: [read seller]
01:58:51: Already saved: Mordor

01:58:51: [read seller]
01:58:51: Already saved: House-of-Games

01:58:51: [read seller]
01:58:51: Already saved: Method999

01:58:51: [read seller]
01:58:51: Already saved: Ichiban-Cards

01:58:51: [read seller]
01:58:51: Already saved: sovmar

01:58:51: [read seller]
01:58:51: Already saved: Kinglui272

01:58:51: [read seller]
01:58:51: Already saved: ThreeForOne-AT

01:58:51: [read seller]
01:58:51: Already saved: millmtg

01:58:51: [read seller]
01:58:51: Already saved: OoneroxoO

01:58:51: [read seller]
01:58:51: Already saved: Gunship-Games

01:58:51: [read seller]
01:58:51: Already saved: magiccorner

01:58:51: [read seller]
01:58:51: Already saved: Hismageil

01:58:51: [read seller]
01:58:51: Already saved: ThreeForOne-AT

01:58:51: [read seller]
01:58:52: Already saved: kreaten

01:58:52: [read seller]
01:58:52: Already saved: robledotiedra

01:58:52: [read seller]
01:58:52: Already saved: PlayTimeComo

01:58:52: [read seller]
01:58:52: Already saved: BB-Spiele

01:58:52: [read seller]
01:58:52: Already saved: Outpostgamecenter

01:58:52: [read seller]
01:58:52: Already saved: CardsMania

01:58:52: [read seller]
01:58:52: Already saved: magiccorner

01:58:52: [read seller]
01:58:52: Already saved: SpielRaum

01:58:52: [read seller]
01:58:52: Already saved: DRAGONCT

01:58:52: [read seller]
01:58:52: Already saved: NobleGarden

01:58:52: [read seller]
01:58:52: Already saved: Mordor

01:58:52: [read seller]
01:58:52: Already saved: House-of-Games

01:58:52: [read seller]
01:58:52: Already saved: CerberusIT

01:58:52: [read seller]
01:58:52: Already saved: kraxo

01:58:52: [read seller]
01:58:52: Already saved: Snapcaster-FR

01:58:52: [read seller]
01:58:52: Already saved: wolf12

01:58:52: [read seller]
01:58:52: Already saved: Metropolis-Center

01:58:52: [read seller]
01:58:52: Already saved: daktylus75

01:58:52: [read seller]
01:58:52: Already saved: fischi1984

01:58:52: [read seller]
01:58:52: Already saved: OblivionMTG

01:58:52: [read seller]
01:58:52: Already saved: Yufei

01:58:52: [read seller]
01:58:52: Already saved: KarelKopriva

01:58:52: [read seller]
01:58:52: Already saved: vibue

01:58:52: [read seller]
01:58:52: Already saved: Mtdna666

01:58:52: [read seller]
01:58:52: Already saved: Graufang

01:58:52: [read seller]
01:58:52: Already saved: PartyNator

01:58:52: [read seller]
01:58:52: Already saved: Profitis7

01:58:52: [read seller]
01:58:52: Already saved: karmacrow

01:58:52: [read seller]
01:58:52: Already saved: Galactus-Roma

01:58:52: [read seller]
01:58:52: Already saved: Tezzeret84

01:58:52: [read seller]
01:58:52: Already saved: DRAGONCT

01:58:52: [read seller]
01:58:52: Already saved: CardsMania

01:58:52: [read seller]
01:58:52: Already saved: CARAB

01:58:52: [read seller]
01:58:52: Already saved: DRAGONCT

01:58:52: [read seller]
01:58:52: Already saved: pl0wbeast

01:58:52: [read seller]
01:58:52: Already saved: antoct1991

01:58:52: [read seller]
01:58:52: Already saved: Goodlookgamer

01:58:52: [read seller]
01:58:52: Already saved: Ipari1993

01:58:52: [read seller]
01:58:52: Already saved: Rarehuntershop

01:58:52: [read seller]
01:58:52: Already saved: SenseisDiviningShop

01:58:52: [read seller]
01:58:52: Already saved: WouterDS

01:58:52: [read seller]
01:58:52: Already saved: D6ffjssy6

01:58:52: [read seller]
01:58:52: Already saved: TrulyAwesome

01:58:52: [read seller]
01:58:52: Already saved: Garlant

01:58:52: [read seller]
01:58:52: Already saved: Hobby-Games

01:58:52: [read seller]
01:58:52: Already saved: Malthe14

01:58:52: [read seller]
01:58:52: Already saved: Hoerni

01:58:52: [read seller]
01:58:52: Already saved: MagicEmporium

01:58:52: [read seller]
01:58:52: Already saved: Flo33333

01:58:52: [read seller]
01:58:52: Already saved: Rarehuntershop

01:58:52: [read seller]
01:58:52: Already saved: OutpostBrussels

01:58:52: [read seller]
01:58:52: Already saved: maxime75018

01:58:52: [read seller]
01:58:52: Already saved: minimagic

01:58:52: [read seller]
01:58:52: Already saved: parkage

01:58:52: [read seller]
01:58:52: Already saved: Fantasia-Shop

01:58:52: [read seller]
01:58:52: Already saved: ruicasasnovas

01:58:52: [read seller]
01:58:52: Already saved: SpielRaum

01:58:52: [read seller]
01:58:52: Already saved: Rusty2410

01:58:52: [read seller]
01:58:52: Already saved: Necrostation

01:58:52: [read seller]
01:58:52: Already saved: Mirk4523

01:58:52: [read seller]
01:58:52: Already saved: Mintcardgem

01:58:52: [read seller]
01:58:52: Already saved: Galactus-Roma

01:58:52: [read seller]
01:58:52: Already saved: Mordor

01:58:52: [read seller]
01:58:52: Already saved: pl0wbeast

01:58:52: [read seller]
01:58:52: Already saved: ToBoT2007

01:58:52: [read seller]
01:58:52: Already saved: alzi82

01:58:52: [read seller]
01:58:52: Already saved: Trago

01:58:52: [read seller]
01:58:52: Already saved: Tradingcardgames

01:58:52: [read seller]
01:58:52: Already saved: K4mpfsch4f

01:58:52: [read seller]
01:58:52: Already saved: CardStoreAlcamo

01:58:52: [read seller]
01:58:52: Already saved: Nerd-Shop

01:58:52: [read seller]
01:58:52: Already saved: fumettopoli

01:58:52: [read seller]
01:58:52: Already saved: toycastle

01:58:52: [read seller]
01:58:52: Already saved: Jizreel

01:58:52: [read seller]
01:58:52: Already saved: LocalProCards

01:58:52: [read seller]
01:58:52: Already saved: biber

01:58:52: [read seller]
01:58:52: Already saved: Mazvigosl

01:58:52: URL change  ->  https://www.cardmarket.com/en/Magic/Products/Singles/Battlebond/Chain-Lightning
01:58:52: Sleeping for 1.959656203683872 seconds
01:58:54: Extending the sellers view...
01:58:54: Sleeping for 1.0869537801592133 seconds
01:58:55: Extending the sellers view...
01:58:55: Sleeping for 0.8182823784967114 seconds
01:58:56: Extending the sellers view...
01:58:56: Sleeping for 0.7575798478359514 seconds
01:58:57: [read card]
01:58:57: [read date]
01:58:57: Card Chain Lightning saved recently (01:52)
01:58:57: Already saved: Chain Lightning

01:58:57: [read seller]
01:58:57: Already saved: Glimrir

01:58:57: [read seller]
01:58:57: Already saved: octaton

01:58:57: [read seller]
01:58:57: Already saved: TerraCross

01:58:57: [read seller]
01:58:57: Already saved: Zigimun

01:58:57: [read seller]
01:58:57: Already saved: BBG66

01:58:57: [read seller]
01:58:57: Already saved: TheOneKiko1337

01:58:57: [read seller]
01:58:57: Already saved: PotatoGuardian

01:58:57: [read seller]
01:58:57: Already saved: valis

01:58:57: [read seller]
01:58:57: Already saved: Dr4ken

01:58:57: [read seller]
01:58:57: Already saved: Leidnix

01:58:57: [read seller]
01:58:57: Already saved: Netz122

01:58:57: [read seller]
01:58:57: Already saved: WhiteFoxThree

01:58:57: [read seller]
01:58:57: Already saved: NechljudoW

01:58:57: [read seller]
01:58:57: Already saved: Phalnar

01:58:57: [read seller]
01:58:57: Already saved: Ginsch

01:58:57: [read seller]
01:58:57: Already saved: annor

01:58:57: [read seller]
01:58:57: Already saved: Meister14

01:58:57: [read seller]
01:58:57: Already saved: Pastorius84

01:58:57: [read seller]
01:58:57: Already saved: Cardboard-Collector

01:58:57: [read seller]
01:58:57: Already saved: coupdegrac3

01:58:57: [read seller]
01:58:57: Already saved: ryuxuyr

01:58:57: [read seller]
01:58:57: Already saved: jeh11

01:58:57: [read seller]
01:58:57: Already saved: GunCha

01:58:57: [read seller]
01:58:57: Already saved: MTGSander

01:58:57: [read seller]
01:58:57: Already saved: Xevkin

01:58:57: [read seller]
01:58:57: Already saved: Sushi91

01:58:57: [read seller]
01:58:57: Already saved: Plysier

01:58:57: [read seller]
01:58:57: Already saved: jmskns69

01:58:57: [read seller]
01:58:57: Already saved: procrustean

01:58:57: [read seller]
01:58:57: Already saved: DiamondValley

01:58:57: [read seller]
01:58:57: Already saved: Ceribe

01:58:57: [read seller]
01:58:57: Already saved: magicislove

01:58:57: [read seller]
01:58:57: Already saved: Operationlol

01:58:57: [read seller]
01:58:57: Already saved: Piszczal

01:58:57: [read seller]
01:58:57: Already saved: Almeida

01:58:58: [read seller]
01:58:58: Already saved: sinac

01:58:58: [read seller]
01:58:58: Already saved: Bennlipp

01:58:58: [read seller]
01:58:58: Already saved: AcidQueen

01:58:58: [read seller]
01:58:58: Already saved: Remin

01:58:58: [read seller]
01:58:58: Already saved: Wimmeeus

01:58:58: [read seller]
01:58:58: Already saved: Orzi86

01:58:58: [read seller]
01:58:58: Already saved: DavidRuemmler

01:58:58: [read seller]
01:58:58: Already saved: moercel

01:58:58: [read seller]
01:58:58: Already saved: Chrisaor

01:58:58: [read seller]
01:58:58: Already saved: Luukiecard

01:58:58: [read seller]
01:58:58: Already saved: SodGames

01:58:58: [read seller]
01:58:58: Already saved: ZackyVeah

01:58:58: [read seller]
01:58:58: Already saved: BrandyBrand

01:58:58: [read seller]
01:58:58: Already saved: Elbarone

01:58:58: [read seller]
01:58:58: Already saved: elbonenet

01:58:58: [read seller]
01:58:58: Already saved: Balabuschka

01:58:58: [read seller]
01:58:58: Already saved: Balabuschka

01:58:58: [read seller]
01:58:58: Already saved: Kartenhaus

01:58:58: [read seller]
01:58:58: Already saved: Gridlok

01:58:58: [read seller]
01:58:58: Already saved: Goshar

01:58:58: [read seller]
01:58:58: Already saved: daktylus75

01:58:58: [read seller]
01:58:58: Already saved: fabfesta

01:58:58: [read seller]
01:58:58: Already saved: robneme

01:58:58: [read seller]
01:58:58: Already saved: Moltras

01:58:58: [read seller]
01:58:58: Already saved: stahlkarnickel2

01:58:58: [read seller]
01:58:58: Already saved: bigup

01:58:58: [read seller]
01:58:58: Already saved: Schmeyer

01:58:58: [read seller]
01:58:58: Already saved: ACAlterations

01:58:58: [read seller]
01:58:58: Already saved: chrisa2

01:58:58: [read seller]
01:58:58: Already saved: Mtgmadness

01:58:58: [read seller]
01:58:58: Already saved: dutchforce85

01:58:58: [read seller]
01:58:58: Already saved: DeDobbelsteen

01:58:58: [read seller]
01:58:58: Already saved: Felixuco

01:58:58: [read seller]
01:58:58: Already saved: Keule

01:58:58: [read seller]
01:58:58: Already saved: neivals

01:58:58: [read seller]
01:58:58: Already saved: Steverino

01:58:58: [read seller]
01:58:58: Already saved: ElMusso

01:58:58: [read seller]
01:58:58: Already saved: fallacox

01:58:58: [read seller]
01:58:58: Already saved: MichaelBondeDK

01:58:58: [read seller]
01:58:58: Already saved: Abari2309

01:58:58: [read seller]
01:58:58: Already saved: Ghostlo

01:58:58: [read seller]
01:58:58: Already saved: Sunoseno

01:58:58: [read seller]
01:58:58: Already saved: zwahle

01:58:58: [read seller]
01:58:58: Already saved: WizardshopCz

01:58:58: [read seller]
01:58:58: Already saved: NobleGarden

01:58:58: [read seller]
01:58:58: Already saved: Winsel

01:58:58: [read seller]
01:58:58: Already saved: Winsel

01:58:58: [read seller]
01:58:58: Already saved: Spellslingers

01:58:58: [read seller]
01:58:58: Already saved: The-Inn-TCG

01:58:58: [read seller]
01:58:58: Already saved: LeYAN1001

01:58:58: [read seller]
01:58:58: Already saved: Fogg-Bank

01:58:58: [read seller]
01:58:58: Already saved: Levodin

01:58:58: [read seller]
01:58:58: Already saved: TCG-entertainment

01:58:58: [read seller]
01:58:58: Already saved: MagicEmporium

01:58:58: [read seller]
01:58:58: Already saved: DirtyErnie

01:58:58: [read seller]
01:58:58: Already saved: TiagoParracho

01:58:58: [read seller]
01:58:58: Already saved: CardPlanetAustria

01:58:58: [read seller]
01:58:58: Already saved: Rarehuntershop

01:58:58: [read seller]
01:58:58: Already saved: Method999

01:58:58: [read seller]
01:58:58: Already saved: matiasgabarron

01:58:58: [read seller]
01:58:58: Already saved: RetroMagic

01:58:58: [read seller]
01:58:58: Already saved: CardCastle

01:58:58: [read seller]
01:58:58: Already saved: masa

01:58:58: [read seller]
01:58:58: Already saved: Blackbolt

01:58:58: [read seller]
01:58:58: Already saved: Gijoe

01:58:58: [read seller]
01:58:58: Already saved: Ipari1993

01:58:58: [read seller]
01:58:58: Already saved: Moxopal

01:58:58: [read seller]
01:58:58: Already saved: Zoran83

01:58:58: [read seller]
01:58:58: Already saved: MascagniMTG

01:58:58: [read seller]
01:58:58: Already saved: magictuga

01:58:58: [read seller]
01:58:58: Already saved: Rusty2410

01:58:58: [read seller]
01:58:58: Already saved: Mordor

01:58:58: [read seller]
01:58:58: Already saved: mtgcloux

01:58:58: [read seller]
01:58:58: Already saved: danstrike

01:58:58: [read seller]
01:58:58: Already saved: CrazyComicsAndGames

01:58:58: [read seller]
01:58:58: Already saved: Moria05

01:58:58: [read seller]
01:58:58: Already saved: Grecutus

01:58:58: [read seller]
01:58:58: Already saved: CardRooster

01:58:58: [read seller]
01:58:58: Already saved: Rishadan-Magic-Store

01:58:58: [read seller]
01:58:58: Already saved: Lorena

01:58:58: [read seller]
01:58:58: Already saved: jokerbovisa

01:58:58: [read seller]
01:58:58: Already saved: Wildfirestore

01:58:58: [read seller]
01:58:58: Already saved: karmacrow

01:58:58: [read seller]
01:58:58: Already saved: MagicTradeHouseNo1

01:58:58: [read seller]
01:58:58: Already saved: willybizarre

01:58:58: [read seller]
01:58:58: Already saved: Outpostgamecenter

01:58:58: [read seller]
01:58:58: Already saved: OutpostBrussels

01:58:58: [read seller]
01:58:58: Already saved: DRAGONCT

01:58:58: [read seller]
01:58:58: Already saved: Nerd-Shop

01:58:58: [read seller]
01:58:58: Already saved: tiburonapu

01:58:58: [read seller]
01:58:58: Already saved: masa

01:58:58: [read seller]
01:58:58: Already saved: munuaal

01:58:58: [read seller]
01:58:58: Already saved: Woolve

01:58:58: [read seller]
01:58:58: Already saved: Mintcardgem

01:58:58: [read seller]
01:58:58: Already saved: karmacrow

01:58:58: [read seller]
01:58:58: Already saved: TiagoAmaral53

01:58:58: [read seller]
01:58:58: Already saved: Gunship-Games

01:58:58: [read seller]
01:58:58: Already saved: Mazvigosl

01:58:58: [read seller]
01:58:58: Already saved: trauni

01:58:58: [read seller]
01:58:58: Already saved: BB-Spiele

01:58:58: [read seller]
01:58:58: Already saved: webuyanycard

01:58:58: [read seller]
01:58:58: Already saved: SpielRaum

01:58:58: [read seller]
01:58:58: Already saved: FKTRD

01:58:58: [read seller]
01:58:58: Already saved: JANT34

01:58:58: [read seller]
01:58:58: Already saved: FKTRD

01:58:58: [read seller]
01:58:58: Already saved: TEMPEST-STORE

01:58:58: [read seller]
01:58:58: Already saved: TolarianAcademy

01:58:58: [read seller]
01:58:58: Already saved: SpielRaum

01:58:58: [read seller]
01:58:58: Already saved: Metropolis-Center

01:58:58: [read seller]
01:58:58: Already saved: CaptainPlanet94

01:58:58: [read seller]
01:58:58: Already saved: Goldgeckoguy

01:58:58: [read seller]
01:58:58: Already saved: eres

01:58:58: [read seller]
01:58:58: Already saved: Sicness

01:58:58: [read seller]
01:58:58: Already saved: Rusty2410

01:58:58: [read seller]
01:58:58: Already saved: RedDragonMagic

01:58:58: [read seller]
01:58:58: Already saved: Ajag74

01:58:58: [read seller]
01:58:58: Already saved: fabfesta

01:58:58: [read seller]
01:58:58: Already saved: DRAGONCT

01:58:58: [read seller]
01:58:58: Already saved: DRAGONCT

01:58:58: [read seller]
01:58:58: Already saved: JSRM88

01:58:58: [read seller]
01:58:58: Already saved: taikocomics

01:58:58: [read seller]
01:58:58: Already saved: RickOttaro

01:58:58: [read seller]
01:58:58: Already saved: Jizreel

01:58:58: [read seller]
01:58:58: Already saved: House-of-Games

01:58:58: [read seller]
01:58:58: Already saved: SVKZeke

01:58:58: [read seller]
01:58:58: Already saved: willybizarre

01:58:58: [read seller]
01:58:58: Already saved: DRAGONCT

01:58:58: [read seller]
01:58:58: Already saved: MiguelX19

01:58:58: URL change  ->  https://www.cardmarket.com/en/Magic/Products/Singles/Battlebond/Okaun-Eye-of-Chaos
01:58:58: Sleeping for 2.1795333469052505 seconds
01:59:01: Extending the sellers view...
01:59:01: Sleeping for 0.7704407571706186 seconds
01:59:01: Extending the sellers view...
01:59:01: Sleeping for 0.7976366724815815 seconds
01:59:02: [read card]
01:59:02: [read date]
01:59:02: Card Okaun, Eye of Chaos saved recently (01:52)
01:59:02: Already saved: Okaun, Eye of Chaos

01:59:02: [read seller]
01:59:02: Already saved: aleplm98

01:59:02: [read seller]
01:59:02: Already saved: nikee40

01:59:02: [read seller]
01:59:02: Already saved: Greenskull

01:59:02: [read seller]
01:59:02: Already saved: emanuelemarket

01:59:02: [read seller]
01:59:02: Already saved: temur11

01:59:02: [read seller]
01:59:02: Already saved: MadridMagic

01:59:02: [read seller]
01:59:02: Already saved: Colabier

01:59:02: [read seller]
01:59:02: Already saved: daxterpac

01:59:02: [read seller]
01:59:02: Already saved: Weini17

01:59:02: [read seller]
01:59:02: Already saved: Lunashine

01:59:02: [read seller]
01:59:02: Already saved: La-Tetedeslip

01:59:02: [read seller]
01:59:02: Already saved: helpoemer

01:59:02: [read seller]
01:59:02: Already saved: kirchi

01:59:02: [read seller]
01:59:02: Already saved: Michaberg

01:59:02: [read seller]
01:59:02: Already saved: MagicMuc

01:59:02: [read seller]
01:59:02: Already saved: SnappyTiger

01:59:02: [read seller]
01:59:02: Already saved: Krozark

01:59:02: [read seller]
01:59:02: Already saved: BBG66

01:59:02: [read seller]
01:59:02: Already saved: stanislaf

01:59:02: [read seller]
01:59:02: Already saved: RisingVoid

01:59:02: [read seller]
01:59:02: Already saved: Mathug

01:59:02: [read seller]
01:59:02: Already saved: cardvictim

01:59:02: [read seller]
01:59:02: Already saved: atlas222

01:59:02: [read seller]
01:59:02: Already saved: GoodPool

01:59:03: [read seller]
01:59:03: Already saved: LuisLlana

01:59:03: [read seller]
01:59:03: Already saved: InfiniteMagicCZ

01:59:03: [read seller]
01:59:03: Already saved: muse99

01:59:03: [read seller]
01:59:03: Already saved: Villy

01:59:03: [read seller]
01:59:03: Already saved: Rarehuntershop

01:59:03: [read seller]
01:59:03: Already saved: stahlkarnickel2

01:59:03: [read seller]
01:59:03: Already saved: tshwayn

01:59:03: [read seller]
01:59:03: Already saved: sunshadow

01:59:03: [read seller]
01:59:03: Already saved: PowerMagicstar

01:59:03: [read seller]
01:59:03: Already saved: Kartenguru

01:59:03: [read seller]
01:59:03: Already saved: MagicBarcelona

01:59:03: [read seller]
01:59:03: Already saved: TEMPEST-STORE

01:59:03: [read seller]
01:59:03: Already saved: HouseOfCardsBE

01:59:03: [read seller]
01:59:03: Already saved: Andycards

01:59:03: [read seller]
01:59:03: Already saved: Izmaylov

01:59:03: [read seller]
01:59:03: Already saved: Miki13112

01:59:03: [read seller]
01:59:03: Already saved: szernik

01:59:03: [read seller]
01:59:03: Already saved: Goodlookgamer

01:59:03: [read seller]
01:59:03: Already saved: Bokkie-Brown

01:59:03: [read seller]
01:59:03: Already saved: Blizardjack

01:59:03: [read seller]
01:59:03: Already saved: ShopHunter

01:59:03: [read seller]
01:59:03: Already saved: zbysour

01:59:03: [read seller]
01:59:03: Already saved: stardust76

01:59:03: [read seller]
01:59:03: Already saved: mary

01:59:03: [read seller]
01:59:03: Already saved: dbs85670

01:59:03: [read seller]
01:59:03: Already saved: SK4TE

01:59:03: [read seller]
01:59:03: Already saved: Boxato

01:59:03: [read seller]
01:59:03: Already saved: Cohnjollins

01:59:03: [read seller]
01:59:03: Already saved: MTGshop-NL

01:59:03: [read seller]
01:59:03: Already saved: NK218

01:59:03: [read seller]
01:59:03: Already saved: olgamor

01:59:03: [read seller]
01:59:03: Already saved: marCH1LLL

01:59:03: [read seller]
01:59:03: Already saved: Mr-Pirilampo

01:59:03: [read seller]
01:59:03: Already saved: ManaRamp

01:59:03: [read seller]
01:59:03: Already saved: rakerone

01:59:03: [read seller]
01:59:03: Already saved: Bumblebeez

01:59:03: [read seller]
01:59:03: Already saved: Trapper99

01:59:03: [read seller]
01:59:03: Already saved: PaulAndr

01:59:03: [read seller]
01:59:03: Already saved: Naicigam

01:59:03: [read seller]
01:59:03: Already saved: Anesteria

01:59:03: [read seller]
01:59:03: Already saved: flosar71

01:59:03: [read seller]
01:59:03: Already saved: ManaBrain

01:59:03: [read seller]
01:59:03: Already saved: Fima23

01:59:03: [read seller]
01:59:03: Already saved: timondml

01:59:03: [read seller]
01:59:03: Already saved: RagnarNagato

01:59:03: [read seller]
01:59:03: Already saved: Annie1983

01:59:03: [read seller]
01:59:03: Already saved: Schlamarcel

01:59:03: [read seller]
01:59:03: Already saved: magicpartcard

01:59:03: [read seller]
01:59:03: Already saved: Hgjlesv

01:59:03: [read seller]
01:59:03: Already saved: pbjoker

01:59:03: [read seller]
01:59:03: Already saved: TopdeckDK

01:59:03: [read seller]
01:59:03: Already saved: Giantian

01:59:03: [read seller]
01:59:03: Already saved: Giantian

01:59:03: [read seller]
01:59:03: Already saved: Hammy

01:59:03: [read seller]
01:59:03: Already saved: Lukse

01:59:03: [read seller]
01:59:03: Already saved: dragonfall5

01:59:03: [read seller]
01:59:03: Already saved: Larinski

01:59:03: [read seller]
01:59:03: Already saved: TheCronoX

01:59:03: [read seller]
01:59:03: Already saved: dikkedaan

01:59:03: [read seller]
01:59:03: Already saved: alle008

01:59:03: [read seller]
01:59:03: Already saved: Winsel

01:59:03: [read seller]
01:59:03: Already saved: eli1

01:59:03: [read seller]
01:59:03: Already saved: HallofGames

01:59:03: [read seller]
01:59:03: Already saved: SodGames

01:59:03: [read seller]
01:59:03: Already saved: MerfolkTraders

01:59:03: [read seller]
01:59:03: Already saved: dfccg

01:59:03: [read seller]
01:59:03: Already saved: Troedel

01:59:03: [read seller]
01:59:03: Already saved: Montilian

01:59:03: [read seller]
01:59:03: Already saved: hael22

01:59:03: [read seller]
01:59:03: Already saved: roughy

01:59:03: [read seller]
01:59:03: Already saved: yasi18

01:59:03: [read seller]
01:59:03: Already saved: petedk

01:59:03: [read seller]
01:59:03: Already saved: SrGrin

01:59:03: [read seller]
01:59:03: Already saved: RickOttaro

01:59:03: [read seller]
01:59:03: Already saved: chrisa2

01:59:03: [read seller]
01:59:03: Already saved: Kernowjim

01:59:03: URL change  ->  https://www.cardmarket.com/en/Magic/Products/Singles/Battlebond/Spell-Snare
01:59:03: Sleeping for 2.06217005235682 seconds
