01:41:33: Creation of this file
01:41:33: Date 29/06/2021 01:41 added	date_ID: 27
01:41:33: Opening the webdriver
01:41:38: Webdriver ready
01:41:38: Database connection established
01:41:39: URL change  ->  https://www.cardmarket.com/en/Magic/Products/Singles/Battlebond?site=1
01:41:39: All card names already saved

01:41:39: URL change  ->  https://www.cardmarket.com/en/Magic/Products/Singles/Battlebond?site=1
01:41:39: Sleeping for 1.6504385787728422 seconds
01:41:41: Sleeping for 0.5135683099708759 seconds
01:41:41: Extending the sellers view...
01:41:41: Sleeping for 0.5933670161540131 seconds
01:41:42: Extending the sellers view...
01:41:42: Sleeping for 0.7076224606119945 seconds
01:41:43: Extending the sellers view...
01:41:43: Sleeping for 0.4417415518417289 seconds
01:41:43: Extending the sellers view...
01:41:43: Sleeping for 0.6452384087635316 seconds
01:41:44: [read card]
01:41:44: [read date]
01:41:44: [read card]
01:41:44: [write card]
01:41:44: Card added: 	Skyshroud Claim

01:41:44: [read seller]
01:41:44: Already saved: PartyNator

01:41:44: [read seller]
01:41:44: Already saved: CValle

01:41:44: [read seller]
01:41:44: Already saved: MarcoSanzin

01:41:44: [read seller]
01:41:44: Already saved: MagicBivio

01:41:44: [read seller]
01:41:44: Already saved: Tezzeret84

01:41:44: [read seller]
01:41:44: Already saved: Lordburka

01:41:44: [read seller]
01:41:44: Already saved: Lanowar69

01:41:44: [read seller]
01:41:44: Already saved: Topdeckskills

01:41:44: [read seller]
01:41:44: Already saved: magicpartcard

01:41:44: [read seller]
01:41:44: Already saved: stanislaf

01:41:44: [read seller]
01:41:44: Already saved: Thrymiir

01:41:44: [read seller]
01:41:44: Already saved: daidojilaurent

01:41:44: [read seller]
01:41:44: Already saved: sovmar

01:41:44: [read seller]
01:41:44: Already saved: Ceribe

01:41:44: [read seller]
01:41:44: Already saved: Felixuco

01:41:44: [read seller]
01:41:44: Already saved: Richaardi

01:41:44: [read seller]
01:41:44: Already saved: diddos

01:41:44: [read seller]
01:41:44: Already saved: dakkon87

01:41:44: [read seller]
01:41:44: Already saved: Mirikov

01:41:45: [read seller]
01:41:45: Already saved: BrandyBrand

01:41:45: [read seller]
01:41:45: Already saved: CommanderStaples

01:41:45: [read seller]
01:41:45: Already saved: BechaMecha

01:41:45: [read seller]
01:41:45: Already saved: MadridMagic

01:41:45: [read seller]
01:41:45: Already saved: DombekTorun

01:41:45: [read seller]
01:41:45: Already saved: BaukeS

01:41:45: [read seller]
01:41:45: Already saved: plkfd

01:41:45: [read seller]
01:41:45: Already saved: quasimoto

01:41:45: [read seller]
01:41:45: Already saved: Zoocomics

01:41:45: [read seller]
01:41:45: Already saved: MTG-Prime

01:41:45: [read seller]
01:41:45: Already saved: FrankvdWaals

01:41:45: [read seller]
01:41:45: Already saved: GunCha

01:41:45: [read seller]
01:41:45: Already saved: hobbitfred

01:41:45: [read seller]
01:41:45: Already saved: Tyron-Heartz

01:41:45: [read seller]
01:41:45: Already saved: cultus

01:41:45: [read seller]
01:41:45: Already saved: bendu71

01:41:45: [read seller]
01:41:45: Already saved: Kungfupeet

01:41:45: [read seller]
01:41:45: Already saved: TheCoonRises

01:41:45: [read seller]
01:41:45: Already saved: kARNN

01:41:45: [read seller]
01:41:45: Already saved: RedDragonMagic

01:41:45: [read seller]
01:41:45: Already saved: fuxxi

01:41:45: [read seller]
01:41:45: Already saved: maglaf88

01:41:45: [read seller]
01:41:45: Already saved: antonio-muenster

01:41:45: [read seller]
01:41:45: Already saved: Dinis

01:41:45: [read seller]
01:41:45: Already saved: Akroma44

01:41:45: [read seller]
01:41:45: Already saved: 38Shizo

01:41:45: [read seller]
01:41:45: Already saved: Matze-KungFury

01:41:45: [read seller]
01:41:45: Already saved: pantufas

01:41:45: [read seller]
01:41:45: Already saved: Loui0

01:41:45: [read seller]
01:41:45: Already saved: tennlos

01:41:45: [read seller]
01:41:45: Already saved: MagicNexus

01:41:45: [read seller]
01:41:45: Already saved: SimonJack88

01:41:45: [read seller]
01:41:45: Already saved: JohnWizard

01:41:45: [read seller]
01:41:45: Already saved: Rarehuntershop

01:41:45: [read seller]
01:41:45: Already saved: CardStoreAlcamo

01:41:45: [read seller]
01:41:45: Already saved: Brenag

01:41:45: [read seller]
01:41:45: Already saved: Magicdealer-patte-de

01:41:45: [read seller]
01:41:45: Already saved: Magicshop2000

01:41:45: [read seller]
01:41:45: Already saved: DiamondValley

01:41:45: [read seller]
01:41:45: Already saved: maglaf88

01:41:45: [read seller]
01:41:45: Already saved: Kartenkoenig

01:41:45: [read seller]
01:41:45: Already saved: Zaki23

01:41:45: [read seller]
01:41:45: Already saved: kfranklin12

01:41:45: [read seller]
01:41:45: Already saved: hespacc

01:41:45: [read seller]
01:41:45: Already saved: Mirrankreuzritter

01:41:45: [read seller]
01:41:45: Already saved: matiasgabarron

01:41:45: [read seller]
01:41:45: Already saved: HiveGames

01:41:45: [read seller]
01:41:45: Already saved: mtg-discounter24

01:41:45: [read seller]
01:41:45: Already saved: Athabasca

01:41:45: [read seller]
01:41:45: Already saved: Twoshop

01:41:45: [read seller]
01:41:45: Already saved: DHGames

01:41:45: [read seller]
01:41:45: Already saved: ishotya

01:41:45: [read seller]
01:41:45: Already saved: DagonX

01:41:45: [read seller]
01:41:45: Already saved: landshome279

01:41:45: [read seller]
01:41:45: Already saved: satirobcn

01:41:45: [read seller]
01:41:45: Already saved: Bigs77

01:41:45: [read seller]
01:41:45: Already saved: gambo

01:41:45: [read seller]
01:41:45: Already saved: stamosm

01:41:45: [read seller]
01:41:45: Already saved: Bruce7506

01:41:45: [read seller]
01:41:45: Already saved: rakerone

01:41:45: [read seller]
01:41:45: Already saved: Mintcardgem

01:41:45: [read seller]
01:41:45: Already saved: AdrianMC

01:41:45: [read seller]
01:41:45: Already saved: Skiski

01:41:45: [read seller]
01:41:45: Already saved: rockardist

01:41:45: [read seller]
01:41:45: Already saved: DrDkt666

01:41:45: [read seller]
01:41:45: Already saved: Zoios

01:41:45: [read seller]
01:41:45: Already saved: Kuduce

01:41:45: [read seller]
01:41:45: Already saved: Mavado-Vemos

01:41:45: [read seller]
01:41:45: Already saved: Colovia

01:41:45: [read seller]
01:41:45: Already saved: K40crew

01:41:45: [read seller]
01:41:45: Already saved: michaldurovic

01:41:45: [read seller]
01:41:45: Already saved: Muttonium

01:41:45: [read seller]
01:41:45: Already saved: Adway

01:41:45: [read seller]
01:41:45: Already saved: Carioca9987

01:41:45: [read seller]
01:41:45: Already saved: maxsilver

01:41:45: [read seller]
01:41:45: Already saved: pbjoker

01:41:45: [read seller]
01:41:45: Already saved: pbjoker

01:41:45: [read seller]
01:41:45: Already saved: Ghostlo

01:41:45: [read seller]
01:41:45: Already saved: Magicshop2000

01:41:45: [read seller]
01:41:45: Already saved: CrazyComicsAndGames

01:41:45: [read seller]
01:41:45: Already saved: Abdelbach

01:41:45: [read seller]
01:41:45: Already saved: heckman

01:41:45: [read seller]
01:41:45: Already saved: Zloch

01:41:45: [read seller]
01:41:45: Already saved: Ceribe

01:41:45: [read seller]
01:41:45: Already saved: deathhenker

01:41:45: [read seller]
01:41:45: Already saved: OutpostBrussels

01:41:45: [read seller]
01:41:45: Already saved: Zakk67

01:41:45: [read seller]
01:41:45: Already saved: zalakke

01:41:45: [read seller]
01:41:45: Already saved: CardCastle

01:41:45: [read seller]
01:41:45: Already saved: Admiral-Haze

01:41:45: [read seller]
01:41:45: Already saved: Moltras

01:41:45: [read seller]
01:41:45: Already saved: Moltras

01:41:45: [read seller]
01:41:45: Already saved: masa

01:41:45: [read seller]
01:41:45: Already saved: roughy

01:41:45: [read seller]
01:41:45: Already saved: cornelius59

01:41:45: [read seller]
01:41:45: Already saved: Zoocomics

01:41:45: [read seller]
01:41:45: Already saved: seagel

01:41:45: [read seller]
01:41:45: Already saved: D-Insane

01:41:45: [read seller]
01:41:45: Already saved: elliot1990pl

01:41:45: [read seller]
01:41:45: Already saved: evertk

01:41:45: [read seller]
01:41:45: Already saved: matic

01:41:45: [read seller]
01:41:45: Already saved: dommedag

01:41:45: [read seller]
01:41:45: Already saved: Quilombero

01:41:45: [read seller]
01:41:45: Already saved: TizziTizzi

01:41:45: [read seller]
01:41:45: Already saved: leonin

01:41:45: [read seller]
01:41:45: Already saved: Lorena

01:41:45: [read seller]
01:41:45: Already saved: JJ-Finkleton

01:41:45: [read seller]
01:41:45: Already saved: Boromol

01:41:45: [read seller]
01:41:45: Already saved: flosiii

01:41:45: [read seller]
01:41:45: Already saved: jerome34

01:41:45: [read seller]
01:41:45: Already saved: punkboy48

01:41:45: [read seller]
01:41:45: Already saved: MagicTradeHouseNo1

01:41:45: [read seller]
01:41:45: Already saved: DavidxRodx

01:41:45: [read seller]
01:41:45: Already saved: NicoDN

01:41:45: [read seller]
01:41:45: Already saved: Strat066

01:41:45: [read seller]
01:41:45: Already saved: ClemFr

01:41:45: [read seller]
01:41:45: Already saved: MaxiM87

01:41:45: [read seller]
01:41:45: Already saved: Sadquatch

01:41:45: [read seller]
01:41:45: Already saved: Games-Island

01:41:45: [read seller]
01:41:45: Already saved: Mazvigosl

01:41:45: [read seller]
01:41:45: Already saved: DonMTG

01:41:45: [read seller]
01:41:45: Already saved: MagicBarcelona

01:41:45: [read seller]
01:41:45: Already saved: das-Marmak

01:41:45: [read seller]
01:41:45: Already saved: Rusty2410

01:41:45: [read seller]
01:41:45: Already saved: tuvok85

01:41:45: [read seller]
01:41:45: Already saved: Jurgencreyf

01:41:45: [read seller]
01:41:45: Already saved: LotusGarden

01:41:45: [read seller]
01:41:45: Already saved: buchanin

01:41:45: [read seller]
01:41:45: Already saved: gabrielooos93

01:41:45: [read seller]
01:41:45: Already saved: MishrasCardshop

01:41:45: [read seller]
01:41:45: Already saved: MrclBok

01:41:45: [read seller]
01:41:45: Already saved: MagicEmporium

01:41:45: [read seller]
01:41:45: Already saved: Harakesh

01:41:45: [read seller]
01:41:45: Already saved: The-Inn-TCG

01:41:45: [read seller]
01:41:45: Already saved: DrawstepGD

01:41:45: [read seller]
01:41:45: Already saved: magictuga

01:41:45: [read seller]
01:41:45: Already saved: Ghostlo

01:41:45: [read seller]
01:41:45: Already saved: Ghostlo

01:41:45: [read seller]
01:41:45: Already saved: Abdelbach

01:41:45: [read seller]
01:41:45: Already saved: Igibert

01:41:45: [read seller]
01:41:45: Already saved: MagicTradeHouseNo1

01:41:45: [read seller]
01:41:45: Already saved: pl0wbeast

01:41:45: [read seller]
01:41:45: Already saved: Moria05

01:41:45: [read seller]
01:41:45: Already saved: DrawstepGD

01:41:45: [read seller]
01:41:45: Already saved: Igibert

01:41:45: [read seller]
01:41:45: Already saved: FKTRD

01:41:45: [read seller]
01:41:45: Already saved: PlayTimeComo

01:41:45: [read seller]
01:41:45: Already saved: Grecutus

01:41:45: [read seller]
01:41:45: Already saved: kreaten

01:41:45: [read seller]
01:41:45: Already saved: ZackyVeah

01:41:45: [read seller]
01:41:45: Already saved: HeinerBremer

01:41:45: [read seller]
01:41:45: Already saved: WizardshopCz

01:41:45: [read seller]
01:41:45: Already saved: Wildfirestore

01:41:45: [read seller]
01:41:45: Already saved: Zebratus

01:41:45: [read seller]
01:41:45: Already saved: willybizarre

01:41:45: [read seller]
01:41:45: Already saved: Outpostgamecenter

01:41:45: [read seller]
01:41:45: Already saved: Galactus-Roma

01:41:45: [read seller]
01:41:45: Already saved: CardsMania

01:41:45: [read seller]
01:41:45: Already saved: CARAB

01:41:45: [read seller]
01:41:45: Already saved: magiccorner

01:41:45: [read seller]
01:41:45: Already saved: DRAGONCT

01:41:45: [read seller]
01:41:45: Already saved: Metropolis-Center

01:41:45: [read seller]
01:41:45: Already saved: NobleGarden

01:41:45: [read seller]
01:41:45: Already saved: pl0wbeast

01:41:45: [read seller]
01:41:45: Already saved: pl0wbeast

01:41:45: [read seller]
01:41:45: Already saved: pl0wbeast

01:41:45: [read seller]
01:41:45: Already saved: Skaldenmagie

01:41:45: [read seller]
01:41:45: Already saved: Bjiarni

01:41:45: [read seller]
01:41:45: Already saved: Goshar

01:41:45: [read seller]
01:41:45: Already saved: das-Marmak

01:41:45: [read seller]
01:41:45: Already saved: Kuldotha-Bazaar

01:41:45: [read seller]
01:41:45: Already saved: Nightshade-Shop

01:41:45: [read seller]
01:41:45: Already saved: PlaceOfGeek

01:41:45: [read seller]
01:41:45: Already saved: LotusVale-Bochum

01:41:45: [read seller]
01:41:45: Already saved: Deprolloneon

01:41:45: [read seller]
01:41:45: Already saved: zarcenas

01:41:45: [read seller]
01:41:45: Already saved: DoozEscape

01:41:45: [read seller]
01:41:45: Already saved: Baldur82

01:41:45: [read seller]
01:41:45: Already saved: Baldur82

01:41:45: [read seller]
01:41:45: Already saved: delmas

01:41:45: [read seller]
01:41:45: Already saved: TolarianBrewAcademy

01:41:45: [read seller]
01:41:45: Already saved: TCG-entertainment

01:41:45: [read seller]
01:41:45: Already saved: DragonReikaiGames

01:41:45: [read seller]
01:41:45: Already saved: Abdelbach

01:41:45: [read seller]
01:41:45: Already saved: JM123

01:41:45: [read seller]
01:41:45: Already saved: normans

01:41:45: [read seller]
01:41:45: Already saved: Gunship-Games

01:41:45: [read seller]
01:41:45: Already saved: Mazvigosl

01:41:45: [read seller]
01:41:45: Already saved: jokerbovisa

01:41:45: [read seller]
01:41:45: Already saved: Playin

01:41:45: [read seller]
01:41:45: Already saved: House-of-Games

01:41:45: [read seller]
01:41:45: Already saved: karmacrow

01:41:45: [read seller]
01:41:45: Already saved: BB-Spiele

01:41:45: [read seller]
01:41:45: Already saved: SpielRaum

01:41:45: [read seller]
01:41:45: Already saved: SpielRaum

01:41:45: [read seller]
01:41:45: Already saved: House-of-Games

01:41:45: [read seller]
01:41:45: Already saved: Deprolloneon

01:41:45: [read seller]
01:41:45: Already saved: JohnWizard

01:41:45: [read seller]
01:41:45: Already saved: SVKZeke

01:41:45: [read seller]
01:41:45: Already saved: SVKZeke

01:41:45: [read seller]
01:41:45: Already saved: AboveGodlike

01:41:45: [read seller]
01:41:45: Already saved: webuyanycard

01:41:45: [read seller]
01:41:45: Already saved: Kiki237

01:41:45: [read seller]
01:41:45: Already saved: Antonius

01:41:45: [read seller]
01:41:45: Already saved: LPPCOLLECTING-IT-SRL

01:41:45: [read seller]
01:41:45: Already saved: MagicBarcelona

01:41:45: [read seller]
01:41:45: Already saved: toycastle

01:41:45: [read seller]
01:41:45: Already saved: masa

01:41:45: [read seller]
01:41:45: Already saved: Rusty2410

01:41:45: [read seller]
01:41:45: Already saved: TimeaB

01:41:45: [read seller]
01:41:45: Already saved: Kartenkoenig

01:41:45: [read seller]
01:41:45: Already saved: DRAGONCT

01:41:45: [read seller]
01:41:46: Already saved: TimeaB

01:41:46: [read seller]
01:41:46: Already saved: roughy

01:41:46: [read seller]
01:41:46: Already saved: martial-alters

01:41:46: [read seller]
01:41:46: Already saved: martial-alters

01:41:46: [read seller]
01:41:46: Already saved: Mazvigosl

01:41:46: URL change  ->  https://www.cardmarket.com/en/Magic/Products/Singles/Battlebond/Skyshroud-Claim
01:41:46: Sleeping for 1.9477489430822763 seconds
01:41:48: Sleeping for 0.7125490237762004 seconds
01:41:49: Extending the sellers view...
01:41:49: Sleeping for 0.4392836601714427 seconds
01:41:49: Extending the sellers view...
01:41:49: Sleeping for 0.35831282744651305 seconds
01:41:50: Extending the sellers view...
01:41:50: Sleeping for 0.7912183925827482 seconds
01:41:50: Extending the sellers view...
01:41:50: Sleeping for 0.49956816502389045 seconds
01:41:51: Extending the sellers view...
01:41:51: Sleeping for 0.6242008218706312 seconds
01:41:52: Extending the sellers view...
01:41:52: Sleeping for 0.5926148546082354 seconds
