12:33:23: === Creation of this file ===
12:33:27: Webdriver ready
12:33:27: Database connection established

12:33:27: Task - Getting all card names from current expansion
12:33:29: URL change  ->  https://www.cardmarket.com/en/Magic/Products/Singles/Battlebond?site=1
12:33:29: Done - All card names from Battlebond saved

12:33:29:  =  Skyshroud Claim  =  	(1/264  0.38%)
12:33:31: URL change  ->  https://www.cardmarket.com/en/Magic/Products/Singles/Battlebond/Skyshroud-Claim
12:33:33:                 Expanding page...
12:33:48: Card Skyshroud Claim saved today

12:33:48:  = Sellers = 
12:33:48: Task - Updating sellers list
12:33:52: Done - All sellers saved

12:33:52:  = Offers = 
12:33:52: Task - Updating sale offers
12:33:57: Done - 0 new offers added  (out of: 586, total: 210179)

12:33:57:  =  Impulse  =  	(2/264  0.76%)
12:33:59: URL change  ->  https://www.cardmarket.com/en/Magic/Products/Singles/Battlebond/Impulse
12:34:01:                 Expanding page...
12:34:09: Card Impulse saved today

12:34:09:  = Sellers = 
12:34:09: Task - Updating sellers list
12:34:12: Done - All sellers saved

12:34:13:  = Offers = 
12:34:13: Task - Updating sale offers
12:34:16: Done - 234 new offers added  (out of: 467, total: 210413)

12:34:16:  =  Zndrsplt, Eye of Wisdom  =  	(3/264  1.14%)
12:34:17: URL change  ->  https://www.cardmarket.com/en/Magic/Products/Singles/Battlebond/Zndrsplt-Eye-of-Wisdom
12:34:19:                 Expanding page...
12:34:20: Card Zndrsplt, Eye of Wisdom saved today

12:34:20:  = Sellers = 
12:34:20: Task - Updating sellers list
12:34:20: Done - All sellers saved

12:34:20:  = Offers = 
12:34:20: Task - Updating sale offers
12:34:21: Done - 1 new offers added  (out of: 50, total: 210414)

12:34:21:  =  Chain Lightning  =  	(4/264  1.52%)
12:34:21: URL change  ->  https://www.cardmarket.com/en/Magic/Products/Singles/Battlebond/Chain-Lightning
12:34:23:                 Expanding page...
12:34:23: Card page invalid: https://www.cardmarket.com/en/Magic/Products/Singles/Battlebond/Chain-Lightning
12:34:48: URL change  ->  https://www.cardmarket.com/en/Magic/Products/Singles/Battlebond/Chain-Lightning
12:34:51:                 Expanding page...
12:35:14: Card Chain Lightning saved today

12:35:14:  = Sellers = 
12:35:14: Task - Updating sellers list
12:35:19: Done - All sellers saved

12:35:19:  = Offers = 
12:35:19: Task - Updating sale offers
12:35:25: Done - 0 new offers added  (out of: 826, total: 210414)

12:35:25:  =  Okaun, Eye of Chaos  =  	(5/264  1.89%)
12:35:26: URL change  ->  https://www.cardmarket.com/en/Magic/Products/Singles/Battlebond/Okaun-Eye-of-Chaos
12:35:28:                 Expanding page...
12:35:36: Card Okaun, Eye of Chaos saved today

12:35:36:  = Sellers = 
12:35:36: Task - Updating sellers list
12:35:38: Done - All sellers saved

12:35:39:  = Offers = 
12:35:39: Task - Updating sale offers
12:35:41: Done - 0 new offers added  (out of: 418, total: 210414)

12:35:41:  =  Spell Snare  =  	(6/264  2.27%)
12:35:41: URL change  ->  https://www.cardmarket.com/en/Magic/Products/Singles/Battlebond/Spell-Snare
12:35:43:                 Expanding page...
12:35:43: Card page invalid: https://www.cardmarket.com/en/Magic/Products/Singles/Battlebond/Spell-Snare
12:36:06: URL change  ->  https://www.cardmarket.com/en/Magic/Products/Singles/Battlebond/Spell-Snare
12:36:08:                 Expanding page...
12:36:35: Card Spell Snare saved today

12:36:35:  = Sellers = 
12:36:35: Task - Updating sellers list
12:36:42: Done - All sellers saved

12:36:43:  = Offers = 
12:36:43: Task - Updating sale offers
12:36:50: Done - 0 new offers added  (out of: 1104, total: 210414)

12:36:50:  =  Fertile Ground  =  	(7/264  2.65%)
12:36:51: URL change  ->  https://www.cardmarket.com/en/Magic/Products/Singles/Battlebond/Fertile-Ground
12:36:53:                 Expanding page...
12:36:59: Card Fertile Ground saved today

12:36:59:  = Sellers = 
12:36:59: Task - Updating sellers list
12:37:01: Done - All sellers saved

12:37:01:  = Offers = 
12:37:01: Task - Updating sale offers
12:37:04: Done - 1 new offers added  (out of: 350, total: 210415)

12:37:04:  =  Azra Oddsmaker  =  	(8/264  3.03%)
12:37:04: URL change  ->  https://www.cardmarket.com/en/Magic/Products/Singles/Battlebond/Azra-Oddsmaker
12:37:06:                 Expanding page...
12:37:06: Card page invalid: https://www.cardmarket.com/en/Magic/Products/Singles/Battlebond/Azra-Oddsmaker
12:37:28: URL change  ->  https://www.cardmarket.com/en/Magic/Products/Singles/Battlebond/Azra-Oddsmaker
12:37:30:                 Expanding page...
12:37:38: Card Azra Oddsmaker saved today

12:37:38:  = Sellers = 
12:37:38: Task - Updating sellers list
12:37:40: Done - All sellers saved

12:37:40:  = Offers = 
12:37:40: Task - Updating sale offers
12:37:44: Done - 1 new offers added  (out of: 425, total: 210416)

12:37:44:  =  Virtus's Maneuver  =  	(9/264  3.41%)
12:37:45: URL change  ->  https://www.cardmarket.com/en/Magic/Products/Singles/Battlebond/Virtuss-Maneuver
12:37:47:                 Expanding page...
12:37:52: Card Virtus's Maneuver saved today

12:37:52:  = Sellers = 
12:37:52: Task - Updating sellers list
12:37:55: Done - All sellers saved

12:37:55:  = Offers = 
12:37:55: Task - Updating sale offers
12:37:57: Done - 1 new offers added  (out of: 347, total: 210417)

12:37:57:  =  Mindblade Render  =  	(10/264  3.79%)
12:37:58: URL change  ->  https://www.cardmarket.com/en/Magic/Products/Singles/Battlebond/Mindblade-Render
12:38:00:                 Expanding page...
12:38:04: Card Mindblade Render saved today

12:38:04:  = Sellers = 
12:38:04: Task - Updating sellers list
12:38:05: Done - All sellers saved

12:38:05:  = Offers = 
12:38:05: Task - Updating sale offers
12:38:07: Done - 1 new offers added  (out of: 213, total: 210418)

12:38:07:  =  Greater Good  =  	(11/264  4.17%)
12:38:08: URL change  ->  https://www.cardmarket.com/en/Magic/Products/Singles/Battlebond/Greater-Good
12:38:10:                 Expanding page...
12:38:15: Card Greater Good saved today

12:38:15:  = Sellers = 
12:38:15: Task - Updating sellers list
12:38:17: Done - All sellers saved

12:38:17:  = Offers = 
12:38:17: Task - Updating sale offers
12:38:19: Done - 0 new offers added  (out of: 262, total: 210418)

12:38:19:  =  Pir, Imaginative Rascal  =  	(12/264  4.55%)
12:38:19: URL change  ->  https://www.cardmarket.com/en/Magic/Products/Singles/Battlebond/Pir-Imaginative-Rascal
12:38:21:                 Expanding page...
12:38:23: Card Pir, Imaginative Rascal saved today

12:38:23:  = Sellers = 
12:38:23: Task - Updating sellers list
12:38:24: Done - All sellers saved

12:38:24:  = Offers = 
12:38:24: Task - Updating sale offers
12:38:25: Done - 0 new offers added  (out of: 142, total: 210418)

12:38:25:  =  Swords to Plowshares  =  	(13/264  4.92%)
12:38:25: URL change  ->  https://www.cardmarket.com/en/Magic/Products/Singles/Battlebond/Swords-to-Plowshares
12:38:27:                 Expanding page...
12:38:27: Card page invalid: https://www.cardmarket.com/en/Magic/Products/Singles/Battlebond/Swords-to-Plowshares
12:38:50: URL change  ->  https://www.cardmarket.com/en/Magic/Products/Singles/Battlebond/Swords-to-Plowshares
12:38:52:                 Expanding page...
12:38:54: Card Swords to Plowshares saved today

12:38:54:  = Sellers = 
12:38:54: Task - Updating sellers list
12:38:55: Done - All sellers saved

12:38:55:  = Offers = 
12:38:55: Task - Updating sale offers
12:38:56: Done - 0 new offers added  (out of: 149, total: 210418)

12:38:56:  =  Virtus the Veiled  =  	(14/264  5.3%)
12:38:58: URL change  ->  https://www.cardmarket.com/en/Magic/Products/Singles/Battlebond/Virtus-the-Veiled
12:39:00:                 Expanding page...
12:39:16: Card Virtus the Veiled saved today

12:39:16:  = Sellers = 
12:39:16: Task - Updating sellers list
12:39:21: Done - All sellers saved

12:39:22:  = Offers = 
12:39:22: Task - Updating sale offers
12:39:27: Done - 0 new offers added  (out of: 758, total: 210418)

12:39:27:  =  Generous Patron  =  	(15/264  5.68%)
12:39:27: URL change  ->  https://www.cardmarket.com/en/Magic/Products/Singles/Battlebond/Generous-Patron
12:39:29:                 Expanding page...
12:39:32: Card Generous Patron saved today

12:39:32:  = Sellers = 
12:39:32: Task - Updating sellers list
12:39:33: Done - All sellers saved

12:39:33:  = Offers = 
12:39:33: Task - Updating sale offers
12:39:35: Done - 0 new offers added  (out of: 169, total: 210418)

12:39:35:  =  Stolen Strategy  =  	(16/264  6.06%)
12:39:37: URL change  ->  https://www.cardmarket.com/en/Magic/Products/Singles/Battlebond/Stolen-Strategy
12:39:39:                 Expanding page...
12:39:45: Card Stolen Strategy saved today

12:39:45:  = Sellers = 
12:39:45: Task - Updating sellers list
12:39:47: Done - All sellers saved

12:39:47:  = Offers = 
12:39:47: Task - Updating sale offers
12:39:49: Done - 0 new offers added  (out of: 300, total: 210418)

12:39:49:  =  Spellseeker  =  	(17/264  6.44%)
12:39:49: URL change  ->  https://www.cardmarket.com/en/Magic/Products/Singles/Battlebond/Spellseeker
12:39:51:                 Expanding page...
12:39:51: Card page invalid: https://www.cardmarket.com/en/Magic/Products/Singles/Battlebond/Spellseeker
12:40:12: URL change  ->  https://www.cardmarket.com/en/Magic/Products/Singles/Battlebond/Spellseeker
12:40:13:                 Expanding page...
12:40:23: Card Spellseeker saved today

12:40:23:  = Sellers = 
12:40:23: Task - Updating sellers list
12:40:25: Done - All sellers saved

12:40:25:  = Offers = 
12:40:25: Task - Updating sale offers
12:40:27: Done - 0 new offers added  (out of: 315, total: 210418)

12:40:27:  =  Sentinel Tower  =  	(18/264  6.82%)
12:40:32: URL change  ->  https://www.cardmarket.com/en/Magic/Products/Singles/Battlebond/Sentinel-Tower
12:40:33:                 Expanding page...
12:40:41: Card Sentinel Tower saved today

12:40:41:  = Sellers = 
12:40:41: Task - Updating sellers list
12:40:44: Done - All sellers saved

12:40:44:  = Offers = 
12:40:44: Task - Updating sale offers
12:40:47: Done - 0 new offers added  (out of: 436, total: 210418)

12:40:47:  =  Tidespout Tyrant  =  	(19/264  7.2%)
12:40:47: URL change  ->  https://www.cardmarket.com/en/Magic/Products/Singles/Battlebond/Tidespout-Tyrant
12:40:49:                 Expanding page...
12:40:51: Card Tidespout Tyrant saved today

12:40:51:  = Sellers = 
12:40:51: Task - Updating sellers list
12:40:52: Done - All sellers saved

12:40:52:  = Offers = 
12:40:52: Task - Updating sale offers
12:40:53: Done - 2 new offers added  (out of: 144, total: 210420)

12:40:53:  =  Peregrine Drake  =  	(20/264  7.58%)
12:40:53: URL change  ->  https://www.cardmarket.com/en/Magic/Products/Singles/Battlebond/Peregrine-Drake
12:40:56:                 Expanding page...
12:40:57: Card Peregrine Drake saved today

12:40:57:  = Sellers = 
12:40:57: Task - Updating sellers list
12:40:58: Done - All sellers saved

12:40:58:  = Offers = 
12:40:58: Task - Updating sale offers
12:40:59: Done - 4 new offers added  (out of: 138, total: 210424)

12:40:59:  =  Pir's Whim  =  	(21/264  7.95%)
12:41:00: URL change  ->  https://www.cardmarket.com/en/Magic/Products/Singles/Battlebond/Pirs-Whim
12:41:02:                 Expanding page...
12:41:04: Card Pir's Whim saved today

12:41:04:  = Sellers = 
12:41:04: Task - Updating sellers list
12:41:05: Done - All sellers saved

12:41:05:  = Offers = 
12:41:05: Task - Updating sale offers
12:41:06: Done - 2 new offers added  (out of: 150, total: 210426)

12:41:06:  =  Genesis Chamber  =  	(22/264  8.33%)
12:41:06: URL change  ->  https://www.cardmarket.com/en/Magic/Products/Singles/Battlebond/Genesis-Chamber
12:41:09:                 Expanding page...
12:41:09: Card page invalid: https://www.cardmarket.com/en/Magic/Products/Singles/Battlebond/Genesis-Chamber
12:41:33: URL change  ->  https://www.cardmarket.com/en/Magic/Products/Singles/Battlebond/Genesis-Chamber
12:41:35:                 Expanding page...
12:42:11: Card Genesis Chamber saved today

12:42:11:  = Sellers = 
12:42:11: Task - Updating sellers list
12:42:19: Done - All sellers saved

12:42:20:  = Offers = 
12:42:20: Task - Updating sale offers
12:42:28: Done - 0 new offers added  (out of: 1350, total: 210426)

12:42:28:  =  Vigor  =  	(23/264  8.71%)
12:42:30: URL change  ->  https://www.cardmarket.com/en/Magic/Products/Singles/Battlebond/Vigor
12:42:32:                 Expanding page...
12:42:34: Card Vigor saved today

12:42:34:  = Sellers = 
12:42:34: Task - Updating sellers list
12:42:35: Done - All sellers saved

12:42:35:  = Offers = 
12:42:35: Task - Updating sale offers
12:42:36: Done - 3 new offers added  (out of: 142, total: 210429)

12:42:36:  =  Plains  =  	(24/264  9.09%)
12:42:36: URL change  ->  https://www.cardmarket.com/en/Magic/Products/Singles/Battlebond/Plains
12:42:38:                 Expanding page...
12:42:38: Card page invalid: https://www.cardmarket.com/en/Magic/Products/Singles/Battlebond/Plains
12:43:01: URL change  ->  https://www.cardmarket.com/en/Magic/Products/Singles/Battlebond/Plains
12:43:03:                 Expanding page...
12:43:06: Card Plains saved today

12:43:06:  = Sellers = 
12:43:06: Task - Updating sellers list
12:43:08: Done - All sellers saved

12:43:08:  = Offers = 
12:43:08: Task - Updating sale offers
12:43:09: Done - 5 new offers added  (out of: 244, total: 210434)

12:43:09:  =  Bonus Round  =  	(25/264  9.47%)
12:43:10: URL change  ->  https://www.cardmarket.com/en/Magic/Products/Singles/Battlebond/Bonus-Round
12:43:12:                 Expanding page...
12:43:14: Card Bonus Round saved today

12:43:14:  = Sellers = 
12:43:14: Task - Updating sellers list
12:43:17: == Add seller ==
12:43:17: Seller: 			Aeronaut888
12:43:17: Seller ID: 		4834
12:43:17: Done - All sellers saved

12:43:17:  = Offers = 
12:43:17: Task - Updating sale offers
12:43:18: Done - 7 new offers added  (out of: 112, total: 210441)

12:43:18:  =  Luxury Suite  =  	(26/264  9.85%)
12:43:19: URL change  ->  https://www.cardmarket.com/en/Magic/Products/Singles/Battlebond/Luxury-Suite
12:43:21:                 Expanding page...
12:43:23: Card Luxury Suite saved today

12:43:23:  = Sellers = 
12:43:23: Task - Updating sellers list
12:43:26: == Add seller ==
12:43:26: Seller: 			JOEHAUS
12:43:26: Seller ID: 		4835
12:43:26: Done - All sellers saved

12:43:26:  = Offers = 
12:43:26: Task - Updating sale offers
12:43:27: Done - 7 new offers added  (out of: 110, total: 210448)

12:43:27:  =  Khorvath's Fury  =  	(27/264  10.23%)
12:43:28: URL change  ->  https://www.cardmarket.com/en/Magic/Products/Singles/Battlebond/Khorvaths-Fury
12:43:30:                 Expanding page...
