13:04:38: === Creation of this file ===
13:04:43: Webdriver ready
13:04:43: Database connection established

13:04:43: Task - Getting all card names from current expansion
13:04:43: URL change  ->  https://www.cardmarket.com/en/Magic/Products/Singles/Battlebond?site=1
13:04:44: Done - All card names from Battlebond saved

13:04:44:  == Skyshroud Claim == 	(1/264  0.38%)
13:04:44: URL change  ->  https://www.cardmarket.com/en/Magic/Products/Singles/Battlebond/Skyshroud-Claim
13:04:47:                 Expanding page...
13:04:50: Card Skyshroud Claim saved today

13:04:50:  = Sellers = 
13:04:50: Task - Updating sellers list
13:04:52: Done - 0 new sellers added  (out of: 236, total: 4836)

13:04:52:  = Offers = 
13:04:52: Task - Updating sale offers
13:04:54: Done - 0 new offers added  (out of: 236, total: 210454)

13:04:54:  == Impulse == 	(2/264  0.76%)
13:04:54: URL change  ->  https://www.cardmarket.com/en/Magic/Products/Singles/Battlebond/Impulse
13:04:56:                 Expanding page...
13:04:59: Card Impulse saved today

13:04:59:  = Sellers = 
13:04:59: Task - Updating sellers list
13:04:59: Done - 0 new sellers added  (out of: 150, total: 4836)

13:05:00:  = Offers = 
13:05:00: Task - Updating sale offers
13:05:01: Done - 0 new offers added  (out of: 150, total: 210454)

13:05:01:  == Zndrsplt, Eye of Wisdom == 	(3/264  1.14%)
13:05:01: URL change  ->  https://www.cardmarket.com/en/Magic/Products/Singles/Battlebond/Zndrsplt-Eye-of-Wisdom
13:05:02:                 Expanding page...
13:05:02: Card page invalid: https://www.cardmarket.com/en/Magic/Products/Singles/Battlebond/Zndrsplt-Eye-of-Wisdom
13:05:02: Waiting and reconnecting... (cooldown 20)
13:05:23: URL change  ->  https://www.cardmarket.com/en/Magic/Products/Singles/Battlebond/Zndrsplt-Eye-of-Wisdom
13:05:24:                 Expanding page...
13:05:30: Card Zndrsplt, Eye of Wisdom saved today

13:05:30:  = Sellers = 
13:05:30: Task - Updating sellers list
13:05:32: Done - 0 new sellers added  (out of: 407, total: 4836)

13:05:33:  = Offers = 
13:05:33: Task - Updating sale offers
13:05:35: Done - 0 new offers added  (out of: 407, total: 210454)

13:05:35:  == Chain Lightning == 	(4/264  1.52%)
13:05:36: URL change  ->  https://www.cardmarket.com/en/Magic/Products/Singles/Battlebond/Chain-Lightning
13:05:37:                 Expanding page...
13:05:39: Card Chain Lightning saved today

13:05:39:  = Sellers = 
13:05:39: Task - Updating sellers list
13:05:40: Done - 0 new sellers added  (out of: 169, total: 4836)

13:05:40:  = Offers = 
13:05:40: Task - Updating sale offers
13:05:41: Done - 0 new offers added  (out of: 169, total: 210454)

13:05:41:  == Okaun, Eye of Chaos == 	(5/264  1.89%)
13:05:42: URL change  ->  https://www.cardmarket.com/en/Magic/Products/Singles/Battlebond/Okaun-Eye-of-Chaos
13:05:43:                 Expanding page...
13:05:48: Card Okaun, Eye of Chaos saved today

13:05:48:  = Sellers = 
13:05:48: Task - Updating sellers list
13:05:50: Done - 0 new sellers added  (out of: 400, total: 4836)

13:05:50:  = Offers = 
13:05:50: Task - Updating sale offers
13:05:53: Done - 0 new offers added  (out of: 400, total: 210454)

13:05:53:  == Spell Snare == 	(6/264  2.27%)
13:05:54: URL change  ->  https://www.cardmarket.com/en/Magic/Products/Singles/Battlebond/Spell-Snare
13:05:54:                 Expanding page...
13:05:57: Card Spell Snare saved today

13:05:57:  = Sellers = 
13:05:57: Task - Updating sellers list
13:05:58: Done - 0 new sellers added  (out of: 200, total: 4836)

13:05:58:  = Offers = 
13:05:58: Task - Updating sale offers
13:05:59: Done - 0 new offers added  (out of: 200, total: 210454)

13:05:59:  == Fertile Ground == 	(7/264  2.65%)
13:06:00: URL change  ->  https://www.cardmarket.com/en/Magic/Products/Singles/Battlebond/Fertile-Ground
13:06:00:                 Expanding page...
13:06:01: Card Fertile Ground saved today

13:06:01:  = Sellers = 
13:06:01: Task - Updating sellers list
13:06:02: Done - 0 new sellers added  (out of: 100, total: 4836)

13:06:02:  = Offers = 
13:06:02: Task - Updating sale offers
13:06:03: Done - 0 new offers added  (out of: 100, total: 210454)

13:06:03:  == Azra Oddsmaker == 	(8/264  3.03%)
13:06:03: URL change  ->  https://www.cardmarket.com/en/Magic/Products/Singles/Battlebond/Azra-Oddsmaker
13:06:03:                 Expanding page...
13:06:03: Card page invalid: https://www.cardmarket.com/en/Magic/Products/Singles/Battlebond/Azra-Oddsmaker
13:06:03: Waiting and reconnecting... (cooldown 20)
13:06:17: URL change  ->  https://www.cardmarket.com/en/Magic/Products/Singles/Battlebond/Azra-Oddsmaker
13:06:18:                 Expanding page...
13:06:18: Card page invalid: https://www.cardmarket.com/en/Magic/Products/Singles/Battlebond/Azra-Oddsmaker
13:06:18: Waiting and reconnecting... (cooldown 20)
13:06:39: URL change  ->  https://www.cardmarket.com/en/Magic/Products/Singles/Battlebond/Azra-Oddsmaker
13:06:40:                 Expanding page...
13:06:44: Card Azra Oddsmaker saved today

13:06:44:  = Sellers = 
13:06:44: Task - Updating sellers list
13:06:46: Done - 0 new sellers added  (out of: 375, total: 4836)

13:06:46:  = Offers = 
13:06:46: Task - Updating sale offers
13:06:48: Done - 0 new offers added  (out of: 375, total: 210454)

13:06:48:  == Virtus's Maneuver == 	(9/264  3.41%)
13:06:49: URL change  ->  https://www.cardmarket.com/en/Magic/Products/Singles/Battlebond/Virtuss-Maneuver
13:06:49:                 Expanding page...
13:06:53: Card Virtus's Maneuver saved today

13:06:53:  = Sellers = 
13:06:53: Task - Updating sellers list
13:06:55: Done - 0 new sellers added  (out of: 347, total: 4836)

13:06:55:  = Offers = 
13:06:55: Task - Updating sale offers
13:06:57: Done - 0 new offers added  (out of: 347, total: 210454)

13:06:57:  == Mindblade Render == 	(10/264  3.79%)
13:06:58: URL change  ->  https://www.cardmarket.com/en/Magic/Products/Singles/Battlebond/Mindblade-Render
13:06:58:                 Expanding page...
13:07:00: Card Mindblade Render saved today

13:07:00:  = Sellers = 
13:07:00: Task - Updating sellers list
13:07:02: Done - 0 new sellers added  (out of: 263, total: 4836)

13:07:02:  = Offers = 
13:07:02: Task - Updating sale offers
13:07:04: Done - 0 new offers added  (out of: 263, total: 210454)

13:07:04:  == Greater Good == 	(11/264  4.17%)
13:07:04: URL change  ->  https://www.cardmarket.com/en/Magic/Products/Singles/Battlebond/Greater-Good
13:07:05:                 Expanding page...
13:07:07: Card Greater Good saved today

13:07:07:  = Sellers = 
13:07:07: Task - Updating sellers list
13:07:09: Done - 0 new sellers added  (out of: 261, total: 4836)

13:07:09:  = Offers = 
13:07:09: Task - Updating sale offers
13:07:11: Done - 0 new offers added  (out of: 261, total: 210454)

13:07:11:  == Pir, Imaginative Rascal == 	(12/264  4.55%)
13:07:11: URL change  ->  https://www.cardmarket.com/en/Magic/Products/Singles/Battlebond/Pir-Imaginative-Rascal
13:07:11:                 Expanding page...
13:07:12: Card Pir, Imaginative Rascal saved today

13:07:12:  = Sellers = 
13:07:12: Task - Updating sellers list
13:07:13: Done - 0 new sellers added  (out of: 100, total: 4836)

13:07:13:  = Offers = 
13:07:13: Task - Updating sale offers
13:07:14: Done - 0 new offers added  (out of: 100, total: 210454)

13:07:14:  == Swords to Plowshares == 	(13/264  4.92%)
13:07:14: URL change  ->  https://www.cardmarket.com/en/Magic/Products/Singles/Battlebond/Swords-to-Plowshares
13:07:14:                 Expanding page...
13:07:14: Card page invalid: https://www.cardmarket.com/en/Magic/Products/Singles/Battlebond/Swords-to-Plowshares
13:07:14: Waiting and reconnecting... (cooldown 20)
13:07:36: URL change  ->  https://www.cardmarket.com/en/Magic/Products/Singles/Battlebond/Swords-to-Plowshares
13:07:36:                 Expanding page...
13:07:36: Card page invalid: https://www.cardmarket.com/en/Magic/Products/Singles/Battlebond/Swords-to-Plowshares
13:07:36: Waiting and reconnecting... (cooldown 20)
13:07:57: URL change  ->  https://www.cardmarket.com/en/Magic/Products/Singles/Battlebond/Swords-to-Plowshares
13:07:58:                 Expanding page...
13:07:59: Card Swords to Plowshares saved today

13:07:59:  = Sellers = 
13:07:59: Task - Updating sellers list
13:08:00: Done - 0 new sellers added  (out of: 199, total: 4836)

13:08:00:  = Offers = 
13:08:00: Task - Updating sale offers
13:08:02: Done - 0 new offers added  (out of: 199, total: 210454)

13:08:02:  == Virtus the Veiled == 	(14/264  5.3%)
13:08:02: URL change  ->  https://www.cardmarket.com/en/Magic/Products/Singles/Battlebond/Virtus-the-Veiled
13:08:03:                 Expanding page...
13:08:09: Card Virtus the Veiled saved today

13:08:09:  = Sellers = 
13:08:09: Task - Updating sellers list
13:08:13: Done - 0 new sellers added  (out of: 608, total: 4836)

13:08:13:  = Offers = 
13:08:13: Task - Updating sale offers
13:08:17: Done - 0 new offers added  (out of: 608, total: 210454)

13:08:17:  == Generous Patron == 	(15/264  5.68%)
13:08:18: URL change  ->  https://www.cardmarket.com/en/Magic/Products/Singles/Battlebond/Generous-Patron
13:08:18:                 Expanding page...
13:08:20: Card Generous Patron saved today

13:08:20:  = Sellers = 
13:08:20: Task - Updating sellers list
13:08:21: Done - 0 new sellers added  (out of: 219, total: 4836)

13:08:21:  = Offers = 
13:08:21: Task - Updating sale offers
13:08:23: Done - 0 new offers added  (out of: 219, total: 210454)

13:08:23:  == Stolen Strategy == 	(16/264  6.06%)
13:08:23: URL change  ->  https://www.cardmarket.com/en/Magic/Products/Singles/Battlebond/Stolen-Strategy
13:08:23:                 Expanding page...
13:08:25: Card Stolen Strategy saved today

13:08:25:  = Sellers = 
13:08:25: Task - Updating sellers list
13:08:27: Done - 0 new sellers added  (out of: 225, total: 4836)

13:08:27:  = Offers = 
13:08:27: Task - Updating sale offers
13:08:28: Done - 0 new offers added  (out of: 225, total: 210454)

13:08:28:  == Spellseeker == 	(17/264  6.44%)
13:08:29: URL change  ->  https://www.cardmarket.com/en/Magic/Products/Singles/Battlebond/Spellseeker
13:08:29:                 Expanding page...
13:08:30: Card Spellseeker saved today

13:08:30:  = Sellers = 
13:08:30: Task - Updating sellers list
13:08:30: Done - 0 new sellers added  (out of: 100, total: 4836)

13:08:30:  = Offers = 
13:08:30: Task - Updating sale offers
13:08:31: Done - 0 new offers added  (out of: 100, total: 210454)

13:08:31:  == Sentinel Tower == 	(18/264  6.82%)
13:08:31: URL change  ->  https://www.cardmarket.com/en/Magic/Products/Singles/Battlebond/Sentinel-Tower
13:08:32:                 Expanding page...
13:08:32: Card page invalid: https://www.cardmarket.com/en/Magic/Products/Singles/Battlebond/Sentinel-Tower
13:08:32: Waiting and reconnecting... (cooldown 20)
13:08:52: URL change  ->  https://www.cardmarket.com/en/Magic/Products/Singles/Battlebond/Sentinel-Tower
13:08:52:                 Expanding page...
13:08:52: Card page invalid: https://www.cardmarket.com/en/Magic/Products/Singles/Battlebond/Sentinel-Tower
13:08:52: Waiting and reconnecting... (cooldown 20)
13:09:13: URL change  ->  https://www.cardmarket.com/en/Magic/Products/Singles/Battlebond/Sentinel-Tower
13:09:13:                 Expanding page...
13:09:16: Card Sentinel Tower saved today

13:09:16:  = Sellers = 
13:09:16: Task - Updating sellers list
13:09:18: Done - 0 new sellers added  (out of: 336, total: 4836)

13:09:18:  = Offers = 
13:09:18: Task - Updating sale offers
13:09:20: Done - 0 new offers added  (out of: 336, total: 210454)

13:09:20:  == Tidespout Tyrant == 	(19/264  7.2%)
13:09:21: URL change  ->  https://www.cardmarket.com/en/Magic/Products/Singles/Battlebond/Tidespout-Tyrant
13:09:21:                 Expanding page...
13:09:23: Card Tidespout Tyrant saved today

13:09:23:  = Sellers = 
13:09:23: Task - Updating sellers list
13:09:24: Done - 0 new sellers added  (out of: 194, total: 4836)

13:09:24:  = Offers = 
13:09:24: Task - Updating sale offers
13:09:25: Done - 0 new offers added  (out of: 194, total: 210454)

13:09:25:  == Peregrine Drake == 	(20/264  7.58%)
13:09:26: URL change  ->  https://www.cardmarket.com/en/Magic/Products/Singles/Battlebond/Peregrine-Drake
13:09:26:                 Expanding page...
13:09:27: Card Peregrine Drake saved today

13:09:27:  = Sellers = 
13:09:27: Task - Updating sellers list
13:09:28: Done - 0 new sellers added  (out of: 138, total: 4836)

13:09:28:  = Offers = 
13:09:28: Task - Updating sale offers
13:09:29: Done - 0 new offers added  (out of: 138, total: 210454)

13:09:29:  == Pir's Whim == 	(21/264  7.95%)
13:09:30: URL change  ->  https://www.cardmarket.com/en/Magic/Products/Singles/Battlebond/Pirs-Whim
13:09:30:                 Expanding page...
13:09:32: Card Pir's Whim saved today

13:09:32:  = Sellers = 
13:09:32: Task - Updating sellers list
13:09:34: Done - 0 new sellers added  (out of: 319, total: 4836)

13:09:34:  = Offers = 
13:09:34: Task - Updating sale offers
13:09:36: Done - 0 new offers added  (out of: 319, total: 210454)

13:09:36:  == Genesis Chamber == 	(22/264  8.33%)
13:09:37: URL change  ->  https://www.cardmarket.com/en/Magic/Products/Singles/Battlebond/Genesis-Chamber
13:09:37:                 Expanding page...
13:09:40: Card Genesis Chamber saved today

13:09:40:  = Sellers = 
13:09:40: Task - Updating sellers list
13:09:42: Done - 0 new sellers added  (out of: 350, total: 4836)

13:09:42:  = Offers = 
13:09:42: Task - Updating sale offers
13:09:45: Done - 1 new offers added  (out of: 350, total: 210455)

13:09:45:  == Vigor == 	(23/264  8.71%)
13:09:45: URL change  ->  https://www.cardmarket.com/en/Magic/Products/Singles/Battlebond/Vigor
13:09:47:                 Expanding page...
13:09:47: Card page invalid: https://www.cardmarket.com/en/Magic/Products/Singles/Battlebond/Vigor
13:09:47: Waiting and reconnecting... (cooldown 20)
13:10:10: URL change  ->  https://www.cardmarket.com/en/Magic/Products/Singles/Battlebond/Vigor
13:10:12:                 Expanding page...
13:10:12: Card page invalid: https://www.cardmarket.com/en/Magic/Products/Singles/Battlebond/Vigor
13:10:12: Waiting and reconnecting... (cooldown 20)
13:10:32: URL change  ->  https://www.cardmarket.com/en/Magic/Products/Singles/Battlebond/Vigor
13:10:35:                 Expanding page...
13:10:37: Card Vigor saved today

13:10:37:  = Sellers = 
13:10:37: Task - Updating sellers list
13:10:37: Done - 0 new sellers added  (out of: 142, total: 4836)

13:10:38:  = Offers = 
13:10:38: Task - Updating sale offers
13:10:39: Done - 1 new offers added  (out of: 142, total: 210456)

13:10:39:  == Plains == 	(24/264  9.09%)
13:10:40: URL change  ->  https://www.cardmarket.com/en/Magic/Products/Singles/Battlebond/Plains
13:10:41:                 Expanding page...
13:10:45: Card Plains saved today

13:10:45:  = Sellers = 
13:10:45: Task - Updating sellers list
13:10:46: Done - 0 new sellers added  (out of: 244, total: 4836)

13:10:46:  = Offers = 
13:10:46: Task - Updating sale offers
13:10:48: Done - 0 new offers added  (out of: 244, total: 210456)

13:10:48:  == Bonus Round == 	(25/264  9.47%)
13:10:49: URL change  ->  https://www.cardmarket.com/en/Magic/Products/Singles/Battlebond/Bonus-Round
13:10:50:                 Expanding page...
13:10:52: Card Bonus Round saved today

13:10:52:  = Sellers = 
13:10:52: Task - Updating sellers list
13:10:52: Done - 0 new sellers added  (out of: 112, total: 4836)

13:10:52:  = Offers = 
13:10:52: Task - Updating sale offers
13:10:53: Done - 0 new offers added  (out of: 112, total: 210456)

13:10:53:  == Luxury Suite == 	(26/264  9.85%)
13:10:54: URL change  ->  https://www.cardmarket.com/en/Magic/Products/Singles/Battlebond/Luxury-Suite
13:10:55:                 Expanding page...
13:10:57: Card Luxury Suite saved today

13:10:57:  = Sellers = 
13:10:57: Task - Updating sellers list
13:10:57: Done - 0 new sellers added  (out of: 110, total: 4836)

13:10:57:  = Offers = 
13:10:57: Task - Updating sale offers
13:10:58: Done - 0 new offers added  (out of: 110, total: 210456)

13:10:58:  == Khorvath's Fury == 	(27/264  10.23%)
13:10:59: URL change  ->  https://www.cardmarket.com/en/Magic/Products/Singles/Battlebond/Khorvaths-Fury
13:11:00:                 Expanding page...
13:11:02: Card Khorvath's Fury saved today

13:11:02:  = Sellers = 
13:11:02: Task - Updating sellers list
13:11:03: Done - 0 new sellers added  (out of: 188, total: 4836)

13:11:03:  = Offers = 
13:11:03: Task - Updating sale offers
13:11:04: Done - 3 new offers added  (out of: 188, total: 210459)

13:11:04:  == Beast Within == 	(28/264  10.61%)
13:11:05: URL change  ->  https://www.cardmarket.com/en/Magic/Products/Singles/Battlebond/Beast-Within
13:11:07:                 Expanding page...
13:11:11: Card Beast Within saved today

13:11:11:  = Sellers = 
13:11:11: Task - Updating sellers list
13:11:13: Done - 0 new sellers added  (out of: 276, total: 4836)

13:11:13:  = Offers = 
13:11:13: Task - Updating sale offers
13:11:15: Done - 5 new offers added  (out of: 276, total: 210464)

13:11:15:  == Angelic Chorus == 	(29/264  10.98%)
13:11:16: URL change  ->  https://www.cardmarket.com/en/Magic/Products/Singles/Battlebond/Angelic-Chorus
13:11:18:                 Expanding page...
13:11:23: Card Angelic Chorus saved today

13:11:23:  = Sellers = 
13:11:23: Task - Updating sellers list
13:11:24: Done - 0 new sellers added  (out of: 286, total: 4836)

13:11:25:  = Offers = 
13:11:25: Task - Updating sale offers
13:11:27: Done - 5 new offers added  (out of: 286, total: 210469)

13:11:27:  == Bountiful Promenade == 	(30/264  11.36%)
13:11:27: URL change  ->  https://www.cardmarket.com/en/Magic/Products/Singles/Battlebond/Bountiful-Promenade
13:11:29:                 Expanding page...
13:11:29: Card page invalid: https://www.cardmarket.com/en/Magic/Products/Singles/Battlebond/Bountiful-Promenade
13:11:29: Waiting and reconnecting... (cooldown 20)
13:11:53: URL change  ->  https://www.cardmarket.com/en/Magic/Products/Singles/Battlebond/Bountiful-Promenade
13:11:55:                 Expanding page...
13:11:58: Card Bountiful Promenade saved today

13:11:58:  = Sellers = 
13:11:58: Task - Updating sellers list
13:11:59: Done - 0 new sellers added  (out of: 163, total: 4836)

13:11:59:  = Offers = 
13:11:59: Task - Updating sale offers
13:12:00: Done - 5 new offers added  (out of: 163, total: 210474)

13:12:00:  == Morphic Pool == 	(31/264  11.74%)
13:12:00: URL change  ->  https://www.cardmarket.com/en/Magic/Products/Singles/Battlebond/Morphic-Pool
13:12:03:                 Expanding page...
13:12:05: Card Morphic Pool saved today

13:12:05:  = Sellers = 
13:12:05: Task - Updating sellers list
13:12:05: Done - 0 new sellers added  (out of: 117, total: 4836)

13:12:05:  = Offers = 
13:12:05: Task - Updating sale offers
13:12:06: Done - 4 new offers added  (out of: 117, total: 210478)

13:12:06:  == Kor Spiritdancer == 	(32/264  12.12%)
13:12:07: URL change  ->  https://www.cardmarket.com/en/Magic/Products/Singles/Battlebond/Kor-Spiritdancer
13:12:10:                 Expanding page...
13:12:14: Card Kor Spiritdancer saved today

13:12:14:  = Sellers = 
13:12:14: Task - Updating sellers list
13:12:16: Done - 0 new sellers added  (out of: 264, total: 4836)

13:12:16:  = Offers = 
13:12:16: Task - Updating sale offers
13:12:18: Done - 5 new offers added  (out of: 264, total: 210483)

13:12:18:  == Sea of Clouds == 	(33/264  12.5%)
13:12:18: URL change  ->  https://www.cardmarket.com/en/Magic/Products/Singles/Battlebond/Sea-of-Clouds
13:12:20:                 Expanding page...
13:12:22: Card Sea of Clouds saved today

13:12:22:  = Sellers = 
13:12:22: Task - Updating sellers list
13:12:23: Done - 0 new sellers added  (out of: 129, total: 4836)

13:12:23:  = Offers = 
13:12:23: Task - Updating sale offers
13:12:24: Done - 6 new offers added  (out of: 129, total: 210489)

13:12:24:  == Last One Standing == 	(34/264  12.88%)
13:12:24: URL change  ->  https://www.cardmarket.com/en/Magic/Products/Singles/Battlebond/Last-One-Standing
13:12:27:                 Expanding page...
13:12:28: Card Last One Standing saved today

13:12:28:  = Sellers = 
13:12:28: Task - Updating sellers list
13:12:29: Done - 0 new sellers added  (out of: 133, total: 4836)

13:12:29:  = Offers = 
13:12:29: Task - Updating sale offers
13:12:30: Done - 5 new offers added  (out of: 133, total: 210494)

13:12:30:  == Diabolic Intent == 	(35/264  13.26%)
13:12:31: URL change  ->  https://www.cardmarket.com/en/Magic/Products/Singles/Battlebond/Diabolic-Intent
13:12:33:                 Expanding page...
13:12:34: Card Diabolic Intent saved today

13:12:34:  = Sellers = 
13:12:34: Task - Updating sellers list
13:12:34: Done - 0 new sellers added  (out of: 94, total: 4836)

13:12:34:  = Offers = 
13:12:34: Task - Updating sale offers
13:12:35: Done - 4 new offers added  (out of: 94, total: 210498)

13:12:35:  == War's Toll == 	(36/264  13.64%)
13:12:36: URL change  ->  https://www.cardmarket.com/en/Magic/Products/Singles/Battlebond/Wars-Toll
13:12:38:                 Expanding page...
13:12:41: Card War's Toll saved today

13:12:41:  = Sellers = 
13:12:41: Task - Updating sellers list
13:12:42: Done - 0 new sellers added  (out of: 155, total: 4836)

13:12:42:  = Offers = 
13:12:42: Task - Updating sale offers
13:12:43: Done - 6 new offers added  (out of: 155, total: 210504)

13:12:43:  == Magus of the Candelabra == 	(37/264  14.02%)
13:12:43: URL change  ->  https://www.cardmarket.com/en/Magic/Products/Singles/Battlebond/Magus-of-the-Candelabra
13:12:45:                 Expanding page...
13:12:50: Card Magus of the Candelabra saved today

13:12:50:  = Sellers = 
13:12:50: Task - Updating sellers list
13:12:52: Done - 0 new sellers added  (out of: 250, total: 4836)

13:12:52:  = Offers = 
13:12:52: Task - Updating sale offers
13:12:53: Done - 4 new offers added  (out of: 250, total: 210508)

13:12:53:  == Toothy, Imaginary Friend == 	(38/264  14.39%)
13:12:53: URL change  ->  https://www.cardmarket.com/en/Magic/Products/Singles/Battlebond/Toothy-Imaginary-Friend
13:12:55:                 Expanding page...
13:12:55: Card page invalid: https://www.cardmarket.com/en/Magic/Products/Singles/Battlebond/Toothy-Imaginary-Friend
13:12:55: Waiting and reconnecting... (cooldown 20)
13:13:17: URL change  ->  https://www.cardmarket.com/en/Magic/Products/Singles/Battlebond/Toothy-Imaginary-Friend
13:13:19:                 Expanding page...
13:13:22: Card Toothy, Imaginary Friend saved today

13:13:22:  = Sellers = 
13:13:22: Task - Updating sellers list
13:13:23: Done - 0 new sellers added  (out of: 174, total: 4836)

13:13:23:  = Offers = 
13:13:23: Task - Updating sale offers
13:13:24: Done - 2 new offers added  (out of: 174, total: 210510)

13:13:24:  == Spire Garden == 	(39/264  14.77%)
13:13:24: URL change  ->  https://www.cardmarket.com/en/Magic/Products/Singles/Battlebond/Spire-Garden
13:13:26:                 Expanding page...
13:13:29: Card Spire Garden saved today

13:13:29:  = Sellers = 
13:13:29: Task - Updating sellers list
13:13:30: Done - 0 new sellers added  (out of: 179, total: 4836)

13:13:30:  = Offers = 
13:13:30: Task - Updating sale offers
13:13:32: Done - 3 new offers added  (out of: 179, total: 210513)

13:13:32:  == Sower of Temptation == 	(40/264  15.15%)
13:13:32: URL change  ->  https://www.cardmarket.com/en/Magic/Products/Singles/Battlebond/Sower-of-Temptation
13:13:34:                 Expanding page...
13:13:38: Card Sower of Temptation saved today

13:13:38:  = Sellers = 
13:13:38: Task - Updating sellers list
13:13:39: Done - 0 new sellers added  (out of: 208, total: 4836)

13:13:39:  = Offers = 
13:13:39: Task - Updating sale offers
13:13:41: Done - 3 new offers added  (out of: 208, total: 210516)

13:13:41:  == Thrilling Encore == 	(41/264  15.53%)
13:13:41: URL change  ->  https://www.cardmarket.com/en/Magic/Products/Singles/Battlebond/Thrilling-Encore
13:13:43:                 Expanding page...
13:13:46: Card Thrilling Encore saved today

13:13:46:  = Sellers = 
13:13:46: Task - Updating sellers list
13:13:47: Done - 0 new sellers added  (out of: 183, total: 4836)

13:13:47:  = Offers = 
13:13:47: Task - Updating sale offers
13:13:48: Done - 5 new offers added  (out of: 183, total: 210521)

13:13:48:  == Krav, the Unredeemed == 	(42/264  15.91%)
13:13:49: URL change  ->  https://www.cardmarket.com/en/Magic/Products/Singles/Battlebond/Krav-the-Unredeemed
13:13:51:                 Expanding page...
13:13:55: Card Krav, the Unredeemed saved today

13:13:55:  = Sellers = 
13:13:55: Task - Updating sellers list
13:13:56: Done - 0 new sellers added  (out of: 214, total: 4836)

13:13:56:  = Offers = 
13:13:56: Task - Updating sale offers
13:13:58: Done - 8 new offers added  (out of: 214, total: 210529)

13:13:58:  == Mind's Eye == 	(43/264  16.29%)
13:13:58: URL change  ->  https://www.cardmarket.com/en/Magic/Products/Singles/Battlebond/Minds-Eye
13:14:00:                 Expanding page...
13:14:03: Card Mind's Eye saved today

13:14:03:  = Sellers = 
13:14:03: Task - Updating sellers list
13:14:04: Done - 0 new sellers added  (out of: 156, total: 4836)

13:14:04:  = Offers = 
13:14:04: Task - Updating sale offers
13:14:05: Done - 7 new offers added  (out of: 156, total: 210536)

13:14:05:  == Noosegraf Mob == 	(44/264  16.67%)
13:14:05: URL change  ->  https://www.cardmarket.com/en/Magic/Products/Singles/Battlebond/Noosegraf-Mob
13:14:08:                 Expanding page...
13:14:11: Card Noosegraf Mob saved today

13:14:11:  = Sellers = 
13:14:11: Task - Updating sellers list
13:14:12: Done - 0 new sellers added  (out of: 200, total: 4836)

13:14:12:  = Offers = 
13:14:12: Task - Updating sale offers
13:14:14: Done - 2 new offers added  (out of: 200, total: 210538)

13:14:14:  == Mountain == 	(45/264  17.05%)
13:14:14: URL change  ->  https://www.cardmarket.com/en/Magic/Products/Singles/Battlebond/Mountain
13:14:16:                 Expanding page...
13:14:16: Card page invalid: https://www.cardmarket.com/en/Magic/Products/Singles/Battlebond/Mountain
13:14:16: Waiting and reconnecting... (cooldown 20)
13:14:36: URL change  ->  https://www.cardmarket.com/en/Magic/Products/Singles/Battlebond/Mountain
13:14:38:                 Expanding page...
13:14:42: Card Mountain saved today

13:14:42:  = Sellers = 
13:14:42: Task - Updating sellers list
13:14:43: Done - 0 new sellers added  (out of: 216, total: 4836)

13:14:43:  = Offers = 
13:14:43: Task - Updating sale offers
13:14:45: Done - 2 new offers added  (out of: 216, total: 210540)

13:14:45:  == Sylvia Brightspear == 	(46/264  17.42%)
13:14:45: URL change  ->  https://www.cardmarket.com/en/Magic/Products/Singles/Battlebond/Sylvia-Brightspear
13:14:47:                 Expanding page...
13:14:53: Card Sylvia Brightspear saved today

13:14:53:  = Sellers = 
13:14:53: Task - Updating sellers list
13:14:55: Done - 0 new sellers added  (out of: 348, total: 4836)

13:14:55:  = Offers = 
13:14:55: Task - Updating sale offers
13:14:58: Done - 3 new offers added  (out of: 348, total: 210543)

13:14:58:  == Magmatic Force == 	(47/264  17.8%)
13:14:58: URL change  ->  https://www.cardmarket.com/en/Magic/Products/Singles/Battlebond/Magmatic-Force
13:15:00:                 Expanding page...
13:15:08: Card Magmatic Force saved today

13:15:08:  = Sellers = 
13:15:08: Task - Updating sellers list
13:15:11: Done - 0 new sellers added  (out of: 497, total: 4836)

13:15:12:  = Offers = 
13:15:12: Task - Updating sale offers
13:15:15: Done - 4 new offers added  (out of: 497, total: 210547)

13:15:15:  == Zndrsplt's Judgment == 	(48/264  18.18%)
13:15:16: URL change  ->  https://www.cardmarket.com/en/Magic/Products/Singles/Battlebond/Zndrsplts-Judgment
13:15:18:                 Expanding page...
13:15:24: Card Zndrsplt's Judgment saved today

13:15:24:  = Sellers = 
13:15:24: Task - Updating sellers list
13:15:27: Done - 0 new sellers added  (out of: 400, total: 4836)

13:15:27:  = Offers = 
13:15:27: Task - Updating sale offers
13:15:30: Done - 4 new offers added  (out of: 400, total: 210551)

13:15:30:  == Expedite == 	(49/264  18.56%)
13:15:30: URL change  ->  https://www.cardmarket.com/en/Magic/Products/Singles/Battlebond/Expedite
13:15:32:                 Expanding page...
13:15:32: Card page invalid: https://www.cardmarket.com/en/Magic/Products/Singles/Battlebond/Expedite
13:15:32: Waiting and reconnecting... (cooldown 20)
13:15:51: URL change  ->  https://www.cardmarket.com/en/Magic/Products/Singles/Battlebond/Expedite
13:15:53:                 Expanding page...
13:16:01: Card Expedite saved today

13:16:01:  = Sellers = 
13:16:01: Task - Updating sellers list
13:16:04: Done - 0 new sellers added  (out of: 474, total: 4836)

13:16:04:  = Offers = 
13:16:04: Task - Updating sale offers
13:16:08: Done - 5 new offers added  (out of: 474, total: 210556)

13:16:08:  == Bramble Sovereign == 	(50/264  18.94%)
13:16:08: URL change  ->  https://www.cardmarket.com/en/Magic/Products/Singles/Battlebond/Bramble-Sovereign
13:16:10:                 Expanding page...
13:16:12: Card Bramble Sovereign saved today

13:16:12:  = Sellers = 
13:16:12: Task - Updating sellers list
13:16:13: Done - 0 new sellers added  (out of: 127, total: 4836)

13:16:13:  = Offers = 
13:16:13: Task - Updating sale offers
13:16:14: Done - 6 new offers added  (out of: 127, total: 210562)

13:16:14:  == Warrior Token (White 1/1) == 	(51/264  19.32%)
13:16:14: URL change  ->  https://www.cardmarket.com/en/Magic/Products/Singles/Battlebond/Warrior-Token-White-11
13:16:16:                 Expanding page...
13:16:22: Card Warrior Token (White 1/1) saved today

13:16:22:  = Sellers = 
13:16:22: Task - Updating sellers list
13:16:24: Done - 0 new sellers added  (out of: 340, total: 4836)

13:16:24:  = Offers = 
13:16:24: Task - Updating sale offers
13:16:27: Done - 5 new offers added  (out of: 340, total: 210567)

13:16:27:  == Gwafa Hazid, Profiteer == 	(52/264  19.7%)
13:16:27: URL change  ->  https://www.cardmarket.com/en/Magic/Products/Singles/Battlebond/Gwafa-Hazid-Profiteer
13:16:29:                 Expanding page...
13:16:38: Card Gwafa Hazid, Profiteer saved today

13:16:38:  = Sellers = 
13:16:38: Task - Updating sellers list
13:16:41: Done - 0 new sellers added  (out of: 500, total: 4836)

13:16:41:  = Offers = 
13:16:41: Task - Updating sale offers
13:16:45: Done - 5 new offers added  (out of: 500, total: 210572)

13:16:45:  == Forest == 	(53/264  20.08%)
13:16:45: URL change  ->  https://www.cardmarket.com/en/Magic/Products/Singles/Battlebond/Forest
13:16:47:                 Expanding page...
13:16:47: Card page invalid: https://www.cardmarket.com/en/Magic/Products/Singles/Battlebond/Forest
13:16:47: Waiting and reconnecting... (cooldown 20)
