13:16:58: === Creation of this file ===
13:17:02: Webdriver ready
13:17:02: Database connection established

13:17:02: Task - Getting all card names from current expansion
13:17:03: URL change  ->  https://www.cardmarket.com/en/Magic/Products/Singles/Battlebond?site=1
13:17:03: Done - All card names from Battlebond saved

13:17:03:  == Skyshroud Claim == 	(1/264  0.38%)
13:17:04: URL change  ->  https://www.cardmarket.com/en/Magic/Products/Singles/Battlebond/Skyshroud-Claim
13:17:06:                 Expanding page...
13:17:09: Card Skyshroud Claim saved today

13:17:09:  = Sellers = 
13:17:09: Task - Updating sellers list
13:17:10: Done - 0 new sellers added  (out of: 236, total: 4836)

13:17:10:  = Offers = 
13:17:10: Task - Updating sale offers
13:17:12: Done - 2 new offers added  (out of: 236, total: 210574)

13:17:12:  == Impulse == 	(2/264  0.76%)
13:17:13: URL change  ->  https://www.cardmarket.com/en/Magic/Products/Singles/Battlebond/Impulse
13:17:14:                 Expanding page...
13:17:21: Card Impulse saved today

13:17:21:  = Sellers = 
13:17:21: Task - Updating sellers list
13:17:24: Done - 0 new sellers added  (out of: 416, total: 4836)

13:17:24:  = Offers = 
13:17:24: Task - Updating sale offers
13:17:28: Done - 0 new offers added  (out of: 416, total: 210574)

13:17:28:  == Zndrsplt, Eye of Wisdom == 	(3/264  1.14%)
13:17:28: URL change  ->  https://www.cardmarket.com/en/Magic/Products/Singles/Battlebond/Zndrsplt-Eye-of-Wisdom
13:17:30:                 Expanding page...
13:17:36: Card Zndrsplt, Eye of Wisdom saved today

13:17:36:  = Sellers = 
13:17:36: Task - Updating sellers list
13:17:38: Done - 0 new sellers added  (out of: 407, total: 4836)

13:17:39:  = Offers = 
13:17:39: Task - Updating sale offers
13:17:41: Done - 0 new offers added  (out of: 407, total: 210574)

13:17:41:  == Chain Lightning == 	(4/264  1.52%)
13:17:42: URL change  ->  https://www.cardmarket.com/en/Magic/Products/Singles/Battlebond/Chain-Lightning
13:17:43:                 Expanding page...
13:17:45: Card Chain Lightning saved today

13:17:45:  = Sellers = 
13:17:45: Task - Updating sellers list
13:17:47: Done - 0 new sellers added  (out of: 169, total: 4836)

13:17:47:  = Offers = 
13:17:47: Task - Updating sale offers
13:17:48: Done - 0 new offers added  (out of: 169, total: 210574)

13:17:48:  == Okaun, Eye of Chaos == 	(5/264  1.89%)
13:17:49: URL change  ->  https://www.cardmarket.com/en/Magic/Products/Singles/Battlebond/Okaun-Eye-of-Chaos
13:17:50:                 Expanding page...
13:17:51: Card Okaun, Eye of Chaos saved today

13:17:51:  = Sellers = 
13:17:51: Task - Updating sellers list
13:17:52: Done - 0 new sellers added  (out of: 100, total: 4836)

13:17:52:  = Offers = 
13:17:52: Task - Updating sale offers
13:17:53: Done - 0 new offers added  (out of: 100, total: 210574)

13:17:53:  == Spell Snare == 	(6/264  2.27%)
13:17:53: URL change  ->  https://www.cardmarket.com/en/Magic/Products/Singles/Battlebond/Spell-Snare
13:17:53:                 Expanding page...
13:17:53: Card page invalid: https://www.cardmarket.com/en/Magic/Products/Singles/Battlebond/Spell-Snare
13:17:53: Waiting and reconnecting... (cooldown 10.0 seconds)
13:18:04: URL change  ->  https://www.cardmarket.com/en/Magic/Products/Singles/Battlebond/Spell-Snare
13:18:05:                 Expanding page...
13:18:05: Card page invalid: https://www.cardmarket.com/en/Magic/Products/Singles/Battlebond/Spell-Snare
13:18:05: Waiting and reconnecting... (cooldown 10.0 seconds)
13:18:14: URL change  ->  https://www.cardmarket.com/en/Magic/Products/Singles/Battlebond/Spell-Snare
13:18:15:                 Expanding page...
13:18:23: Card Spell Snare saved today

13:18:23:  = Sellers = 
13:18:23: Task - Updating sellers list
13:18:27: Done - 0 new sellers added  (out of: 600, total: 4836)

13:18:28:  = Offers = 
13:18:28: Task - Updating sale offers
13:18:32: Done - 1 new offers added  (out of: 600, total: 210575)

13:18:32:  == Fertile Ground == 	(7/264  2.65%)
13:18:33: URL change  ->  https://www.cardmarket.com/en/Magic/Products/Singles/Battlebond/Fertile-Ground
13:18:34:                 Expanding page...
13:18:42: Card Fertile Ground saved today

13:18:42:  = Sellers = 
13:18:42: Task - Updating sellers list
13:18:45: Done - 0 new sellers added  (out of: 400, total: 4836)

13:18:45:  = Offers = 
13:18:45: Task - Updating sale offers
13:18:48: Done - 1 new offers added  (out of: 400, total: 210576)

13:18:48:  == Azra Oddsmaker == 	(8/264  3.03%)
13:18:49: URL change  ->  https://www.cardmarket.com/en/Magic/Products/Singles/Battlebond/Azra-Oddsmaker
13:18:50:                 Expanding page...
13:18:55: Card Azra Oddsmaker saved today

13:18:55:  = Sellers = 
13:18:55: Task - Updating sellers list
13:18:57: Done - 0 new sellers added  (out of: 275, total: 4836)

13:18:57:  = Offers = 
13:18:57: Task - Updating sale offers
13:18:59: Done - 0 new offers added  (out of: 275, total: 210576)

13:18:59:  == Virtus's Maneuver == 	(9/264  3.41%)
13:18:59: URL change  ->  https://www.cardmarket.com/en/Magic/Products/Singles/Battlebond/Virtuss-Maneuver
13:19:00:                 Expanding page...
13:19:01: Card Virtus's Maneuver saved today

13:19:01:  = Sellers = 
13:19:01: Task - Updating sellers list
13:19:01: Done - 0 new sellers added  (out of: 50, total: 4836)

13:19:01:  = Offers = 
13:19:01: Task - Updating sale offers
13:19:02: Done - 0 new offers added  (out of: 50, total: 210576)

13:19:02:  == Mindblade Render == 	(10/264  3.79%)
13:19:02: URL change  ->  https://www.cardmarket.com/en/Magic/Products/Singles/Battlebond/Mindblade-Render
13:19:03:                 Expanding page...
13:19:03: Card page invalid: https://www.cardmarket.com/en/Magic/Products/Singles/Battlebond/Mindblade-Render
13:19:03: Waiting and reconnecting... (cooldown 10.0 seconds)
13:19:16: URL change  ->  https://www.cardmarket.com/en/Magic/Products/Singles/Battlebond/Mindblade-Render
13:19:17:                 Expanding page...
13:19:19: Card Mindblade Render saved today

13:19:19:  = Sellers = 
13:19:19: Task - Updating sellers list
13:19:21: Done - 0 new sellers added  (out of: 213, total: 4836)

13:19:21:  = Offers = 
13:19:21: Task - Updating sale offers
13:19:22: Done - 0 new offers added  (out of: 213, total: 210576)

13:19:22:  == Greater Good == 	(11/264  4.17%)
13:19:23: URL change  ->  https://www.cardmarket.com/en/Magic/Products/Singles/Battlebond/Greater-Good
13:19:24:                 Expanding page...
13:19:27: Card Greater Good saved today

13:19:27:  = Sellers = 
13:19:27: Task - Updating sellers list
13:19:28: Done - 0 new sellers added  (out of: 261, total: 4836)

13:19:29:  = Offers = 
13:19:29: Task - Updating sale offers
13:19:30: Done - 0 new offers added  (out of: 261, total: 210576)

13:19:30:  == Pir, Imaginative Rascal == 	(12/264  4.55%)
13:19:31: URL change  ->  https://www.cardmarket.com/en/Magic/Products/Singles/Battlebond/Pir-Imaginative-Rascal
13:19:32:                 Expanding page...
13:19:32: Card Pir, Imaginative Rascal saved today

13:19:32:  = Sellers = 
13:19:32: Task - Updating sellers list
13:19:33: Done - 0 new sellers added  (out of: 50, total: 4836)

13:19:33:  = Offers = 
13:19:33: Task - Updating sale offers
13:19:33: Done - 0 new offers added  (out of: 50, total: 210576)

13:19:33:  == Swords to Plowshares == 	(13/264  4.92%)
13:19:33: URL change  ->  https://www.cardmarket.com/en/Magic/Products/Singles/Battlebond/Swords-to-Plowshares
13:19:34:                 Expanding page...
13:19:34: Card page invalid: https://www.cardmarket.com/en/Magic/Products/Singles/Battlebond/Swords-to-Plowshares
13:19:34: Waiting and reconnecting... (cooldown 10.0 seconds)
13:19:45: URL change  ->  https://www.cardmarket.com/en/Magic/Products/Singles/Battlebond/Swords-to-Plowshares
13:19:46:                 Expanding page...
13:19:48: Card Swords to Plowshares saved today

13:19:48:  = Sellers = 
13:19:48: Task - Updating sellers list
13:19:48: Done - 0 new sellers added  (out of: 150, total: 4836)

13:19:49:  = Offers = 
13:19:49: Task - Updating sale offers
13:19:50: Done - 1 new offers added  (out of: 150, total: 210577)

13:19:50:  == Virtus the Veiled == 	(14/264  5.3%)
13:19:50: URL change  ->  https://www.cardmarket.com/en/Magic/Products/Singles/Battlebond/Virtus-the-Veiled
13:19:52:                 Expanding page...
13:19:59: Card Virtus the Veiled saved today

13:19:59:  = Sellers = 
13:19:59: Task - Updating sellers list
13:20:02: Done - 0 new sellers added  (out of: 408, total: 4836)

13:20:02:  = Offers = 
13:20:02: Task - Updating sale offers
13:20:05: Done - 1 new offers added  (out of: 408, total: 210578)

13:20:05:  == Generous Patron == 	(15/264  5.68%)
13:20:05: URL change  ->  https://www.cardmarket.com/en/Magic/Products/Singles/Battlebond/Generous-Patron
13:20:07:                 Expanding page...
13:20:10: Card Generous Patron saved today

13:20:10:  = Sellers = 
13:20:10: Task - Updating sellers list
13:20:11: Done - 0 new sellers added  (out of: 150, total: 4836)

13:20:11:  = Offers = 
13:20:11: Task - Updating sale offers
13:20:12: Done - 0 new offers added  (out of: 150, total: 210578)

13:20:12:  == Stolen Strategy == 	(16/264  6.06%)
13:20:12: URL change  ->  https://www.cardmarket.com/en/Magic/Products/Singles/Battlebond/Stolen-Strategy
13:20:14:                 Expanding page...
13:20:14: Card page invalid: https://www.cardmarket.com/en/Magic/Products/Singles/Battlebond/Stolen-Strategy
13:20:14: Waiting and reconnecting... (cooldown 10.0 seconds)
13:20:25: URL change  ->  https://www.cardmarket.com/en/Magic/Products/Singles/Battlebond/Stolen-Strategy
13:20:26:                 Expanding page...
13:20:29: Card Stolen Strategy saved today

13:20:29:  = Sellers = 
13:20:29: Task - Updating sellers list
13:20:30: Done - 0 new sellers added  (out of: 175, total: 4836)

13:20:30:  = Offers = 
13:20:30: Task - Updating sale offers
13:20:32: Done - 1 new offers added  (out of: 175, total: 210579)

13:20:32:  == Spellseeker == 	(17/264  6.44%)
13:20:32: URL change  ->  https://www.cardmarket.com/en/Magic/Products/Singles/Battlebond/Spellseeker
13:20:34:                 Expanding page...
13:20:36: Card Spellseeker saved today

13:20:36:  = Sellers = 
13:20:36: Task - Updating sellers list
13:20:37: Done - 0 new sellers added  (out of: 115, total: 4836)

13:20:37:  = Offers = 
13:20:37: Task - Updating sale offers
13:20:38: Done - 2 new offers added  (out of: 115, total: 210581)

13:20:38:  == Sentinel Tower == 	(18/264  6.82%)
13:20:39: URL change  ->  https://www.cardmarket.com/en/Magic/Products/Singles/Battlebond/Sentinel-Tower
13:20:41:                 Expanding page...
13:20:45: Card Sentinel Tower saved today

13:20:45:  = Sellers = 
13:20:45: Task - Updating sellers list
13:20:47: Done - 0 new sellers added  (out of: 250, total: 4836)

13:20:47:  = Offers = 
13:20:47: Task - Updating sale offers
13:20:49: Done - 1 new offers added  (out of: 250, total: 210582)

13:20:49:  == Tidespout Tyrant == 	(19/264  7.2%)
13:20:50: URL change  ->  https://www.cardmarket.com/en/Magic/Products/Singles/Battlebond/Tidespout-Tyrant
13:20:52:                 Expanding page...
13:20:54: Card Tidespout Tyrant saved today

13:20:54:  = Sellers = 
13:20:54: Task - Updating sellers list
13:20:55: Done - 0 new sellers added  (out of: 144, total: 4836)

13:20:55:  = Offers = 
13:20:55: Task - Updating sale offers
13:20:56: Done - 0 new offers added  (out of: 144, total: 210582)

13:20:56:  == Peregrine Drake == 	(20/264  7.58%)
13:20:57: URL change  ->  https://www.cardmarket.com/en/Magic/Products/Singles/Battlebond/Peregrine-Drake
13:20:58:                 Expanding page...
13:21:00: Card Peregrine Drake saved today

13:21:00:  = Sellers = 
13:21:00: Task - Updating sellers list
13:21:01: Done - 0 new sellers added  (out of: 138, total: 4836)

13:21:01:  = Offers = 
13:21:01: Task - Updating sale offers
13:21:02: Done - 0 new offers added  (out of: 138, total: 210582)

13:21:02:  == Pir's Whim == 	(21/264  7.95%)
13:21:03: URL change  ->  https://www.cardmarket.com/en/Magic/Products/Singles/Battlebond/Pirs-Whim
13:21:04:                 Expanding page...
13:21:07: Card Pir's Whim saved today

13:21:07:  = Sellers = 
13:21:07: Task - Updating sellers list
13:21:08: Done - 0 new sellers added  (out of: 219, total: 4836)

13:21:08:  = Offers = 
13:21:08: Task - Updating sale offers
13:21:10: Done - 1 new offers added  (out of: 219, total: 210583)

13:21:10:  == Genesis Chamber == 	(22/264  8.33%)
13:21:10: URL change  ->  https://www.cardmarket.com/en/Magic/Products/Singles/Battlebond/Genesis-Chamber
13:21:12:                 Expanding page...
13:21:17: Card Genesis Chamber saved today

13:21:17:  = Sellers = 
13:21:17: Task - Updating sellers list
13:21:19: Done - 0 new sellers added  (out of: 300, total: 4836)

13:21:19:  = Offers = 
13:21:19: Task - Updating sale offers
13:21:22: Done - 1 new offers added  (out of: 300, total: 210584)

13:21:22:  == Vigor == 	(23/264  8.71%)
13:21:22: URL change  ->  https://www.cardmarket.com/en/Magic/Products/Singles/Battlebond/Vigor
13:21:23:                 Expanding page...
13:21:23: Card page invalid: https://www.cardmarket.com/en/Magic/Products/Singles/Battlebond/Vigor
13:21:23: Waiting and reconnecting... (cooldown 10.0 seconds)
13:21:35: URL change  ->  https://www.cardmarket.com/en/Magic/Products/Singles/Battlebond/Vigor
13:21:37:                 Expanding page...
13:21:38: Card Vigor saved today

13:21:38:  = Sellers = 
13:21:38: Task - Updating sellers list
13:21:39: Done - 0 new sellers added  (out of: 142, total: 4836)

13:21:40:  = Offers = 
13:21:40: Task - Updating sale offers
13:21:41: Done - 0 new offers added  (out of: 142, total: 210584)

13:21:41:  == Plains == 	(24/264  9.09%)
13:21:42: URL change  ->  https://www.cardmarket.com/en/Magic/Products/Singles/Battlebond/Plains
13:21:43:                 Expanding page...
13:21:46: Card Plains saved today

13:21:46:  = Sellers = 
13:21:46: Task - Updating sellers list
13:21:47: Done - 0 new sellers added  (out of: 244, total: 4836)

13:21:47:  = Offers = 
13:21:47: Task - Updating sale offers
13:21:49: Done - 0 new offers added  (out of: 244, total: 210584)

13:21:49:  == Bonus Round == 	(25/264  9.47%)
13:21:50: URL change  ->  https://www.cardmarket.com/en/Magic/Products/Singles/Battlebond/Bonus-Round
13:21:51:                 Expanding page...
13:21:52: Card Bonus Round saved today

13:21:52:  = Sellers = 
13:21:52: Task - Updating sellers list
13:21:53: Done - 0 new sellers added  (out of: 112, total: 4836)

13:21:53:  = Offers = 
13:21:53: Task - Updating sale offers
13:21:54: Done - 0 new offers added  (out of: 112, total: 210584)

13:21:54:  == Luxury Suite == 	(26/264  9.85%)
13:21:55: URL change  ->  https://www.cardmarket.com/en/Magic/Products/Singles/Battlebond/Luxury-Suite
13:21:56:                 Expanding page...
13:21:57: Card Luxury Suite saved today

13:21:57:  = Sellers = 
13:21:57: Task - Updating sellers list
13:21:58: Done - 0 new sellers added  (out of: 110, total: 4836)

13:21:58:  = Offers = 
13:21:58: Task - Updating sale offers
13:21:58: Done - 0 new offers added  (out of: 110, total: 210584)

13:21:58:  == Khorvath's Fury == 	(27/264  10.23%)
13:21:59: URL change  ->  https://www.cardmarket.com/en/Magic/Products/Singles/Battlebond/Khorvaths-Fury
13:22:00:                 Expanding page...
13:22:02: Card Khorvath's Fury saved today

13:22:02:  = Sellers = 
13:22:02: Task - Updating sellers list
13:22:03: Done - 0 new sellers added  (out of: 150, total: 4836)

13:22:03:  = Offers = 
13:22:03: Task - Updating sale offers
13:22:04: Done - 0 new offers added  (out of: 150, total: 210584)

13:22:04:  == Beast Within == 	(28/264  10.61%)
13:22:05: URL change  ->  https://www.cardmarket.com/en/Magic/Products/Singles/Battlebond/Beast-Within
13:22:05:                 Expanding page...
13:22:06: Card Beast Within saved today

13:22:06:  = Sellers = 
13:22:06: Task - Updating sellers list
13:22:07: Done - 0 new sellers added  (out of: 100, total: 4836)

13:22:07:  = Offers = 
13:22:07: Task - Updating sale offers
13:22:08: Done - 0 new offers added  (out of: 100, total: 210584)

13:22:08:  == Angelic Chorus == 	(29/264  10.98%)
13:22:08: URL change  ->  https://www.cardmarket.com/en/Magic/Products/Singles/Battlebond/Angelic-Chorus
13:22:09:                 Expanding page...
13:22:10: Card Angelic Chorus saved today

13:22:10:  = Sellers = 
13:22:10: Task - Updating sellers list
13:22:10: Done - 0 new sellers added  (out of: 50, total: 4836)

13:22:10:  = Offers = 
13:22:10: Task - Updating sale offers
13:22:11: Done - 0 new offers added  (out of: 50, total: 210584)

13:22:11:  == Bountiful Promenade == 	(30/264  11.36%)
13:22:11: URL change  ->  https://www.cardmarket.com/en/Magic/Products/Singles/Battlebond/Bountiful-Promenade
13:22:11:                 Expanding page...
13:22:11: Card page invalid: https://www.cardmarket.com/en/Magic/Products/Singles/Battlebond/Bountiful-Promenade
13:22:11: Waiting and reconnecting... (cooldown 10.0 seconds)
13:22:23: URL change  ->  https://www.cardmarket.com/en/Magic/Products/Singles/Battlebond/Bountiful-Promenade
13:22:24:                 Expanding page...
13:22:26: Card Bountiful Promenade saved today

13:22:26:  = Sellers = 
13:22:26: Task - Updating sellers list
13:22:27: Done - 0 new sellers added  (out of: 213, total: 4836)

13:22:27:  = Offers = 
13:22:27: Task - Updating sale offers
13:22:29: Done - 0 new offers added  (out of: 213, total: 210584)

13:22:29:  == Morphic Pool == 	(31/264  11.74%)
13:22:29: URL change  ->  https://www.cardmarket.com/en/Magic/Products/Singles/Battlebond/Morphic-Pool
13:22:30:                 Expanding page...
13:22:30: Card Morphic Pool saved today

13:22:30:  = Sellers = 
13:22:30: Task - Updating sellers list
13:22:31: Done - 0 new sellers added  (out of: 50, total: 4836)

13:22:31:  = Offers = 
13:22:31: Task - Updating sale offers
13:22:31: Done - 0 new offers added  (out of: 50, total: 210584)

13:22:31:  == Kor Spiritdancer == 	(32/264  12.12%)
13:22:31: URL change  ->  https://www.cardmarket.com/en/Magic/Products/Singles/Battlebond/Kor-Spiritdancer
13:22:32:                 Expanding page...
13:22:32: Card page invalid: https://www.cardmarket.com/en/Magic/Products/Singles/Battlebond/Kor-Spiritdancer
13:22:32: Waiting and reconnecting... (cooldown 10.0 seconds)
13:22:42: URL change  ->  https://www.cardmarket.com/en/Magic/Products/Singles/Battlebond/Kor-Spiritdancer
13:22:43:                 Expanding page...
13:22:43: Card Kor Spiritdancer saved today

13:22:43:  = Sellers = 
13:22:43: Task - Updating sellers list
13:22:44: Done - 0 new sellers added  (out of: 100, total: 4836)

13:22:44:  = Offers = 
13:22:44: Task - Updating sale offers
13:22:45: Done - 0 new offers added  (out of: 100, total: 210584)

13:22:45:  == Sea of Clouds == 	(33/264  12.5%)
13:22:45: URL change  ->  https://www.cardmarket.com/en/Magic/Products/Singles/Battlebond/Sea-of-Clouds
13:22:46:                 Expanding page...
13:22:47: Card Sea of Clouds saved today

13:22:47:  = Sellers = 
13:22:47: Task - Updating sellers list
13:22:48: Done - 0 new sellers added  (out of: 129, total: 4836)

13:22:48:  = Offers = 
13:22:48: Task - Updating sale offers
13:22:49: Done - 0 new offers added  (out of: 129, total: 210584)

13:22:49:  == Last One Standing == 	(34/264  12.88%)
13:22:49: URL change  ->  https://www.cardmarket.com/en/Magic/Products/Singles/Battlebond/Last-One-Standing
13:22:49:                 Expanding page...
13:22:49: Card page invalid: https://www.cardmarket.com/en/Magic/Products/Singles/Battlebond/Last-One-Standing
13:22:49: Waiting and reconnecting... (cooldown 10.0 seconds)
13:23:00: URL change  ->  https://www.cardmarket.com/en/Magic/Products/Singles/Battlebond/Last-One-Standing
13:23:01:                 Expanding page...
13:23:02: Card Last One Standing saved today

13:23:02:  = Sellers = 
13:23:02: Task - Updating sellers list
13:23:03: Done - 0 new sellers added  (out of: 133, total: 4836)

13:23:03:  = Offers = 
13:23:03: Task - Updating sale offers
13:23:04: Done - 0 new offers added  (out of: 133, total: 210584)

13:23:04:  == Diabolic Intent == 	(35/264  13.26%)
13:23:04: URL change  ->  https://www.cardmarket.com/en/Magic/Products/Singles/Battlebond/Diabolic-Intent
13:23:05:                 Expanding page...
13:23:05: Card Diabolic Intent saved today

13:23:05:  = Sellers = 
13:23:05: Task - Updating sellers list
13:23:06: Done - 0 new sellers added  (out of: 94, total: 4836)

13:23:06:  = Offers = 
13:23:06: Task - Updating sale offers
13:23:07: Done - 0 new offers added  (out of: 94, total: 210584)

13:23:07:  == War's Toll == 	(36/264  13.64%)
13:23:07: URL change  ->  https://www.cardmarket.com/en/Magic/Products/Singles/Battlebond/Wars-Toll
13:23:08:                 Expanding page...
13:23:10: Card War's Toll saved today

13:23:10:  = Sellers = 
13:23:10: Task - Updating sellers list
13:23:11: Done - 0 new sellers added  (out of: 204, total: 4836)

13:23:11:  = Offers = 
13:23:11: Task - Updating sale offers
13:23:13: Done - 0 new offers added  (out of: 204, total: 210584)

13:23:13:  == Magus of the Candelabra == 	(37/264  14.02%)
13:23:14: URL change  ->  https://www.cardmarket.com/en/Magic/Products/Singles/Battlebond/Magus-of-the-Candelabra
13:23:14:                 Expanding page...
13:23:16: Card Magus of the Candelabra saved today

13:23:16:  = Sellers = 
13:23:16: Task - Updating sellers list
13:23:17: Done - 0 new sellers added  (out of: 250, total: 4836)

13:23:17:  = Offers = 
13:23:17: Task - Updating sale offers
13:23:19: Done - 0 new offers added  (out of: 250, total: 210584)

13:23:19:  == Toothy, Imaginary Friend == 	(38/264  14.39%)
13:23:19: URL change  ->  https://www.cardmarket.com/en/Magic/Products/Singles/Battlebond/Toothy-Imaginary-Friend
13:23:20:                 Expanding page...
13:23:20: Card page invalid: https://www.cardmarket.com/en/Magic/Products/Singles/Battlebond/Toothy-Imaginary-Friend
13:23:20: Waiting and reconnecting... (cooldown 10.0 seconds)
13:23:30: URL change  ->  https://www.cardmarket.com/en/Magic/Products/Singles/Battlebond/Toothy-Imaginary-Friend
13:23:31:                 Expanding page...
13:23:32: Card Toothy, Imaginary Friend saved today

13:23:32:  = Sellers = 
13:23:32: Task - Updating sellers list
13:23:34: Done - 0 new sellers added  (out of: 225, total: 4836)

13:23:34:  = Offers = 
13:23:34: Task - Updating sale offers
13:23:36: Done - 0 new offers added  (out of: 225, total: 210584)

13:23:36:  == Spire Garden == 	(39/264  14.77%)
13:23:37: URL change  ->  https://www.cardmarket.com/en/Magic/Products/Singles/Battlebond/Spire-Garden
13:23:37:                 Expanding page...
13:23:37: Card Spire Garden saved today

13:23:37:  = Sellers = 
13:23:37: Task - Updating sellers list
13:23:38: Done - 0 new sellers added  (out of: 50, total: 4836)

13:23:38:  = Offers = 
13:23:38: Task - Updating sale offers
13:23:38: Done - 0 new offers added  (out of: 50, total: 210584)

13:23:38:  == Sower of Temptation == 	(40/264  15.15%)
13:23:38: URL change  ->  https://www.cardmarket.com/en/Magic/Products/Singles/Battlebond/Sower-of-Temptation
13:23:39:                 Expanding page...
13:23:39: Card page invalid: https://www.cardmarket.com/en/Magic/Products/Singles/Battlebond/Sower-of-Temptation
13:23:39: Waiting and reconnecting... (cooldown 10.0 seconds)
13:23:46: URL change  ->  https://www.cardmarket.com/en/Magic/Products/Singles/Battlebond/Sower-of-Temptation
13:23:46:                 Expanding page...
13:23:47: Card Sower of Temptation saved today

13:23:47:  = Sellers = 
13:23:47: Task - Updating sellers list
13:23:48: Done - 0 new sellers added  (out of: 100, total: 4836)

13:23:48:  = Offers = 
13:23:48: Task - Updating sale offers
13:23:49: Done - 0 new offers added  (out of: 100, total: 210584)

13:23:49:  == Thrilling Encore == 	(41/264  15.53%)
13:23:49: URL change  ->  https://www.cardmarket.com/en/Magic/Products/Singles/Battlebond/Thrilling-Encore
13:23:49:                 Expanding page...
13:23:49: Card page invalid: https://www.cardmarket.com/en/Magic/Products/Singles/Battlebond/Thrilling-Encore
13:23:49: Waiting and reconnecting... (cooldown 10.0 seconds)
13:24:00: URL change  ->  https://www.cardmarket.com/en/Magic/Products/Singles/Battlebond/Thrilling-Encore
13:24:00:                 Expanding page...
13:24:00: Card page invalid: https://www.cardmarket.com/en/Magic/Products/Singles/Battlebond/Thrilling-Encore
13:24:00: Waiting and reconnecting... (cooldown 10.0 seconds)
13:24:08: URL change  ->  https://www.cardmarket.com/en/Magic/Products/Singles/Battlebond/Thrilling-Encore
13:24:08:                 Expanding page...
13:24:10: Card Thrilling Encore saved today

13:24:10:  = Sellers = 
13:24:10: Task - Updating sellers list
13:24:12: Done - 0 new sellers added  (out of: 233, total: 4836)

13:24:12:  = Offers = 
13:24:12: Task - Updating sale offers
13:24:13: Done - 0 new offers added  (out of: 233, total: 210584)

13:24:13:  == Krav, the Unredeemed == 	(42/264  15.91%)
13:24:14: URL change  ->  https://www.cardmarket.com/en/Magic/Products/Singles/Battlebond/Krav-the-Unredeemed
13:24:14:                 Expanding page...
13:24:18: Card Krav, the Unredeemed saved today

13:24:18:  = Sellers = 
13:24:18: Task - Updating sellers list
13:24:20: Done - 0 new sellers added  (out of: 364, total: 4836)

13:24:20:  = Offers = 
13:24:20: Task - Updating sale offers
13:24:23: Done - 0 new offers added  (out of: 364, total: 210584)

13:24:23:  == Mind's Eye == 	(43/264  16.29%)
13:24:23: URL change  ->  https://www.cardmarket.com/en/Magic/Products/Singles/Battlebond/Minds-Eye
13:24:24:                 Expanding page...
13:24:25: Card Mind's Eye saved today

13:24:25:  = Sellers = 
13:24:25: Task - Updating sellers list
13:24:26: Done - 0 new sellers added  (out of: 150, total: 4836)

13:24:26:  = Offers = 
13:24:26: Task - Updating sale offers
13:24:27: Done - 0 new offers added  (out of: 150, total: 210584)

13:24:27:  == Noosegraf Mob == 	(44/264  16.67%)
13:24:27: URL change  ->  https://www.cardmarket.com/en/Magic/Products/Singles/Battlebond/Noosegraf-Mob
13:24:27:                 Expanding page...
13:24:27: Card page invalid: https://www.cardmarket.com/en/Magic/Products/Singles/Battlebond/Noosegraf-Mob
13:24:27: Waiting and reconnecting... (cooldown 10.0 seconds)
13:24:38: URL change  ->  https://www.cardmarket.com/en/Magic/Products/Singles/Battlebond/Noosegraf-Mob
13:24:38:                 Expanding page...
13:24:41: Card Noosegraf Mob saved today

13:24:41:  = Sellers = 
13:24:41: Task - Updating sellers list
13:24:43: Done - 0 new sellers added  (out of: 300, total: 4836)

13:24:43:  = Offers = 
13:24:43: Task - Updating sale offers
13:24:45: Done - 0 new offers added  (out of: 300, total: 210584)

13:24:45:  == Mountain == 	(45/264  17.05%)
13:24:45: URL change  ->  https://www.cardmarket.com/en/Magic/Products/Singles/Battlebond/Mountain
13:24:45:                 Expanding page...
13:24:45: Card page invalid: https://www.cardmarket.com/en/Magic/Products/Singles/Battlebond/Mountain
13:24:45: Waiting and reconnecting... (cooldown 10.0 seconds)
13:24:55: URL change  ->  https://www.cardmarket.com/en/Magic/Products/Singles/Battlebond/Mountain
13:24:56:                 Expanding page...
13:24:57: Card Mountain saved today

13:24:57:  = Sellers = 
13:24:57: Task - Updating sellers list
13:24:58: Done - 0 new sellers added  (out of: 150, total: 4836)

13:24:58:  = Offers = 
13:24:58: Task - Updating sale offers
13:24:59: Done - 0 new offers added  (out of: 150, total: 210584)

13:24:59:  == Sylvia Brightspear == 	(46/264  17.42%)
13:24:59: URL change  ->  https://www.cardmarket.com/en/Magic/Products/Singles/Battlebond/Sylvia-Brightspear
13:24:59:                 Expanding page...
13:24:59: Card page invalid: https://www.cardmarket.com/en/Magic/Products/Singles/Battlebond/Sylvia-Brightspear
13:24:59: Waiting and reconnecting... (cooldown 10.0 seconds)
13:25:12: URL change  ->  https://www.cardmarket.com/en/Magic/Products/Singles/Battlebond/Sylvia-Brightspear
13:25:12:                 Expanding page...
13:25:14: Card Sylvia Brightspear saved today

13:25:14:  = Sellers = 
13:25:14: Task - Updating sellers list
13:25:15: Done - 0 new sellers added  (out of: 200, total: 4836)

13:25:15:  = Offers = 
13:25:15: Task - Updating sale offers
13:25:17: Done - 0 new offers added  (out of: 200, total: 210584)

13:25:17:  == Magmatic Force == 	(47/264  17.8%)
13:25:17: URL change  ->  https://www.cardmarket.com/en/Magic/Products/Singles/Battlebond/Magmatic-Force
13:25:17:                 Expanding page...
13:25:20: Card Magmatic Force saved today

13:25:20:  = Sellers = 
13:25:20: Task - Updating sellers list
13:25:23: Done - 0 new sellers added  (out of: 350, total: 4836)

13:25:23:  = Offers = 
13:25:23: Task - Updating sale offers
13:25:25: Done - 0 new offers added  (out of: 350, total: 210584)

13:25:25:  == Zndrsplt's Judgment == 	(48/264  18.18%)
13:25:26: URL change  ->  https://www.cardmarket.com/en/Magic/Products/Singles/Battlebond/Zndrsplts-Judgment
13:25:26:                 Expanding page...
13:25:27: Card Zndrsplt's Judgment saved today

13:25:27:  = Sellers = 
13:25:27: Task - Updating sellers list
13:25:28: Done - 0 new sellers added  (out of: 150, total: 4836)

13:25:29:  = Offers = 
13:25:29: Task - Updating sale offers
13:25:30: Done - 0 new offers added  (out of: 150, total: 210584)

13:25:30:  == Expedite == 	(49/264  18.56%)
13:25:30: URL change  ->  https://www.cardmarket.com/en/Magic/Products/Singles/Battlebond/Expedite
13:25:30:                 Expanding page...
13:25:30: Card page invalid: https://www.cardmarket.com/en/Magic/Products/Singles/Battlebond/Expedite
13:25:30: Waiting and reconnecting... (cooldown 10.0 seconds)
13:25:42: URL change  ->  https://www.cardmarket.com/en/Magic/Products/Singles/Battlebond/Expedite
13:25:43:                 Expanding page...
13:25:45: Card Expedite saved today

13:25:45:  = Sellers = 
13:25:45: Task - Updating sellers list
13:25:47: Done - 0 new sellers added  (out of: 300, total: 4836)

13:25:47:  = Offers = 
13:25:47: Task - Updating sale offers
13:25:50: Done - 0 new offers added  (out of: 300, total: 210584)

13:25:50:  == Bramble Sovereign == 	(50/264  18.94%)
13:25:50: URL change  ->  https://www.cardmarket.com/en/Magic/Products/Singles/Battlebond/Bramble-Sovereign
13:25:50:                 Expanding page...
13:25:50: Card page invalid: https://www.cardmarket.com/en/Magic/Products/Singles/Battlebond/Bramble-Sovereign
13:25:50: Waiting and reconnecting... (cooldown 10.0 seconds)
13:26:01: URL change  ->  https://www.cardmarket.com/en/Magic/Products/Singles/Battlebond/Bramble-Sovereign
13:26:01:                 Expanding page...
13:26:03: Card Bramble Sovereign saved today

13:26:03:  = Sellers = 
13:26:03: Task - Updating sellers list
13:26:04: Done - 0 new sellers added  (out of: 177, total: 4836)

13:26:04:  = Offers = 
13:26:04: Task - Updating sale offers
13:26:05: Done - 0 new offers added  (out of: 177, total: 210584)

13:26:05:  == Warrior Token (White 1/1) == 	(51/264  19.32%)
13:26:06: URL change  ->  https://www.cardmarket.com/en/Magic/Products/Singles/Battlebond/Warrior-Token-White-11
13:26:06:                 Expanding page...
13:26:06: Card page invalid: https://www.cardmarket.com/en/Magic/Products/Singles/Battlebond/Warrior-Token-White-11
13:26:06: Waiting and reconnecting... (cooldown 10.0 seconds)
13:26:19: URL change  ->  https://www.cardmarket.com/en/Magic/Products/Singles/Battlebond/Warrior-Token-White-11
13:26:19:                 Expanding page...
13:26:25: Card Warrior Token (White 1/1) saved today

13:26:25:  = Sellers = 
13:26:25: Task - Updating sellers list
13:26:29: Done - 0 new sellers added  (out of: 550, total: 4836)

13:26:29:  = Offers = 
13:26:29: Task - Updating sale offers
13:26:34: Done - 0 new offers added  (out of: 550, total: 210584)

13:26:34:  == Gwafa Hazid, Profiteer == 	(52/264  19.7%)
13:26:34: URL change  ->  https://www.cardmarket.com/en/Magic/Products/Singles/Battlebond/Gwafa-Hazid-Profiteer
13:26:35:                 Expanding page...
13:26:36: Card Gwafa Hazid, Profiteer saved today

13:26:36:  = Sellers = 
13:26:36: Task - Updating sellers list
13:26:37: Done - 0 new sellers added  (out of: 200, total: 4836)

13:26:37:  = Offers = 
13:26:37: Task - Updating sale offers
13:26:39: Done - 0 new offers added  (out of: 200, total: 210584)

13:26:39:  == Forest == 	(53/264  20.08%)
13:26:39: URL change  ->  https://www.cardmarket.com/en/Magic/Products/Singles/Battlebond/Forest
13:26:39:                 Expanding page...
13:26:39: Card page invalid: https://www.cardmarket.com/en/Magic/Products/Singles/Battlebond/Forest
13:26:39: Waiting and reconnecting... (cooldown 10.0 seconds)
13:26:51: URL change  ->  https://www.cardmarket.com/en/Magic/Products/Singles/Battlebond/Forest
13:26:51:                 Expanding page...
13:26:53: Card Forest saved today

13:26:53:  = Sellers = 
13:26:53: Task - Updating sellers list
13:26:56: Done - 0 new sellers added  (out of: 300, total: 4836)

13:26:56:  = Offers = 
13:26:56: Task - Updating sale offers
13:26:58: Done - 1 new offers added  (out of: 300, total: 210585)

13:26:58:  == Stunning Reversal == 	(54/264  20.45%)
13:26:58: URL change  ->  https://www.cardmarket.com/en/Magic/Products/Singles/Battlebond/Stunning-Reversal
13:27:00:                 Expanding page...
13:27:00: Card page invalid: https://www.cardmarket.com/en/Magic/Products/Singles/Battlebond/Stunning-Reversal
13:27:00: Waiting and reconnecting... (cooldown 10.0 seconds)
13:27:11: URL change  ->  https://www.cardmarket.com/en/Magic/Products/Singles/Battlebond/Stunning-Reversal
13:27:13:                 Expanding page...
13:27:17: Card Stunning Reversal saved today

13:27:17:  = Sellers = 
13:27:17: Task - Updating sellers list
13:27:19: Done - 0 new sellers added  (out of: 200, total: 4836)

13:27:19:  = Offers = 
13:27:19: Task - Updating sale offers
13:27:20: Done - 1 new offers added  (out of: 200, total: 210586)

13:27:20:  == Arena Rector == 	(55/264  20.83%)
13:27:21: URL change  ->  https://www.cardmarket.com/en/Magic/Products/Singles/Battlebond/Arena-Rector
13:27:23:                 Expanding page...
13:27:26: Card Arena Rector saved today

13:27:26:  = Sellers = 
13:27:26: Task - Updating sellers list
13:27:28: Done - 0 new sellers added  (out of: 219, total: 4836)

13:27:28:  = Offers = 
13:27:28: Task - Updating sale offers
13:27:29: Done - 1 new offers added  (out of: 219, total: 210587)

13:27:29:  == Khorvath Brightflame == 	(56/264  21.21%)
13:27:30: URL change  ->  https://www.cardmarket.com/en/Magic/Products/Singles/Battlebond/Khorvath-Brightflame
13:27:32:                 Expanding page...
13:27:40: Card Khorvath Brightflame saved today

13:27:40:  = Sellers = 
13:27:40: Task - Updating sellers list
13:27:44: == Add seller ==
13:27:44: Seller: 			thomaxmixxer
13:27:44: Seller ID: 		4837
13:27:46: Done - 1 new sellers added  (out of: 475, total: 4837)

13:27:46:  = Offers = 
13:27:46: Task - Updating sale offers
13:27:49: Done - 4 new offers added  (out of: 475, total: 210591)

13:27:49:  == Island == 	(57/264  21.59%)
13:27:50: URL change  ->  https://www.cardmarket.com/en/Magic/Products/Singles/Battlebond/Island
13:27:52:                 Expanding page...
13:27:56: Card Island saved today

13:27:56:  = Sellers = 
13:27:56: Task - Updating sellers list
13:27:57: Done - 0 new sellers added  (out of: 219, total: 4837)

13:27:57:  = Offers = 
13:27:57: Task - Updating sale offers
13:27:59: Done - 5 new offers added  (out of: 219, total: 210596)

13:27:59:  == Najeela, the Blade-Blossom == 	(58/264  21.97%)
13:27:59: URL change  ->  https://www.cardmarket.com/en/Magic/Products/Singles/Battlebond/Najeela-the-BladeBlossom
13:28:01:                 Expanding page...
13:28:04: Card Najeela, the Blade-Blossom saved today

13:28:04:  = Sellers = 
13:28:04: Task - Updating sellers list
13:28:05: Done - 0 new sellers added  (out of: 181, total: 4837)

13:28:05:  = Offers = 
13:28:05: Task - Updating sale offers
13:28:07: Done - 4 new offers added  (out of: 181, total: 210600)

13:28:07:  == Game Plan == 	(59/264  22.35%)
13:28:07: URL change  ->  https://www.cardmarket.com/en/Magic/Products/Singles/Battlebond/Game-Plan
13:28:09:                 Expanding page...
13:28:09: Card page invalid: https://www.cardmarket.com/en/Magic/Products/Singles/Battlebond/Game-Plan
13:28:09: Waiting and reconnecting... (cooldown 10.0 seconds)
13:28:21: URL change  ->  https://www.cardmarket.com/en/Magic/Products/Singles/Battlebond/Game-Plan
13:28:24:                 Expanding page...
13:28:30: Card Game Plan saved today

13:28:30:  = Sellers = 
13:28:30: Task - Updating sellers list
13:28:32: Done - 0 new sellers added  (out of: 374, total: 4837)

13:28:33:  = Offers = 
13:28:33: Task - Updating sale offers
13:28:35: Done - 6 new offers added  (out of: 374, total: 210606)

13:28:35:  == Seedborn Muse == 	(60/264  22.73%)
13:28:36: URL change  ->  https://www.cardmarket.com/en/Magic/Products/Singles/Battlebond/Seedborn-Muse
13:28:38:                 Expanding page...
13:28:41: Card Seedborn Muse saved today

13:28:41:  = Sellers = 
13:28:41: Task - Updating sellers list
13:28:43: Done - 0 new sellers added  (out of: 214, total: 4837)

13:28:43:  = Offers = 
13:28:43: Task - Updating sale offers
13:28:44: Done - 8 new offers added  (out of: 214, total: 210614)

13:28:44:  == Chakram Retriever == 	(61/264  23.11%)
13:28:45: URL change  ->  https://www.cardmarket.com/en/Magic/Products/Singles/Battlebond/Chakram-Retriever
13:28:47:                 Expanding page...
13:28:53: Card Chakram Retriever saved today

13:28:53:  = Sellers = 
13:28:53: Task - Updating sellers list
13:28:55: Done - 0 new sellers added  (out of: 353, total: 4837)

13:28:55:  = Offers = 
13:28:55: Task - Updating sale offers
13:28:58: Done - 6 new offers added  (out of: 353, total: 210620)

13:28:58:  == Regna, the Redeemer == 	(62/264  23.48%)
13:28:58: URL change  ->  https://www.cardmarket.com/en/Magic/Products/Singles/Battlebond/Regna-the-Redeemer
13:29:00:                 Expanding page...
13:29:05: Card Regna, the Redeemer saved today

13:29:05:  = Sellers = 
13:29:05: Task - Updating sellers list
13:29:07: Done - 0 new sellers added  (out of: 272, total: 4837)

13:29:07:  = Offers = 
13:29:07: Task - Updating sale offers
13:29:09: Done - 3 new offers added  (out of: 272, total: 210623)

13:29:09:  == Play of the Game == 	(63/264  23.86%)
13:29:09: URL change  ->  https://www.cardmarket.com/en/Magic/Products/Singles/Battlebond/Play-of-the-Game
13:29:11:                 Expanding page...
13:29:14: Card Play of the Game saved today

13:29:14:  = Sellers = 
13:29:14: Task - Updating sellers list
13:29:15: Done - 0 new sellers added  (out of: 150, total: 4837)

13:29:15:  = Offers = 
13:29:15: Task - Updating sale offers
13:29:16: Done - 3 new offers added  (out of: 150, total: 210626)

13:29:16:  == Evil Twin == 	(64/264  24.24%)
13:29:16: URL change  ->  https://www.cardmarket.com/en/Magic/Products/Singles/Battlebond/Evil-Twin
13:29:18:                 Expanding page...
13:29:18: Card page invalid: https://www.cardmarket.com/en/Magic/Products/Singles/Battlebond/Evil-Twin
13:29:18: Waiting and reconnecting... (cooldown 10.0 seconds)
13:29:29: URL change  ->  https://www.cardmarket.com/en/Magic/Products/Singles/Battlebond/Evil-Twin
13:29:31:                 Expanding page...
13:29:38: Card Evil Twin saved today

13:29:38:  = Sellers = 
13:29:38: Task - Updating sellers list
13:29:40: Done - 0 new sellers added  (out of: 350, total: 4837)

13:29:40:  = Offers = 
13:29:40: Task - Updating sale offers
13:29:42: Done - 5 new offers added  (out of: 350, total: 210631)

13:29:42:  == Archfiend of Despair == 	(65/264  24.62%)
13:29:43: URL change  ->  https://www.cardmarket.com/en/Magic/Products/Singles/Battlebond/Archfiend-of-Despair
13:29:44:                 Expanding page...
13:29:46: Card Archfiend of Despair saved today

13:29:46:  = Sellers = 
13:29:46: Task - Updating sellers list
13:29:47: Done - 0 new sellers added  (out of: 105, total: 4837)

13:29:47:  = Offers = 
13:29:47: Task - Updating sale offers
13:29:48: Done - 3 new offers added  (out of: 105, total: 210634)

13:29:48:  == Nirkana Revenant == 	(66/264  25.0%)
13:29:48: URL change  ->  https://www.cardmarket.com/en/Magic/Products/Singles/Battlebond/Nirkana-Revenant
13:29:50:                 Expanding page...
13:29:52: Card Nirkana Revenant saved today

13:29:52:  = Sellers = 
13:29:52: Task - Updating sellers list
13:29:53: Done - 0 new sellers added  (out of: 107, total: 4837)

13:29:53:  = Offers = 
13:29:53: Task - Updating sale offers
13:29:54: Done - 2 new offers added  (out of: 107, total: 210636)

13:29:54:  == Elvish Visionary == 	(67/264  25.38%)
13:29:54: URL change  ->  https://www.cardmarket.com/en/Magic/Products/Singles/Battlebond/Elvish-Visionary
13:29:56:                 Expanding page...
13:30:02: Card Elvish Visionary saved today

13:30:02:  = Sellers = 
13:30:02: Task - Updating sellers list
13:30:04: Done - 0 new sellers added  (out of: 300, total: 4837)

13:30:04:  = Offers = 
13:30:04: Task - Updating sale offers
13:30:07: Done - 2 new offers added  (out of: 300, total: 210638)

13:30:07:  == Savage Ventmaw == 	(68/264  25.76%)
13:30:07: URL change  ->  https://www.cardmarket.com/en/Magic/Products/Singles/Battlebond/Savage-Ventmaw
13:30:09:                 Expanding page...
13:30:16: Card Savage Ventmaw saved today

13:30:16:  = Sellers = 
13:30:16: Task - Updating sellers list
13:30:18: Done - 0 new sellers added  (out of: 355, total: 4837)

13:30:18:  = Offers = 
13:30:18: Task - Updating sale offers
13:30:20: Done - 1 new offers added  (out of: 355, total: 210639)

13:30:20:  == Gorm the Great == 	(69/264  26.14%)
13:30:21: URL change  ->  https://www.cardmarket.com/en/Magic/Products/Singles/Battlebond/Gorm-the-Great
13:30:24:                 Expanding page...
13:30:24: Card Gorm the Great saved today

13:30:24:  = Sellers = 
13:30:24: Task - Updating sellers list
13:30:25: Done - 0 new sellers added  (out of: 50, total: 4837)

13:30:25:  = Offers = 
13:30:25: Task - Updating sale offers
13:30:25: Done - 1 new offers added  (out of: 50, total: 210640)

13:30:25:  == Mystic Confluence == 	(70/264  26.52%)
13:30:25: URL change  ->  https://www.cardmarket.com/en/Magic/Products/Singles/Battlebond/Mystic-Confluence
13:30:28:                 Expanding page...
13:30:28: Card page invalid: https://www.cardmarket.com/en/Magic/Products/Singles/Battlebond/Mystic-Confluence
13:30:28: Waiting and reconnecting... (cooldown 10.0 seconds)
13:30:35: URL change  ->  https://www.cardmarket.com/en/Magic/Products/Singles/Battlebond/Mystic-Confluence
13:30:37:                 Expanding page...
13:30:43: Card Mystic Confluence saved today

13:30:43:  = Sellers = 
13:30:43: Task - Updating sellers list
13:30:45: Seller dropped!
