08:46:04: === Creation of this file ===
08:46:08: Webdriver ready
08:46:08: Database connection established

08:46:08: Task - Getting all card names from current expansion
08:46:09: URL change  ->  https://www.cardmarket.com/en/Magic/Products/Singles/Battlebond?site=1
08:46:09: Done - All card names from Battlebond saved

08:46:10: URL change  ->  https://www.cardmarket.com/en/Magic/Products/Singles/Battlebond/Skyshroud-Claim
08:46:12:                 Expanding page...

08:46:15: Card Skyshroud Claim saved today
08:46:15: Task - Updating sellers list
08:46:17: Done - All sellers saved

08:46:17: Task - Updating sale offers
08:46:21: Done - All offers saved

08:46:22: URL change  ->  https://www.cardmarket.com/en/Magic/Products/Singles/Battlebond/Impulse
08:46:24:                 Expanding page...

08:46:31: Card Impulse saved today
08:46:31: Task - Updating sellers list
08:46:34: Done - All sellers saved

08:46:34: Task - Updating sale offers
08:46:40: Done - All offers saved

08:46:41: URL change  ->  https://www.cardmarket.com/en/Magic/Products/Singles/Battlebond/Zndrsplt-Eye-of-Wisdom
08:46:43:                 Expanding page...

08:46:50: Card Zndrsplt, Eye of Wisdom saved today
08:46:50: Task - Updating sellers list
08:46:52: Done - All sellers saved

08:46:52: Task - Updating sale offers
08:46:58: Done - All offers saved

08:46:59: URL change  ->  https://www.cardmarket.com/en/Magic/Products/Singles/Battlebond/Chain-Lightning
08:47:00:                 Expanding page...

08:47:03: Card Chain Lightning saved today
08:47:03: Task - Updating sellers list
08:47:04: Done - All sellers saved

08:47:04: Task - Updating sale offers
08:47:07: Done - All offers saved

08:47:07: URL change  ->  https://www.cardmarket.com/en/Magic/Products/Singles/Battlebond/Okaun-Eye-of-Chaos
08:47:09:                 Expanding page...

08:47:13: Card Okaun, Eye of Chaos saved today
08:47:13: Task - Updating sellers list
08:47:14: Done - All sellers saved

08:47:14: Task - Updating sale offers
08:47:17: Done - All offers saved

08:47:18: URL change  ->  https://www.cardmarket.com/en/Magic/Products/Singles/Battlebond/Spell-Snare
08:47:20:                 Expanding page...

08:47:22: Card Spell Snare saved today
08:47:22: Task - Updating sellers list
08:47:23: Done - All sellers saved

08:47:23: Task - Updating sale offers
08:47:25: Done - All offers saved

08:47:26: URL change  ->  https://www.cardmarket.com/en/Magic/Products/Singles/Battlebond/Fertile-Ground
08:47:28:                 Expanding page...

08:47:35: Card Fertile Ground saved today
08:47:35: Task - Updating sellers list
08:47:37: Done - All sellers saved

08:47:38: Task - Updating sale offers
08:47:43: Done - All offers saved

08:47:43: URL change  ->  https://www.cardmarket.com/en/Magic/Products/Singles/Battlebond/Azra-Oddsmaker
08:47:45:                 Expanding page...

08:47:45: Card page invalid: https://www.cardmarket.com/en/Magic/Products/Singles/Battlebond/Azra-Oddsmaker
08:48:05: URL change  ->  https://www.cardmarket.com/en/Magic/Products/Singles/Battlebond/Azra-Oddsmaker
08:48:07:                 Expanding page...

08:48:11: Card Azra Oddsmaker saved today
08:48:11: Task - Updating sellers list
08:48:13: Done - All sellers saved

08:48:13: Task - Updating sale offers
08:48:17: Done - 1 new offers added

08:48:18: URL change  ->  https://www.cardmarket.com/en/Magic/Products/Singles/Battlebond/Virtuss-Maneuver
08:48:20:                 Expanding page...

08:48:26: Card Virtus's Maneuver saved today
08:48:26: Task - Updating sellers list
08:48:28: Done - All sellers saved

08:48:28: Task - Updating sale offers
08:48:33: Done - All offers saved

08:48:33: URL change  ->  https://www.cardmarket.com/en/Magic/Products/Singles/Battlebond/Mindblade-Render
08:48:36:                 Expanding page...

08:48:39: Card Mindblade Render saved today
08:48:39: Task - Updating sellers list
08:48:40: Done - All sellers saved

08:48:40: Task - Updating sale offers
08:48:43: Done - All offers saved

08:48:44: URL change  ->  https://www.cardmarket.com/en/Magic/Products/Singles/Battlebond/Greater-Good
08:48:46:                 Expanding page...

08:48:50: Card Greater Good saved today
08:48:50: Task - Updating sellers list
08:48:51: Done - All sellers saved

08:48:52: Task - Updating sale offers
08:48:55: Done - All offers saved

08:48:56: URL change  ->  https://www.cardmarket.com/en/Magic/Products/Singles/Battlebond/Pir-Imaginative-Rascal
08:48:58:                 Expanding page...

08:49:00: Card Pir, Imaginative Rascal saved today
08:49:00: Task - Updating sellers list
08:49:00: Done - All sellers saved

08:49:00: Task - Updating sale offers
08:49:03: Done - All offers saved

08:49:03: URL change  ->  https://www.cardmarket.com/en/Magic/Products/Singles/Battlebond/Swords-to-Plowshares
08:49:05:                 Expanding page...

08:49:06: Card Swords to Plowshares saved today
08:49:06: Task - Updating sellers list
08:49:07: Done - All sellers saved

08:49:07: Task - Updating sale offers
08:49:10: Done - All offers saved

08:49:10: URL change  ->  https://www.cardmarket.com/en/Magic/Products/Singles/Battlebond/Virtus-the-Veiled
08:49:12:                 Expanding page...

08:49:17: Card Virtus the Veiled saved today
08:49:17: Task - Updating sellers list
08:49:19: Done - All sellers saved

08:49:19: Task - Updating sale offers
08:49:24: Done - All offers saved

08:49:24: URL change  ->  https://www.cardmarket.com/en/Magic/Products/Singles/Battlebond/Generous-Patron
08:49:26:                 Expanding page...

08:49:29: Card Generous Patron saved today
08:49:29: Task - Updating sellers list
08:49:30: Done - All sellers saved

08:49:31: Task - Updating sale offers
08:49:33: Done - All offers saved

08:49:34: URL change  ->  https://www.cardmarket.com/en/Magic/Products/Singles/Battlebond/Stolen-Strategy
08:49:35:                 Expanding page...

08:49:38: Card Stolen Strategy saved today
08:49:38: Task - Updating sellers list
08:49:39: Done - All sellers saved

08:49:39: Task - Updating sale offers
08:49:42: Done - All offers saved

08:49:42: URL change  ->  https://www.cardmarket.com/en/Magic/Products/Singles/Battlebond/Spellseeker
08:49:44:                 Expanding page...

08:49:46: Card Spellseeker saved today
08:49:46: Task - Updating sellers list
08:49:47: Done - All sellers saved

08:49:47: Task - Updating sale offers
08:49:49: Done - All offers saved

08:49:49: URL change  ->  https://www.cardmarket.com/en/Magic/Products/Singles/Battlebond/Sentinel-Tower
08:49:51:                 Expanding page...

08:49:55: Card Sentinel Tower saved today
08:49:55: Task - Updating sellers list
08:49:57: Done - All sellers saved

08:49:57: Task - Updating sale offers
08:50:02: Done - All offers saved

08:50:03: URL change  ->  https://www.cardmarket.com/en/Magic/Products/Singles/Battlebond/Tidespout-Tyrant
08:50:05:                 Expanding page...

08:50:06: Card Tidespout Tyrant saved today
08:50:06: Task - Updating sellers list
08:50:07: Done - All sellers saved

08:50:08: Task - Updating sale offers
08:50:10: Done - All offers saved

08:50:11: URL change  ->  https://www.cardmarket.com/en/Magic/Products/Singles/Battlebond/Peregrine-Drake
08:50:13:                 Expanding page...

08:50:15: Card Peregrine Drake saved today
08:50:15: Task - Updating sellers list
08:50:15: Done - All sellers saved

08:50:15: Task - Updating sale offers
08:50:18: Done - All offers saved

08:50:18: URL change  ->  https://www.cardmarket.com/en/Magic/Products/Singles/Battlebond/Pirs-Whim
08:50:20:                 Expanding page...

08:50:24: Card Pir's Whim saved today
08:50:24: Task - Updating sellers list
08:50:25: Done - All sellers saved

08:50:25: Task - Updating sale offers
08:50:28: Done - All offers saved

08:50:29: URL change  ->  https://www.cardmarket.com/en/Magic/Products/Singles/Battlebond/Genesis-Chamber
08:50:30:                 Expanding page...

08:50:36: Card Genesis Chamber saved today
08:50:36: Task - Updating sellers list
08:50:39: Done - All sellers saved

08:50:39: Task - Updating sale offers
08:50:44: Done - All offers saved

08:50:44: URL change  ->  https://www.cardmarket.com/en/Magic/Products/Singles/Battlebond/Vigor
08:50:46:                 Expanding page...

08:50:48: Card Vigor saved today
08:50:48: Task - Updating sellers list
08:50:49: Done - All sellers saved

08:50:49: Task - Updating sale offers
08:50:51: Done - All offers saved

08:50:52: URL change  ->  https://www.cardmarket.com/en/Magic/Products/Singles/Battlebond/Plains
08:50:53:                 Expanding page...

08:50:57: Card Plains saved today
08:50:57: Task - Updating sellers list
08:50:58: Done - All sellers saved

08:50:58: Task - Updating sale offers
08:51:02: Done - 34 new offers added

08:51:03: URL change  ->  https://www.cardmarket.com/en/Magic/Products/Singles/Battlebond/Bonus-Round
08:51:05:                 Expanding page...

08:51:07: Card Bonus Round saved today
08:51:07: Task - Updating sellers list
08:51:08: Done - All sellers saved

08:51:08: Task - Updating sale offers
08:51:10: Done - 109 new offers added

08:51:11: URL change  ->  https://www.cardmarket.com/en/Magic/Products/Singles/Battlebond/Luxury-Suite
08:51:13:                 Expanding page...

08:51:15: Card Luxury Suite saved today
08:51:15: Task - Updating sellers list
08:51:15: Done - All sellers saved

08:51:16: Task - Updating sale offers
08:51:18: Done - 109 new offers added

08:51:19: URL change  ->  https://www.cardmarket.com/en/Magic/Products/Singles/Battlebond/Khorvaths-Fury
08:51:21:                 Expanding page...

08:51:23: Card Khorvath's Fury saved today
08:51:23: Task - Updating sellers list
08:51:24: Done - All sellers saved

08:51:24: Task - Updating sale offers
08:51:29: Done - 188 new offers added

08:51:29: URL change  ->  https://www.cardmarket.com/en/Magic/Products/Singles/Battlebond/Beast-Within
08:51:31:                 Expanding page...

08:51:36: Card Beast Within saved today
08:51:36: Task - Updating sellers list
08:51:38: Done - All sellers saved

08:51:38: Task - Updating sale offers
08:51:45: Done - 275 new offers added

08:51:45: URL change  ->  https://www.cardmarket.com/en/Magic/Products/Singles/Battlebond/Angelic-Chorus
08:51:48:                 Expanding page...

08:51:51: Task - Updating sellers list
08:51:53: Done - All sellers saved

08:51:53: Task - Updating sale offers
08:52:00: Done - 281 new offers added

08:52:01: URL change  ->  https://www.cardmarket.com/en/Magic/Products/Singles/Battlebond/Bountiful-Promenade
08:52:03:                 Expanding page...

08:52:05: Task - Updating sellers list
08:52:06: Done - All sellers saved

08:52:06: Task - Updating sale offers
08:52:10: Done - 162 new offers added

08:52:11: URL change  ->  https://www.cardmarket.com/en/Magic/Products/Singles/Battlebond/Morphic-Pool
08:52:12:                 Expanding page...

08:52:14: Task - Updating sellers list
08:52:15: Done - All sellers saved

08:52:15: Task - Updating sale offers
08:52:18: Done - 114 new offers added

08:52:19: URL change  ->  https://www.cardmarket.com/en/Magic/Products/Singles/Battlebond/Kor-Spiritdancer
08:52:21:                 Expanding page...

08:52:25: Task - Updating sellers list
08:52:27: Done - All sellers saved

08:52:27: Task - Updating sale offers
08:52:34: Done - 265 new offers added

08:52:34: URL change  ->  https://www.cardmarket.com/en/Magic/Products/Singles/Battlebond/Sea-of-Clouds
08:52:36:                 Expanding page...

08:52:38: Task - Updating sellers list
08:52:39: Done - All sellers saved

08:52:39: Task - Updating sale offers
08:52:42: Done - 128 new offers added

08:52:43: URL change  ->  https://www.cardmarket.com/en/Magic/Products/Singles/Battlebond/Last-One-Standing
08:52:45:                 Expanding page...

08:52:47: Task - Updating sellers list
08:52:47: Done - All sellers saved

08:52:47: Task - Updating sale offers
08:52:51: Done - 131 new offers added

08:52:51: URL change  ->  https://www.cardmarket.com/en/Magic/Products/Singles/Battlebond/Diabolic-Intent
08:52:53:                 Expanding page...

08:52:54: Task - Updating sellers list
08:52:55: Extracting seller info: NodWod
08:52:57: Done - All sellers saved

08:52:57: Task - Updating sale offers
08:53:00: Done - 93 new offers added

08:53:00: URL change  ->  https://www.cardmarket.com/en/Magic/Products/Singles/Battlebond/Wars-Toll
08:53:02:                 Expanding page...

08:53:05: Task - Updating sellers list
08:53:06: Done - All sellers saved

08:53:06: Task - Updating sale offers
08:53:10: Done - 153 new offers added

08:53:10: URL change  ->  https://www.cardmarket.com/en/Magic/Products/Singles/Battlebond/Magus-of-the-Candelabra
08:53:12:                 Expanding page...

08:53:20: Task - Updating sellers list
08:53:23: Done - All sellers saved

08:53:23: Task - Updating sale offers
08:53:35: Done - 449 new offers added

08:53:35: URL change  ->  https://www.cardmarket.com/en/Magic/Products/Singles/Battlebond/Toothy-Imaginary-Friend
08:53:37:                 Expanding page...

08:53:40: Task - Updating sellers list
08:53:41: Done - All sellers saved

08:53:41: Task - Updating sale offers
08:53:46: Done - 174 new offers added

08:53:46: URL change  ->  https://www.cardmarket.com/en/Magic/Products/Singles/Battlebond/Spire-Garden
08:53:48:                 Expanding page...

08:53:51: Task - Updating sellers list
08:53:52: Extracting seller info: Wollmilchsau
08:53:55: Extracting seller info: Norga666
08:53:59: Done - All sellers saved

08:53:59: Task - Updating sale offers
08:54:04: Done - 178 new offers added

08:54:04: URL change  ->  https://www.cardmarket.com/en/Magic/Products/Singles/Battlebond/Sower-of-Temptation
08:54:06:                 Expanding page...

08:54:11: Task - Updating sellers list
08:54:12: Done - All sellers saved

08:54:12: Task - Updating sale offers
08:54:17: Done - 206 new offers added

08:54:18: URL change  ->  https://www.cardmarket.com/en/Magic/Products/Singles/Battlebond/Thrilling-Encore
08:54:20:                 Expanding page...

08:54:22: Task - Updating sellers list
08:54:23: Done - All sellers saved

08:54:23: Task - Updating sale offers
08:54:28: Done - 183 new offers added

08:54:29: URL change  ->  https://www.cardmarket.com/en/Magic/Products/Singles/Battlebond/Krav-the-Unredeemed
08:54:31:                 Expanding page...

08:54:35: Task - Updating sellers list
08:54:36: Done - All sellers saved

08:54:36: Task - Updating sale offers
08:54:42: Done - 212 new offers added

08:54:42: URL change  ->  https://www.cardmarket.com/en/Magic/Products/Singles/Battlebond/Minds-Eye
08:54:45:                 Expanding page...

08:54:47: Task - Updating sellers list
08:54:48: Done - All sellers saved

08:54:48: Task - Updating sale offers
08:54:52: Done - 155 new offers added

08:54:53: URL change  ->  https://www.cardmarket.com/en/Magic/Products/Singles/Battlebond/Noosegraf-Mob
08:54:54:                 Expanding page...

08:55:04: Task - Updating sellers list
08:55:07: Done - All sellers saved

08:55:08: Task - Updating sale offers
08:55:21: Done - 513 new offers added

08:55:22: URL change  ->  https://www.cardmarket.com/en/Magic/Products/Singles/Battlebond/Mountain
08:55:24:                 Expanding page...

08:55:27: Task - Updating sellers list
08:55:29: Done - All sellers saved

08:55:29: Task - Updating sale offers
08:55:35: Done - 213 new offers added

08:55:35: URL change  ->  https://www.cardmarket.com/en/Magic/Products/Singles/Battlebond/Sylvia-Brightspear
08:55:37:                 Expanding page...

08:55:42: Task - Updating sellers list
08:55:44: Done - All sellers saved

08:55:44: Task - Updating sale offers
08:55:54: Done - 345 new offers added

08:55:54: URL change  ->  https://www.cardmarket.com/en/Magic/Products/Singles/Battlebond/Magmatic-Force
08:55:56:                 Expanding page...

08:56:05: Task - Updating sellers list
08:56:08: Done - All sellers saved

08:56:08: Task - Updating sale offers
08:56:21: Done - 492 new offers added

08:56:22: URL change  ->  https://www.cardmarket.com/en/Magic/Products/Singles/Battlebond/Zndrsplts-Judgment
08:56:24:                 Expanding page...

08:56:32: Task - Updating sellers list
08:56:35: Done - All sellers saved

08:56:35: Task - Updating sale offers
08:56:49: Done - 496 new offers added

08:56:49: URL change  ->  https://www.cardmarket.com/en/Magic/Products/Singles/Battlebond/Expedite
08:56:52:                 Expanding page...

08:57:00: Task - Updating sellers list
08:57:03: Done - All sellers saved

08:57:03: Task - Updating sale offers
08:57:16: Done - 468 new offers added

08:57:16: URL change  ->  https://www.cardmarket.com/en/Magic/Products/Singles/Battlebond/Bramble-Sovereign
08:57:18:                 Expanding page...

08:57:20: Task - Updating sellers list
08:57:21: Done - All sellers saved

08:57:21: Task - Updating sale offers
08:57:25: Done - 127 new offers added

08:57:25: URL change  ->  https://www.cardmarket.com/en/Magic/Products/Singles/Battlebond/Warrior-Token-White-11
08:57:27:                 Expanding page...

08:57:34: Task - Updating sellers list
08:57:36: Done - All sellers saved

08:57:36: Task - Updating sale offers
08:57:45: Done - 334 new offers added

08:57:46: URL change  ->  https://www.cardmarket.com/en/Magic/Products/Singles/Battlebond/Gwafa-Hazid-Profiteer
08:57:48:                 Expanding page...

08:57:57: Task - Updating sellers list
08:58:00: Done - All sellers saved

08:58:00: Task - Updating sale offers
08:58:14: Done - 517 new offers added

08:58:15: URL change  ->  https://www.cardmarket.com/en/Magic/Products/Singles/Battlebond/Forest
08:58:17:                 Expanding page...

08:58:21: Task - Updating sellers list
08:58:22: Done - All sellers saved

08:58:23: Task - Updating sale offers
08:58:29: Done - 227 new offers added

08:58:29: URL change  ->  https://www.cardmarket.com/en/Magic/Products/Singles/Battlebond/Stunning-Reversal
08:58:31:                 Expanding page...

08:58:36: Task - Updating sellers list
08:58:38: Done - All sellers saved

08:58:38: Task - Updating sale offers
08:58:46: Done - 296 new offers added

08:58:46: URL change  ->  https://www.cardmarket.com/en/Magic/Products/Singles/Battlebond/Arena-Rector
08:58:48:                 Expanding page...

08:58:52: Task - Updating sellers list
08:58:53: Done - All sellers saved

08:58:53: Task - Updating sale offers
08:58:59: Done - 216 new offers added

08:59:00: URL change  ->  https://www.cardmarket.com/en/Magic/Products/Singles/Battlebond/Khorvath-Brightflame
08:59:01:                 Expanding page...

08:59:09: Task - Updating sellers list
08:59:12: Done - All sellers saved

08:59:13: Task - Updating sale offers
08:59:25: Done - 472 new offers added

08:59:26: URL change  ->  https://www.cardmarket.com/en/Magic/Products/Singles/Battlebond/Island
08:59:28:                 Expanding page...

08:59:31: Task - Updating sellers list
08:59:33: Done - All sellers saved

08:59:33: Task - Updating sale offers
08:59:39: Done - 217 new offers added

08:59:39: URL change  ->  https://www.cardmarket.com/en/Magic/Products/Singles/Battlebond/Najeela-the-BladeBlossom
08:59:41:                 Expanding page...

08:59:44: Task - Updating sellers list
08:59:45: Done - All sellers saved

08:59:45: Task - Updating sale offers
08:59:50: Done - 181 new offers added

08:59:50: URL change  ->  https://www.cardmarket.com/en/Magic/Products/Singles/Battlebond/Game-Plan
08:59:52:                 Expanding page...

08:59:59: Task - Updating sellers list
09:00:01: Done - All sellers saved

09:00:02: Task - Updating sale offers
09:00:12: Done - 367 new offers added

09:00:12: URL change  ->  https://www.cardmarket.com/en/Magic/Products/Singles/Battlebond/Seedborn-Muse
09:00:14:                 Expanding page...

09:00:18: Task - Updating sellers list
09:00:19: Done - All sellers saved

09:00:19: Task - Updating sale offers
09:00:25: Done - 212 new offers added

09:00:26: URL change  ->  https://www.cardmarket.com/en/Magic/Products/Singles/Battlebond/Chakram-Retriever
09:00:28:                 Expanding page...

09:00:34: Task - Updating sellers list
09:00:36: Done - All sellers saved

09:00:36: Task - Updating sale offers
09:00:46: Done - 350 new offers added

09:00:46: URL change  ->  https://www.cardmarket.com/en/Magic/Products/Singles/Battlebond/Regna-the-Redeemer
09:00:48:                 Expanding page...

09:00:52: Task - Updating sellers list
09:00:54: Done - All sellers saved

09:00:54: Task - Updating sale offers
09:01:01: Done - 270 new offers added

09:01:02: URL change  ->  https://www.cardmarket.com/en/Magic/Products/Singles/Battlebond/Play-of-the-Game
09:01:04:                 Expanding page...

09:01:12: Task - Updating sellers list
09:01:15: Done - All sellers saved

09:01:15: Task - Updating sale offers
09:01:28: Done - 466 new offers added

09:01:29: URL change  ->  https://www.cardmarket.com/en/Magic/Products/Singles/Battlebond/Evil-Twin
09:01:30:                 Expanding page...

09:01:37: Task - Updating sellers list
09:01:39: Done - All sellers saved

09:01:39: Task - Updating sale offers
09:01:50: Done - 381 new offers added

09:01:50: URL change  ->  https://www.cardmarket.com/en/Magic/Products/Singles/Battlebond/Archfiend-of-Despair
09:01:53:                 Expanding page...

09:01:55: Task - Updating sellers list
09:01:55: Extracting seller info: oroshimarru
09:01:59: Done - All sellers saved

09:01:59: Task - Updating sale offers
09:02:02: Done - 110 new offers added

09:02:02: URL change  ->  https://www.cardmarket.com/en/Magic/Products/Singles/Battlebond/Nirkana-Revenant
09:02:04:                 Expanding page...

09:02:06: Task - Updating sellers list
09:02:06: Done - All sellers saved

09:02:06: Task - Updating sale offers
09:02:10: Done - 109 new offers added

09:02:10: URL change  ->  https://www.cardmarket.com/en/Magic/Products/Singles/Battlebond/Elvish-Visionary
09:02:12:                 Expanding page...

09:02:22: Task - Updating sellers list
09:02:26: Extracting seller info: breekapig
09:02:28: Done - All sellers saved

09:02:29: Task - Updating sale offers
09:02:45: Done - 583 new offers added

09:02:46: URL change  ->  https://www.cardmarket.com/en/Magic/Products/Singles/Battlebond/Savage-Ventmaw
09:02:48:                 Expanding page...

09:02:55: Task - Updating sellers list
09:02:57: Done - All sellers saved

09:02:57: Task - Updating sale offers
09:03:07: Done - 352 new offers added

09:03:08: URL change  ->  https://www.cardmarket.com/en/Magic/Products/Singles/Battlebond/Gorm-the-Great
09:03:09:                 Expanding page...

09:03:18: Task - Updating sellers list
09:03:22: Done - All sellers saved

09:03:22: Task - Updating sale offers
09:03:36: Done - 496 new offers added

09:03:37: URL change  ->  https://www.cardmarket.com/en/Magic/Products/Singles/Battlebond/Mystic-Confluence
09:03:39:                 Expanding page...

09:03:46: Task - Updating sellers list
09:03:48: Done - All sellers saved

09:03:48: Task - Updating sale offers
09:04:00: Done - 399 new offers added

09:04:00: URL change  ->  https://www.cardmarket.com/en/Magic/Products/Singles/Battlebond/Fog-Bank
09:04:02:                 Expanding page...

09:04:09: Task - Updating sellers list
09:04:11: Done - All sellers saved

09:04:11: Task - Updating sale offers
09:04:23: Done - 380 new offers added

09:04:23: URL change  ->  https://www.cardmarket.com/en/Magic/Products/Singles/Battlebond/Myr-Token-Artifact-11
09:04:25:                 Expanding page...

09:04:28: Task - Updating sellers list
09:04:30: Done - All sellers saved

09:04:30: Task - Updating sale offers
09:04:37: Done - 225 new offers added

09:04:37: URL change  ->  https://www.cardmarket.com/en/Magic/Products/Singles/Battlebond/Tenacious-Dead
09:04:39:                 Expanding page...

09:04:46: Task - Updating sellers list
09:04:48: Done - All sellers saved

09:04:49: Task - Updating sale offers
09:05:01: Done - 406 new offers added

09:05:01: URL change  ->  https://www.cardmarket.com/en/Magic/Products/Singles/Battlebond/Together-Forever
09:05:03:                 Expanding page...

09:05:14: Task - Updating sellers list
09:05:17: Done - All sellers saved

09:05:17: Task - Updating sale offers
09:05:34: Done - 563 new offers added

09:05:35: URL change  ->  https://www.cardmarket.com/en/Magic/Products/Singles/Battlebond/Brightling
09:05:37:                 Expanding page...

09:05:44: Task - Updating sellers list
09:05:45: Extracting seller info: Tydorel
09:05:50: Done - All sellers saved

09:05:50: Task - Updating sale offers
09:06:03: Done - 422 new offers added

09:06:03: URL change  ->  https://www.cardmarket.com/en/Magic/Products/Singles/Battlebond/Culling-Dais
09:06:05:                 Expanding page...

09:06:13: Task - Updating sellers list
09:06:16: Done - All sellers saved

09:06:16: Task - Updating sale offers
09:06:30: Done - 450 new offers added

09:06:30: URL change  ->  https://www.cardmarket.com/en/Magic/Products/Singles/Battlebond/Archon-of-Valors-Reach
09:06:32:                 Expanding page...

09:06:40: Task - Updating sellers list
09:06:43: Done - All sellers saved

09:06:43: Task - Updating sale offers
09:06:55: Done - 416 new offers added

09:06:56: URL change  ->  https://www.cardmarket.com/en/Magic/Products/Singles/Battlebond/Rushblade-Commander
09:06:58:                 Expanding page...

09:07:07: Task - Updating sellers list
09:07:10: Done - All sellers saved

09:07:11: Task - Updating sale offers
09:07:26: Done - 493 new offers added

09:07:26: URL change  ->  https://www.cardmarket.com/en/Magic/Products/Singles/Battlebond/Grothama-AllDevouring
09:07:28:                 Expanding page...

09:07:30: Task - Updating sellers list
09:07:31: Done - All sellers saved

09:07:31: Task - Updating sale offers
09:07:35: Done - 124 new offers added

09:07:35: URL change  ->  https://www.cardmarket.com/en/Magic/Products/Singles/Battlebond/Long-Road-Home
09:07:37:                 Expanding page...

09:07:44: Task - Updating sellers list
09:07:47: Done - All sellers saved

09:07:47: Task - Updating sale offers
09:08:00: Done - 429 new offers added

09:08:01: URL change  ->  https://www.cardmarket.com/en/Magic/Products/Singles/Battlebond/Apocalypse-Hydra
09:08:02:                 Expanding page...

09:08:10: Task - Updating sellers list
09:08:13: Done - All sellers saved

09:08:13: Task - Updating sale offers
09:08:28: Done - 469 new offers added

09:08:29: URL change  ->  https://www.cardmarket.com/en/Magic/Products/Singles/Battlebond/Regnas-Sanction
09:08:30:                 Expanding page...

09:08:40: Task - Updating sellers list
09:08:43: Done - All sellers saved

09:08:44: Task - Updating sale offers
09:09:01: Done - 534 new offers added

09:09:01: URL change  ->  https://www.cardmarket.com/en/Magic/Products/Singles/Battlebond/Ley-Weaver
09:09:03:                 Expanding page...

09:09:09: Task - Updating sellers list
09:09:11: Done - All sellers saved

09:09:11: Task - Updating sale offers
09:09:23: Done - 379 new offers added

09:09:24: URL change  ->  https://www.cardmarket.com/en/Magic/Products/Singles/Battlebond/Fumble
09:09:26:                 Expanding page...

09:09:35: Task - Updating sellers list
09:09:38: Done - All sellers saved

09:09:38: Task - Updating sale offers
09:09:54: Done - 489 new offers added

09:09:55: URL change  ->  https://www.cardmarket.com/en/Magic/Products/Singles/Battlebond/Doubling-Season
09:09:57:                 Expanding page...

09:09:58: Task - Updating sellers list
09:09:58: Done - All sellers saved

09:09:58: Task - Updating sale offers
09:10:01: Done - 79 new offers added

09:10:02: URL change  ->  https://www.cardmarket.com/en/Magic/Products/Singles/Battlebond/Rowan-Kenrith-V-1
09:10:04:                 Expanding page...

09:10:07: Task - Updating sellers list
09:10:08: Done - All sellers saved

09:10:08: Task - Updating sale offers
09:10:15: Done - 197 new offers added

09:10:15: URL change  ->  https://www.cardmarket.com/en/Magic/Products/Singles/Battlebond/Pulse-of-Murasa
09:10:17:                 Expanding page...

09:10:26: Task - Updating sellers list
09:10:28: Done - All sellers saved

09:10:29: Task - Updating sale offers
09:10:44: Done - 450 new offers added

09:10:45: URL change  ->  https://www.cardmarket.com/en/Magic/Products/Singles/Battlebond/Nyxathid
09:10:47:                 Expanding page...

09:10:56: Task - Updating sellers list
09:10:59: Done - All sellers saved

09:10:59: Task - Updating sale offers
09:11:18: Done - 524 new offers added

09:11:18: URL change  ->  https://www.cardmarket.com/en/Magic/Products/Singles/Battlebond/Will-Kenrith-V-1
09:11:20:                 Expanding page...

09:11:23: Task - Updating sellers list
09:11:24: Done - All sellers saved

09:11:24: Task - Updating sale offers
09:11:29: Done - 150 new offers added

09:11:29: URL change  ->  https://www.cardmarket.com/en/Magic/Products/Singles/Battlebond/TrueName-Nemesis
09:11:31:                 Expanding page...

09:11:36: Task - Updating sellers list
09:11:37: Extracting seller info: AzureMTG
09:11:40: Extracting seller info: Nayphilim
09:11:44: Done - All sellers saved

09:11:44: Task - Updating sale offers
09:11:56: Done - 327 new offers added

09:11:56: URL change  ->  https://www.cardmarket.com/en/Magic/Products/Singles/Battlebond/Land-Tax
09:11:58:                 Expanding page...

09:12:00: Task - Updating sellers list
09:12:01: Done - All sellers saved

09:12:01: Task - Updating sale offers
09:12:06: Done - 127 new offers added

09:12:06: URL change  ->  https://www.cardmarket.com/en/Magic/Products/Singles/Battlebond/Negate
09:12:09:                 Expanding page...

09:12:19: Task - Updating sellers list
09:12:22: Done - All sellers saved

09:12:23: Task - Updating sale offers
09:12:43: Done - 567 new offers added

09:12:44: URL change  ->  https://www.cardmarket.com/en/Magic/Products/Singles/Battlebond/Dragon-Breath
09:12:45:                 Expanding page...

09:12:53: Task - Updating sellers list
09:12:56: Done - All sellers saved

09:12:56: Task - Updating sale offers
09:13:11: Done - 415 new offers added

09:13:12: URL change  ->  https://www.cardmarket.com/en/Magic/Products/Singles/Battlebond/Karametras-Favor
09:13:14:                 Expanding page...

09:13:21: Task - Updating sellers list
09:13:24: Done - All sellers saved

09:13:24: Task - Updating sale offers
09:13:40: Done - 442 new offers added

09:13:41: URL change  ->  https://www.cardmarket.com/en/Magic/Products/Singles/Battlebond/Beast-Token-Green-33
09:13:43:                 Expanding page...

09:13:46: Task - Updating sellers list
09:13:47: Done - All sellers saved

09:13:47: Task - Updating sale offers
09:13:55: Done - 209 new offers added

09:13:56: URL change  ->  https://www.cardmarket.com/en/Magic/Products/Singles/Battlebond/Inner-Demon
09:13:58:                 Expanding page...

09:14:04: Task - Updating sellers list
09:14:07: Done - All sellers saved

09:14:07: Task - Updating sale offers
09:14:23: Done - 420 new offers added

09:14:23: URL change  ->  https://www.cardmarket.com/en/Magic/Products/Singles/Battlebond/Morbid-Curiosity
09:14:25:                 Expanding page...

09:14:32: Task - Updating sellers list
09:14:35: Done - All sellers saved

09:14:36: Task - Updating sale offers
09:14:52: Done - 447 new offers added

09:14:53: URL change  ->  https://www.cardmarket.com/en/Magic/Products/Singles/Battlebond/Feral-Hydra
09:14:54:                 Expanding page...

09:15:00: Task - Updating sellers list
09:15:02: Done - All sellers saved

09:15:02: Task - Updating sale offers
09:15:15: Done - 333 new offers added

09:15:15: URL change  ->  https://www.cardmarket.com/en/Magic/Products/Singles/Battlebond/Juggernaut
09:15:17:                 Expanding page...

09:15:26: Task - Updating sellers list
09:15:29: Done - All sellers saved

09:15:29: Task - Updating sale offers
09:15:47: Done - 468 new offers added

09:15:47: URL change  ->  https://www.cardmarket.com/en/Magic/Products/Singles/Battlebond/Mycosynth-Lattice
09:15:49:                 Expanding page...

09:15:51: Task - Updating sellers list
09:15:51: Extracting seller info: reptile600
09:15:55: Done - All sellers saved

09:15:55: Task - Updating sale offers
09:15:59: Done - 110 new offers added

09:15:59: URL change  ->  https://www.cardmarket.com/en/Magic/Products/Singles/Battlebond/Unflinching-Courage
09:16:02:                 Expanding page...

09:16:10: Task - Updating sellers list
09:16:13: Done - All sellers saved

09:16:13: Task - Updating sale offers
09:16:31: Done - 482 new offers added

09:16:32: URL change  ->  https://www.cardmarket.com/en/Magic/Products/Singles/Battlebond/Swamp
09:16:34:                 Expanding page...

09:16:38: Task - Updating sellers list
09:16:39: Done - All sellers saved

09:16:39: Task - Updating sale offers
09:16:48: Done - 234 new offers added

09:16:49: URL change  ->  https://www.cardmarket.com/en/Magic/Products/Singles/Battlebond/Arcane-Artisan
09:16:50:                 Expanding page...

09:16:56: Task - Updating sellers list
09:16:58: Done - All sellers saved

09:16:58: Task - Updating sale offers
09:17:11: Done - 331 new offers added

09:17:11: URL change  ->  https://www.cardmarket.com/en/Magic/Products/Singles/Battlebond/Decorated-Champion
09:17:13:                 Expanding page...

09:17:22: Task - Updating sellers list
09:17:25: Done - All sellers saved

09:17:25: Task - Updating sale offers
09:17:42: Done - 451 new offers added

09:17:43: URL change  ->  https://www.cardmarket.com/en/Magic/Products/Singles/Battlebond/Battle-Mastery
09:17:45:                 Expanding page...

09:17:52: Task - Updating sellers list
09:17:54: Done - All sellers saved

09:17:55: Task - Updating sale offers
09:18:11: Done - 426 new offers added

09:18:12: URL change  ->  https://www.cardmarket.com/en/Magic/Products/Singles/Battlebond/Goblin-Razerunners
09:18:14:                 Expanding page...

09:18:25: Task - Updating sellers list
09:18:29: Done - All sellers saved

09:18:29: Task - Updating sale offers
09:18:52: Done - 597 new offers added

09:18:53: URL change  ->  https://www.cardmarket.com/en/Magic/Products/Singles/Battlebond/Dinrova-Horror
09:18:55:                 Expanding page...

09:19:03: Task - Updating sellers list
09:19:05: Done - All sellers saved

09:19:05: Task - Updating sale offers
09:19:21: Done - 404 new offers added

09:19:22: URL change  ->  https://www.cardmarket.com/en/Magic/Products/Singles/Battlebond/Shock
09:19:23:                 Expanding page...

09:19:33: Task - Updating sellers list
09:19:36: Done - All sellers saved

09:19:36: Task - Updating sale offers
09:19:57: Done - 533 new offers added

09:19:58: URL change  ->  https://www.cardmarket.com/en/Magic/Products/Singles/Battlebond/Will-Kenrith-Emblem
09:20:00:                 Expanding page...

09:20:03: Task - Updating sellers list
09:20:04: Done - All sellers saved

09:20:04: Task - Updating sale offers
09:20:12: Done - 192 new offers added

09:20:12: URL change  ->  https://www.cardmarket.com/en/Magic/Products/Singles/Battlebond/Veteran-Explorer
09:20:14:                 Expanding page...

09:20:25: Task - Updating sellers list
09:20:28: Done - All sellers saved

09:20:29: Task - Updating sale offers
09:20:51: Done - 566 new offers added

09:20:52: URL change  ->  https://www.cardmarket.com/en/Magic/Products/Singles/Battlebond/Thrasher-Brute
09:20:53:                 Expanding page...

09:21:01: Task - Updating sellers list
09:21:04: Done - All sellers saved

09:21:04: Task - Updating sale offers
09:21:22: Done - 447 new offers added

09:21:23: URL change  ->  https://www.cardmarket.com/en/Magic/Products/Singles/Battlebond/The-Crowd-Goes-Wild
09:21:25:                 Expanding page...

09:21:32: Task - Updating sellers list
09:21:35: Done - All sellers saved

09:21:35: Task - Updating sale offers
09:21:53: Done - 445 new offers added

09:21:53: URL change  ->  https://www.cardmarket.com/en/Magic/Products/Singles/Battlebond/Blaring-Recruiter
09:21:56:                 Expanding page...

09:22:04: Task - Updating sellers list
09:22:07: Done - All sellers saved

09:22:07: Task - Updating sale offers
09:22:25: Done - 453 new offers added

09:22:26: URL change  ->  https://www.cardmarket.com/en/Magic/Products/Singles/Battlebond/Victory-Chimes
09:22:28:                 Expanding page...

09:22:34: Task - Updating sellers list
09:22:36: Done - All sellers saved

09:22:36: Task - Updating sale offers
09:22:50: Done - 343 new offers added

09:22:50: URL change  ->  https://www.cardmarket.com/en/Magic/Products/Singles/Battlebond/Painful-Lesson
09:22:52:                 Expanding page...

09:23:02: Task - Updating sellers list
09:23:05: Done - All sellers saved

09:23:05: Task - Updating sale offers
09:23:27: Done - 539 new offers added

09:23:28: URL change  ->  https://www.cardmarket.com/en/Magic/Products/Singles/Battlebond/Blaring-Captain
09:23:30:                 Expanding page...

09:23:38: Task - Updating sellers list
09:23:41: Done - All sellers saved

09:23:41: Task - Updating sale offers
09:24:00: Done - 467 new offers added

09:24:01: URL change  ->  https://www.cardmarket.com/en/Magic/Products/Singles/Battlebond/Midnight-Guard
09:24:03:                 Expanding page...

09:24:11: Task - Updating sellers list
09:24:14: Done - All sellers saved

09:24:14: Task - Updating sale offers
09:24:36: Done - 519 new offers added

09:24:37: URL change  ->  https://www.cardmarket.com/en/Magic/Products/Singles/Battlebond/Canopy-Spider
09:24:38:                 Expanding page...

09:24:47: Task - Updating sellers list
09:24:51: Done - All sellers saved

09:24:51: Task - Updating sale offers
09:25:13: Done - 518 new offers added

09:25:13: URL change  ->  https://www.cardmarket.com/en/Magic/Products/Singles/Battlebond/Grotesque-Mutation
09:25:16:                 Expanding page...

09:25:24: Task - Updating sellers list
09:25:27: Done - All sellers saved

09:25:28: Task - Updating sale offers
09:25:49: Done - 507 new offers added

09:25:49: URL change  ->  https://www.cardmarket.com/en/Magic/Products/Singles/Battlebond/Swarm-of-Bloodflies
09:25:52:                 Expanding page...

09:26:00: Task - Updating sellers list
09:26:03: Done - All sellers saved

09:26:03: Task - Updating sale offers
09:26:22: Done - 453 new offers added

09:26:23: URL change  ->  https://www.cardmarket.com/en/Magic/Products/Singles/Battlebond/Bathe-in-Dragonfire
09:26:24:                 Expanding page...

09:26:33: Task - Updating sellers list
09:26:37: Done - All sellers saved

09:26:37: Task - Updating sale offers
09:26:58: Done - 509 new offers added

09:26:59: URL change  ->  https://www.cardmarket.com/en/Magic/Products/Singles/Battlebond/Pierce-Strider
09:27:00:                 Expanding page...

09:27:08: Task - Updating sellers list
09:27:11: Done - All sellers saved

09:27:12: Task - Updating sale offers
09:27:33: Done - 493 new offers added

09:27:33: URL change  ->  https://www.cardmarket.com/en/Magic/Products/Singles/Battlebond/Doomed-Dissenter
09:27:35:                 Expanding page...

09:27:44: Task - Updating sellers list
09:27:45: Extracting seller info: erik-berserk
09:27:51: Done - All sellers saved

09:27:51: Task - Updating sale offers
09:28:13: Done - 514 new offers added

09:28:13: URL change  ->  https://www.cardmarket.com/en/Magic/Products/Singles/Battlebond/Out-of-Bounds
09:28:15:                 Expanding page...

09:28:23: Task - Updating sellers list
09:28:26: Done - All sellers saved

09:28:26: Task - Updating sale offers
09:28:47: Done - 479 new offers added

09:28:47: URL change  ->  https://www.cardmarket.com/en/Magic/Products/Singles/Battlebond/Gang-Up
09:28:49:                 Expanding page...

09:28:58: Task - Updating sellers list
09:29:01: Done - All sellers saved

09:29:01: Task - Updating sale offers
09:29:22: Done - 481 new offers added

09:29:22: URL change  ->  https://www.cardmarket.com/en/Magic/Products/Singles/Battlebond/Lore-Weaver
09:29:24:                 Expanding page...

09:29:33: Task - Updating sellers list
09:29:36: Done - All sellers saved

09:29:36: Task - Updating sale offers
09:29:57: Done - 470 new offers added

09:29:57: URL change  ->  https://www.cardmarket.com/en/Magic/Products/Singles/Battlebond/Opportunity
09:29:59:                 Expanding page...

09:30:07: Task - Updating sellers list
09:30:10: Done - All sellers saved

09:30:10: Task - Updating sale offers
09:30:31: Done - 479 new offers added

09:30:32: URL change  ->  https://www.cardmarket.com/en/Magic/Products/Singles/Battlebond/Phantom-Warrior
09:30:33:                 Expanding page...

09:30:42: Task - Updating sellers list
09:30:45: Done - All sellers saved

09:30:45: Task - Updating sale offers
09:31:06: Done - 465 new offers added

09:31:06: URL change  ->  https://www.cardmarket.com/en/Magic/Products/Singles/Battlebond/Quest-for-the-Gravelord
09:31:08:                 Expanding page...

09:31:16: Task - Updating sellers list
09:31:18: Done - All sellers saved

09:31:18: Task - Updating sale offers
09:31:37: Done - 421 new offers added

09:31:38: URL change  ->  https://www.cardmarket.com/en/Magic/Products/Singles/Battlebond/Shambling-Ghoul
09:31:39:                 Expanding page...

09:31:48: Task - Updating sellers list
09:31:51: Done - All sellers saved

09:31:52: Task - Updating sale offers
09:32:14: Done - 510 new offers added

09:32:15: URL change  ->  https://www.cardmarket.com/en/Magic/Products/Singles/Battlebond/Dragon-Hatchling
09:32:17:                 Expanding page...

09:32:26: Task - Updating sellers list
09:32:29: Done - All sellers saved

09:32:30: Task - Updating sale offers
09:32:51: Done - 483 new offers added

09:32:52: URL change  ->  https://www.cardmarket.com/en/Magic/Products/Singles/Battlebond/Rowan-Kenrith-Emblem
09:32:54:                 Expanding page...

09:32:56: Task - Updating sellers list
09:32:57: Done - All sellers saved

09:32:58: Task - Updating sale offers
09:33:07: Done - 198 new offers added

09:33:07: URL change  ->  https://www.cardmarket.com/en/Magic/Products/Singles/Battlebond/Jungle-Wayfinder
09:33:09:                 Expanding page...

09:33:18: Task - Updating sellers list
09:33:21: Done - All sellers saved

09:33:22: Task - Updating sale offers
09:33:46: Done - 549 new offers added

09:33:47: URL change  ->  https://www.cardmarket.com/en/Magic/Products/Singles/Battlebond/Oreskos-Explorer
09:33:49:                 Expanding page...

09:33:55: Task - Updating sellers list
09:33:58: Done - All sellers saved

09:33:58: Task - Updating sale offers
09:34:15: Done - 366 new offers added

09:34:15: URL change  ->  https://www.cardmarket.com/en/Magic/Products/Singles/Battlebond/Rotfeaster-Maggot
09:34:17:                 Expanding page...

09:34:27: Task - Updating sellers list
09:34:30: Done - All sellers saved

09:34:30: Task - Updating sale offers
09:34:54: Done - 525 new offers added

09:34:55: URL change  ->  https://www.cardmarket.com/en/Magic/Products/Singles/Battlebond/Fertilid
09:34:57:                 Expanding page...

09:35:04: Task - Updating sellers list
09:35:06: Done - All sellers saved

09:35:06: Task - Updating sale offers
09:35:24: Done - 385 new offers added

09:35:25: URL change  ->  https://www.cardmarket.com/en/Magic/Products/Singles/Battlebond/Spectral-Searchlight
09:35:27:                 Expanding page...

09:35:34: Task - Updating sellers list
09:35:37: Done - All sellers saved

09:35:37: Task - Updating sale offers
09:35:58: Done - 439 new offers added

09:35:58: URL change  ->  https://www.cardmarket.com/en/Magic/Products/Singles/Battlebond/Spirit-Token-White-11
09:36:00:                 Expanding page...

09:36:04: Task - Updating sellers list
09:36:06: Done - All sellers saved

09:36:06: Task - Updating sale offers
09:36:19: Done - 277 new offers added

09:36:20: URL change  ->  https://www.cardmarket.com/en/Magic/Products/Singles/Battlebond/Soulblade-Corrupter
09:36:22:                 Expanding page...

09:36:31: Task - Updating sellers list
09:36:34: Done - All sellers saved

09:36:35: Task - Updating sale offers
09:36:58: Done - 504 new offers added

09:36:59: URL change  ->  https://www.cardmarket.com/en/Magic/Products/Singles/Battlebond/Boldwyr-Intimidator
09:37:01:                 Expanding page...

09:37:08: Task - Updating sellers list
09:37:11: Done - All sellers saved

09:37:11: Task - Updating sale offers
09:37:31: Done - 419 new offers added

09:37:32: URL change  ->  https://www.cardmarket.com/en/Magic/Products/Singles/Battlebond/Mangara-of-Corondor
09:37:34:                 Expanding page...

09:37:43: Task - Updating sellers list
09:37:46: Done - All sellers saved

09:37:47: Task - Updating sale offers
09:38:12: Done - 524 new offers added

09:38:12: URL change  ->  https://www.cardmarket.com/en/Magic/Products/Singles/Battlebond/Angel-of-Retribution
09:38:15:                 Expanding page...

09:38:22: Task - Updating sellers list
09:38:25: Done - All sellers saved

09:38:25: Task - Updating sale offers
09:38:46: Done - 433 new offers added

09:38:47: URL change  ->  https://www.cardmarket.com/en/Magic/Products/Singles/Battlebond/Switcheroo
09:38:49:                 Expanding page...

09:38:57: Task - Updating sellers list
09:39:00: Done - All sellers saved

09:39:00: Task - Updating sale offers
09:39:24: Done - 487 new offers added

09:39:24: URL change  ->  https://www.cardmarket.com/en/Magic/Products/Singles/Battlebond/Liturgy-of-Blood
09:39:26:                 Expanding page...

09:39:35: Task - Updating sellers list
09:39:38: Done - All sellers saved

09:39:39: Task - Updating sale offers
09:40:04: Done - 509 new offers added

09:40:05: URL change  ->  https://www.cardmarket.com/en/Magic/Products/Singles/Battlebond/Slum-Reaper
09:40:06:                 Expanding page...

09:40:14: Task - Updating sellers list
09:40:17: Done - All sellers saved

09:40:18: Task - Updating sale offers
09:40:41: Done - 474 new offers added

09:40:41: URL change  ->  https://www.cardmarket.com/en/Magic/Products/Singles/Battlebond/Return-to-the-Earth
09:40:43:                 Expanding page...

09:40:53: Task - Updating sellers list
09:40:56: Done - All sellers saved

09:40:56: Task - Updating sale offers
09:41:22: Done - 522 new offers added

09:41:23: URL change  ->  https://www.cardmarket.com/en/Magic/Products/Singles/Battlebond/Riptide-Crab
09:41:25:                 Expanding page...

09:41:34: Task - Updating sellers list
09:41:37: Done - All sellers saved

09:41:37: Task - Updating sale offers
09:42:04: Done - 537 new offers added

09:42:05: URL change  ->  https://www.cardmarket.com/en/Magic/Products/Singles/Battlebond/Huddle-Up
09:42:07:                 Expanding page...

09:42:18: Task - Updating sellers list
09:42:22: Done - All sellers saved

09:42:22: Task - Updating sale offers
09:42:50: Done - 563 new offers added

09:42:51: URL change  ->  https://www.cardmarket.com/en/Magic/Products/Singles/Battlebond/Soaring-ShowOff
09:42:53:                 Expanding page...

09:43:01: Task - Updating sellers list
09:43:05: Done - All sellers saved

09:43:05: Task - Updating sale offers
09:43:32: Done - 543 new offers added

09:43:33: URL change  ->  https://www.cardmarket.com/en/Magic/Products/Singles/Battlebond/Dwarven-Lightsmith
09:43:34:                 Expanding page...

09:43:43: Task - Updating sellers list
09:43:47: Done - All sellers saved

09:43:47: Task - Updating sale offers
09:44:14: Done - 531 new offers added

09:44:15: URL change  ->  https://www.cardmarket.com/en/Magic/Products/Singles/Battlebond/LavaField-Overlord
09:44:16:                 Expanding page...

09:44:24: Task - Updating sellers list
09:44:26: Done - All sellers saved

09:44:27: Task - Updating sale offers
09:44:48: Done - 433 new offers added

09:44:49: URL change  ->  https://www.cardmarket.com/en/Magic/Products/Singles/Battlebond/Nimbus-Champion
09:44:51:                 Expanding page...

09:44:59: Task - Updating sellers list
09:45:02: Done - All sellers saved

09:45:02: Task - Updating sale offers
09:45:31: Done - 495 new offers added

09:45:32: URL change  ->  https://www.cardmarket.com/en/Magic/Products/Singles/Battlebond/Last-Gasp
09:45:34:                 Expanding page...

09:45:44: Task - Updating sellers list
09:45:47: Done - All sellers saved

09:45:48: Task - Updating sale offers
09:46:15: Done - 545 new offers added

09:46:16: URL change  ->  https://www.cardmarket.com/en/Magic/Products/Singles/Battlebond/Flamewave-Invoker
09:46:18:                 Expanding page...

09:46:27: Task - Updating sellers list
09:46:29: Done - All sellers saved

09:46:30: Task - Updating sale offers
09:46:53: Done - 462 new offers added

09:46:54: URL change  ->  https://www.cardmarket.com/en/Magic/Products/Singles/Battlebond/Giant-Growth
09:46:56:                 Expanding page...

09:47:04: Task - Updating sellers list
09:47:07: Done - All sellers saved

09:47:07: Task - Updating sale offers
09:47:32: Done - 480 new offers added

09:47:32: URL change  ->  https://www.cardmarket.com/en/Magic/Products/Singles/Battlebond/Plated-Crusher
09:47:34:                 Expanding page...

09:47:41: Task - Updating sellers list
09:47:44: Done - All sellers saved

09:47:44: Task - Updating sale offers
09:48:07: Done - 436 new offers added

09:48:07: URL change  ->  https://www.cardmarket.com/en/Magic/Products/Singles/Battlebond/Wandering-Wolf
09:48:09:                 Expanding page...

09:48:17: Task - Updating sellers list
09:48:20: Done - All sellers saved

09:48:21: Task - Updating sale offers
09:48:45: Done - 477 new offers added

09:48:46: URL change  ->  https://www.cardmarket.com/en/Magic/Products/Singles/Battlebond/Enduring-Scalelord
09:48:48:                 Expanding page...

09:48:55: Task - Updating sellers list
09:48:57: Done - All sellers saved

09:48:57: Task - Updating sale offers
09:49:18: Done - 403 new offers added

09:49:19: URL change  ->  https://www.cardmarket.com/en/Magic/Products/Singles/Battlebond/Consulate-Skygate
09:49:22:                 Expanding page...

09:49:31: Task - Updating sellers list
09:49:34: Done - All sellers saved

09:49:35: Task - Updating sale offers
09:50:02: Done - 519 new offers added

09:50:03: URL change  ->  https://www.cardmarket.com/en/Magic/Products/Singles/Battlebond/Centaur-Healer
09:50:05:                 Expanding page...

09:50:14: Task - Updating sellers list
09:50:18: Done - All sellers saved

09:50:18: Task - Updating sale offers
09:50:46: Done - 529 new offers added

09:50:47: URL change  ->  https://www.cardmarket.com/en/Magic/Products/Singles/Battlebond/Daggerdrome-Imp
09:50:49:                 Expanding page...

09:50:58: Task - Updating sellers list
09:51:01: Done - All sellers saved

09:51:02: Task - Updating sale offers
09:51:30: Done - 523 new offers added

09:51:30: URL change  ->  https://www.cardmarket.com/en/Magic/Products/Singles/Battlebond/Cheering-Fanatic
09:51:33:                 Expanding page...

09:51:42: Task - Updating sellers list
09:51:45: Done - All sellers saved

09:51:45: Task - Updating sale offers
09:52:10: Done - 465 new offers added

09:52:11: URL change  ->  https://www.cardmarket.com/en/Magic/Products/Singles/Battlebond/BullRush-Bruiser
09:52:13:                 Expanding page...

09:52:22: Task - Updating sellers list
09:52:25: Done - All sellers saved

09:52:25: Task - Updating sale offers
09:52:54: Done - 528 new offers added

09:52:54: URL change  ->  https://www.cardmarket.com/en/Magic/Products/Singles/Battlebond/Vampire-Charmseeker
09:52:56:                 Expanding page...

09:53:04: Task - Updating sellers list
09:53:07: Done - All sellers saved

09:53:07: Task - Updating sale offers
09:53:32: Done - 455 new offers added

09:53:32: URL change  ->  https://www.cardmarket.com/en/Magic/Products/Singles/Battlebond/Hand-of-Silumgar
09:53:34:                 Expanding page...

09:53:43: Task - Updating sellers list
09:53:46: Done - All sellers saved

09:53:46: Task - Updating sale offers
09:54:14: Done - 507 new offers added

09:54:15: URL change  ->  https://www.cardmarket.com/en/Magic/Products/Singles/Battlebond/Noxious-Dragon
09:54:17:                 Expanding page...

09:54:25: Task - Updating sellers list
09:54:27: Done - All sellers saved

09:54:27: Task - Updating sale offers
09:54:52: Done - 441 new offers added

09:54:52: URL change  ->  https://www.cardmarket.com/en/Magic/Products/Singles/Battlebond/Prakhata-Club-Security
09:54:54:                 Expanding page...

09:55:04: Task - Updating sellers list
09:55:07: Done - All sellers saved

09:55:07: Task - Updating sale offers
09:55:35: Done - 503 new offers added

09:55:36: URL change  ->  https://www.cardmarket.com/en/Magic/Products/Singles/Battlebond/Blaze
09:55:38:                 Expanding page...

09:55:45: Task - Updating sellers list
09:55:47: Done - All sellers saved

09:55:47: Task - Updating sale offers
09:56:10: Done - 417 new offers added

09:56:11: URL change  ->  https://www.cardmarket.com/en/Magic/Products/Singles/Battlebond/Ember-Beast
09:56:13:                 Expanding page...

09:56:23: Task - Updating sellers list
09:56:26: Done - All sellers saved

09:56:26: Task - Updating sale offers
09:56:53: Done - 498 new offers added

09:56:54: URL change  ->  https://www.cardmarket.com/en/Magic/Products/Singles/Battlebond/Enthralling-Victor
09:56:56:                 Expanding page...

09:57:05: Task - Updating sellers list
09:57:08: Done - All sellers saved

09:57:08: Task - Updating sale offers
09:57:34: Done - 461 new offers added

09:57:34: URL change  ->  https://www.cardmarket.com/en/Magic/Products/Singles/Battlebond/Reckless-Reveler
09:57:36:                 Expanding page...

09:57:46: Task - Updating sellers list
09:57:49: Done - All sellers saved

09:57:50: Task - Updating sale offers
09:58:21: Done - 548 new offers added

09:58:21: URL change  ->  https://www.cardmarket.com/en/Magic/Products/Singles/Battlebond/Aim-High
09:58:23:                 Expanding page...

09:58:31: Task - Updating sellers list
09:58:34: Done - All sellers saved

09:58:34: Task - Updating sale offers
09:59:00: Done - 452 new offers added

09:59:01: URL change  ->  https://www.cardmarket.com/en/Magic/Products/Singles/Battlebond/Primal-Huntbeast
09:59:03:                 Expanding page...

09:59:11: Task - Updating sellers list
09:59:14: Done - All sellers saved

09:59:14: Task - Updating sale offers
09:59:42: Done - 490 new offers added

09:59:43: URL change  ->  https://www.cardmarket.com/en/Magic/Products/Singles/Battlebond/Stone-Golem
09:59:45:                 Expanding page...

09:59:54: Task - Updating sellers list
09:59:57: Done - All sellers saved

09:59:58: Task - Updating sale offers
10:00:28: Done - 530 new offers added

10:00:29: URL change  ->  https://www.cardmarket.com/en/Magic/Products/Singles/Battlebond/Yotian-Soldier
10:00:31:                 Expanding page...

10:00:40: Task - Updating sellers list
10:00:43: Done - All sellers saved

10:00:43: Task - Updating sale offers
10:01:13: Done - 511 new offers added

10:01:13: URL change  ->  https://www.cardmarket.com/en/Magic/Products/Singles/Battlebond/Doomed-Traveler
10:01:15:                 Expanding page...

10:01:25: Task - Updating sellers list
10:01:29: Done - All sellers saved

10:01:29: Task - Updating sale offers
10:02:00: Done - 541 new offers added

10:02:00: URL change  ->  https://www.cardmarket.com/en/Magic/Products/Singles/Battlebond/Saltwater-Stalwart
10:02:02:                 Expanding page...

10:02:12: Task - Updating sellers list
10:02:15: Done - All sellers saved

10:02:15: Task - Updating sale offers
10:02:47: Done - 539 new offers added

10:02:47: URL change  ->  https://www.cardmarket.com/en/Magic/Products/Singles/Battlebond/Saddleback-Lagac
10:02:49:                 Expanding page...

10:02:59: Task - Updating sellers list
10:03:02: Done - All sellers saved

10:03:02: Task - Updating sale offers
10:03:31: Done - 497 new offers added

10:03:32: URL change  ->  https://www.cardmarket.com/en/Magic/Products/Singles/Battlebond/Angelic-Gift
10:03:33:                 Expanding page...

10:03:43: Task - Updating sellers list
10:03:46: Done - All sellers saved

10:03:46: Task - Updating sale offers
10:04:17: Done - 522 new offers added

10:04:17: URL change  ->  https://www.cardmarket.com/en/Magic/Products/Singles/Battlebond/Blood-Feud
10:04:20:                 Expanding page...

10:04:28: Task - Updating sellers list
10:04:31: Done - All sellers saved

10:04:31: Task - Updating sale offers
10:04:59: Done - 471 new offers added

10:05:00: URL change  ->  https://www.cardmarket.com/en/Magic/Products/Singles/Battlebond/Kiss-of-the-Amesha
10:05:01:                 Expanding page...

10:05:09: Task - Updating sellers list
10:05:11: Done - All sellers saved

10:05:12: Task - Updating sale offers
10:05:39: Done - 458 new offers added

10:05:40: URL change  ->  https://www.cardmarket.com/en/Magic/Products/Singles/Battlebond/Rhox-Brute
10:05:42:                 Expanding page...

10:05:51: Task - Updating sellers list
10:05:55: Done - All sellers saved

10:05:55: Task - Updating sale offers
10:06:27: Done - 520 new offers added

10:06:27: URL change  ->  https://www.cardmarket.com/en/Magic/Products/Singles/Battlebond/Seers-Lantern
10:06:29:                 Expanding page...

10:06:39: Task - Updating sellers list
10:06:43: Done - All sellers saved

10:06:43: Task - Updating sale offers
10:07:16: Done - 553 new offers added

10:07:17: URL change  ->  https://www.cardmarket.com/en/Magic/Products/Singles/Battlebond/Eager-Construct
10:07:19:                 Expanding page...

10:07:28: Task - Updating sellers list
10:07:31: Done - All sellers saved

10:07:32: Task - Updating sale offers
10:08:04: Done - 535 new offers added

10:08:05: URL change  ->  https://www.cardmarket.com/en/Magic/Products/Singles/Battlebond/Soulblade-Renewer
10:08:07:                 Expanding page...

10:08:16: Task - Updating sellers list
10:08:19: Done - All sellers saved

10:08:19: Task - Updating sale offers
10:08:50: Done - 497 new offers added

10:08:50: URL change  ->  https://www.cardmarket.com/en/Magic/Products/Singles/Battlebond/Impetuous-Protege
10:08:52:                 Expanding page...

10:09:00: Task - Updating sellers list
10:09:03: Done - All sellers saved

10:09:04: Task - Updating sale offers
10:09:34: Done - 489 new offers added

10:09:34: URL change  ->  https://www.cardmarket.com/en/Magic/Products/Singles/Battlebond/Stadium-Vendors
10:09:36:                 Expanding page...

10:09:45: Task - Updating sellers list
10:09:49: Done - All sellers saved

10:09:49: Task - Updating sale offers
10:10:21: Done - 514 new offers added

10:10:22: URL change  ->  https://www.cardmarket.com/en/Magic/Products/Singles/Battlebond/Jubilant-Mascot
10:10:24:                 Expanding page...

10:10:32: Task - Updating sellers list
10:10:35: Done - All sellers saved

10:10:35: Task - Updating sale offers
10:11:06: Done - 497 new offers added

10:11:07: URL change  ->  https://www.cardmarket.com/en/Magic/Products/Singles/Battlebond/Bring-Down
10:11:08:                 Expanding page...

10:11:17: Task - Updating sellers list
10:11:19: Done - All sellers saved

10:11:20: Task - Updating sale offers
10:11:48: Done - 463 new offers added

10:11:49: URL change  ->  https://www.cardmarket.com/en/Magic/Products/Singles/Battlebond/Pacifism
10:11:51:                 Expanding page...

10:12:01: Task - Updating sellers list
10:12:04: Done - All sellers saved

10:12:04: Task - Updating sale offers
10:12:37: Done - 525 new offers added

10:12:38: URL change  ->  https://www.cardmarket.com/en/Magic/Products/Singles/Battlebond/Nimbus-of-the-Isles
10:12:40:                 Expanding page...

10:12:49: Task - Updating sellers list
10:12:52: Done - All sellers saved

10:12:52: Task - Updating sale offers
10:13:25: Done - 506 new offers added

10:13:26: URL change  ->  https://www.cardmarket.com/en/Magic/Products/Singles/Battlebond/Oracles-Insight
10:13:27:                 Expanding page...

10:13:36: Task - Updating sellers list
10:13:39: Done - All sellers saved

10:13:40: Task - Updating sale offers
10:14:12: Done - 500 new offers added

10:14:12: URL change  ->  https://www.cardmarket.com/en/Magic/Products/Singles/Battlebond/Assassins-Strike
10:14:14:                 Expanding page...

10:14:22: Task - Updating sellers list
10:14:25: Done - All sellers saved

10:14:25: Task - Updating sale offers
10:14:55: Done - 464 new offers added

10:14:55: URL change  ->  https://www.cardmarket.com/en/Magic/Products/Singles/Battlebond/Eyeblight-Assassin
10:14:57:                 Expanding page...

10:15:05: Task - Updating sellers list
10:15:08: Done - All sellers saved

10:15:09: Task - Updating sale offers
10:15:40: Done - 488 new offers added

10:15:40: URL change  ->  https://www.cardmarket.com/en/Magic/Products/Singles/Battlebond/Battle-Rampart
10:15:42:                 Expanding page...

10:15:51: Task - Updating sellers list
10:15:54: Done - All sellers saved

10:15:54: Task - Updating sale offers
10:16:28: Done - 513 new offers added

10:16:28: URL change  ->  https://www.cardmarket.com/en/Magic/Products/Singles/Battlebond/Daggerback-Basilisk
10:16:30:                 Expanding page...

10:16:40: Task - Updating sellers list
10:16:43: Done - All sellers saved

10:16:44: Task - Updating sale offers
10:17:18: Done - 519 new offers added

10:17:19: URL change  ->  https://www.cardmarket.com/en/Magic/Products/Singles/Battlebond/Jelenn-Sphinx
10:17:20:                 Expanding page...

10:17:28: Task - Updating sellers list
10:17:31: Done - All sellers saved

10:17:31: Task - Updating sale offers
10:18:04: Done - 487 new offers added

10:18:05: URL change  ->  https://www.cardmarket.com/en/Magic/Products/Singles/Battlebond/Peace-Strider
10:18:07:                 Expanding page...

10:18:16: Task - Updating sellers list
10:18:20: Done - All sellers saved

10:18:20: Task - Updating sale offers
10:18:54: Done - 506 new offers added

10:18:55: URL change  ->  https://www.cardmarket.com/en/Magic/Products/Singles/Battlebond/Zombie-Token-Black-22
10:18:57:                 Expanding page...

10:19:02: Task - Updating sellers list
10:19:04: Done - All sellers saved

10:19:04: Task - Updating sale offers
10:19:23: Done - 277 new offers added

10:19:23: URL change  ->  https://www.cardmarket.com/en/Magic/Products/Singles/Battlebond/Charging-Binox
10:19:25:                 Expanding page...

10:19:34: Task - Updating sellers list
10:19:37: Done - All sellers saved

10:19:37: Task - Updating sale offers
10:20:14: Done - 523 new offers added

10:20:14: URL change  ->  https://www.cardmarket.com/en/Magic/Products/Singles/Battlebond/Proud-Mentor
10:20:16:                 Expanding page...

10:20:25: Task - Updating sellers list
10:20:28: Done - All sellers saved

10:20:28: Task - Updating sale offers
10:21:02: Done - 481 new offers added

10:21:02: URL change  ->  https://www.cardmarket.com/en/Magic/Products/Singles/Battlebond/Kraken-Hatchling
10:21:05:                 Expanding page...

10:21:13: Task - Updating sellers list
10:21:16: Done - All sellers saved

10:21:17: Task - Updating sale offers
10:21:53: Done - 524 new offers added

10:21:54: URL change  ->  https://www.cardmarket.com/en/Magic/Products/Singles/Battlebond/Aurora-Champion
10:21:56:                 Expanding page...

10:22:05: Task - Updating sellers list
10:22:08: Done - All sellers saved

10:22:09: Task - Updating sale offers
10:22:46: Done - 530 new offers added

10:22:47: URL change  ->  https://www.cardmarket.com/en/Magic/Products/Singles/Battlebond/Loyal-Pegasus
10:22:49:                 Expanding page...

10:22:57: Task - Updating sellers list
10:23:00: Done - All sellers saved

10:23:00: Task - Updating sale offers
10:23:34: Done - 469 new offers added

10:23:34: URL change  ->  https://www.cardmarket.com/en/Magic/Products/Singles/Battlebond/Rebuke
10:23:36:                 Expanding page...

10:23:46: Task - Updating sellers list
10:23:49: Done - All sellers saved

10:23:50: Task - Updating sale offers
10:24:26: Done - 507 new offers added

10:24:27: URL change  ->  https://www.cardmarket.com/en/Magic/Products/Singles/Battlebond/Claustrophobia
10:24:28:                 Expanding page...

10:24:37: Task - Updating sellers list
10:24:40: Done - All sellers saved

10:24:41: Task - Updating sale offers
10:25:18: Done - 517 new offers added

10:25:19: URL change  ->  https://www.cardmarket.com/en/Magic/Products/Singles/Battlebond/Kitesail-Corsair
10:25:21:                 Expanding page...

10:25:30: Task - Updating sellers list
10:25:33: Done - All sellers saved

10:25:33: Task - Updating sale offers
10:26:09: Done - 485 new offers added

10:26:09: URL change  ->  https://www.cardmarket.com/en/Magic/Products/Singles/Battlebond/Pathmaker-Initiate
10:26:11:                 Expanding page...

10:26:20: Task - Updating sellers list
10:26:23: Done - All sellers saved

10:26:24: Task - Updating sale offers
10:27:01: Done - 519 new offers added

10:27:02: URL change  ->  https://www.cardmarket.com/en/Magic/Products/Singles/Battlebond/Trumpet-Blast
10:27:04:                 Expanding page...

10:27:12: Task - Updating sellers list
10:27:15: Done - All sellers saved

10:27:15: Task - Updating sale offers
10:27:48: Done - 453 new offers added

10:27:48: URL change  ->  https://www.cardmarket.com/en/Magic/Products/Singles/Battlebond/Lead-by-Example
10:27:50:                 Expanding page...

10:27:59: Task - Updating sellers list
10:28:02: Done - All sellers saved

10:28:03: Task - Updating sale offers
10:28:40: Done - 511 new offers added

10:28:41: URL change  ->  https://www.cardmarket.com/en/Magic/Products/Singles/Battlebond/Relentless-Hunter
10:28:43:                 Expanding page...

10:28:51: Task - Updating sellers list
10:28:54: Done - All sellers saved

10:28:54: Task - Updating sale offers
10:29:29: Done - 471 new offers added

10:29:30: URL change  ->  https://www.cardmarket.com/en/Magic/Products/Singles/Battlebond/GoldForged-Sentinel
10:29:32:                 Expanding page...

10:29:40: Task - Updating sellers list
10:29:42: Done - All sellers saved

10:29:43: Task - Updating sale offers
10:30:17: Done - 455 new offers added

10:30:18: URL change  ->  https://www.cardmarket.com/en/Magic/Products/Singles/Battlebond/Tyrants-Machine
10:30:19:                 Expanding page...

10:30:28: Task - Updating sellers list
10:30:32: Done - All sellers saved

10:30:32: Task - Updating sale offers
10:31:11: Done - 524 new offers added

10:31:12: URL change  ->  https://www.cardmarket.com/en/Magic/Products/Singles/Battlebond/Zombie-Giant-Token-Black-55
10:31:14:                 Expanding page...

10:31:18: Task - Updating sellers list
10:31:19: Done - All sellers saved

10:31:19: Task - Updating sale offers
10:31:38: Done - 244 new offers added

10:31:38: URL change  ->  https://www.cardmarket.com/en/Magic/Products/Singles/Battlebond/Auger-Spree
10:31:40:                 Expanding page...

10:31:49: Task - Updating sellers list
10:31:52: Done - All sellers saved

10:31:52: Task - Updating sale offers
10:32:30: Done - 498 new offers added

10:32:30: URL change  ->  https://www.cardmarket.com/en/Magic/Products/Singles/Battlebond/Shoulder-to-Shoulder
10:32:32:                 Expanding page...

10:32:42: Task - Updating sellers list
10:32:45: Done - All sellers saved

10:32:45: Task - Updating sale offers
10:33:25: Done - 528 new offers added

10:33:26: URL change  ->  https://www.cardmarket.com/en/Magic/Products/Singles/Battlebond/Sickle-Dancer
10:33:28:                 Expanding page...

10:33:36: Task - Updating sellers list
10:33:40: Done - All sellers saved

10:33:40: Task - Updating sale offers
10:34:21: Done - 533 new offers added

10:34:21: URL change  ->  https://www.cardmarket.com/en/Magic/Products/Singles/Battlebond/Chakram-Slinger
10:34:23:                 Expanding page...

10:34:32: Task - Updating sellers list
10:34:35: Done - All sellers saved

10:34:36: Task - Updating sale offers
10:35:16: Done - 486 new offers added

10:35:17: URL change  ->  https://www.cardmarket.com/en/Magic/Products/Singles/Battlebond/Bloodborn-Scoundrels
10:35:19:                 Expanding page...

10:35:29: Task - Updating sellers list
10:35:35: Done - All sellers saved

10:35:35: Task - Updating sale offers
10:36:15: Done - 530 new offers added

10:36:16: URL change  ->  https://www.cardmarket.com/en/Magic/Products/Singles/Battlebond/Tandem-Tactics
10:36:18:                 Expanding page...

10:36:27: Task - Updating sellers list
10:36:30: Done - All sellers saved

10:36:30: Task - Updating sale offers
10:37:10: Done - 541 new offers added

10:37:11: URL change  ->  https://www.cardmarket.com/en/Magic/Products/Singles/Battlebond/Magma-Hellion
10:37:13:                 Expanding page...

10:37:21: Task - Updating sellers list
10:37:24: Done - All sellers saved

10:37:24: Task - Updating sale offers
10:38:03: Done - 515 new offers added

10:38:03: URL change  ->  https://www.cardmarket.com/en/Magic/Products/Singles/Battlebond/Raptor-Companion
10:38:05:                 Expanding page...

10:38:14: Task - Updating sellers list
10:38:17: Done - All sellers saved

10:38:17: Task - Updating sale offers
10:38:52: Done - 477 new offers added

10:38:53: URL change  ->  https://www.cardmarket.com/en/Magic/Products/Singles/Battlebond/Solemn-Offering
10:38:54:                 Expanding page...

10:39:02: Task - Updating sellers list
10:39:05: Done - All sellers saved

10:39:06: Task - Updating sale offers
10:39:40: Done - 463 new offers added

10:39:40: URL change  ->  https://www.cardmarket.com/en/Magic/Products/Singles/Battlebond/Steppe-Glider
10:39:42:                 Expanding page...

10:39:50: Task - Updating sellers list
10:39:53: Done - All sellers saved

10:39:53: Task - Updating sale offers
10:40:28: Done - 460 new offers added

10:40:29: URL change  ->  https://www.cardmarket.com/en/Magic/Products/Singles/Battlebond/Reckless-Scholar
10:40:31:                 Expanding page...

10:40:39: Task - Updating sellers list
10:40:42: Done - All sellers saved

10:40:42: Task - Updating sale offers
10:41:17: Done - 463 new offers added

10:41:18: URL change  ->  https://www.cardmarket.com/en/Magic/Products/Singles/Battlebond/Fill-with-Fright
10:41:20:                 Expanding page...

10:41:29: Task - Updating sellers list
10:41:32: Done - All sellers saved

10:41:32: Task - Updating sale offers
10:42:12: Done - 527 new offers added

10:42:12: URL change  ->  https://www.cardmarket.com/en/Magic/Products/Singles/Battlebond/Lightning-Talons
10:42:14:                 Expanding page...

10:42:23: Task - Updating sellers list
10:42:26: Done - All sellers saved

10:42:27: Task - Updating sale offers
10:43:04: Done - 496 new offers added

10:43:05: URL change  ->  https://www.cardmarket.com/en/Magic/Products/Singles/Battlebond/Thunder-Strike
10:43:06:                 Expanding page...

10:43:16: Task - Updating sellers list
10:43:19: Done - All sellers saved

10:43:19: Task - Updating sale offers
10:43:59: Done - 526 new offers added

10:44:00: URL change  ->  https://www.cardmarket.com/en/Magic/Products/Singles/Battlebond/Wrap-in-Flames
10:44:02:                 Expanding page...

10:44:12: Task - Updating sellers list
10:44:15: Done - All sellers saved

10:44:15: Task - Updating sale offers
10:44:55: Done - 519 new offers added

10:44:55: URL change  ->  https://www.cardmarket.com/en/Magic/Products/Singles/Battlebond/Kraul-Warrior
10:44:57:                 Expanding page...

10:45:06: Task - Updating sellers list
10:45:09: Done - All sellers saved

10:45:10: Task - Updating sale offers
10:45:48: Done - 507 new offers added

10:45:49: URL change  ->  https://www.cardmarket.com/en/Magic/Products/Singles/Battlebond/Hexplate-Golem
10:45:51:                 Expanding page...

10:46:00: Task - Updating sellers list
10:46:04: Done - All sellers saved

10:46:04: Task - Updating sale offers
10:46:42: Done - 503 new offers added

10:46:43: URL change  ->  https://www.cardmarket.com/en/Magic/Products/Singles/Battlebond/Fan-Favorite
10:46:44:                 Expanding page...

10:46:53: Task - Updating sellers list
10:46:56: Done - All sellers saved

10:46:56: Task - Updating sale offers
10:47:36: Done - 515 new offers added

10:47:37: URL change  ->  https://www.cardmarket.com/en/Magic/Products/Singles/Battlebond/Expedition-Raptor
10:47:39:                 Expanding page...

10:47:48: Task - Updating sellers list
10:47:52: Done - All sellers saved

10:47:52: Task - Updating sale offers
10:48:33: Done - 523 new offers added

10:48:33: URL change  ->  https://www.cardmarket.com/en/Magic/Products/Singles/Battlebond/Skystreamer
10:48:35:                 Expanding page...

10:48:45: Task - Updating sellers list
10:48:48: Done - All sellers saved

10:48:48: Task - Updating sale offers
10:49:29: Done - 531 new offers added

10:49:30: URL change  ->  https://www.cardmarket.com/en/Magic/Products/Singles/Battlebond/Spellweaver-Duo
10:49:32:                 Expanding page...

10:49:41: Task - Updating sellers list
10:49:45: Done - All sellers saved

10:49:45: Task - Updating sale offers
10:50:28: Done - 537 new offers added

10:50:28: URL change  ->  https://www.cardmarket.com/en/Magic/Products/Singles/Battlebond/Combo-Attack
10:50:30:                 Expanding page...

10:50:39: Task - Updating sellers list
10:50:42: Done - All sellers saved

10:50:43: Task - Updating sale offers
10:51:23: Done - 507 new offers added

10:51:23: URL change  ->  https://www.cardmarket.com/en/Magic/Products/Singles/Battlebond/Azra-Bladeseeker
10:51:25:                 Expanding page...

10:51:35: Task - Updating sellers list
10:51:38: Done - All sellers saved

10:51:39: Task - Updating sale offers
10:52:22: Done - 540 new offers added

10:52:23: URL change  ->  https://www.cardmarket.com/en/Magic/Products/Singles/Battlebond/Champion-of-Arashin
10:52:25:                 Expanding page...

10:52:35: Task - Updating sellers list
10:52:38: Done - All sellers saved

10:52:39: Task - Updating sale offers
10:53:25: Done - 512 new offers added

10:53:25: URL change  ->  https://www.cardmarket.com/en/Magic/Products/Singles/Battlebond/Lightwalker
10:53:27:                 Expanding page...

10:53:36: Task - Updating sellers list
10:53:40: Done - All sellers saved

10:53:40: Task - Updating sale offers
10:54:19: Done - 522 new offers added

10:54:19: URL change  ->  https://www.cardmarket.com/en/Magic/Products/Singles/Battlebond/Royal-Trooper
10:54:22:                 Expanding page...

10:54:30: Task - Updating sellers list
10:54:34: Done - All sellers saved

10:54:34: Task - Updating sale offers
10:55:13: Done - 514 new offers added

10:55:14: URL change  ->  https://www.cardmarket.com/en/Magic/Products/Singles/Battlebond/Silverchase-Fox
10:55:16:                 Expanding page...

10:55:26: Task - Updating sellers list
10:55:30: Done - All sellers saved

10:55:30: Task - Updating sale offers
10:56:12: Done - 523 new offers added

10:56:12: URL change  ->  https://www.cardmarket.com/en/Magic/Products/Singles/Battlebond/Sparring-Mummy
10:56:14:                 Expanding page...

10:56:24: Task - Updating sellers list
10:56:28: Done - All sellers saved

10:56:28: Task - Updating sale offers
10:57:13: Done - 528 new offers added

10:57:14: URL change  ->  https://www.cardmarket.com/en/Magic/Products/Singles/Battlebond/Take-Up-Arms
10:57:16:                 Expanding page...

10:57:25: Task - Updating sellers list
10:57:29: Done - All sellers saved

10:57:29: Task - Updating sale offers
10:58:06: Done - 474 new offers added

10:58:06: URL change  ->  https://www.cardmarket.com/en/Magic/Products/Singles/Battlebond/Benthic-Giant
10:58:08:                 Expanding page...

10:58:17: Task - Updating sellers list
10:58:20: Done - All sellers saved

10:58:21: Task - Updating sale offers
10:59:01: Done - 518 new offers added

10:59:02: URL change  ->  https://www.cardmarket.com/en/Magic/Products/Singles/Battlebond/Call-to-Heel
10:59:04:                 Expanding page...

10:59:14: Task - Updating sellers list
10:59:17: Done - All sellers saved

10:59:18: Task - Updating sale offers
11:00:02: Done - 535 new offers added

11:00:02: URL change  ->  https://www.cardmarket.com/en/Magic/Products/Singles/Battlebond/Coralhelm-Guide
11:00:04:                 Expanding page...

11:00:14: Task - Updating sellers list
11:00:19: Done - All sellers saved

11:00:19: Task - Updating sale offers
11:01:04: Done - 534 new offers added

11:01:04: URL change  ->  https://www.cardmarket.com/en/Magic/Products/Singles/Battlebond/Frost-Lynx
11:01:05:                 Expanding page...

11:01:15: Task - Updating sellers list
11:01:19: Done - All sellers saved

11:01:19: Task - Updating sale offers
11:02:02: Done - 527 new offers added

11:02:02: URL change  ->  https://www.cardmarket.com/en/Magic/Products/Singles/Battlebond/Omenspeaker
11:02:04:                 Expanding page...

11:02:14: Task - Updating sellers list
11:02:18: Done - All sellers saved

11:02:18: Task - Updating sale offers
11:03:04: Done - 571 new offers added

11:03:05: URL change  ->  https://www.cardmarket.com/en/Magic/Products/Singles/Battlebond/Totally-Lost
11:03:06:                 Expanding page...

11:03:15: Task - Updating sellers list
11:03:19: Done - All sellers saved

11:03:19: Task - Updating sale offers
11:04:02: Done - 538 new offers added

11:04:03: URL change  ->  https://www.cardmarket.com/en/Magic/Products/Singles/Battlebond/Watercourser
11:04:05:                 Expanding page...

11:04:14: Task - Updating sellers list
11:04:18: Done - All sellers saved

11:04:18: Task - Updating sale offers
11:05:01: Done - 532 new offers added

11:05:01: URL change  ->  https://www.cardmarket.com/en/Magic/Products/Singles/Battlebond/Assassinate
11:05:03:                 Expanding page...

11:05:13: Task - Updating sellers list
11:05:17: Done - All sellers saved

11:05:17: Task - Updating sale offers
11:05:59: Done - 521 new offers added

11:06:00: URL change  ->  https://www.cardmarket.com/en/Magic/Products/Singles/Battlebond/Screeching-Buzzard
11:06:02:                 Expanding page...

11:06:11: Task - Updating sellers list
11:06:15: Done - All sellers saved

11:06:15: Task - Updating sale offers
11:06:58: Done - 536 new offers added

11:06:59: URL change  ->  https://www.cardmarket.com/en/Magic/Products/Singles/Battlebond/Tavern-Swindler
11:07:01:                 Expanding page...

11:07:09: Task - Updating sellers list
11:07:12: Done - All sellers saved

11:07:12: Task - Updating sale offers
11:07:49: Done - 454 new offers added

11:07:50: URL change  ->  https://www.cardmarket.com/en/Magic/Products/Singles/Battlebond/BattleRattle-Shaman
11:07:51:                 Expanding page...

11:07:59: Task - Updating sellers list
11:08:02: Done - All sellers saved

11:08:03: Task - Updating sale offers
11:08:40: Done - 447 new offers added

11:08:41: URL change  ->  https://www.cardmarket.com/en/Magic/Products/Singles/Battlebond/Borderland-Marauder
11:08:42:                 Expanding page...

11:08:52: Task - Updating sellers list
11:08:56: Done - All sellers saved

11:08:56: Task - Updating sale offers
