13:01:38: === Creation of this file ===
13:01:43: Webdriver ready
13:01:43: Database connection established

13:01:43: Task - Getting all card names from current expansion
13:01:44: URL change  ->  https://www.cardmarket.com/en/Magic/Products/Singles/Battlebond?site=1
13:01:44: Done - All card names from Battlebond saved

13:01:44:  == Skyshroud Claim == 	(1/264  0.38%)
13:01:44: URL change  ->  https://www.cardmarket.com/en/Magic/Products/Singles/Battlebond/Skyshroud-Claim
13:01:46:                 Expanding page...
13:01:49: Card Skyshroud Claim saved today

13:01:49:  = Sellers = 
13:01:49: Task - Updating sellers list
13:01:50: Done - 0 new sellers added  (out of: 236, total: 4835)

13:01:51:  = Offers = 
13:01:51: Task - Updating sale offers
13:01:52: Done - 0 new offers added  (out of: 236, total: 210450)

13:01:52:  == Impulse == 	(2/264  0.76%)
13:01:53: URL change  ->  https://www.cardmarket.com/en/Magic/Products/Singles/Battlebond/Impulse
13:01:55:                 Expanding page...
13:02:02: Card Impulse saved today

13:02:02:  = Sellers = 
13:02:02: Task - Updating sellers list
13:02:04: Done - 0 new sellers added  (out of: 416, total: 4835)

13:02:04:  = Offers = 
13:02:04: Task - Updating sale offers
13:02:07: Done - 0 new offers added  (out of: 416, total: 210450)

13:02:07:  == Zndrsplt, Eye of Wisdom == 	(3/264  1.14%)
13:02:08: URL change  ->  https://www.cardmarket.com/en/Magic/Products/Singles/Battlebond/Zndrsplt-Eye-of-Wisdom
13:02:09:                 Expanding page...
13:02:15: Card Zndrsplt, Eye of Wisdom saved today

13:02:15:  = Sellers = 
13:02:15: Task - Updating sellers list
13:02:17: Done - 0 new sellers added  (out of: 407, total: 4835)

13:02:17:  = Offers = 
13:02:17: Task - Updating sale offers
13:02:20: Done - 0 new offers added  (out of: 407, total: 210450)

13:02:20:  == Chain Lightning == 	(4/264  1.52%)
13:02:21: URL change  ->  https://www.cardmarket.com/en/Magic/Products/Singles/Battlebond/Chain-Lightning
13:02:22:                 Expanding page...
13:02:24: Card Chain Lightning saved today

13:02:24:  = Sellers = 
13:02:24: Task - Updating sellers list
13:02:25: Done - 0 new sellers added  (out of: 169, total: 4835)

13:02:25:  = Offers = 
13:02:25: Task - Updating sale offers
13:02:26: Done - 0 new offers added  (out of: 169, total: 210450)

13:02:26:  == Okaun, Eye of Chaos == 	(5/264  1.89%)
13:02:27: URL change  ->  https://www.cardmarket.com/en/Magic/Products/Singles/Battlebond/Okaun-Eye-of-Chaos
13:02:28:                 Expanding page...
13:02:29: Card Okaun, Eye of Chaos saved today

13:02:29:  = Sellers = 
13:02:29: Task - Updating sellers list
13:02:30: Done - 0 new sellers added  (out of: 100, total: 4835)

13:02:30:  = Offers = 
13:02:30: Task - Updating sale offers
13:02:30: Done - 0 new offers added  (out of: 100, total: 210450)

13:02:30:  == Spell Snare == 	(6/264  2.27%)
13:02:30: URL change  ->  https://www.cardmarket.com/en/Magic/Products/Singles/Battlebond/Spell-Snare
13:02:31:                 Expanding page...
13:02:31: Card page invalid: https://www.cardmarket.com/en/Magic/Products/Singles/Battlebond/Spell-Snare
13:02:52: URL change  ->  https://www.cardmarket.com/en/Magic/Products/Singles/Battlebond/Spell-Snare
13:02:53:                 Expanding page...
13:02:55: Card Spell Snare saved today

13:02:55:  = Sellers = 
13:02:55: Task - Updating sellers list
13:02:58: == Add seller ==
13:02:58: Seller: 			comety
13:02:58: Seller ID: 		4836
13:02:58: Done - 1 new sellers added  (out of: 250, total: 4836)

13:02:59:  = Offers = 
13:02:59: Task - Updating sale offers
13:03:00: Done - 1 new offers added  (out of: 250, total: 210451)

13:03:00:  == Fertile Ground == 	(7/264  2.65%)
13:03:01: URL change  ->  https://www.cardmarket.com/en/Magic/Products/Singles/Battlebond/Fertile-Ground
13:03:03:                 Expanding page...
13:03:08: Card Fertile Ground saved today

13:03:08:  = Sellers = 
13:03:08: Task - Updating sellers list
13:03:10: Done - 0 new sellers added  (out of: 300, total: 4836)

13:03:10:  = Offers = 
13:03:10: Task - Updating sale offers
13:03:12: Done - 1 new offers added  (out of: 300, total: 210452)

13:03:12:  == Azra Oddsmaker == 	(8/264  3.03%)
13:03:12: URL change  ->  https://www.cardmarket.com/en/Magic/Products/Singles/Battlebond/Azra-Oddsmaker
13:03:14:                 Expanding page...
13:03:19: Card Azra Oddsmaker saved today

13:03:19:  = Sellers = 
13:03:19: Task - Updating sellers list
13:03:21: Done - 0 new sellers added  (out of: 275, total: 4836)

13:03:21:  = Offers = 
13:03:21: Task - Updating sale offers
13:03:23: Done - 1 new offers added  (out of: 275, total: 210453)

13:03:23:  == Virtus's Maneuver == 	(9/264  3.41%)
13:03:24: URL change  ->  https://www.cardmarket.com/en/Magic/Products/Singles/Battlebond/Virtuss-Maneuver
13:03:25:                 Expanding page...
13:03:30: Card Virtus's Maneuver saved today

13:03:30:  = Sellers = 
13:03:30: Task - Updating sellers list
13:03:32: Done - 0 new sellers added  (out of: 347, total: 4836)

13:03:33:  = Offers = 
13:03:33: Task - Updating sale offers
13:03:35: Done - 1 new offers added  (out of: 347, total: 210454)

13:03:35:  == Mindblade Render == 	(10/264  3.79%)
13:03:36: URL change  ->  https://www.cardmarket.com/en/Magic/Products/Singles/Battlebond/Mindblade-Render
13:03:38:                 Expanding page...
13:03:41: Card Mindblade Render saved today

13:03:41:  = Sellers = 
13:03:41: Task - Updating sellers list
13:03:42: Done - 0 new sellers added  (out of: 150, total: 4836)

13:03:42:  = Offers = 
13:03:42: Task - Updating sale offers
13:03:43: Done - 0 new offers added  (out of: 150, total: 210454)

13:03:43:  == Greater Good == 	(11/264  4.17%)
13:03:43: URL change  ->  https://www.cardmarket.com/en/Magic/Products/Singles/Battlebond/Greater-Good
13:03:45:                 Expanding page...
13:03:45: Card page invalid: https://www.cardmarket.com/en/Magic/Products/Singles/Battlebond/Greater-Good
13:04:06: URL change  ->  https://www.cardmarket.com/en/Magic/Products/Singles/Battlebond/Greater-Good
13:04:07:                 Expanding page...
13:04:12: Card Greater Good saved today

13:04:12:  = Sellers = 
13:04:12: Task - Updating sellers list
13:04:13: Done - 0 new sellers added  (out of: 261, total: 4836)

13:04:13:  = Offers = 
13:04:13: Task - Updating sale offers
13:04:15: Done - 0 new offers added  (out of: 261, total: 210454)

13:04:15:  == Pir, Imaginative Rascal == 	(12/264  4.55%)
13:04:16: URL change  ->  https://www.cardmarket.com/en/Magic/Products/Singles/Battlebond/Pir-Imaginative-Rascal
13:04:17:                 Expanding page...
13:04:19: Card Pir, Imaginative Rascal saved today

13:04:19:  = Sellers = 
13:04:19: Task - Updating sellers list
13:04:20: Done - 0 new sellers added  (out of: 142, total: 4836)

13:04:20:  = Offers = 
13:04:20: Task - Updating sale offers
13:04:21: Done - 0 new offers added  (out of: 142, total: 210454)

13:04:21:  == Swords to Plowshares == 	(13/264  4.92%)
13:04:21: URL change  ->  https://www.cardmarket.com/en/Magic/Products/Singles/Battlebond/Swords-to-Plowshares
13:04:22:                 Expanding page...
13:04:23: Card Swords to Plowshares saved today

13:04:23:  = Sellers = 
13:04:23: Task - Updating sellers list
13:04:24: Done - 0 new sellers added  (out of: 149, total: 4836)

13:04:24:  = Offers = 
13:04:24: Task - Updating sale offers
13:04:26: Done - 0 new offers added  (out of: 149, total: 210454)

13:04:26:  == Virtus the Veiled == 	(14/264  5.3%)
13:04:26: URL change  ->  https://www.cardmarket.com/en/Magic/Products/Singles/Battlebond/Virtus-the-Veiled
13:04:27:                 Expanding page...
13:04:32: Card Virtus the Veiled saved today

13:04:32:  = Sellers = 
13:04:32: Task - Updating sellers list
13:04:35: Done - 0 new sellers added  (out of: 408, total: 4836)

13:04:35:  = Offers = 
13:04:35: Task - Updating sale offers
