23:55:38: === Creation of this file ===
23:55:43: Webdriver ready
23:55:43: Database connection established

23:55:43: Task - Getting all card names from current expansion
23:55:44: URL change  ->  https://www.cardmarket.com/en/Magic/Products/Singles/Battlebond?site=1
23:55:46: URL change  ->  https://www.cardmarket.com/en/Magic/Products/Singles/Battlebond?site=2
23:55:47: URL change  ->  https://www.cardmarket.com/en/Magic/Products/Singles/Battlebond?site=3
23:55:48: URL change  ->  https://www.cardmarket.com/en/Magic/Products/Singles/Battlebond?site=4
23:55:50: URL change  ->  https://www.cardmarket.com/en/Magic/Products/Singles/Battlebond?site=5
23:55:51: URL change  ->  https://www.cardmarket.com/en/Magic/Products/Singles/Battlebond?site=6
23:55:52: URL change  ->  https://www.cardmarket.com/en/Magic/Products/Singles/Battlebond?site=7
23:55:54: URL change  ->  https://www.cardmarket.com/en/Magic/Products/Singles/Battlebond?site=8
23:55:55: URL change  ->  https://www.cardmarket.com/en/Magic/Products/Singles/Battlebond?site=9
23:55:57: URL change  ->  https://www.cardmarket.com/en/Magic/Products/Singles/Battlebond?site=10
23:55:58: URL change  ->  https://www.cardmarket.com/en/Magic/Products/Singles/Battlebond?site=11
23:55:59: URL change  ->  https://www.cardmarket.com/en/Magic/Products/Singles/Battlebond?site=12
23:56:00: URL change  ->  https://www.cardmarket.com/en/Magic/Products/Singles/Battlebond?site=13
23:56:01: URL change  ->  https://www.cardmarket.com/en/Magic/Products/Singles/Battlebond?site=14
23:56:02: URL change  ->  https://www.cardmarket.com/en/Magic/Products/Singles/Battlebond?site=15
23:56:02: Last page reached

23:56:02:  == Skyshroud Claim == 	(1/264  0.38%)
23:56:03: URL change  ->  https://www.cardmarket.com/en/Magic/Products/Singles/Battlebond/Skyshroud-Claim
23:56:05:                 Expanding page...
23:56:05: Extending the sellers view...
23:56:06: Extending the sellers view...
23:56:06: Extending the sellers view...
23:56:07:  = Sellers = 
23:56:07: Task - Updating sellers list
23:56:09: Done - 0 new sellers added  (out of: 177, total: 5001)

23:56:09:  = Offers = 
23:56:09: Task - Updating sale offers
23:56:11: Done - 0 new offers added  (out of: 177, total: 1159)

23:56:11:  == Impulse == 	(2/264  0.76%)
23:56:12: URL change  ->  https://www.cardmarket.com/en/Magic/Products/Singles/Battlebond/Impulse
23:56:14:                 Expanding page...
23:56:14: Extending the sellers view...
23:56:14: Extending the sellers view...
23:56:15: Extending the sellers view...
23:56:16: Extending the sellers view...
23:56:16: Extending the sellers view...
23:56:17: Extending the sellers view...
23:56:18: Extending the sellers view...
23:56:19: == Add card stats ==
23:56:19: Card ID:            3
23:56:19: Price from:         0.02
23:56:19: 30-day avg:         0.19
23:56:19: 7-day avg:          0.22
23:56:19: 1-day avg:          0.05
23:56:19: Amount:             2287
23:56:19: Date ID:            4

23:56:19:  = Sellers = 
23:56:19: Task - Updating sellers list
23:56:22: Done - 0 new sellers added  (out of: 392, total: 5001)

23:56:22:  = Offers = 
23:56:22: Task - Updating sale offers
23:56:27: Done - 0 new offers added  (out of: 392, total: 1159)

23:56:27:  == Stolen Strategy == 	(3/264  1.14%)
23:56:28: URL change  ->  https://www.cardmarket.com/en/Magic/Products/Singles/Battlebond/Stolen-Strategy
23:56:29:                 Expanding page...
23:56:29: Extending the sellers view...
23:56:29: == Add card stats ==
23:56:29: Card ID:            5
23:56:29: Price from:         8.99
23:56:29: 30-day avg:         11.27
23:56:29: 7-day avg:          12.00
23:56:29: 1-day avg:          11.00
23:56:29: Amount:             166
23:56:29: Date ID:            4

23:56:29:  = Sellers = 
23:56:29: Task - Updating sellers list
23:56:30: Done - 0 new sellers added  (out of: 88, total: 5001)

23:56:30:  = Offers = 
23:56:30: Task - Updating sale offers
23:56:32: Done - 0 new offers added  (out of: 88, total: 1159)

23:56:32:  == Azra Oddsmaker == 	(4/264  1.52%)
23:56:32: URL change  ->  https://www.cardmarket.com/en/Magic/Products/Singles/Battlebond/Azra-Oddsmaker
23:56:33:                 Expanding page...
23:56:33: Extending the sellers view...
23:56:34: Extending the sellers view...
23:56:34: Extending the sellers view...
23:56:35: Extending the sellers view...
23:56:35: Extending the sellers view...
23:56:36: Extending the sellers view...
23:56:36: Extending the sellers view...
23:56:36: Extending the sellers view...
23:56:37: Extending the sellers view...
23:56:37: Extending the sellers view...
23:56:38: Extending the sellers view...
23:56:38: Extending the sellers view...
23:56:39: Extending the sellers view...
23:56:39: Extending the sellers view...
23:56:40: Extending the sellers view...
23:56:40: Extending the sellers view...
23:56:41: Extending the sellers view...
23:56:41: Extending the sellers view...
23:56:42: Extending the sellers view...
23:56:42: Extending the sellers view...
23:56:43: Extending the sellers view...
23:56:43: Extending the sellers view...
23:56:44: Extending the sellers view...
23:56:44: Extending the sellers view...
23:56:45: Extending the sellers view...
23:56:45: Extending the sellers view...
23:56:46: Extending the sellers view...
23:56:46: Extending the sellers view...
23:56:47: Extending the sellers view...
23:56:47: Extending the sellers view...
23:56:48: Extending the sellers view...
23:56:49: Extending the sellers view...
23:56:49: Extending the sellers view...
23:56:50: Extending the sellers view...
23:56:50: Extending the sellers view...
23:56:51: Extending the sellers view...
23:56:52: Extending the sellers view...
23:56:52: Extending the sellers view...
23:56:53: Extending the sellers view...
23:56:53: Extending the sellers view...
23:56:54: Extending the sellers view...
23:56:54: Extending the sellers view...
23:56:55: Extending the sellers view...
23:56:55: Extending the sellers view...
23:56:56: Extending the sellers view...
23:56:56: Extending the sellers view...
23:56:57: Extending the sellers view...
23:56:57: Extending the sellers view...
23:56:58: Extending the sellers view...
23:56:58: Extending the sellers view...
23:56:59: Extending the sellers view...
23:56:59: Extending the sellers view...
23:56:59: Extending the sellers view...
23:57:00: Extending the sellers view...
23:57:00: Extending the sellers view...
23:57:01: Extending the sellers view...
23:57:01: Extending the sellers view...
23:57:02: Extending the sellers view...
23:57:02: Extending the sellers view...
23:57:03: Extending the sellers view...
23:57:03: Extending the sellers view...
23:57:04: Extending the sellers view...
23:57:05: Extending the sellers view...
23:57:05: Extending the sellers view...
23:57:06: Extending the sellers view...
23:57:06: Extending the sellers view...
23:57:06: Extending the sellers view...
23:57:07: Extending the sellers view...
23:57:07: Extending the sellers view...
23:57:08: Extending the sellers view...
23:57:08: Extending the sellers view...
23:57:09: Extending the sellers view...
23:57:09: Extending the sellers view...
23:57:10: Extending the sellers view...
23:57:10: Extending the sellers view...
23:57:11: Extending the sellers view...
23:57:11: Extending the sellers view...
23:57:12: Extending the sellers view...
23:57:12: Extending the sellers view...
23:57:13: Extending the sellers view...
23:57:13: Extending the sellers view...
23:57:14: Extending the sellers view...
23:57:14: Extending the sellers view...
23:57:15: Extending the sellers view...
23:57:15: Extending the sellers view...
23:57:16: Extending the sellers view...
23:57:16: Extending the sellers view...
23:57:17: Extending the sellers view...
23:57:17: Extending the sellers view...
23:57:17: Extending the sellers view...
23:57:18: Extending the sellers view...
23:57:18: Extending the sellers view...
23:57:19: Extending the sellers view...
23:57:19: Extending the sellers view...
23:57:20: Extending the sellers view...
23:57:20: Extending the sellers view...
23:57:21: Extending the sellers view...
23:57:21: Extending the sellers view...
23:57:22: Extending the sellers view...
23:57:22: Extending the sellers view...
23:57:23: Extending the sellers view...
23:57:23: Extending the sellers view...
23:57:24: Extending the sellers view...
23:57:24: Extending the sellers view...
23:57:25: Extending the sellers view...
23:57:25: Extending the sellers view...
23:57:26: Extending the sellers view...
23:57:26: Extending the sellers view...
23:57:27: Extending the sellers view...
23:57:27: Extending the sellers view...
23:57:28: Extending the sellers view...
23:57:28: Extending the sellers view...
23:57:29: Extending the sellers view...
23:57:29: Extending the sellers view...
23:57:30: Extending the sellers view...
23:57:30: Extending the sellers view...
23:57:31: Extending the sellers view...
23:57:31: Extending the sellers view...
23:57:32: Extending the sellers view...
23:57:32: Extending the sellers view...
23:57:33: Extending the sellers view...
23:57:33: Extending the sellers view...
23:57:34: Extending the sellers view...
23:57:34: Extending the sellers view...
23:57:35: Extending the sellers view...
23:57:35: Extending the sellers view...
23:57:36: Extending the sellers view...
23:57:36: Extending the sellers view...
23:57:37: Extending the sellers view...
23:57:37: Extending the sellers view...
23:57:38: Extending the sellers view...
23:57:38: Extending the sellers view...
23:57:39: Extending the sellers view...
23:57:39: Extending the sellers view...
23:57:40: Extending the sellers view...
23:57:40: Extending the sellers view...
23:57:41: Extending the sellers view...
23:57:41: Extending the sellers view...
23:57:42: Extending the sellers view...
23:57:42: Extending the sellers view...
23:57:43: Extending the sellers view...
23:57:44: Extending the sellers view...
23:57:44: Extending the sellers view...
23:57:45: Extending the sellers view...
23:57:45: Extending the sellers view...
23:57:46: Extending the sellers view...
23:57:46: Extending the sellers view...
23:57:47: Extending the sellers view...
23:57:47: Extending the sellers view...
23:57:48: Extending the sellers view...
23:57:48: Extending the sellers view...
23:57:49: Extending the sellers view...
23:57:49: Extending the sellers view...
23:57:50: Extending the sellers view...
23:57:50: Extending the sellers view...
23:57:51: Extending the sellers view...
23:57:51: Extending the sellers view...
23:57:52: Extending the sellers view...
23:57:52: Extending the sellers view...
23:57:53: Extending the sellers view...
23:57:53: Extending the sellers view...
23:57:54: Extending the sellers view...
23:57:54: Extending the sellers view...
23:57:55: Extending the sellers view...
23:57:55: Extending the sellers view...
23:57:56: Extending the sellers view...
23:57:56: Extending the sellers view...
23:57:57: Extending the sellers view...
23:57:57: Extending the sellers view...
23:57:58: Extending the sellers view...
23:57:58: Extending the sellers view...
23:57:59: Extending the sellers view...
23:57:59: Extending the sellers view...
23:58:00: Extending the sellers view...
23:58:00: Extending the sellers view...
23:58:01: Extending the sellers view...
23:58:01: Extending the sellers view...
23:58:02: Extending the sellers view...
23:58:02: Extending the sellers view...
23:58:03: Extending the sellers view...
23:58:04: Extending the sellers view...
23:58:04: Extending the sellers view...
23:58:05: Extending the sellers view...
23:58:05: Extending the sellers view...
23:58:06: Extending the sellers view...
23:58:06: Extending the sellers view...
23:58:07: Extending the sellers view...
23:58:07: Extending the sellers view...
23:58:08: Extending the sellers view...
23:58:08: Extending the sellers view...
23:58:09: Extending the sellers view...
23:58:09: Extending the sellers view...
23:58:10: Extending the sellers view...
23:58:10: Extending the sellers view...
23:58:11: Extending the sellers view...
23:58:11: Extending the sellers view...
23:58:12: Extending the sellers view...
23:58:12: Extending the sellers view...
23:58:13: Extending the sellers view...
23:58:13: Extending the sellers view...
23:58:14: Extending the sellers view...
23:58:14: Extending the sellers view...
23:58:15: Extending the sellers view...
23:58:15: Extending the sellers view...
23:58:16: Extending the sellers view...
23:58:17: Extending the sellers view...
23:58:17: Extending the sellers view...
23:58:18: Extending the sellers view...
23:58:18: Extending the sellers view...
23:58:19: Extending the sellers view...
23:58:19: Extending the sellers view...
23:58:19: Extending the sellers view...
23:58:20: Extending the sellers view...
23:58:21: Extending the sellers view...
23:58:21: Extending the sellers view...
23:58:22: Extending the sellers view...
23:58:22: Extending the sellers view...
23:58:23: Extending the sellers view...
23:58:23: Extending the sellers view...
23:58:24: Extending the sellers view...
23:58:24: Extending the sellers view...
23:58:25: Extending the sellers view...
23:58:26: Extending the sellers view...
23:58:26: Extending the sellers view...
23:58:27: Extending the sellers view...
23:58:27: Extending the sellers view...
23:58:28: Extending the sellers view...
23:58:28: Extending the sellers view...
23:58:29: Extending the sellers view...
23:58:29: Extending the sellers view...
23:58:30: Extending the sellers view...
23:58:30: Extending the sellers view...
23:58:31: Extending the sellers view...
23:58:31: Extending the sellers view...
23:58:32: Extending the sellers view...
23:58:32: Extending the sellers view...
23:58:33: Extending the sellers view...
23:58:33: Extending the sellers view...
23:58:33: Extending the sellers view...
23:58:34: Extending the sellers view...
23:58:34: Extending the sellers view...
23:58:35: Extending the sellers view...
23:58:35: Extending the sellers view...
23:58:35: Extending the sellers view...
23:58:36: Extending the sellers view...
23:58:36: Extending the sellers view...
23:58:37: Extending the sellers view...
23:58:37: Extending the sellers view...
23:58:38: Extending the sellers view...
23:58:38: Extending the sellers view...
23:58:39: Extending the sellers view...
23:58:40: Extending the sellers view...
23:58:40: Extending the sellers view...
23:58:41: Extending the sellers view...
23:58:41: Extending the sellers view...
23:58:42: Extending the sellers view...
23:58:42: Extending the sellers view...
23:58:43: Extending the sellers view...
23:58:43: Extending the sellers view...
23:58:44: Extending the sellers view...
23:58:44: Extending the sellers view...
23:58:45: Extending the sellers view...
23:58:45: Extending the sellers view...
23:58:46: Extending the sellers view...
23:58:46: Extending the sellers view...
23:58:47: Extending the sellers view...
23:58:47: Extending the sellers view...
23:58:48: Extending the sellers view...
23:58:48: Extending the sellers view...
23:58:49: Extending the sellers view...
23:58:49: Extending the sellers view...
23:58:50: Extending the sellers view...
23:58:50: Extending the sellers view...
23:58:51: Extending the sellers view...
23:58:51: Extending the sellers view...
23:58:52: Extending the sellers view...
23:58:52: Extending the sellers view...
23:58:53: Extending the sellers view...
23:58:53: Extending the sellers view...
23:58:54: Extending the sellers view...
23:58:54: Extending the sellers view...
23:58:55: Extending the sellers view...
23:58:55: Extending the sellers view...
23:58:56: Extending the sellers view...
23:58:56: Extending the sellers view...
23:58:57: Extending the sellers view...
23:58:58: Extending the sellers view...
23:58:58: Extending the sellers view...
23:58:58: Extending the sellers view...
23:58:59: Extending the sellers view...
23:58:59: Extending the sellers view...
23:59:00: Extending the sellers view...
23:59:00: Extending the sellers view...
23:59:01: Extending the sellers view...
23:59:02: Extending the sellers view...
23:59:02: Extending the sellers view...
23:59:03: Extending the sellers view...
23:59:03: Extending the sellers view...
23:59:04: Extending the sellers view...
23:59:04: Extending the sellers view...
23:59:05: Extending the sellers view...
23:59:05: Extending the sellers view...
23:59:06: Extending the sellers view...
23:59:07: Extending the sellers view...
23:59:07: Extending the sellers view...
23:59:08: Extending the sellers view...
23:59:08: Extending the sellers view...
23:59:08: Extending the sellers view...
23:59:09: Extending the sellers view...
23:59:09: Extending the sellers view...
23:59:10: Extending the sellers view...
23:59:11: Extending the sellers view...
23:59:11: Extending the sellers view...
23:59:12: Extending the sellers view...
23:59:12: Extending the sellers view...
23:59:13: Extending the sellers view...
23:59:13: Extending the sellers view...
23:59:13: Extending the sellers view...
23:59:14: Extending the sellers view...
23:59:15: Extending the sellers view...
23:59:15: Extending the sellers view...
23:59:16: Extending the sellers view...
23:59:16: Extending the sellers view...
23:59:17: Extending the sellers view...
23:59:17: Extending the sellers view...
23:59:18: Extending the sellers view...
23:59:18: Extending the sellers view...
23:59:18: Extending the sellers view...
23:59:19: Extending the sellers view...
23:59:20: Extending the sellers view...
23:59:20: Extending the sellers view...
23:59:21: Extending the sellers view...
23:59:21: Extending the sellers view...
23:59:22: Extending the sellers view...
23:59:22: Extending the sellers view...
23:59:23: Extending the sellers view...
23:59:23: Extending the sellers view...
23:59:24: Extending the sellers view...
23:59:24: Extending the sellers view...
23:59:25: Extending the sellers view...
23:59:25: Extending the sellers view...
23:59:26: Extending the sellers view...
23:59:26: Extending the sellers view...
23:59:27: Extending the sellers view...
23:59:27: Extending the sellers view...
23:59:28: Extending the sellers view...
23:59:28: Extending the sellers view...
23:59:29: Extending the sellers view...
23:59:29: Extending the sellers view...
23:59:30: Extending the sellers view...
23:59:30: Extending the sellers view...
23:59:31: Extending the sellers view...
23:59:31: Extending the sellers view...
23:59:32: Extending the sellers view...
23:59:33: Extending the sellers view...
23:59:33: Extending the sellers view...
23:59:34: Extending the sellers view...
23:59:34: Extending the sellers view...
23:59:35: Extending the sellers view...
23:59:35: Extending the sellers view...
23:59:36: Extending the sellers view...
23:59:36: Extending the sellers view...
23:59:36: Extending the sellers view...
23:59:37: Extending the sellers view...
23:59:37: Extending the sellers view...
23:59:38: Extending the sellers view...
23:59:38: Extending the sellers view...
23:59:39: Extending the sellers view...
23:59:39: Extending the sellers view...
23:59:40: Extending the sellers view...
23:59:40: Extending the sellers view...
23:59:41: Extending the sellers view...
23:59:42: Extending the sellers view...
23:59:42: Extending the sellers view...
23:59:42: Extending the sellers view...
23:59:43: Extending the sellers view...
23:59:43: Extending the sellers view...
23:59:44: Extending the sellers view...
23:59:44: Extending the sellers view...
23:59:45: Extending the sellers view...
23:59:45: Extending the sellers view...
23:59:46: Extending the sellers view...
23:59:46: Extending the sellers view...
23:59:47: Extending the sellers view...
23:59:47: Extending the sellers view...
23:59:48: Extending the sellers view...
23:59:48: Extending the sellers view...
23:59:49: Extending the sellers view...
23:59:49: Extending the sellers view...
23:59:50: Extending the sellers view...
23:59:51: Extending the sellers view...
23:59:51: Extending the sellers view...
23:59:52: Extending the sellers view...
23:59:52: Extending the sellers view...
23:59:53: Extending the sellers view...
23:59:53: Extending the sellers view...
23:59:53: Extending the sellers view...
23:59:54: Extending the sellers view...
23:59:55: Extending the sellers view...
23:59:55: Extending the sellers view...
23:59:56: Extending the sellers view...
23:59:56: Extending the sellers view...
23:59:57: Extending the sellers view...
23:59:57: Extending the sellers view...
23:59:58: Extending the sellers view...
23:59:58: Extending the sellers view...
23:59:59: Extending the sellers view...
23:59:59: Extending the sellers view...
23:59:59: Extending the sellers view...
00:00:00: Extending the sellers view...
00:00:01: Extending the sellers view...
00:00:01: Extending the sellers view...
00:00:02: Extending the sellers view...
00:00:02: Extending the sellers view...
00:00:03: Extending the sellers view...
00:00:03: Extending the sellers view...
00:00:04: Extending the sellers view...
00:00:04: Extending the sellers view...
00:00:05: Extending the sellers view...
00:00:05: Extending the sellers view...
00:00:06: Extending the sellers view...
00:00:06: Extending the sellers view...
00:00:07: Extending the sellers view...
00:00:07: Extending the sellers view...
00:00:08: Extending the sellers view...
00:00:08: Extending the sellers view...
00:00:09: Extending the sellers view...
00:00:09: Extending the sellers view...
00:00:10: Extending the sellers view...
00:00:10: Extending the sellers view...
00:00:11: Extending the sellers view...
00:00:11: Extending the sellers view...
00:00:12: Extending the sellers view...
00:00:12: Extending the sellers view...
00:00:13: Extending the sellers view...
00:00:13: Extending the sellers view...
00:00:14: Extending the sellers view...
00:00:14: Extending the sellers view...
00:00:15: Extending the sellers view...
00:00:15: Extending the sellers view...
00:00:16: Extending the sellers view...
00:00:16: Extending the sellers view...
00:00:17: Extending the sellers view...
00:00:17: Extending the sellers view...
00:00:18: Extending the sellers view...
00:00:18: Extending the sellers view...
00:00:19: Extending the sellers view...
00:00:19: Extending the sellers view...
00:00:20: Extending the sellers view...
00:00:20: Extending the sellers view...
00:00:20: Extending the sellers view...
00:00:21: Extending the sellers view...
00:00:21: Extending the sellers view...
00:00:22: Extending the sellers view...
00:00:22: Extending the sellers view...
00:00:23: Extending the sellers view...
00:00:23: Extending the sellers view...
00:00:24: Extending the sellers view...
00:00:24: Extending the sellers view...
00:00:24: Extending the sellers view...
00:00:25: Extending the sellers view...
00:00:25: Extending the sellers view...
00:00:26: Extending the sellers view...
00:00:26: Extending the sellers view...
00:00:27: Extending the sellers view...
00:00:27: Extending the sellers view...
00:00:28: Extending the sellers view...
00:00:29: Extending the sellers view...
00:00:29: Extending the sellers view...
00:00:30: Extending the sellers view...
00:00:30: Extending the sellers view...
00:00:31: Extending the sellers view...
00:00:31: Extending the sellers view...
00:00:32: Extending the sellers view...
00:00:32: Extending the sellers view...
00:00:33: Extending the sellers view...
00:00:33: Extending the sellers view...
00:00:34: Extending the sellers view...
00:00:34: Extending the sellers view...
00:00:35: Extending the sellers view...
00:00:35: Extending the sellers view...
00:00:36: Extending the sellers view...
00:00:36: Extending the sellers view...
00:00:37: Extending the sellers view...
00:00:37: Extending the sellers view...
00:00:38: Extending the sellers view...
00:00:38: Extending the sellers view...
00:00:39: Extending the sellers view...
00:00:39: Extending the sellers view...
00:00:40: Extending the sellers view...
00:00:40: Extending the sellers view...
00:00:41: Extending the sellers view...
00:00:41: Extending the sellers view...
00:00:42: Extending the sellers view...
00:00:42: Extending the sellers view...
00:00:43: Extending the sellers view...
00:00:43: Extending the sellers view...
00:00:44: Extending the sellers view...
00:00:44: Extending the sellers view...
00:00:45: Extending the sellers view...
00:00:45: Extending the sellers view...
00:00:46: Extending the sellers view...
00:00:46: Extending the sellers view...
00:00:47: Extending the sellers view...
00:00:47: Extending the sellers view...
00:00:47: Extending the sellers view...
00:00:48: Extending the sellers view...
00:00:48: Extending the sellers view...
00:00:49: Extending the sellers view...
00:00:49: Extending the sellers view...
00:00:50: Extending the sellers view...
00:00:50: Extending the sellers view...
00:00:51: Extending the sellers view...
00:00:51: Extending the sellers view...
00:00:52: Extending the sellers view...
00:00:52: Extending the sellers view...
00:00:53: Extending the sellers view...
00:00:53: Extending the sellers view...
00:00:54: Extending the sellers view...
00:00:54: Extending the sellers view...
00:00:55: Extending the sellers view...
00:00:55: Extending the sellers view...
00:00:56: Extending the sellers view...
00:00:57: Extending the sellers view...
00:00:57: Extending the sellers view...
00:00:58: Extending the sellers view...
00:00:58: Extending the sellers view...
00:00:59: Extending the sellers view...
00:01:00: Extending the sellers view...
00:01:00: Extending the sellers view...
00:01:01: Extending the sellers view...
00:01:01: Extending the sellers view...
00:01:02: Extending the sellers view...
00:01:02: Extending the sellers view...
00:01:03: Extending the sellers view...
00:01:03: Extending the sellers view...
00:01:04: Extending the sellers view...
00:01:04: Extending the sellers view...
00:01:05: Extending the sellers view...
00:01:05: Extending the sellers view...
00:01:06: Extending the sellers view...
00:01:06: Extending the sellers view...
00:01:07: Extending the sellers view...
00:01:07: Extending the sellers view...
00:01:08: Extending the sellers view...
00:01:09: Extending the sellers view...
00:01:09: Extending the sellers view...
00:01:10: Extending the sellers view...
00:01:10: Extending the sellers view...
00:01:11: Extending the sellers view...
00:01:11: Extending the sellers view...
00:01:12: Extending the sellers view...
00:01:12: Extending the sellers view...
00:01:13: Extending the sellers view...
00:01:13: Extending the sellers view...
00:01:14: Extending the sellers view...
00:01:15: Extending the sellers view...
00:01:15: Extending the sellers view...
00:01:16: Extending the sellers view...
00:01:16: Extending the sellers view...
00:01:16: Extending the sellers view...
00:01:17: Extending the sellers view...
00:01:18: Extending the sellers view...
00:01:18: Extending the sellers view...
00:01:18: Extending the sellers view...
00:01:19: Extending the sellers view...
00:01:19: Extending the sellers view...
00:01:20: Extending the sellers view...
00:01:20: Extending the sellers view...
00:01:21: Extending the sellers view...
00:01:21: Extending the sellers view...
00:01:22: Extending the sellers view...
00:01:22: Extending the sellers view...
00:01:23: Extending the sellers view...
00:01:23: Extending the sellers view...
00:01:24: Extending the sellers view...
00:01:24: Extending the sellers view...
00:01:25: Extending the sellers view...
00:01:25: Extending the sellers view...
00:01:26: Extending the sellers view...
00:01:26: Extending the sellers view...
00:01:27: Extending the sellers view...
00:01:27: Extending the sellers view...
00:01:28: Extending the sellers view...
00:01:28: Extending the sellers view...
00:01:29: Extending the sellers view...
00:01:30: Extending the sellers view...
00:01:30: Extending the sellers view...
00:01:31: Extending the sellers view...
00:01:31: Extending the sellers view...
00:01:31: Extending the sellers view...
00:01:32: Extending the sellers view...
00:01:32: Extending the sellers view...
00:01:33: Extending the sellers view...
00:01:33: Extending the sellers view...
00:01:34: Extending the sellers view...
00:01:34: Extending the sellers view...
00:01:35: Extending the sellers view...
00:01:35: Extending the sellers view...
00:01:36: Extending the sellers view...
00:01:36: Extending the sellers view...
00:01:37: Extending the sellers view...
00:01:37: Extending the sellers view...
00:01:38: Extending the sellers view...
00:01:38: Extending the sellers view...
00:01:39: Extending the sellers view...
00:01:39: Extending the sellers view...
00:01:40: Extending the sellers view...
00:01:40: Extending the sellers view...
00:01:41: Extending the sellers view...
00:01:41: Extending the sellers view...
00:01:42: Extending the sellers view...
00:01:42: Extending the sellers view...
00:01:43: Extending the sellers view...
00:01:43: Extending the sellers view...
00:01:44: Extending the sellers view...
00:01:44: Extending the sellers view...
00:01:44: Extending the sellers view...
00:01:45: Extending the sellers view...
00:01:46: Extending the sellers view...
00:01:46: Extending the sellers view...
00:01:47: Extending the sellers view...
00:01:47: Extending the sellers view...
00:01:48: Extending the sellers view...
00:01:48: Extending the sellers view...
00:01:49: Extending the sellers view...
00:01:49: Extending the sellers view...
00:01:50: Extending the sellers view...
00:01:51: Extending the sellers view...
00:01:51: Extending the sellers view...
00:01:52: Extending the sellers view...
00:01:52: Extending the sellers view...
00:01:53: Extending the sellers view...
00:01:53: Extending the sellers view...
00:01:54: Extending the sellers view...
00:01:54: Extending the sellers view...
00:01:55: Extending the sellers view...
00:01:55: Extending the sellers view...
00:01:56: Extending the sellers view...
00:01:56: Extending the sellers view...
00:01:57: Extending the sellers view...
00:01:57: Extending the sellers view...
00:01:58: Extending the sellers view...
00:01:58: Extending the sellers view...
00:01:58: Extending the sellers view...
