16:29:28: === Creation of this file ===
16:29:32: Webdriver ready
16:29:32: Database connection established

16:29:32: Task - Getting all card names from current expansion
16:29:33: URL change  ->  https://www.cardmarket.com/en/Magic/Products/Singles/Battlebond?site=1
16:29:34: Done - All card names from Battlebond saved

16:29:34:  == Skyshroud Claim == 	(1/264  0.38%)
16:29:34: URL change  ->  https://www.cardmarket.com/en/Magic/Products/Singles/Battlebond/Skyshroud-Claim
16:29:36:                 Expanding page...

16:29:40:  = Sellers = 
16:29:40: Task - Updating sellers list
16:29:41: Done - 0 new sellers added  (out of: 177, total: 5766)

16:29:41:  = Offers = 
16:29:41: Task - Updating sale offers
16:29:55: Done - 2 new offers added  (out of: 177, total: 106162)

16:29:55:  == Impulse == 	(2/264  0.76%)
16:29:56: URL change  ->  https://www.cardmarket.com/en/Magic/Products/Singles/Battlebond/Impulse
16:29:57:                 Expanding page...

16:30:04:  = Sellers = 
16:30:04: Task - Updating sellers list
16:30:07: Done - 0 new sellers added  (out of: 390, total: 5766)

16:30:07:  = Offers = 
16:30:07: Task - Updating sale offers
16:30:39: Done - 5 new offers added  (out of: 390, total: 106167)

16:30:39:  == Stolen Strategy == 	(3/264  1.14%)
16:30:44: URL change  ->  https://www.cardmarket.com/en/Magic/Products/Singles/Battlebond/Stolen-Strategy
16:30:45:                 Expanding page...

16:30:47:  = Sellers = 
16:30:47: Task - Updating sellers list
16:30:48: Done - 0 new sellers added  (out of: 85, total: 5766)

16:30:48:  = Offers = 
16:30:48: Task - Updating sale offers
16:30:55: Done - 5 new offers added  (out of: 85, total: 106172)

16:30:55:  == Azra Oddsmaker == 	(4/264  1.52%)
16:30:56: URL change  ->  https://www.cardmarket.com/en/Magic/Products/Singles/Battlebond/Azra-Oddsmaker
16:30:58:                 Expanding page...

16:31:02:  = Sellers = 
16:31:02: Task - Updating sellers list
16:31:04: Done - 0 new sellers added  (out of: 233, total: 5766)

16:31:04:  = Offers = 
16:31:04: Task - Updating sale offers
16:31:25: Done - 1 new offers added  (out of: 233, total: 106173)

16:31:25:  == Chain Lightning == 	(5/264  1.89%)
16:31:25: URL change  ->  https://www.cardmarket.com/en/Magic/Products/Singles/Battlebond/Chain-Lightning
16:31:28:                 Expanding page...

16:31:31:  = Sellers = 
16:31:31: Task - Updating sellers list
16:31:34: Seller added:  IgnacyKondracki [5767]
16:31:36: Done - 1 new sellers added  (out of: 155, total: 5767)

16:31:36:  = Offers = 
16:31:36: Task - Updating sale offers
16:31:50: Done - 3 new offers added  (out of: 155, total: 106176)

16:31:50:  == Peregrine Drake == 	(6/264  2.27%)
16:31:51: URL change  ->  https://www.cardmarket.com/en/Magic/Products/Singles/Battlebond/Peregrine-Drake
16:31:53:                 Expanding page...

16:31:54:  = Sellers = 
16:31:54: Task - Updating sellers list
16:31:55: Done - 0 new sellers added  (out of: 119, total: 5767)

16:31:55:  = Offers = 
16:31:55: Task - Updating sale offers
16:32:06: Done - 1 new offers added  (out of: 119, total: 106177)

16:32:06:  == Warrior Token (White 1/1) == 	(7/264  2.65%)
16:32:07: URL change  ->  https://www.cardmarket.com/en/Magic/Products/Singles/Battlebond/Warrior-Token-White-11
16:32:08:                 Expanding page...

16:32:13:  = Sellers = 
16:32:13: Task - Updating sellers list
16:32:16: Done - 0 new sellers added  (out of: 336, total: 5767)

16:32:17:  = Offers = 
16:32:17: Task - Updating sale offers
16:32:47: Done - 0 new offers added  (out of: 336, total: 106177)

16:32:47:  == Fertile Ground == 	(8/264  3.03%)
16:32:48: URL change  ->  https://www.cardmarket.com/en/Magic/Products/Singles/Battlebond/Fertile-Ground
16:32:49:                 Expanding page...

16:32:57:  = Sellers = 
16:32:57: Task - Updating sellers list
16:33:02: Done - 0 new sellers added  (out of: 492, total: 5767)

16:33:02:  = Offers = 
16:33:02: Task - Updating sale offers
16:33:43: Done - 6 new offers added  (out of: 492, total: 106183)

16:33:43:  == Okaun, Eye of Chaos == 	(9/264  3.41%)
16:33:44: URL change  ->  https://www.cardmarket.com/en/Magic/Products/Singles/Battlebond/Okaun-Eye-of-Chaos
16:33:46:                 Expanding page...

16:33:52:  = Sellers = 
16:33:52: Task - Updating sellers list
16:33:55: Done - 0 new sellers added  (out of: 383, total: 5767)

16:33:55:  = Offers = 
16:33:55: Task - Updating sale offers
16:34:27: Done - 3 new offers added  (out of: 383, total: 106186)

16:34:27:  == Spellseeker == 	(10/264  3.79%)
16:34:28: URL change  ->  https://www.cardmarket.com/en/Magic/Products/Singles/Battlebond/Spellseeker
16:34:30:                 Expanding page...

16:34:30:  = Sellers = 
16:34:30: Task - Updating sellers list
16:34:31: Done - 0 new sellers added  (out of: 98, total: 5767)

16:34:31:  = Offers = 
16:34:31: Task - Updating sale offers
16:34:39: Done - 4 new offers added  (out of: 98, total: 106190)

16:34:39:  == Toothy, Imaginary Friend == 	(11/264  4.17%)
16:34:40: URL change  ->  https://www.cardmarket.com/en/Magic/Products/Singles/Battlebond/Toothy-Imaginary-Friend
16:34:42:                 Expanding page...

16:34:44:  = Sellers = 
16:34:44: Task - Updating sellers list
16:34:45: Done - 0 new sellers added  (out of: 137, total: 5767)

16:34:45:  = Offers = 
16:34:45: Task - Updating sale offers
16:34:57: Done - 1 new offers added  (out of: 137, total: 106191)

16:34:57:  == Mindblade Render == 	(12/264  4.55%)
16:34:58: URL change  ->  https://www.cardmarket.com/en/Magic/Products/Singles/Battlebond/Mindblade-Render
16:35:00:                 Expanding page...

16:35:03:  = Sellers = 
16:35:03: Task - Updating sellers list
16:35:05: Done - 0 new sellers added  (out of: 185, total: 5767)

16:35:05:  = Offers = 
16:35:05: Task - Updating sale offers
16:35:22: Done - 6 new offers added  (out of: 185, total: 106197)

16:35:22:  == Sylvia Brightspear == 	(13/264  4.92%)
16:35:25: URL change  ->  https://www.cardmarket.com/en/Magic/Products/Singles/Battlebond/Sylvia-Brightspear
16:35:28:                 Expanding page...

16:35:48:  = Sellers = 
16:35:48: Task - Updating sellers list
16:35:53: Seller added:  Michael-W [5768]
16:36:01: Seller added:  Werhaf [5769]
16:36:03: Done - 2 new sellers added  (out of: 896, total: 5769)

16:36:03:  = Offers = 
16:36:03: Task - Updating sale offers
16:37:18: Done - 3 new offers added  (out of: 896, total: 106200)

16:37:18:  == Bonus Round == 	(14/264  5.3%)
16:37:19: URL change  ->  https://www.cardmarket.com/en/Magic/Products/Singles/Battlebond/Bonus-Round
16:37:22:                 Expanding page...

16:37:24:  = Sellers = 
16:37:24: Task - Updating sellers list
16:37:24: Done - 0 new sellers added  (out of: 126, total: 5769)

16:37:25:  = Offers = 
16:37:25: Task - Updating sale offers
16:37:35: Done - 2 new offers added  (out of: 126, total: 106202)

16:37:35:  == Spell Snare == 	(15/264  5.68%)
16:37:36: URL change  ->  https://www.cardmarket.com/en/Magic/Products/Singles/Battlebond/Spell-Snare
16:37:38:                 Expanding page...

16:37:47:  = Sellers = 
16:37:47: Task - Updating sellers list
16:37:52: Done - 0 new sellers added  (out of: 548, total: 5769)

16:37:52:  = Offers = 
16:37:52: Task - Updating sale offers
16:38:38: Done - 1 new offers added  (out of: 548, total: 106203)

16:38:38:  == Generous Patron == 	(16/264  6.06%)
16:38:39: URL change  ->  https://www.cardmarket.com/en/Magic/Products/Singles/Battlebond/Generous-Patron
16:38:40:                 Expanding page...

16:38:43:  = Sellers = 
16:38:43: Task - Updating sellers list
16:38:44: Done - 0 new sellers added  (out of: 143, total: 5769)

16:38:44:  = Offers = 
16:38:44: Task - Updating sale offers
16:38:56: Done - 1 new offers added  (out of: 143, total: 106204)

16:38:56:  == Zndrsplt, Eye of Wisdom == 	(17/264  6.44%)
16:38:57: URL change  ->  https://www.cardmarket.com/en/Magic/Products/Singles/Battlebond/Zndrsplt-Eye-of-Wisdom
16:38:59:                 Expanding page...

16:39:05:  = Sellers = 
16:39:05: Task - Updating sellers list
16:39:07: Done - 0 new sellers added  (out of: 374, total: 5769)

16:39:08:  = Offers = 
16:39:08: Task - Updating sale offers
16:39:38: Done - 2 new offers added  (out of: 374, total: 106206)

16:39:38:  == Pir, Imaginative Rascal == 	(18/264  6.82%)
16:39:38: URL change  ->  https://www.cardmarket.com/en/Magic/Products/Singles/Battlebond/Pir-Imaginative-Rascal
16:39:40:                 Expanding page...

16:39:42:  = Sellers = 
16:39:42: Task - Updating sellers list
16:39:43: Done - 0 new sellers added  (out of: 108, total: 5769)

16:39:43:  = Offers = 
16:39:43: Task - Updating sale offers
16:39:52: Done - 3 new offers added  (out of: 108, total: 106209)

16:39:52:  == Virtus's Maneuver == 	(19/264  7.2%)
16:39:52: URL change  ->  https://www.cardmarket.com/en/Magic/Products/Singles/Battlebond/Virtuss-Maneuver
16:39:54:                 Expanding page...

16:40:00:  = Sellers = 
16:40:00: Task - Updating sellers list
16:40:02: Done - 0 new sellers added  (out of: 320, total: 5769)

16:40:02:  = Offers = 
16:40:02: Task - Updating sale offers
16:40:28: Done - 5 new offers added  (out of: 320, total: 106214)

16:40:28:  == Spire Garden == 	(20/264  7.58%)
16:40:29: URL change  ->  https://www.cardmarket.com/en/Magic/Products/Singles/Battlebond/Spire-Garden
16:40:31:                 Expanding page...

16:40:33:  = Sellers = 
16:40:33: Task - Updating sellers list
16:40:35: Done - 0 new sellers added  (out of: 164, total: 5769)

16:40:35:  = Offers = 
16:40:35: Task - Updating sale offers
16:40:48: Done - 3 new offers added  (out of: 164, total: 106217)

16:40:48:  == War's Toll == 	(21/264  7.95%)
16:40:49: URL change  ->  https://www.cardmarket.com/en/Magic/Products/Singles/Battlebond/Wars-Toll
16:40:51:                 Expanding page...

16:40:53:  = Sellers = 
16:40:53: Task - Updating sellers list
16:40:54: Done - 0 new sellers added  (out of: 132, total: 5769)

16:40:54:  = Offers = 
16:40:54: Task - Updating sale offers
16:41:05: Done - 2 new offers added  (out of: 132, total: 106219)

16:41:05:  == Swords to Plowshares == 	(22/264  8.33%)
16:41:06: URL change  ->  https://www.cardmarket.com/en/Magic/Products/Singles/Battlebond/Swords-to-Plowshares
16:41:07:                 Expanding page...

16:41:09:  = Sellers = 
16:41:09: Task - Updating sellers list
16:41:10: Done - 0 new sellers added  (out of: 147, total: 5769)

16:41:11:  = Offers = 
16:41:11: Task - Updating sale offers
16:41:23: Done - 1 new offers added  (out of: 147, total: 106220)

16:41:23:  == Angelic Chorus == 	(23/264  8.71%)
16:41:23: URL change  ->  https://www.cardmarket.com/en/Magic/Products/Singles/Battlebond/Angelic-Chorus
16:41:25:                 Expanding page...

16:41:30:  = Sellers = 
16:41:30: Task - Updating sellers list
16:41:31: Done - 0 new sellers added  (out of: 247, total: 5769)

16:41:31:  = Offers = 
16:41:31: Task - Updating sale offers
16:41:52: Done - 0 new offers added  (out of: 247, total: 106220)

16:41:52:  == Diabolic Intent == 	(24/264  9.09%)
16:41:53: URL change  ->  https://www.cardmarket.com/en/Magic/Products/Singles/Battlebond/Diabolic-Intent
16:41:55:                 Expanding page...

16:41:55: == Add card stats ==
16:41:55: Card ID:            24
16:41:55: Price from:         16.94
16:41:55: 30-day avg:         21.06
16:41:55: 7-day avg:          20.12
16:41:55: 1-day avg:          20.99
16:41:55: Amount:             149
16:41:55: Date ID:            5

16:41:55:  = Sellers = 
16:41:55: Task - Updating sellers list
16:41:57: Seller added:  CheapCards [5770]
16:42:00: Seller added:  Imperia86 [5771]
16:42:01: Done - 2 new sellers added  (out of: 98, total: 5771)

16:42:01:  = Offers = 
16:42:01: Task - Updating sale offers
16:42:09: Done - 5 new offers added  (out of: 98, total: 106225)

16:42:09:  == Luxury Suite == 	(25/264  9.47%)
16:42:10: URL change  ->  https://www.cardmarket.com/en/Magic/Products/Singles/Battlebond/Luxury-Suite
16:42:12:                 Expanding page...

16:42:13:  = Sellers = 
16:42:13: Task - Updating sellers list
16:42:14: Done - 0 new sellers added  (out of: 77, total: 5771)

16:42:14:  = Offers = 
16:42:14: Task - Updating sale offers
16:42:20: Done - 3 new offers added  (out of: 77, total: 106228)

16:42:20:  == Pir's Whim == 	(26/264  9.85%)
16:42:21: URL change  ->  https://www.cardmarket.com/en/Magic/Products/Singles/Battlebond/Pirs-Whim
16:42:22:                 Expanding page...

16:42:26:  = Sellers = 
16:42:26: Task - Updating sellers list
16:42:28: Done - 0 new sellers added  (out of: 212, total: 5771)

16:42:28:  = Offers = 
16:42:28: Task - Updating sale offers
16:42:45: Done - 4 new offers added  (out of: 212, total: 106232)

16:42:45:  == Last One Standing == 	(27/264  10.23%)
16:42:46: URL change  ->  https://www.cardmarket.com/en/Magic/Products/Singles/Battlebond/Last-One-Standing
16:42:48:                 Expanding page...

16:42:49:  = Sellers = 
16:42:49: Task - Updating sellers list
16:42:50: Done - 0 new sellers added  (out of: 121, total: 5771)

16:42:50:  = Offers = 
16:42:50: Task - Updating sale offers
16:43:01: Done - 3 new offers added  (out of: 121, total: 106235)

16:43:01:  == Plains == 	(28/264  10.61%)
16:43:02: URL change  ->  https://www.cardmarket.com/en/Magic/Products/Singles/Battlebond/Plains
16:43:04:                 Expanding page...

16:43:08:  = Sellers = 
16:43:08: Task - Updating sellers list
16:43:11: Done - 0 new sellers added  (out of: 233, total: 5771)

16:43:11:  = Offers = 
16:43:11: Task - Updating sale offers
16:43:32: Done - 0 new offers added  (out of: 233, total: 106235)

16:43:32:  == Sower of Temptation == 	(29/264  10.98%)
16:43:33: URL change  ->  https://www.cardmarket.com/en/Magic/Products/Singles/Battlebond/Sower-of-Temptation
16:43:35:                 Expanding page...

16:43:37:  = Sellers = 
16:43:37: Task - Updating sellers list
16:43:39: Done - 0 new sellers added  (out of: 191, total: 5771)

16:43:39:  = Offers = 
16:43:39: Task - Updating sale offers
16:43:56: Done - 5 new offers added  (out of: 191, total: 106240)

16:43:56:  == Kor Spiritdancer == 	(30/264  11.36%)
16:43:57: URL change  ->  https://www.cardmarket.com/en/Magic/Products/Singles/Battlebond/Kor-Spiritdancer
16:43:58:                 Expanding page...

16:44:02:  = Sellers = 
16:44:02: Task - Updating sellers list
16:44:03: Done - 0 new sellers added  (out of: 229, total: 5771)

16:44:04:  = Offers = 
16:44:04: Task - Updating sale offers
16:44:23: Done - 6 new offers added  (out of: 229, total: 106246)

16:44:23:  == Sea of Clouds == 	(31/264  11.74%)
16:44:24: URL change  ->  https://www.cardmarket.com/en/Magic/Products/Singles/Battlebond/Sea-of-Clouds
16:44:26:                 Expanding page...

16:44:28:  = Sellers = 
16:44:28: Task - Updating sellers list
16:44:28: Done - 0 new sellers added  (out of: 128, total: 5771)

16:44:29:  = Offers = 
16:44:29: Task - Updating sale offers
16:44:39: Done - 4 new offers added  (out of: 128, total: 106250)

16:44:39:  == Bountiful Promenade == 	(32/264  12.12%)
16:44:39: URL change  ->  https://www.cardmarket.com/en/Magic/Products/Singles/Battlebond/Bountiful-Promenade
16:44:41:                 Expanding page...

16:44:44:  = Sellers = 
16:44:44: Task - Updating sellers list
16:44:45: Done - 0 new sellers added  (out of: 175, total: 5771)

16:44:45:  = Offers = 
16:44:45: Task - Updating sale offers
16:44:59: Done - 2 new offers added  (out of: 175, total: 106252)

16:44:59:  == Vigor == 	(33/264  12.5%)
16:45:00: URL change  ->  https://www.cardmarket.com/en/Magic/Products/Singles/Battlebond/Vigor
16:45:02:                 Expanding page...

16:45:04:  = Sellers = 
16:45:04: Task - Updating sellers list
16:45:05: Done - 0 new sellers added  (out of: 118, total: 5771)

16:45:05:  = Offers = 
16:45:05: Task - Updating sale offers
16:45:16: Done - 5 new offers added  (out of: 118, total: 106257)

16:45:16:  == Krav, the Unredeemed == 	(34/264  12.88%)
16:45:16: URL change  ->  https://www.cardmarket.com/en/Magic/Products/Singles/Battlebond/Krav-the-Unredeemed
16:45:19:                 Expanding page...

16:45:21:  = Sellers = 
16:45:21: Task - Updating sellers list
16:45:25: Seller added:  Jamuraa [5772]
16:45:26: Done - 1 new sellers added  (out of: 192, total: 5772)

16:45:26:  = Offers = 
16:45:26: Task - Updating sale offers
16:45:42: Done - 2 new offers added  (out of: 192, total: 106259)

16:45:42:  == Mind's Eye == 	(35/264  13.26%)
16:45:42: URL change  ->  https://www.cardmarket.com/en/Magic/Products/Singles/Battlebond/Minds-Eye
16:45:44:                 Expanding page...

16:45:47:  = Sellers = 
16:45:47: Task - Updating sellers list
16:45:50: Seller added:  Saritus [5773]
16:45:51: Done - 1 new sellers added  (out of: 158, total: 5773)

16:45:51:  = Offers = 
16:45:51: Task - Updating sale offers
16:46:04: Done - 3 new offers added  (out of: 158, total: 106262)

16:46:04:  == Thrilling Encore == 	(36/264  13.64%)
16:46:05: URL change  ->  https://www.cardmarket.com/en/Magic/Products/Singles/Battlebond/Thrilling-Encore
16:46:07:                 Expanding page...

16:46:09:  = Sellers = 
16:46:09: Task - Updating sellers list
16:46:11: Done - 0 new sellers added  (out of: 185, total: 5773)

16:46:11:  = Offers = 
16:46:11: Task - Updating sale offers
16:46:26: Done - 4 new offers added  (out of: 185, total: 106266)

16:46:26:  == Swamp == 	(37/264  14.02%)
16:46:27: URL change  ->  https://www.cardmarket.com/en/Magic/Products/Singles/Battlebond/Swamp
16:46:29:                 Expanding page...

16:46:33:  = Sellers = 
16:46:33: Task - Updating sellers list
16:46:34: Done - 0 new sellers added  (out of: 228, total: 5773)

16:46:35:  = Offers = 
16:46:35: Task - Updating sale offers
16:46:54: Done - 2 new offers added  (out of: 228, total: 106268)

16:46:54:  == Tidespout Tyrant == 	(38/264  14.39%)
16:46:54: URL change  ->  https://www.cardmarket.com/en/Magic/Products/Singles/Battlebond/Tidespout-Tyrant
16:46:56:                 Expanding page...

16:46:58:  = Sellers = 
16:46:58: Task - Updating sellers list
16:47:00: Done - 0 new sellers added  (out of: 129, total: 5773)

16:47:00:  = Offers = 
16:47:00: Task - Updating sale offers
16:47:14: Done - 3 new offers added  (out of: 129, total: 106271)

16:47:14:  == Regna, the Redeemer == 	(39/264  14.77%)
16:47:15: URL change  ->  https://www.cardmarket.com/en/Magic/Products/Singles/Battlebond/Regna-the-Redeemer
16:47:16:                 Expanding page...

16:47:21:  = Sellers = 
16:47:21: Task - Updating sellers list
16:47:23: Done - 0 new sellers added  (out of: 261, total: 5773)

16:47:23:  = Offers = 
16:47:23: Task - Updating sale offers
16:47:46: Done - 1 new offers added  (out of: 261, total: 106272)

16:47:46:  == Sentinel Tower == 	(40/264  15.15%)
16:47:46: URL change  ->  https://www.cardmarket.com/en/Magic/Products/Singles/Battlebond/Sentinel-Tower
16:47:48:                 Expanding page...

16:47:53:  = Sellers = 
16:47:53: Task - Updating sellers list
16:47:55: Done - 0 new sellers added  (out of: 254, total: 5773)

16:47:55:  = Offers = 
16:47:55: Task - Updating sale offers
16:48:19: Done - 5 new offers added  (out of: 254, total: 106277)

16:48:19:  == Play of the Game == 	(41/264  15.53%)
16:48:19: URL change  ->  https://www.cardmarket.com/en/Magic/Products/Singles/Battlebond/Play-of-the-Game
16:48:21:                 Expanding page...

16:48:30:  = Sellers = 
16:48:30: Task - Updating sellers list
16:48:33: Done - 0 new sellers added  (out of: 452, total: 5773)

16:48:34:  = Offers = 
16:48:34: Task - Updating sale offers
16:49:13: Done - 2 new offers added  (out of: 452, total: 106279)

16:49:13:  == Seedborn Muse == 	(42/264  15.91%)
16:49:14: URL change  ->  https://www.cardmarket.com/en/Magic/Products/Singles/Battlebond/Seedborn-Muse
16:49:16:                 Expanding page...

16:49:19:  = Sellers = 
16:49:19: Task - Updating sellers list
16:49:21: Done - 0 new sellers added  (out of: 207, total: 5773)

16:49:21:  = Offers = 
16:49:21: Task - Updating sale offers
16:49:39: Done - 4 new offers added  (out of: 207, total: 106283)

16:49:39:  == Magus of the Candelabra == 	(43/264  16.29%)
16:49:40: URL change  ->  https://www.cardmarket.com/en/Magic/Products/Singles/Battlebond/Magus-of-the-Candelabra
16:49:42:                 Expanding page...

16:49:49:  = Sellers = 
16:49:49: Task - Updating sellers list
16:49:52: Done - 0 new sellers added  (out of: 412, total: 5773)

16:49:53:  = Offers = 
16:49:53: Task - Updating sale offers
16:50:30: Done - 5 new offers added  (out of: 412, total: 106288)

16:50:30:  == Expedite == 	(44/264  16.67%)
16:50:31: URL change  ->  https://www.cardmarket.com/en/Magic/Products/Singles/Battlebond/Expedite
16:50:33:                 Expanding page...

16:50:42:  = Sellers = 
16:50:42: Task - Updating sellers list
16:50:46: Done - 0 new sellers added  (out of: 495, total: 5773)

16:50:46:  = Offers = 
16:50:46: Task - Updating sale offers
16:51:32: Done - 2 new offers added  (out of: 495, total: 106290)

16:51:32:  == Arena Rector == 	(45/264  17.05%)
16:51:32: URL change  ->  https://www.cardmarket.com/en/Magic/Products/Singles/Battlebond/Arena-Rector
16:51:35:                 Expanding page...

16:51:38:  = Sellers = 
16:51:38: Task - Updating sellers list
16:51:39: Done - 0 new sellers added  (out of: 204, total: 5773)

16:51:40:  = Offers = 
16:51:40: Task - Updating sale offers
16:51:56: Done - 1 new offers added  (out of: 204, total: 106291)

16:51:56:  == Virtus the Veiled == 	(46/264  17.42%)
16:51:57: URL change  ->  https://www.cardmarket.com/en/Magic/Products/Singles/Battlebond/Virtus-the-Veiled
16:51:58:                 Expanding page...

16:52:05:  = Sellers = 
16:52:05: Task - Updating sellers list
16:52:07: Done - 0 new sellers added  (out of: 355, total: 5773)

16:52:07:  = Offers = 
16:52:07: Task - Updating sale offers
16:52:37: Done - 1 new offers added  (out of: 355, total: 106292)

16:52:37:  == Game Plan == 	(47/264  17.8%)
16:52:42: URL change  ->  https://www.cardmarket.com/en/Magic/Products/Singles/Battlebond/Game-Plan
16:52:44:                 Expanding page...

16:52:59:  = Sellers = 
16:52:59: Task - Updating sellers list
16:53:04: Done - 0 new sellers added  (out of: 704, total: 5773)

16:53:05:  = Offers = 
16:53:05: Task - Updating sale offers
16:54:07: Done - 4 new offers added  (out of: 704, total: 106296)

16:54:07:  == Genesis Chamber == 	(48/264  18.18%)
16:54:08: URL change  ->  https://www.cardmarket.com/en/Magic/Products/Singles/Battlebond/Genesis-Chamber
16:54:10:                 Expanding page...

16:54:18:  = Sellers = 
16:54:18: Task - Updating sellers list
16:54:22: Done - 0 new sellers added  (out of: 371, total: 5773)

16:54:22:  = Offers = 
16:54:22: Task - Updating sale offers
16:54:53: Done - 3 new offers added  (out of: 371, total: 106299)

16:54:53:  == Khorvath Brightflame == 	(49/264  18.56%)
16:54:54: URL change  ->  https://www.cardmarket.com/en/Magic/Products/Singles/Battlebond/Khorvath-Brightflame
16:54:56:                 Expanding page...

16:55:04:  = Sellers = 
16:55:04: Task - Updating sellers list
16:55:07: Done - 0 new sellers added  (out of: 427, total: 5773)

16:55:07:  = Offers = 
16:55:07: Task - Updating sale offers
16:55:42: Done - 6 new offers added  (out of: 427, total: 106305)

16:55:42:  == Khorvath's Fury == 	(50/264  18.94%)
16:55:43: URL change  ->  https://www.cardmarket.com/en/Magic/Products/Singles/Battlebond/Khorvaths-Fury
16:55:45:                 Expanding page...

16:55:47:  = Sellers = 
16:55:47: Task - Updating sellers list
16:55:48: Done - 0 new sellers added  (out of: 165, total: 5773)

16:55:49:  = Offers = 
16:55:49: Task - Updating sale offers
16:56:02: Done - 4 new offers added  (out of: 165, total: 106309)

16:56:02:  == Morphic Pool == 	(51/264  19.32%)
16:56:03: URL change  ->  https://www.cardmarket.com/en/Magic/Products/Singles/Battlebond/Morphic-Pool
16:56:05:                 Expanding page...

16:56:07:  = Sellers = 
16:56:07: Task - Updating sellers list
16:56:08: Done - 0 new sellers added  (out of: 105, total: 5773)

16:56:08:  = Offers = 
16:56:08: Task - Updating sale offers
16:56:16: Done - 4 new offers added  (out of: 105, total: 106313)

16:56:16:  == Fumble == 	(52/264  19.7%)
16:56:17: URL change  ->  https://www.cardmarket.com/en/Magic/Products/Singles/Battlebond/Fumble
16:56:19:                 Expanding page...

16:56:29:  = Sellers = 
16:56:29: Task - Updating sellers list
16:56:33: Done - 0 new sellers added  (out of: 470, total: 5773)

16:56:34:  = Offers = 
16:56:34: Task - Updating sale offers
16:57:13: Done - 2 new offers added  (out of: 470, total: 106315)

16:57:13:  == Nirkana Revenant == 	(53/264  20.08%)
16:57:14: URL change  ->  https://www.cardmarket.com/en/Magic/Products/Singles/Battlebond/Nirkana-Revenant
16:57:16:                 Expanding page...

16:57:17:  = Sellers = 
16:57:17: Task - Updating sellers list
16:57:20: Seller added:  pizzo2000 [5774]
16:57:22: Seller added:  Sotobosque [5775]
16:57:23: Done - 2 new sellers added  (out of: 81, total: 5775)

16:57:23:  = Offers = 
16:57:23: Task - Updating sale offers
16:57:29: Done - 4 new offers added  (out of: 81, total: 106319)

16:57:29:  == Negate == 	(54/264  20.45%)
16:57:30: URL change  ->  https://www.cardmarket.com/en/Magic/Products/Singles/Battlebond/Negate
16:57:32:                 Expanding page...

16:57:41:  = Sellers = 
16:57:41: Task - Updating sellers list
16:57:46: Done - 0 new sellers added  (out of: 547, total: 5775)

16:57:46:  = Offers = 
16:57:46: Task - Updating sale offers
16:58:31: Done - 3 new offers added  (out of: 547, total: 106322)

16:58:31:  == Rushblade Commander == 	(55/264  20.83%)
16:58:32: URL change  ->  https://www.cardmarket.com/en/Magic/Products/Singles/Battlebond/Rushblade-Commander
16:58:33:                 Expanding page...

16:58:42:  = Sellers = 
16:58:42: Task - Updating sellers list
16:58:46: Done - 0 new sellers added  (out of: 488, total: 5775)

16:58:47:  = Offers = 
16:58:47: Task - Updating sale offers
16:59:33: Done - 4 new offers added  (out of: 488, total: 106326)

16:59:33:  == Stunning Reversal == 	(56/264  21.21%)
16:59:33: URL change  ->  https://www.cardmarket.com/en/Magic/Products/Singles/Battlebond/Stunning-Reversal
16:59:35:                 Expanding page...

16:59:40:  = Sellers = 
16:59:40: Task - Updating sellers list
16:59:42: Done - 0 new sellers added  (out of: 260, total: 5775)

16:59:42:  = Offers = 
16:59:42: Task - Updating sale offers
