00:03:12: === Creation of this file ===
00:03:16: Webdriver ready
00:03:16: Database connection established

00:03:16: Task - Getting all card names from current expansion
00:03:17: URL change  ->  https://www.cardmarket.com/en/Magic/Products/Singles/Battlebond?site=1
00:03:18: URL change  ->  https://www.cardmarket.com/en/Magic/Products/Singles/Battlebond?site=2
00:03:19: URL change  ->  https://www.cardmarket.com/en/Magic/Products/Singles/Battlebond?site=3
00:03:21: URL change  ->  https://www.cardmarket.com/en/Magic/Products/Singles/Battlebond?site=4
00:03:22: URL change  ->  https://www.cardmarket.com/en/Magic/Products/Singles/Battlebond?site=5
00:03:23: URL change  ->  https://www.cardmarket.com/en/Magic/Products/Singles/Battlebond?site=6
00:03:25: URL change  ->  https://www.cardmarket.com/en/Magic/Products/Singles/Battlebond?site=7
00:03:26: URL change  ->  https://www.cardmarket.com/en/Magic/Products/Singles/Battlebond?site=8
00:03:27: URL change  ->  https://www.cardmarket.com/en/Magic/Products/Singles/Battlebond?site=9
00:03:29: URL change  ->  https://www.cardmarket.com/en/Magic/Products/Singles/Battlebond?site=10
00:03:30: URL change  ->  https://www.cardmarket.com/en/Magic/Products/Singles/Battlebond?site=11
00:03:31: URL change  ->  https://www.cardmarket.com/en/Magic/Products/Singles/Battlebond?site=12
00:03:32: URL change  ->  https://www.cardmarket.com/en/Magic/Products/Singles/Battlebond?site=13
00:03:33: URL change  ->  https://www.cardmarket.com/en/Magic/Products/Singles/Battlebond?site=14
00:03:34: URL change  ->  https://www.cardmarket.com/en/Magic/Products/Singles/Battlebond?site=15
00:03:34: Last page reached

00:03:34:  == Skyshroud Claim == 	(1/264  0.38%)
00:03:35: URL change  ->  https://www.cardmarket.com/en/Magic/Products/Singles/Battlebond/Skyshroud-Claim
00:03:37:                 Expanding page...
00:03:40: == Add card stats ==
00:03:40: Card ID:            1
00:03:40: Price from:         0.15
00:03:40: 30-day avg:         0.69
00:03:40: 7-day avg:          0.73
00:03:40: 1-day avg:          0.88
00:03:40: Amount:             938
00:03:40: Date ID:            5

00:03:40:  = Sellers = 
00:03:40: Task - Updating sellers list
00:03:41: Done - 0 new sellers added  (out of: 177, total: 5001)

00:03:41:  = Offers = 
00:03:41: Task - Updating sale offers
00:03:44: Done - 175 new offers added  (out of: 177, total: 1334)

00:03:44:  == Impulse == 	(2/264  0.76%)
00:03:45: URL change  ->  https://www.cardmarket.com/en/Magic/Products/Singles/Battlebond/Impulse
00:03:47:                 Expanding page...
00:03:53: == Add card stats ==
00:03:53: Card ID:            3
00:03:53: Price from:         0.02
00:03:53: 30-day avg:         0.19
00:03:53: 7-day avg:          0.22
00:03:53: 1-day avg:          0.05
00:03:53: Amount:             2287
00:03:53: Date ID:            5

00:03:53:  = Sellers = 
00:03:53: Task - Updating sellers list
00:03:57: Done - 0 new sellers added  (out of: 392, total: 5001)

00:03:57:  = Offers = 
00:03:57: Task - Updating sale offers
00:04:03: Done - 392 new offers added  (out of: 392, total: 1726)

00:04:03:  == Stolen Strategy == 	(3/264  1.14%)
00:04:04: URL change  ->  https://www.cardmarket.com/en/Magic/Products/Singles/Battlebond/Stolen-Strategy
00:04:06:                 Expanding page...
00:04:07: == Add card stats ==
00:04:07: Card ID:            5
00:04:07: Price from:         8.99
00:04:07: 30-day avg:         11.27
00:04:07: 7-day avg:          12.00
00:04:07: 1-day avg:          11.00
00:04:07: Amount:             166
00:04:07: Date ID:            5

00:04:07:  = Sellers = 
00:04:07: Task - Updating sellers list
00:04:08: Done - 0 new sellers added  (out of: 88, total: 5001)

00:04:08:  = Offers = 
00:04:08: Task - Updating sale offers
00:04:09: Done - 83 new offers added  (out of: 88, total: 1809)

00:04:09:  == Azra Oddsmaker == 	(4/264  1.52%)
00:04:10: URL change  ->  https://www.cardmarket.com/en/Magic/Products/Singles/Battlebond/Azra-Oddsmaker
00:04:12:                 Expanding page...
00:05:12: Extending the sellers view timed out.
00:05:12: == Add card stats ==
00:05:12: Card ID:            6
00:05:12: Price from:         0.02
00:05:12: 30-day avg:         0.29
00:05:12: 7-day avg:          0.28
00:05:12: 1-day avg:          0.33
00:05:12: Amount:             1022
00:05:12: Date ID:            5

00:05:12:  = Sellers = 
00:05:12: Task - Updating sellers list
00:05:12: Done - 0 new sellers added  (out of: 50, total: 5001)

00:05:12:  = Offers = 
00:05:12: Task - Updating sale offers
00:05:13: Done - 50 new offers added  (out of: 50, total: 1859)

00:05:13:  == Chain Lightning == 	(5/264  1.89%)
00:05:13: URL change  ->  https://www.cardmarket.com/en/Magic/Products/Singles/Battlebond/Chain-Lightning
00:05:15:                 Expanding page...
00:05:15: No button found on page https://www.cardmarket.com/en/Magic/Products/Singles/Battlebond/Chain-Lightning
00:05:15: Card page invalid: https://www.cardmarket.com/en/Magic/Products/Singles/Battlebond/Chain-Lightning
00:05:15: Waiting and reconnecting... (cooldown 10.0 seconds)
00:05:26: URL change  ->  https://www.cardmarket.com/en/Magic/Products/Singles/Battlebond/Chain-Lightning
00:05:29:                 Expanding page...
00:05:29: No button found on page https://www.cardmarket.com/en/Magic/Products/Singles/Battlebond/Chain-Lightning
00:05:29: Card page invalid: https://www.cardmarket.com/en/Magic/Products/Singles/Battlebond/Chain-Lightning
00:05:29: Waiting and reconnecting... (cooldown 10.0 seconds)
00:05:37: URL change  ->  https://www.cardmarket.com/en/Magic/Products/Singles/Battlebond/Chain-Lightning
00:05:39:                 Expanding page...
00:05:39: No button found on page https://www.cardmarket.com/en/Magic/Products/Singles/Battlebond/Chain-Lightning
00:05:39: Card page invalid: https://www.cardmarket.com/en/Magic/Products/Singles/Battlebond/Chain-Lightning
00:05:39: Waiting and reconnecting... (cooldown 10.0 seconds)
00:05:46: URL change  ->  https://www.cardmarket.com/en/Magic/Products/Singles/Battlebond/Chain-Lightning
00:05:48:                 Expanding page...
00:05:48: No button found on page https://www.cardmarket.com/en/Magic/Products/Singles/Battlebond/Chain-Lightning
00:05:48: Card page invalid: https://www.cardmarket.com/en/Magic/Products/Singles/Battlebond/Chain-Lightning
00:05:48: Waiting and reconnecting... (cooldown 10.0 seconds)
00:06:02: URL change  ->  https://www.cardmarket.com/en/Magic/Products/Singles/Battlebond/Chain-Lightning
00:06:04:                 Expanding page...
00:06:07: == Add card stats ==
00:06:07: Card ID:            5
00:06:07: Price from:         1.00
00:06:07: 30-day avg:         2.10
00:06:07: 7-day avg:          2.08
00:06:07: 1-day avg:          2.67
00:06:07: Amount:             320
00:06:07: Date ID:            5

00:06:07:  = Sellers = 
00:06:07: Task - Updating sellers list
00:06:08: Done - 0 new sellers added  (out of: 153, total: 5001)

00:06:08:  = Offers = 
00:06:08: Task - Updating sale offers
00:06:10: Done - 152 new offers added  (out of: 153, total: 2011)

00:06:10:  == Peregrine Drake == 	(6/264  2.27%)
00:06:11: URL change  ->  https://www.cardmarket.com/en/Magic/Products/Singles/Battlebond/Peregrine-Drake
00:06:12:                 Expanding page...
00:06:13: == Add card stats ==
00:06:13: Card ID:            7
00:06:13: Price from:         0.15
00:06:13: 30-day avg:         0.70
00:06:13: 7-day avg:          0.66
00:06:13: 1-day avg:          0.78
00:06:13: Amount:             418
00:06:13: Date ID:            5

00:06:13:  = Sellers = 
00:06:13: Task - Updating sellers list
00:06:15: Done - 0 new sellers added  (out of: 124, total: 5001)

00:06:15:  = Offers = 
00:06:15: Task - Updating sale offers
00:06:17: Done - 124 new offers added  (out of: 124, total: 2135)

00:06:17:  == Warrior Token (White 1/1) == 	(7/264  2.65%)
00:06:18: URL change  ->  https://www.cardmarket.com/en/Magic/Products/Singles/Battlebond/Warrior-Token-White-11
00:06:20:                 Expanding page...
00:06:25: == Add card stats ==
00:06:25: Card ID:            8
00:06:25: Price from:         0.01
00:06:25: 30-day avg:         0.10
00:06:25: 7-day avg:          0.17
00:06:25: 1-day avg:          0.10
00:06:25: Amount:             6878
00:06:25: Date ID:            5

00:06:25:  = Sellers = 
00:06:25: Task - Updating sellers list
00:06:29: Seller added:  JYZ83 [5002]
00:06:31: Seller added:  lrbschmidt [5003]
00:06:34: Seller added:  Weird-Ginge [5004]
00:06:37: Seller added:  Skyman [5005]
00:06:40: Seller added:  Ciwwi [5006]
00:06:43: Seller added:  SetzerGabbiani88 [5007]
00:06:46: Seller added:  SpieleundSteine [5008]
00:06:50: Seller added:  TheJoker86 [5009]
00:06:51: Done - 8 new sellers added  (out of: 336, total: 5009)

00:06:51:  = Offers = 
00:06:51: Task - Updating sale offers
00:06:56: Done - 332 new offers added  (out of: 336, total: 2467)

00:06:56:  == Fertile Ground == 	(8/264  3.03%)
00:06:57: URL change  ->  https://www.cardmarket.com/en/Magic/Products/Singles/Battlebond/Fertile-Ground
00:06:59:                 Expanding page...
00:07:08: == Add card ==
00:07:08: Card: 			Fertile Ground
00:07:08: Card ID: 		9

00:07:08: == Add card stats ==
00:07:08: Card ID:            9
00:07:08: Price from:         0.01
00:07:08: 30-day avg:         0.10
00:07:08: 7-day avg:          0.06
00:07:08: 1-day avg:          0.05
00:07:08: Amount:             4230
00:07:08: Date ID:            5

00:07:08:  = Sellers = 
00:07:08: Task - Updating sellers list
00:07:12: Seller added:  Hetzmetz [5010]
