00:02:08: === Creation of this file ===
00:02:08: == Add date ==
00:02:08: Day: 			31
00:02:08: Month: 			8
00:02:08: Year: 			2021
00:02:08: Date ID: 			5
00:02:12: Webdriver ready
00:02:12: Database connection established

00:02:12: Task - Getting all card names from current expansion
00:02:13: URL change  ->  https://www.cardmarket.com/en/Magic/Products/Singles/Battlebond?site=1
00:02:13: Last page reached

00:02:13: All cards, sellers and sale offers acquired
00:02:13: Webdriver closed
00:02:13: Database connection closed
00:02:23: === Another run of the code ===
00:02:28: Webdriver ready
00:02:28: Database connection established

00:02:28: Task - Getting all card names from current expansion
00:02:28: URL change  ->  https://www.cardmarket.com/en/Magic/Products/Singles/Battlebond?site=1
00:02:28: Last page reached

00:02:28: All cards, sellers and sale offers acquired
00:02:29: Webdriver closed
00:02:29: Database connection closed
